文件：Display.c    编译器版本 HGASM 0202 页次1


   1  0000              ; Generated by holtek-gcc v3.19, Wed Jan 07 18:11:21 2026
   2  0000              ; 
   3  0000              ; Configuration:
   4  0000              ;       with long instruction
   5  0000              ;       Multi-ROM, Multi-RAM
   6  0000              ;       bits_per_rom_unit:16
   7  0000              ;       with mp1
   8  0000              ;       with tbhp, address(0x9)
   9  0000              ;          Use tabrd-const
  10  0000              ;       
  11  0000              ; SFR address of long-instruction arch:
  12  0000              ;    mp0 = -1,1,0
  13  0000              ;    mp1 = 4,3,2
  14  0000              ;    mp2 = 14,13,12
  15  0000              ;    tbp = 9,7,8
  16  0000              ;    acc = 5
  17  0000              ;    pcl = 6
  18  0000              ;    status = 10
  19  0000              ;    bp = 11
  20  0000              ;    intc = 16
  21  0000              ;       
  22  0000              ;       
  23  0000              ; use 'tabrdc' instead of 'tabrd'
  24  0000              ;       
  25  0000              
  26  0000              #pragma translator "holtek-gcc 4.6.4" "3.19" "build 20130711"
  27  0000              ; Rebuild 718
  28  0000              
  29  0000              ir equ [2]
  30  0000              mp equ [3]
  31  0000              sbp equ [4]
  32  0000              acc equ [5]
  33  0000              bp equ [11]
  34  0000              tblp equ [7]
  35  0000              tbhp equ [9]
  36  0000              status equ [10]
  37  0000              c equ [10].0
  38  0000              ac equ [10].1
  39  0000              z equ [10].2
  40  0000              ov equ [10].3
  41  0000              cz equ [10].6
  42  0000              sc equ [10].7
  43  0000              intc equ [16]
  44  0000              
  45  0000              extern ra:byte
  46  0000              extern rb:byte
  47  0000              extern rc:byte
  48  0000              extern rd:byte
  49  0000              extern re:byte
  50  0000              extern rf:byte
  51  0000              extern rg:byte
  52  0000              extern rh:byte
  53  0000              extern _Crom2Prom:near
  54  0000              extern _Crom2PromNext:near
  55  0000              
  56  0000              RAMBANK 0 @BITDATASEC, @BITDATASEC1
  57  0000              @HCCINIT	.section 'data'
  58  0000              @HCCINIT0	.section 'data'
  59  0000              @BITDATASEC	 .section 'data'
文件：Display.ASM  编译器版本 HGASM 0202 页次2

  60  0000              @BITDATASEC1	 .section 'data'
  61  0000              
  62  0000              #pragma debug scope 1 1
  63  0000              	extern __DELAY3:near
  64  0000              	extern __DELAYX3:near
  65  0000              	extern __DELAYX6:near
  66  0000              	extern __DELAYY5:near
  67  0000              	extern __DELAYY3:near
  68  0000              	extern _builtin_holtek_delay_2:byte
  69  0000              public _Dis_SetDisBufferAll
  70  0000              #pragma debug scope 2 1

  42  0000              #line 42 "d:\work\project\bintuo-f73\software\bs66f360c\Source\Display.c"
  42  0000              _Dis_SetDisBufferAll .section 'code'
  42  0000              _Dis_SetDisBufferAll proc
  42  0000  00              local _Dis_SetDisBufferAll_2 db 1 dup(?)	; 0,1
  42  0000  0080     R  	mov _Dis_SetDisBufferAll_2[0],a
  42  0001              #pragma debug variable 8 2 _Dis_SetDisBufferAll_2+0 "gubv_setData"
  42  0001  0F08        	mov a,8
  42  0002  0080     E  	mov ra,a
  44  0003              #line 44 "d:\work\project\bintuo-f73\software\bs66f360c\Source\Display.c"
  44  0003  1F00     E  	clr rb
  44  0004              _L3:
  46  0004              #line 46 "d:\work\project\bintuo-f73\software\bs66f360c\Source\Display.c"
  46  0004  0F00     E  	mov a,low offset _gu8v_DisplayBuf
  46  0005  0300     E  	add a,rb
  46  0006  0083        	mov mp,a
  46  0007  0F00     E  	mov a,high offset _gu8v_DisplayBuf
  46  0008  1F04        	clr sbp
  46  0009  1384        	adcm a,sbp
  46  000A  0700     R  	mov a,_Dis_SetDisBufferAll_2[0]
  46  000B  0082        	mov ir,a
  44  000C              #line 44 "d:\work\project\bintuo-f73\software\bs66f360c\Source\Display.c"
  44  000C  1480     E  	inc rb
  44  000D  1780     E  	sdz ra
  44  000E  2800     R  	jmp _L3
  44  000F  0003        	ret
  44  0010              _Dis_SetDisBufferAll endp
  44  0010              #line 44 "d:\work\project\bintuo-f73\software\bs66f360c\Source\Display.c"
  44  0010              #pragma debug scope 1 1
  44  0010              public _Display_Refresh_To_TM1652
  44  0010              #pragma debug scope 3 1
  52  0010              #line 52 "d:\work\project\bintuo-f73\software\bs66f360c\Source\Display.c"
  52  0000              _Display_Refresh_To_TM1652 .section 'code'
  52  0000              _Display_Refresh_To_TM1652 proc
  54  0000              #line 54 "d:\work\project\bintuo-f73\software\bs66f360c\Source\Display.c"
  54  0000  0700     E  	mov a,_gu8v_DisplayBuf[2]
  54  0001  0080     E  	mov _drv_tm1652_setdigit_2[0],a
  54  0002  0F00        	mov a,0
  54  0003              	fcall _drv_tm1652_setdigit
  55  000A              #line 55 "d:\work\project\bintuo-f73\software\bs66f360c\Source\Display.c"
  55  000A  0700     E  	mov a,_gu8v_DisplayBuf[2]
  55  000B  0080     E  	mov _drv_tm1652_setdigit_2[0],a
  55  000C  0F01        	mov a,1
  55  000D              	fcall _drv_tm1652_setdigit
  59  0014              #line 59 "d:\work\project\bintuo-f73\software\bs66f360c\Source\Display.c"
  59  0014  0700     E  	mov a,_gu8v_DisplayBuf[2]
  59  0015  0080     E  	mov _drv_tm1652_setdigit_2[0],a
  59  0016  0F02        	mov a,2
  59  0017              	fcall _drv_tm1652_setdigit
文件：Display.c    编译器版本 HGASM 0202 页次3

  60  001E              #line 60 "d:\work\project\bintuo-f73\software\bs66f360c\Source\Display.c"
  60  001E  0700     E  	mov a,_gu8v_DisplayBuf[3]
  60  001F  0080     E  	mov _drv_tm1652_setdigit_2[0],a
  60  0020  0F03        	mov a,3
  60  0021              	fcall _drv_tm1652_setdigit
  61  0028              #line 61 "d:\work\project\bintuo-f73\software\bs66f360c\Source\Display.c"
  61  0028  0700     E  	mov a,_gu8v_DisplayBuf[4]
  61  0029  0080     E  	mov _drv_tm1652_setdigit_2[0],a
  61  002A  0F04        	mov a,4
  61  002B              	fcall _drv_tm1652_setdigit
  61  0032  0003        	ret
  61  0033              _Display_Refresh_To_TM1652 endp
  61  0033              #line 61 "d:\work\project\bintuo-f73\software\bs66f360c\Source\Display.c"
  61  0033              #pragma debug scope 1 1
  61  0033              public _Display_Task
  61  0033              #pragma debug scope 4 1
  66  0033              #line 66 "d:\work\project\bintuo-f73\software\bs66f360c\Source\Display.c"
  66  0000              _Display_Task .section 'code'
  66  0000              _Display_Task proc
  66  0000  00              local _Display_Task_2 db 1 dup(?)	; 0,1
  71  0001              #line 71 "d:\work\project\bintuo-f73\software\bs66f360c\Source\Display.c"
  71  0000  0F00        	mov a,0
  71  0001              	fcall _Dis_SetDisBufferAll
  72  0008              #line 72 "d:\work\project\bintuo-f73\software\bs66f360c\Source\Display.c"
  72  0008  0700     E  	mov a,_gu8v_WorkMode[0]
  72  0009  0080     R  	mov _Display_Task_2[0],a
  72  000A  0700     R  	mov a,_Display_Task_2[0]
  72  000B  0A01        	sub a,1
  72  000C  3D0A        	sz z
  72  000D  2800     R  	jmp _L75
  72  000E  0A01        	sub a,(2)-(1)
  72  000F  3D0A        	sz z
  72  0010  2800     R  	jmp _L9
  72  0011              #line 72 "d:\work\project\bintuo-f73\software\bs66f360c\Source\Display.c"
  72  0011  0700     R  	mov a,_Display_Task_2[0]
  72  0012  0A03        	sub a,3
  72  0013  390A        	snz z
  72  0014  2800     R  	jmp _L7
  72  0015  2800     R  	jmp _L76
  72  0016              _L9:
  78  0016              #line 78 "d:\work\project\bintuo-f73\software\bs66f360c\Source\Display.c"
  78  0016  0F30        	mov a,48
  78  0017  0580     E  	orm a,_gu8v_DisplayBuf[5]
  79  0018              #line 79 "d:\work\project\bintuo-f73\software\bs66f360c\Source\Display.c"
  79  0018  2800     R  	jmp _L7
  79  0019              _L76:
  81  0019              #line 81 "d:\work\project\bintuo-f73\software\bs66f360c\Source\Display.c"
  81  0019  3800     E  	snz _WorkFlag5[0].1
  81  001A  2800     R  	jmp _L11
  83  001B              #line 83 "d:\work\project\bintuo-f73\software\bs66f360c\Source\Display.c"
  83  001B  3800     E  	snz _WorkFlag4[0].3
  83  001C  2800     R  	jmp _L12
  85  001D              #line 85 "d:\work\project\bintuo-f73\software\bs66f360c\Source\Display.c"
  85  001D  3000     E  	set _gu8v_DisplayBuf[5].1
  86  001E              #line 86 "d:\work\project\bintuo-f73\software\bs66f360c\Source\Display.c"
  86  001E  0700     E  	mov a,_gu8v_CalModeIndex[0]
  86  001F  0080     R  	mov _Display_Task_2[0],a
  86  0020  0700     R  	mov a,_Display_Task_2[0]
  86  0021  0A00        	sub a,0
  86  0022  3D0A        	sz z
文件：Display.c    编译器版本 HGASM 0202 页次4

  86  0023  2800     R  	jmp _L14
  86  0024  0A01        	sub a,(1)-(0)
  86  0025  3D0A        	sz z
  86  0026  2800     R  	jmp _L15
  86  0027  0700     R  	mov a,_Display_Task_2[0]
  86  0028  0A02        	sub a,2
  86  0029  3D0A        	sz z
  86  002A  2800     R  	jmp _L16
  86  002B  0700     R  	mov a,_Display_Task_2[0]
  86  002C  0A03        	sub a,3
  86  002D  390A        	snz z
  86  002E  2800     R  	jmp _L73
 108  002F              #line 108 "d:\work\project\bintuo-f73\software\bs66f360c\Source\Display.c"
 108  002F  0F5C        	mov a,92
 108  0030  0080     E  	mov _gu8v_DisplayBuf[1],a
 109  0031              #line 109 "d:\work\project\bintuo-f73\software\bs66f360c\Source\Display.c"
 109  0031  0F70        	mov a,112
 109  0032  0080     E  	mov _gu8v_DisplayBuf[2],a
 110  0033              #line 110 "d:\work\project\bintuo-f73\software\bs66f360c\Source\Display.c"
 110  0033  2800     R  	jmp _L7
 110  0034              _L14:
  89  0034              #line 89 "d:\work\project\bintuo-f73\software\bs66f360c\Source\Display.c"
  89  0034  0F39        	mov a,57
  89  0035  0080     E  	mov _gu8v_DisplayBuf[0],a
  90  0036              #line 90 "d:\work\project\bintuo-f73\software\bs66f360c\Source\Display.c"
  90  0036  0F77        	mov a,119
  90  0037  0080     E  	mov _gu8v_DisplayBuf[1],a
  91  0038              #line 91 "d:\work\project\bintuo-f73\software\bs66f360c\Source\Display.c"
  91  0038  0F3F        	mov a,63
  91  0039  0080     E  	mov _gu8v_DisplayBuf[2],a
  92  003A              #line 92 "d:\work\project\bintuo-f73\software\bs66f360c\Source\Display.c"
  92  003A  3C00     E  	sz _WorkFlag4[0].1
  92  003B  2800     R  	jmp _L7
  94  003C              #line 94 "d:\work\project\bintuo-f73\software\bs66f360c\Source\Display.c"
  94  003C  0F01        	mov a,1
  94  003D  0080     E  	mov _gu8v_CalModeIndex[0],a
  94  003E  2800     R  	jmp _L7
  94  003F              _L15:
  98  003F              #line 98 "d:\work\project\bintuo-f73\software\bs66f360c\Source\Display.c"
  98  003F  0F39        	mov a,57
  98  0040  0080     E  	mov _gu8v_DisplayBuf[0],a
  99  0041              #line 99 "d:\work\project\bintuo-f73\software\bs66f360c\Source\Display.c"
  99  0041  0F77        	mov a,119
  99  0042  0080     E  	mov _gu8v_DisplayBuf[1],a
 100  0043              #line 100 "d:\work\project\bintuo-f73\software\bs66f360c\Source\Display.c"
 100  0043  0F06        	mov a,6
 100  0044  0080     E  	mov _gu8v_DisplayBuf[2],a
 101  0045              #line 101 "d:\work\project\bintuo-f73\software\bs66f360c\Source\Display.c"
 101  0045  2800     R  	jmp _L7
 101  0046              _L16:
 103  0046              #line 103 "d:\work\project\bintuo-f73\software\bs66f360c\Source\Display.c"
 103  0046  0F39        	mov a,57
 103  0047  0080     E  	mov _gu8v_DisplayBuf[0],a
 104  0048              #line 104 "d:\work\project\bintuo-f73\software\bs66f360c\Source\Display.c"
 104  0048  0F77        	mov a,119
 104  0049  0080     E  	mov _gu8v_DisplayBuf[1],a
 105  004A              #line 105 "d:\work\project\bintuo-f73\software\bs66f360c\Source\Display.c"
 105  004A  0F5B        	mov a,91
 105  004B  0080     E  	mov _gu8v_DisplayBuf[2],a
 106  004C              #line 106 "d:\work\project\bintuo-f73\software\bs66f360c\Source\Display.c"
文件：Display.c    编译器版本 HGASM 0202 页次5

 106  004C  2800     R  	jmp _L7
 106  004D              _L73:
 112  004D              #line 112 "d:\work\project\bintuo-f73\software\bs66f360c\Source\Display.c"
 112  004D  3800     E  	snz _TimeFlag1[0].6
 112  004E  2800     R  	jmp _L7
 114  004F              #line 114 "d:\work\project\bintuo-f73\software\bs66f360c\Source\Display.c"
 114  004F  0F79        	mov a,121
 114  0050  0080     E  	mov _gu8v_DisplayBuf[0],a
 115  0051              #line 115 "d:\work\project\bintuo-f73\software\bs66f360c\Source\Display.c"
 115  0051  0F50        	mov a,80
 115  0052  0080     E  	mov _gu8v_DisplayBuf[1],a
 116  0053              #line 116 "d:\work\project\bintuo-f73\software\bs66f360c\Source\Display.c"
 116  0053  0F50        	mov a,80
 116  0054  0080     E  	mov _gu8v_DisplayBuf[2],a
 116  0055  2800     R  	jmp _L7
 116  0056              _L12:
 123  0056              #line 123 "d:\work\project\bintuo-f73\software\bs66f360c\Source\Display.c"
 123  0056  3800     E  	snz _TimeFlag1[0].6
 123  0057  2800     R  	jmp _L7
 123  0058              _L75:
 125  0058              #line 125 "d:\work\project\bintuo-f73\software\bs66f360c\Source\Display.c"
 125  0058  0FFF        	mov a,255
 125  0059              	fcall _Dis_SetDisBufferAll
 125  0060  2800     R  	jmp _L7
 125  0061              _L11:
 131  0061              #line 131 "d:\work\project\bintuo-f73\software\bs66f360c\Source\Display.c"
 131  0061  1E00     E  	snz _gu8v_PreKeyDownDisTime[0]
 131  0062  2800     R  	jmp _L20
 133  0063              #line 133 "d:\work\project\bintuo-f73\software\bs66f360c\Source\Display.c"
 133  0063  3C00     E  	sz _TimeFlag1[0].6
 133  0064  2800     R  	jmp _L21
 135  0065              #line 135 "d:\work\project\bintuo-f73\software\bs66f360c\Source\Display.c"
 135  0065  0F04        	mov a,4
 135  0066  0200     E  	sub a,_gu8v_PressureMode[0]
 135  0067  3C0A        	sz c
 135  0068  2800     R  	jmp _L22
 136  0069              #line 136 "d:\work\project\bintuo-f73\software\bs66f360c\Source\Display.c"
 136  0069  0F04        	mov a,4
 136  006A  0080     E  	mov _gu8v_PressureMode[0],a
 136  006B              _L22:
 137  006B              #line 137 "d:\work\project\bintuo-f73\software\bs66f360c\Source\Display.c"
 137  006B  1400     E  	inca _gu8v_PressureMode[0]
 137  006C  0080     E  	mov ra,a
 139  006D              #line 139 "d:\work\project\bintuo-f73\software\bs66f360c\Source\Display.c"
 139  006D  1F00     E  	clr _builtin_holtek_udivmodqi4_2[3]
 139  006E  0700     E  	mov a,ra
 139  006F  0080     E  	mov _builtin_holtek_udivmodqi4_2[0],a
 139  0070  0F0A        	mov a,10
 139  0071  0080     E  	mov _builtin_holtek_udivmodqi4_2[1],a
 139  0072              	fcall _builtin_holtek_udivmodqi4
 139  0079  0700     E  	mov a,_builtin_holtek_udivmodqi4_2[2]
 139  007A  0080     E  	mov ra,a
 140  007B              #line 140 "d:\work\project\bintuo-f73\software\bs66f360c\Source\Display.c"
 140  007B  0F00     R  	mov a,low offset _R_NumTable
 140  007C  0300     E  	add a,ra
 140  007D  0083        	mov mp,a
 140  007E  0F00     R  	mov a,high offset _R_NumTable
 140  007F  1F04        	clr sbp
 140  0080  1384        	adcm a,sbp
 140  0081              	fcall _Crom2Prom
文件：Display.c    编译器版本 HGASM 0202 页次6

 140  0088  0080     E  	mov ra,a
 140  0089  0700     E  	mov a,ra
 140  008A  0080     E  	mov _gu8v_DisplayBuf[0],a
 141  008B              #line 141 "d:\work\project\bintuo-f73\software\bs66f360c\Source\Display.c"
 141  008B  0700     E  	mov a,ra
 141  008C  0080     E  	mov _gu8v_DisplayBuf[1],a
 142  008D              #line 142 "d:\work\project\bintuo-f73\software\bs66f360c\Source\Display.c"
 142  008D  0700     E  	mov a,ra
 142  008E  0080     E  	mov _gu8v_DisplayBuf[2],a
 142  008F  2800     R  	jmp _L21
 142  0090              _L20:
 147  0090              #line 147 "d:\work\project\bintuo-f73\software\bs66f360c\Source\Display.c"
 147  0090  3C00     E  	sz _WorkFlag6[0].0
 147  0091  2800     R  	jmp _L23
 147  0092  1E00     E  	snz _WorkModeFlag[0]
 147  0093  2800     R  	jmp _L23
 149  0094              #line 149 "d:\work\project\bintuo-f73\software\bs66f360c\Source\Display.c"
 149  0094  0FE6        	mov a,230
 149  0095  0080     E  	mov _gu8v_DisplayBuf[1],a
 150  0096              #line 150 "d:\work\project\bintuo-f73\software\bs66f360c\Source\Display.c"
 150  0096  0F3F        	mov a,63
 150  0097  0080     E  	mov _gu8v_DisplayBuf[2],a
 150  0098  2800     R  	jmp _L21
 150  0099              _L23:
 154  0099              #line 154 "d:\work\project\bintuo-f73\software\bs66f360c\Source\Display.c"
 154  0099  0700     E  	mov a,_gu8v_AbNumDisCurrentValue[0]
 154  009A  0080     E  	mov ra,a
 155  009B              #line 155 "d:\work\project\bintuo-f73\software\bs66f360c\Source\Display.c"
 155  009B  1F00     E  	clr _builtin_holtek_udivmodqi4_2[3]
 155  009C  0700     E  	mov a,ra
 155  009D  0080     E  	mov _builtin_holtek_udivmodqi4_2[0],a
 155  009E  0F64        	mov a,100
 155  009F  0080     E  	mov _builtin_holtek_udivmodqi4_2[1],a
 155  00A0              	fcall _builtin_holtek_udivmodqi4
 155  00A7  0700     E  	mov a,_builtin_holtek_udivmodqi4_2[2]
 155  00A8  0080     E  	mov rb,a
 156  00A9              #line 156 "d:\work\project\bintuo-f73\software\bs66f360c\Source\Display.c"
 156  00A9  1F00     E  	clr _builtin_holtek_udivmodqi4_2[3]
 156  00AA  0700     E  	mov a,ra
 156  00AB  0080     E  	mov _builtin_holtek_udivmodqi4_2[0],a
 156  00AC  0F64        	mov a,100
 156  00AD  0080     E  	mov _builtin_holtek_udivmodqi4_2[1],a
 156  00AE              	fcall _builtin_holtek_udivmodqi4
 156  00B5  0700     E  	mov a,_builtin_holtek_udivmodqi4_2[0]
 156  00B6  0080     E  	mov ra,a
 157  00B7              #line 157 "d:\work\project\bintuo-f73\software\bs66f360c\Source\Display.c"
 157  00B7  1F00     E  	clr _builtin_holtek_udivmodqi4_2[3]
 157  00B8  0700     E  	mov a,rb
 157  00B9  0080     E  	mov _builtin_holtek_udivmodqi4_2[0],a
 157  00BA  0F0A        	mov a,10
 157  00BB  0080     E  	mov _builtin_holtek_udivmodqi4_2[1],a
 157  00BC              	fcall _builtin_holtek_udivmodqi4
 157  00C3  0700     E  	mov a,_builtin_holtek_udivmodqi4_2[0]
 157  00C4  0080     E  	mov rc,a
 158  00C5              #line 158 "d:\work\project\bintuo-f73\software\bs66f360c\Source\Display.c"
 158  00C5  1F00     E  	clr _builtin_holtek_udivmodqi4_2[3]
 158  00C6  0700     E  	mov a,rb
 158  00C7  0080     E  	mov _builtin_holtek_udivmodqi4_2[0],a
 158  00C8  0F0A        	mov a,10
 158  00C9  0080     E  	mov _builtin_holtek_udivmodqi4_2[1],a
文件：Display.c    编译器版本 HGASM 0202 页次7

 158  00CA              	fcall _builtin_holtek_udivmodqi4
 158  00D1  0700     E  	mov a,_builtin_holtek_udivmodqi4_2[2]
 158  00D2  0080     E  	mov rb,a
 159  00D3              #line 159 "d:\work\project\bintuo-f73\software\bs66f360c\Source\Display.c"
 159  00D3  1E00     E  	snz ra
 159  00D4  2800     R  	jmp _L24
 159  00D5  0F00     R  	mov a,low offset _R_NumTable
 159  00D6  0300     E  	add a,ra
 159  00D7  0083        	mov mp,a
 159  00D8  0F00     R  	mov a,high offset _R_NumTable
 159  00D9  1F04        	clr sbp
 159  00DA  1384        	adcm a,sbp
 159  00DB              	fcall _Crom2Prom
 159  00E2  0080     E  	mov _gu8v_DisplayBuf[0],a
 159  00E3              _L24:
 160  00E3              #line 160 "d:\work\project\bintuo-f73\software\bs66f360c\Source\Display.c"
 160  00E3  0F00     R  	mov a,low offset _R_NumTable
 160  00E4  0300     E  	add a,rc
 160  00E5  0083        	mov mp,a
 160  00E6  0F00     R  	mov a,high offset _R_NumTable
 160  00E7  1F04        	clr sbp
 160  00E8  1384        	adcm a,sbp
 160  00E9              	fcall _Crom2Prom
 160  00F0  0080     E  	mov ra,a
 160  00F1  3000     E  	set ra.7
 160  00F2  0700     E  	mov a,ra
 160  00F3  0080     E  	mov _gu8v_DisplayBuf[1],a
 161  00F4              #line 161 "d:\work\project\bintuo-f73\software\bs66f360c\Source\Display.c"
 161  00F4  0F00     R  	mov a,low offset _R_NumTable
 161  00F5  0300     E  	add a,rb
 161  00F6  0083        	mov mp,a
 161  00F7  0F00     R  	mov a,high offset _R_NumTable
 161  00F8  1F04        	clr sbp
 161  00F9  1384        	adcm a,sbp
 161  00FA              	fcall _Crom2Prom
 161  0101  0080     E  	mov _gu8v_DisplayBuf[2],a
 161  0102              _L21:
 164  0102              #line 164 "d:\work\project\bintuo-f73\software\bs66f360c\Source\Display.c"
 164  0102  3800     E  	snz _WorkModeFlag[0].0
 164  0103  2800     R  	jmp _L25
 164  0104  3000     E  	set _gu8v_DisplayBuf[3].5
 164  0105              _L25:
 165  0105              #line 165 "d:\work\project\bintuo-f73\software\bs66f360c\Source\Display.c"
 165  0105  3800     E  	snz _WorkModeFlag[0].1
 165  0106  2800     R  	jmp _L26
 165  0107  3000     E  	set _gu8v_DisplayBuf[4].1
 165  0108              _L26:
 166  0108              #line 166 "d:\work\project\bintuo-f73\software\bs66f360c\Source\Display.c"
 166  0108  3800     E  	snz _WorkModeFlag[0].2
 166  0109  2800     R  	jmp _L27
 166  010A  3000     E  	set _gu8v_DisplayBuf[3].7
 166  010B              _L27:
 167  010B              #line 167 "d:\work\project\bintuo-f73\software\bs66f360c\Source\Display.c"
 167  010B  3800     E  	snz _WorkModeFlag[0].3
 167  010C  2800     R  	jmp _L28
 167  010D  3000     E  	set _gu8v_DisplayBuf[3].6
 167  010E              _L28:
 168  010E              #line 168 "d:\work\project\bintuo-f73\software\bs66f360c\Source\Display.c"
 168  010E  3800     E  	snz _WorkModeFlag[0].4
 168  010F  2800     R  	jmp _L29
文件：Display.c    编译器版本 HGASM 0202 页次8

 168  0110  3000     E  	set _gu8v_DisplayBuf[4].0
 168  0111              _L29:
 170  0111              #line 170 "d:\work\project\bintuo-f73\software\bs66f360c\Source\Display.c"
 170  0111  3800     E  	snz _WorkFlag5[0].3
 170  0112  2800     R  	jmp _L30
 170  0113  3000     E  	set _gu8v_DisplayBuf[5].0
 170  0114              _L30:
 171  0114              #line 171 "d:\work\project\bintuo-f73\software\bs66f360c\Source\Display.c"
 171  0114  3800     E  	snz _WorkFlag5[0].4
 171  0115  2800     R  	jmp _L31
 171  0116  3000     E  	set _gu8v_DisplayBuf[3].3
 171  0117              _L31:
 173  0117              #line 173 "d:\work\project\bintuo-f73\software\bs66f360c\Source\Display.c"
 173  0117  3C00     E  	sz _WorkFlag4[0].5
 173  0118  2800     R  	jmp _L32
 173  0119  3000     E  	set _gu8v_DisplayBuf[4].6
 173  011A              _L32:
 175  011A              #line 175 "d:\work\project\bintuo-f73\software\bs66f360c\Source\Display.c"
 175  011A  3000     E  	set _gu8v_DisplayBuf[4].5
 176  011B              #line 176 "d:\work\project\bintuo-f73\software\bs66f360c\Source\Display.c"
 176  011B  3C00     E  	sz _WorkFlag6[0].2
 176  011C  2800     R  	jmp _L33
 176  011D  3800     E  	snz _WorkFlag6[0].3
 176  011E  2800     R  	jmp _L34
 176  011F              _L33:
 176  011F  3000     E  	set _gu8v_DisplayBuf[5].7
 176  0120  2800     R  	jmp _L35
 176  0121              _L34:
 177  0121              #line 177 "d:\work\project\bintuo-f73\software\bs66f360c\Source\Display.c"
 177  0121  3000     E  	set _gu8v_DisplayBuf[4].7
 177  0122              _L35:
 178  0122              #line 178 "d:\work\project\bintuo-f73\software\bs66f360c\Source\Display.c"
 178  0122  0F06        	mov a,6
 178  0123  0580     E  	orm a,_gu8v_DisplayBuf[5]
 179  0124              #line 179 "d:\work\project\bintuo-f73\software\bs66f360c\Source\Display.c"
 179  0124  0F30        	mov a,48
 179  0125  0580     E  	orm a,_gu8v_DisplayBuf[5]
 180  0126              #line 180 "d:\work\project\bintuo-f73\software\bs66f360c\Source\Display.c"
 180  0126  3800     E  	snz _WorkFlag5[0].2
 180  0127  2800     R  	jmp _L36
 180  0128  3000     E  	set _gu8v_DisplayBuf[3].1
 180  0129  2800     R  	jmp _L7
 180  012A              _L36:
 184  012A              #line 184 "d:\work\project\bintuo-f73\software\bs66f360c\Source\Display.c"
 184  012A  3000     E  	set _gu8v_DisplayBuf[3].0
 185  012B              #line 185 "d:\work\project\bintuo-f73\software\bs66f360c\Source\Display.c"
 185  012B  0700     E  	mov a,_gu8v_JiaoTiMode[0]
 185  012C  0080     R  	mov _Display_Task_2[0],a
 185  012D  1700     R  	sdza _Display_Task_2[0]
 185  012E  2800     R  	jmp _LI1
 185  012F  2800     R  	jmp _L38
 185  0130              _LI1:
 185  0130  0700     R  	mov a,_Display_Task_2[0]
 185  0131  0A02        	sub a,2
 185  0132  390A        	snz z
 185  0133  2800     R  	jmp _L74
 188  0134              #line 188 "d:\work\project\bintuo-f73\software\bs66f360c\Source\Display.c"
 188  0134  3000     E  	set _gu8v_DisplayBuf[4].4
 189  0135              #line 189 "d:\work\project\bintuo-f73\software\bs66f360c\Source\Display.c"
 189  0135  2800     R  	jmp _L7
文件：Display.c    编译器版本 HGASM 0202 页次9

 189  0136              _L38:
 191  0136              #line 191 "d:\work\project\bintuo-f73\software\bs66f360c\Source\Display.c"
 191  0136  3000     E  	set _gu8v_DisplayBuf[4].3
 192  0137              #line 192 "d:\work\project\bintuo-f73\software\bs66f360c\Source\Display.c"
 192  0137  2800     R  	jmp _L7
 192  0138              _L74:
 194  0138              #line 194 "d:\work\project\bintuo-f73\software\bs66f360c\Source\Display.c"
 194  0138  3000     E  	set _gu8v_DisplayBuf[4].2
 194  0139              _L7:
 219  0139              #line 219 "d:\work\project\bintuo-f73\software\bs66f360c\Source\Display.c"
 219  0139              	fcall _Display_Refresh_To_TM1652
 219  0140  0003        	ret
 219  0141              _Display_Task endp
 219  0141              #line 219 "d:\work\project\bintuo-f73\software\bs66f360c\Source\Display.c"
 219  0141              #pragma debug scope 1 1
 219  0141              public _R_NumTable
 219  0000              @crom	.section 'crom'
  39  0000              #line 39 "d:\work\project\bintuo-f73\software\bs66f360c\Source\Display.c"
  39  0000              @crom	.section	'crom'
  39  0000              _R_NumTable:
  39  0000              #pragma debug array 42 8 10 1
  39  0000              #pragma debug array 42 8 10 1
  39  0000              #pragma debug variable 42 1 _R_NumTable "R_NumTable"
  39  0000              	db 63
  39  0001              	db 6
  39  0001              	db 91
  39  0002              	db 79
  39  0002              	db 102
  39  0003              	db 109
  39  0003              	db 125
  39  0004              	db 7
  39  0004              	db 127
  39  0005              	db 111
  39  0005              
  39  0005              ; output external variables
  39  0005              extern _gu8v_JiaoTiMode:byte
  39  0005              extern _gu8v_AbNumDisCurrentValue:byte
  39  0005              extern _WorkModeFlag:byte
  39  0005              extern _WorkFlag6:byte
  39  0005              extern _gu8v_PressureMode:byte
  39  0005              extern _gu8v_PreKeyDownDisTime:byte
  39  0005              extern _TimeFlag1:byte
  39  0005              extern _gu8v_CalModeIndex:byte
  39  0005              extern _WorkFlag4:byte
  39  0005              extern _WorkFlag5:byte
  39  0005              extern _gu8v_WorkMode:byte
  39  0005              extern _gu8v_DisplayBuf:byte
  39  0005              extern _drv_tm1652_setdigit_2:byte
  39  0005              extern _drv_tm1652_setdigit:near
  39  0005              extern _builtin_holtek_udivmodqi4_2:byte
  39  0005              extern _builtin_holtek_udivmodqi4:near
  39  0005              
  39  0005              ; 
  39  0005              ; Generated by holtek-gcc v3.19, Wed Jan 07 18:11:21 2026
  39  0005              ; Rebuild 718
  39  0005              ; end of file


        0 Errors, 0