文件：drv_tm1652.c 编译器版本 HGASM 0202 页次1


   1  0000              ; Generated by holtek-gcc v3.19, Mon Jan 12 15:28:09 2026
   2  0000              ; 
   3  0000              ; Configuration:
   4  0000              ;       with long instruction
   5  0000              ;       Multi-ROM, Multi-RAM
   6  0000              ;       bits_per_rom_unit:16
   7  0000              ;       with mp1
   8  0000              ;       with tbhp, address(0x9)
   9  0000              ;          Use tabrd-const
  10  0000              ;       
  11  0000              ; SFR address of long-instruction arch:
  12  0000              ;    mp0 = -1,1,0
  13  0000              ;    mp1 = 4,3,2
  14  0000              ;    mp2 = 14,13,12
  15  0000              ;    tbp = 9,7,8
  16  0000              ;    acc = 5
  17  0000              ;    pcl = 6
  18  0000              ;    status = 10
  19  0000              ;    bp = 11
  20  0000              ;    intc = 16
  21  0000              ;       
  22  0000              ;       
  23  0000              ; use 'tabrdc' instead of 'tabrd'
  24  0000              ;       
  25  0000              
  26  0000              #pragma translator "holtek-gcc 4.6.4" "3.19" "build 20130711"
  27  0000              ; Rebuild 718
  28  0000              
  29  0000              ir equ [2]
  30  0000              mp equ [3]
  31  0000              sbp equ [4]
  32  0000              acc equ [5]
  33  0000              bp equ [11]
  34  0000              tblp equ [7]
  35  0000              tbhp equ [9]
  36  0000              status equ [10]
  37  0000              c equ [10].0
  38  0000              ac equ [10].1
  39  0000              z equ [10].2
  40  0000              ov equ [10].3
  41  0000              cz equ [10].6
  42  0000              sc equ [10].7
  43  0000              intc equ [16]
  44  0000              
  45  0000              extern ra:byte
  46  0000              extern rb:byte
  47  0000              extern rc:byte
  48  0000              extern rd:byte
  49  0000              extern re:byte
  50  0000              extern rf:byte
  51  0000              extern rg:byte
  52  0000              extern rh:byte
  53  0000              extern _Crom2Prom:near
  54  0000              extern _Crom2PromNext:near
  55  0000              
  56  0000              RAMBANK 0 @BITDATASEC, @BITDATASEC1
  57  0000              @HCCINIT	.section 'data'
  58  0000              @HCCINIT0	.section 'data'
  59  0000              @BITDATASEC	 .section 'data'
文件：drv_tm1652.ASM 编译器版本 HGASM 0202 页次2

  60  0000              @BITDATASEC1	 .section 'data'
  61  0000              
  62  0000              #pragma debug scope 1 1
  63  0000              	extern __DELAY3:near
  64  0000              	extern __DELAYX3:near
  65  0000              	extern __DELAYX6:near
  66  0000              	extern __DELAYY5:near
  67  0000              	extern __DELAYY3:near
  68  0000              	extern _builtin_holtek_delay_2:byte
  69  0000              public _drv_tm1652_init
  70  0000              #pragma debug scope 2 1

 121  0000              #line 121 "D:\Work\Project\bintuo-F73\Software\BS66F360C\Source\ming\drv_tm1652.c"
 121  0000              _drv_tm1652_init .section 'code'
 121  0000              _drv_tm1652_init proc
 126  0000              #line 126 "D:\Work\Project\bintuo-F73\Software\BS66F360C\Source\ming\drv_tm1652.c"
 126  0000              	fcall _uart_init
 131  0007              #line 131 "D:\Work\Project\bintuo-F73\Software\BS66F360C\Source\ming\drv_tm1652.c"
 131  0007  1F00     R  	clr _s_DispBuf[0]
 131  0008  1F00     R  	clr _s_DispBuf[1]
 131  0009  1F00     R  	clr _s_DispBuf[2]
 131  000A  1F00     R  	clr _s_DispBuf[3]
 131  000B  1F00     R  	clr _s_DispBuf[4]
 131  000C  1F00     R  	clr _s_DispBuf[5]
 135  000D              #line 135 "D:\Work\Project\bintuo-F73\Software\BS66F360C\Source\ming\drv_tm1652.c"
 135  000D  0F05        	mov a,5
 135  000E  0080     R  	mov _s_BrightnessLevel[0],a
 136  000F              #line 136 "D:\Work\Project\bintuo-F73\Software\BS66F360C\Source\ming\drv_tm1652.c"
 136  000F  1F00     R  	clr _s_CurrentState[0]
 136  0010  1F00     R  	clr _s_CurrentState[1]
 139  0011              #line 139 "D:\Work\Project\bintuo-F73\Software\BS66F360C\Source\ming\drv_tm1652.c"
 139  0011  0F03        	mov a,3
 139  0012  0080     R  	mov _s_UpdateFlags[0],a
 139  0013  0003        	ret
 139  0014              _drv_tm1652_init endp
 139  0014              #line 139 "D:\Work\Project\bintuo-F73\Software\BS66F360C\Source\ming\drv_tm1652.c"
 139  0014              #pragma debug scope 1 1
 139  0014              public _drv_tm1652_setdigit
 139  0014              #pragma debug scope 3 1
 143  0014              #line 143 "D:\Work\Project\bintuo-F73\Software\BS66F360C\Source\ming\drv_tm1652.c"
 143  0000              _drv_tm1652_setdigit .section 'code'
 143  0000              _drv_tm1652_setdigit proc
 143  0000              public _drv_tm1652_setdigit_2
 143  0000  0003[           local _drv_tm1652_setdigit_2 db 3 dup(?)	; 1,2
            00
            ]
 143  0000  0080     E  	mov ra,a
 143  0001  0080     R  	mov _drv_tm1652_setdigit_2[1],a
 143  0002              #pragma debug variable 8 3 _drv_tm1652_setdigit_2+1 "grid_idx"
 143  0002              #pragma debug variable 8 3 _drv_tm1652_setdigit_2+0 "seg_data"
 144  0002              #line 144 "D:\Work\Project\bintuo-F73\Software\BS66F360C\Source\ming\drv_tm1652.c"
 144  0002  0F05        	mov a,5
 144  0003  0200     E  	sub a,ra
 144  0004  380A        	snz c
 144  0005  2800     R  	jmp _L2
 147  0006              #line 147 "D:\Work\Project\bintuo-F73\Software\BS66F360C\Source\ming\drv_tm1652.c"
 147  0006  0F00     R  	mov a,low offset _s_DispBuf
 147  0007  0300     E  	add a,ra
 147  0008  0083        	mov mp,a
 147  0009  0F00     R  	mov a,high offset _s_DispBuf
文件：drv_tm1652.c 编译器版本 HGASM 0202 页次3

 147  000A  1F04        	clr sbp
 147  000B  1384        	adcm a,sbp
 147  000C              	fcall _Crom2Prom
 147  0013  0080     R  	mov _drv_tm1652_setdigit_2[2],a
 147  0014  0700     R  	mov a,_drv_tm1652_setdigit_2[2]
 147  0015  0200     R  	sub a,_drv_tm1652_setdigit_2[0]
 147  0016  3D0A        	sz z
 147  0017  2800     R  	jmp _L2
 149  0018              #line 149 "D:\Work\Project\bintuo-F73\Software\BS66F360C\Source\ming\drv_tm1652.c"
 149  0018  0700     R  	mov a,_drv_tm1652_setdigit_2[0]
 149  0019  0082        	mov ir,a
 150  001A              #line 150 "D:\Work\Project\bintuo-F73\Software\BS66F360C\Source\ming\drv_tm1652.c"
 150  001A  3000     R  	set _s_UpdateFlags[0].0
 150  001B              _L2:
 150  001B  0003        	ret
 150  001C              _drv_tm1652_setdigit endp
 150  001C              #line 150 "D:\Work\Project\bintuo-F73\Software\BS66F360C\Source\ming\drv_tm1652.c"
 150  001C              #pragma debug scope 1 1
 150  001C              public _drv_tm1652_setbrightness
 150  001C              #pragma debug scope 4 1
 155  001C              #line 155 "D:\Work\Project\bintuo-F73\Software\BS66F360C\Source\ming\drv_tm1652.c"
 155  0000              _drv_tm1652_setbrightness .section 'code'
 155  0000              _drv_tm1652_setbrightness proc
 155  0000  00              local _drv_tm1652_setbrightness_2 db 1 dup(?)	; 0,1
 155  0000  0080     E  	mov ra,a
 155  0001              #pragma debug variable 8 4 _drv_tm1652_setbrightness_2+0 "level"
 155  0001  0F07        	mov a,7
 155  0002  0200     E  	sub a,ra
 155  0003  3C0A        	sz c
 155  0004  2800     R  	jmp _L6
 155  0005  0F07        	mov a,7
 155  0006  0080     E  	mov ra,a
 155  0007              _L6:
 158  0007              #line 158 "D:\Work\Project\bintuo-F73\Software\BS66F360C\Source\ming\drv_tm1652.c"
 158  0007  0700     R  	mov a,_s_BrightnessLevel[0]
 158  0008  0200     E  	sub a,ra
 158  0009  3D0A        	sz z
 158  000A  2800     R  	jmp _L5
 160  000B              #line 160 "D:\Work\Project\bintuo-F73\Software\BS66F360C\Source\ming\drv_tm1652.c"
 160  000B  0700     E  	mov a,ra
 160  000C  0080     R  	mov _s_BrightnessLevel[0],a
 161  000D              #line 161 "D:\Work\Project\bintuo-F73\Software\BS66F360C\Source\ming\drv_tm1652.c"
 161  000D  3000     R  	set _s_UpdateFlags[0].1
 161  000E              _L5:
 161  000E  0003        	ret
 161  000F              _drv_tm1652_setbrightness endp
 161  000F              #line 161 "D:\Work\Project\bintuo-F73\Software\BS66F360C\Source\ming\drv_tm1652.c"
 161  000F              #pragma debug scope 1 1
 161  000F              public _drv_tm1652_task
 161  000F              #pragma debug scope 5 1
 167  000F              #line 167 "D:\Work\Project\bintuo-F73\Software\BS66F360C\Source\ming\drv_tm1652.c"
 167  0000              _drv_tm1652_task .section 'code'
 167  0000              _drv_tm1652_task proc
 167  0000  00              local _drv_tm1652_task_2 db 1 dup(?)	; 0,1
 170  0001              #line 170 "D:\Work\Project\bintuo-F73\Software\BS66F360C\Source\ming\drv_tm1652.c"
 170  0000  0700     R  	mov a,_s_UpdateFlags[0]
 170  0001  0080     R  	mov _drv_tm1652_task_2[0],a
 170  0002  3800     R  	snz _drv_tm1652_task_2[0].1
 170  0003  2800     R  	jmp _L9
 173  0004              #line 173 "D:\Work\Project\bintuo-F73\Software\BS66F360C\Source\ming\drv_tm1652.c"
文件：drv_tm1652.c 编译器版本 HGASM 0202 页次4

 173  0004  0F18        	mov a,24
 173  0005              	fcall _hal_uart_sendisr
 174  000C              #line 174 "D:\Work\Project\bintuo-F73\Software\BS66F360C\Source\ming\drv_tm1652.c"
 174  000C  0700     R  	mov a,_s_BrightnessLevel[0]
 174  000D  0080     E  	mov ra,a
 174  000E  1100     E  	swapa ra
 174  000F  0EF0        	and a,0f0h 
 174  0010  0080     E  	mov ra,a
 174  0011  0F0E        	mov a,14
 174  0012  0580     E  	orm a,ra
 175  0013              #line 175 "D:\Work\Project\bintuo-F73\Software\BS66F360C\Source\ming\drv_tm1652.c"
 175  0013  0700     E  	mov a,ra
 175  0014              	fcall _hal_uart_sendisr
 176  001B              #line 176 "D:\Work\Project\bintuo-F73\Software\BS66F360C\Source\ming\drv_tm1652.c"
 176  001B  3400     R  	clr _s_UpdateFlags[0].1
 176  001C  2800     R  	jmp _L8
 176  001D              _L9:
 178  001D              #line 178 "D:\Work\Project\bintuo-F73\Software\BS66F360C\Source\ming\drv_tm1652.c"
 178  001D  3800     R  	snz _drv_tm1652_task_2[0].0
 178  001E  2800     R  	jmp _L8
 181  001F              #line 181 "D:\Work\Project\bintuo-F73\Software\BS66F360C\Source\ming\drv_tm1652.c"
 181  001F  0F08        	mov a,8
 181  0020              	fcall _hal_uart_sendisr
 182  0027              #line 182 "D:\Work\Project\bintuo-F73\Software\BS66F360C\Source\ming\drv_tm1652.c"
 182  0027  0700     R  	mov a,_s_DispBuf[0]
 182  0028              	fcall _hal_uart_sendisr
 183  002F              #line 183 "D:\Work\Project\bintuo-F73\Software\BS66F360C\Source\ming\drv_tm1652.c"
 183  002F  0700     R  	mov a,_s_DispBuf[1]
 183  0030              	fcall _hal_uart_sendisr
 184  0037              #line 184 "D:\Work\Project\bintuo-F73\Software\BS66F360C\Source\ming\drv_tm1652.c"
 184  0037  0700     R  	mov a,_s_DispBuf[2]
 184  0038              	fcall _hal_uart_sendisr
 185  003F              #line 185 "D:\Work\Project\bintuo-F73\Software\BS66F360C\Source\ming\drv_tm1652.c"
 185  003F  0700     R  	mov a,_s_DispBuf[3]
 185  0040              	fcall _hal_uart_sendisr
 186  0047              #line 186 "D:\Work\Project\bintuo-F73\Software\BS66F360C\Source\ming\drv_tm1652.c"
 186  0047  0700     R  	mov a,_s_DispBuf[4]
 186  0048              	fcall _hal_uart_sendisr
 187  004F              #line 187 "D:\Work\Project\bintuo-F73\Software\BS66F360C\Source\ming\drv_tm1652.c"
 187  004F  0700     R  	mov a,_s_DispBuf[5]
 187  0050              	fcall _hal_uart_sendisr
 188  0057              #line 188 "D:\Work\Project\bintuo-F73\Software\BS66F360C\Source\ming\drv_tm1652.c"
 188  0057  3400     R  	clr _s_UpdateFlags[0].0
 188  0058              _L8:
 188  0058  0003        	ret
 188  0059              _drv_tm1652_task endp
 188  0059              #line 188 "D:\Work\Project\bintuo-F73\Software\BS66F360C\Source\ming\drv_tm1652.c"
 188  0059              #pragma debug scope 1 1
 188  0000              @HCCINIT0_s_CurrentState .section 'data'
 188  0000  0002[       _s_CurrentState	db 2 dup(0)
            00
            ]
 188  0002              #pragma debug variable 12 1 _s_CurrentState "s_CurrentState"
 188  0002              
 188  0000              @HCCINIT .section 'data'
 188  0000              @HCCINIT0_s_UpdateFlags .section 'data'
 188  0000              _s_UpdateFlags	db 0
 188  0001              #pragma debug variable 8 1 _s_UpdateFlags "s_UpdateFlags"
 188  0001              
 188  0000              @HCCINIT .section 'data'
文件：drv_tm1652.c 编译器版本 HGASM 0202 页次5

 188  0000              @HCCINIT0_s_BrightnessLevel .section 'data'
 188  0000              _s_BrightnessLevel	db 0
 188  0001              #pragma debug variable 8 1 _s_BrightnessLevel "s_BrightnessLevel"
 188  0001              
 188  0000              @HCCINIT .section 'data'
 188  0000              @HCCINIT0_s_DispBuf .section 'data'
 188  0000  0006[       _s_DispBuf	db 6 dup(0)
            00
            ]
 188  0006              #pragma debug array 42 8 6 1
 188  0006              #pragma debug array 42 8 6 1
 188  0006              #pragma debug variable 42 1 _s_DispBuf "s_DispBuf"
 188  0006              
 188  0000              @HCCINIT .section 'data'
 188  0000              extern _uart_init:near
 188  0000              extern _hal_uart_sendisr:near
 188  0000              
 188  0000              ; 
 188  0000              ; Generated by holtek-gcc v3.19, Mon Jan 12 15:28:09 2026
 188  0000              ; Rebuild 718
 188  0000              ; end of file


        0 Errors, 0