文件：Initial.c    编译器版本 HGASM 0202 页次1


   1  0000              ; Generated by holtek-gcc v3.19, Mon Jan 12 15:28:07 2026
   2  0000              ; 
   3  0000              ; Configuration:
   4  0000              ;       with long instruction
   5  0000              ;       Multi-ROM, Multi-RAM
   6  0000              ;       bits_per_rom_unit:16
   7  0000              ;       with mp1
   8  0000              ;       with tbhp, address(0x9)
   9  0000              ;          Use tabrd-const
  10  0000              ;       
  11  0000              ; SFR address of long-instruction arch:
  12  0000              ;    mp0 = -1,1,0
  13  0000              ;    mp1 = 4,3,2
  14  0000              ;    mp2 = 14,13,12
  15  0000              ;    tbp = 9,7,8
  16  0000              ;    acc = 5
  17  0000              ;    pcl = 6
  18  0000              ;    status = 10
  19  0000              ;    bp = 11
  20  0000              ;    intc = 16
  21  0000              ;       
  22  0000              ;       
  23  0000              ; use 'tabrdc' instead of 'tabrd'
  24  0000              ;       
  25  0000              
  26  0000              #pragma translator "holtek-gcc 4.6.4" "3.19" "build 20130711"
  27  0000              ; Rebuild 718
  28  0000              
  29  0000              ir equ [2]
  30  0000              mp equ [3]
  31  0000              sbp equ [4]
  32  0000              acc equ [5]
  33  0000              bp equ [11]
  34  0000              tblp equ [7]
  35  0000              tbhp equ [9]
  36  0000              status equ [10]
  37  0000              c equ [10].0
  38  0000              ac equ [10].1
  39  0000              z equ [10].2
  40  0000              ov equ [10].3
  41  0000              cz equ [10].6
  42  0000              sc equ [10].7
  43  0000              intc equ [16]
  44  0000              
  45  0000              extern ra:byte
  46  0000              extern rb:byte
  47  0000              extern rc:byte
  48  0000              extern rd:byte
  49  0000              extern re:byte
  50  0000              extern rf:byte
  51  0000              extern rg:byte
  52  0000              extern rh:byte
  53  0000              extern _Crom2Prom:near
  54  0000              extern _Crom2PromNext:near
  55  0000              
  56  0000              RAMBANK 0 @BITDATASEC, @BITDATASEC1
  57  0000              @HCCINIT	.section 'data'
  58  0000              @HCCINIT0	.section 'data'
  59  0000              @BITDATASEC	 .section 'data'
文件：Initial.ASM  编译器版本 HGASM 0202 页次2

  60  0000              @BITDATASEC1	 .section 'data'
  61  0000              
  62  0000              #pragma debug scope 1 1
  63  0000              	extern __DELAY3:near
  64  0000              	extern __DELAYX3:near
  65  0000              	extern __DELAYX6:near
  66  0000              	extern __DELAYY5:near
  67  0000              	extern __DELAYY3:near
  68  0000              	extern _builtin_holtek_delay_2:byte
  69  0000              ___pf equ [115]
  70  0000              ___pfc equ [116]
  71  0000              ___pfpu equ [117]
  72  0000              ___pe equ [112]
  73  0000              ___pec equ [113]
  74  0000              ___pepu equ [114]
  75  0000              ___pac equ [21]
  76  0000              ___pa equ [20]
  77  0000              ___papu equ [22]
  78  0000              ___pbc equ [25]
  79  0000              ___pb equ [24]
  80  0000              ___pbpu equ [26]
  81  0000              ___pc equ [36]
  82  0000              ___pcc equ [37]
  83  0000              ___pcpu equ [38]
  84  0000              ___pd equ [39]
  85  0000              ___pdc equ [40]
  86  0000              ___pdpu equ [41]
  87  0000              ___lvrc equ [33]
  88  0000              ___lvdc equ [32]
  89  0000              ___wdtc equ [34]
  90  0000              ___ifs0 equ [324]
  91  0000              ___ifs1 equ [323]
  92  0000              ___pas0 equ [325]
  93  0000              ___pas1 equ [326]
  94  0000              ___pbs0 equ [327]
  95  0000              ___pbs1 equ [328]
  96  0000              ___pcs0 equ [329]
  97  0000              ___pcs1 equ [330]
  98  0000              ___pds0 equ [331]
  99  0000              ___pds1 equ [332]
 100  0000              ___pes0 equ [333]
 101  0000              ___pes1 equ [334]
 102  0000              ___pfs0 equ [335]
 103  0000              ___pfs1 equ [336]
 104  0000              ___pmps equ [337]
 105  0000              ___pans equ [341]
 106  0000              ___pens equ [342]
 107  0000              ___pfns equ [343]
 108  0000              ___sadc0 equ [48]
 109  0000              ___sadc1 equ [49]
 110  0000              ___ptmc0 equ [72]
 111  0000              ___ptmc1 equ [73]
 112  0000              ___ptmal equ [76]
 113  0000              ___ptmah equ [77]
 114  0000              ___ptmrpl equ [78]
 115  0000              ___ptmrph equ [79]
 116  0000              ___mfi2 equ [44]
 117  0000              ___intc2 equ [18]
 118  0000              ___intc0 equ [16]
 119  0000              public _Sys_Init
文件：Initial.ASM  编译器版本 HGASM 0202 页次3

 120  0000              #pragma debug scope 2 1

  14  0000              #line 14 "d:\work\project\bintuo-f73\software\bs66f360c\Source\Initial.c"
  14  0000              _Sys_Init .section 'code'
  14  0000              _Sys_Init proc
  15  0000              #line 15 "d:\work\project\bintuo-f73\software\bs66f360c\Source\Initial.c"
  15  0000  0F20        	mov a,32
  15  0001  00F3        	mov [115],a
  16  0002              #line 16 "d:\work\project\bintuo-f73\software\bs66f360c\Source\Initial.c"
  16  0002  0F20        	mov a,32
  16  0003  00F4        	mov [116],a
  17  0004              #line 17 "d:\work\project\bintuo-f73\software\bs66f360c\Source\Initial.c"
  17  0004  0F20        	mov a,32
  17  0005  00F5        	mov [117],a
  19  0006              #line 19 "d:\work\project\bintuo-f73\software\bs66f360c\Source\Initial.c"
  19  0006  1F70        	clr [112]
  20  0007              #line 20 "d:\work\project\bintuo-f73\software\bs66f360c\Source\Initial.c"
  20  0007  1F71        	clr [113]
  21  0008              #line 21 "d:\work\project\bintuo-f73\software\bs66f360c\Source\Initial.c"
  21  0008  1F72        	clr [114]
  23  0009              #line 23 "d:\work\project\bintuo-f73\software\bs66f360c\Source\Initial.c"
  23  0009  0F11        	mov a,17
  23  000A  0095        	mov [21],a
  24  000B              #line 24 "d:\work\project\bintuo-f73\software\bs66f360c\Source\Initial.c"
  24  000B  0F11        	mov a,17
  24  000C  0094        	mov [20],a
  25  000D              #line 25 "d:\work\project\bintuo-f73\software\bs66f360c\Source\Initial.c"
  25  000D  0F11        	mov a,17
  25  000E  0096        	mov [22],a
  27  000F              #line 27 "d:\work\project\bintuo-f73\software\bs66f360c\Source\Initial.c"
  27  000F  0F0F        	mov a,15
  27  0010  0099        	mov [25],a
  28  0011              #line 28 "d:\work\project\bintuo-f73\software\bs66f360c\Source\Initial.c"
  28  0011  0F0F        	mov a,15
  28  0012  0098        	mov [24],a
  29  0013              #line 29 "d:\work\project\bintuo-f73\software\bs66f360c\Source\Initial.c"
  29  0013  0F0C        	mov a,12
  29  0014  009A        	mov [26],a
  31  0015              #line 31 "d:\work\project\bintuo-f73\software\bs66f360c\Source\Initial.c"
  31  0015  1F24        	clr [36]
  32  0016              #line 32 "d:\work\project\bintuo-f73\software\bs66f360c\Source\Initial.c"
  32  0016  1F25        	clr [37]
  33  0017              #line 33 "d:\work\project\bintuo-f73\software\bs66f360c\Source\Initial.c"
  33  0017  1F26        	clr [38]
  35  0018              #line 35 "d:\work\project\bintuo-f73\software\bs66f360c\Source\Initial.c"
  35  0018  1F27        	clr [39]
  36  0019              #line 36 "d:\work\project\bintuo-f73\software\bs66f360c\Source\Initial.c"
  36  0019  1F28        	clr [40]
  37  001A              #line 37 "d:\work\project\bintuo-f73\software\bs66f360c\Source\Initial.c"
  37  001A  1F29        	clr [41]
  40  001B              #line 40 "d:\work\project\bintuo-f73\software\bs66f360c\Source\Initial.c"
  40  001B  0F55        	mov a,85
  40  001C  00A1        	mov [33],a
  48  001D              #line 48 "d:\work\project\bintuo-f73\software\bs66f360c\Source\Initial.c"
  48  001D  0F19        	mov a,25
  48  001E  00A0        	mov [32],a
  71  001F              #line 71 "d:\work\project\bintuo-f73\software\bs66f360c\Source\Initial.c"
  71  001F  0F57        	mov a,87
  71  0020  00A2        	mov [34],a
  88  0021              #line 88 "d:\work\project\bintuo-f73\software\bs66f360c\Source\Initial.c"
文件：Initial.c    编译器版本 HGASM 0202 页次4

  88  0021  9F44 0001   	lclr [324]
 107  0023              #line 107 "d:\work\project\bintuo-f73\software\bs66f360c\Source\Initial.c"
 107  0023  9F43 0001   	lclr [323]
 126  0025              #line 126 "d:\work\project\bintuo-f73\software\bs66f360c\Source\Initial.c"
 126  0025  9F45 0001   	lclr [325]
 127  0027              #line 127 "d:\work\project\bintuo-f73\software\bs66f360c\Source\Initial.c"
 127  0027  9F46 0001   	lclr [326]
 128  0029              #line 128 "d:\work\project\bintuo-f73\software\bs66f360c\Source\Initial.c"
 128  0029  0F0F        	mov a,15
 128  002A  80C7 0001   	lmov [327],a
 151  002C              #line 151 "d:\work\project\bintuo-f73\software\bs66f360c\Source\Initial.c"
 151  002C  9F48 0001   	lclr [328]
 152  002E              #line 152 "d:\work\project\bintuo-f73\software\bs66f360c\Source\Initial.c"
 152  002E  9F49 0001   	lclr [329]
 153  0030              #line 153 "d:\work\project\bintuo-f73\software\bs66f360c\Source\Initial.c"
 153  0030  9F4A 0001   	lclr [330]
 154  0032              #line 154 "d:\work\project\bintuo-f73\software\bs66f360c\Source\Initial.c"
 154  0032  9F4B 0001   	lclr [331]
 155  0034              #line 155 "d:\work\project\bintuo-f73\software\bs66f360c\Source\Initial.c"
 155  0034  9F4C 0001   	lclr [332]
 156  0036              #line 156 "d:\work\project\bintuo-f73\software\bs66f360c\Source\Initial.c"
 156  0036  9F4D 0001   	lclr [333]
 157  0038              #line 157 "d:\work\project\bintuo-f73\software\bs66f360c\Source\Initial.c"
 157  0038  9F4E 0001   	lclr [334]
 158  003A              #line 158 "d:\work\project\bintuo-f73\software\bs66f360c\Source\Initial.c"
 158  003A  9F4F 0001   	lclr [335]
 159  003C              #line 159 "d:\work\project\bintuo-f73\software\bs66f360c\Source\Initial.c"
 159  003C  9F50 0001   	lclr [336]
 160  003E              #line 160 "d:\work\project\bintuo-f73\software\bs66f360c\Source\Initial.c"
 160  003E  9F51 0001   	lclr [337]
 161  0040              #line 161 "d:\work\project\bintuo-f73\software\bs66f360c\Source\Initial.c"
 161  0040  9F55 0001   	lclr [341]
 178  0042              #line 178 "d:\work\project\bintuo-f73\software\bs66f360c\Source\Initial.c"
 178  0042  9F56 0001   	lclr [342]
 188  0044              #line 188 "d:\work\project\bintuo-f73\software\bs66f360c\Source\Initial.c"
 188  0044  9F57 0001   	lclr [343]
 210  0046              #line 210 "d:\work\project\bintuo-f73\software\bs66f360c\Source\Initial.c"
 210  0046  0F30        	mov a,48
 210  0047  00B0        	mov [48],a
 243  0048              #line 243 "d:\work\project\bintuo-f73\software\bs66f360c\Source\Initial.c"
 243  0048  0F0B        	mov a,11
 243  0049  00B1        	mov [49],a
 272  004A              #line 272 "d:\work\project\bintuo-f73\software\bs66f360c\Source\Initial.c"
 272  004A  1F48        	clr [72]
 291  004B              #line 291 "d:\work\project\bintuo-f73\software\bs66f360c\Source\Initial.c"
 291  004B  0FC1        	mov a,193
 291  004C  00C9        	mov [73],a
 294  004D              #line 294 "d:\work\project\bintuo-f73\software\bs66f360c\Source\Initial.c"
 294  004D  0FF4        	mov a,244
 294  004E  00CC        	mov [76],a
 295  004F              #line 295 "d:\work\project\bintuo-f73\software\bs66f360c\Source\Initial.c"
 295  004F  0F01        	mov a,1
 295  0050  00CD        	mov [77],a
 297  0051              #line 297 "d:\work\project\bintuo-f73\software\bs66f360c\Source\Initial.c"
 297  0051  1F4E        	clr [78]
 298  0052              #line 298 "d:\work\project\bintuo-f73\software\bs66f360c\Source\Initial.c"
 298  0052  1F4F        	clr [79]
 300  0053              #line 300 "d:\work\project\bintuo-f73\software\bs66f360c\Source\Initial.c"
 300  0053  36AC        	clr [44].5
 301  0054              #line 301 "d:\work\project\bintuo-f73\software\bs66f360c\Source\Initial.c"
文件：Initial.c    编译器版本 HGASM 0202 页次5

 301  0054  3212        	set [18].4
 302  0055              #line 302 "d:\work\project\bintuo-f73\software\bs66f360c\Source\Initial.c"
 302  0055  30AC        	set [44].1
 303  0056              #line 303 "d:\work\project\bintuo-f73\software\bs66f360c\Source\Initial.c"
 303  0056  3012        	set [18].0
 304  0057              #line 304 "d:\work\project\bintuo-f73\software\bs66f360c\Source\Initial.c"
 304  0057  31C8        	set [72].3
 306  0058              #line 306 "d:\work\project\bintuo-f73\software\bs66f360c\Source\Initial.c"
 306  0058  3010        	set [16].0
 306  0059  0003        	ret
 306  005A              _Sys_Init endp
 306  005A              #line 306 "d:\work\project\bintuo-f73\software\bs66f360c\Source\Initial.c"
 306  005A              #pragma debug scope 1 1
 306  005A              public _Work_SensorAdcRegInit
 306  005A              #pragma debug scope 3 1
 311  005A              #line 311 "d:\work\project\bintuo-f73\software\bs66f360c\Source\Initial.c"
 311  0000              _Work_SensorAdcRegInit .section 'code'
 311  0000              _Work_SensorAdcRegInit proc
 313  0000              #line 313 "d:\work\project\bintuo-f73\software\bs66f360c\Source\Initial.c"
 313  0000  1F00     E  	clr _gu8v_BatLowCnt[0]
 314  0001              #line 314 "d:\work\project\bintuo-f73\software\bs66f360c\Source\Initial.c"
 314  0001  1F00     E  	clr _gu8v_BatNormalCnt[0]
 316  0002              #line 316 "d:\work\project\bintuo-f73\software\bs66f360c\Source\Initial.c"
 316  0002  3400     E  	clr _WorkFlag5[0].5
 318  0003              #line 318 "d:\work\project\bintuo-f73\software\bs66f360c\Source\Initial.c"
 318  0003  1F00     E  	clr _gu8v_AdSampCnt1[0]
 319  0004              #line 319 "d:\work\project\bintuo-f73\software\bs66f360c\Source\Initial.c"
 319  0004  1F00     E  	clr _gu16v_AdcValue1[0]
 319  0005  1F00     E  	clr _gu16v_AdcValue1[1]
 320  0006              #line 320 "d:\work\project\bintuo-f73\software\bs66f360c\Source\Initial.c"
 320  0006  1F00     E  	clr _gu16v_AdMaxTemp1[0]
 320  0007  1F00     E  	clr _gu16v_AdMaxTemp1[1]
 321  0008              #line 321 "d:\work\project\bintuo-f73\software\bs66f360c\Source\Initial.c"
 321  0008  1F80     E  	set _gu16v_AdMinTemp1[0]
 321  0009  1F80     E  	set _gu16v_AdMinTemp1[1]
 323  000A              #line 323 "d:\work\project\bintuo-f73\software\bs66f360c\Source\Initial.c"
 323  000A  1F00     E  	clr _gu8v_AdSampCnt2[0]
 324  000B              #line 324 "d:\work\project\bintuo-f73\software\bs66f360c\Source\Initial.c"
 324  000B  1F00     E  	clr _gu16v_AdcValue2[0]
 324  000C  1F00     E  	clr _gu16v_AdcValue2[1]
 325  000D              #line 325 "d:\work\project\bintuo-f73\software\bs66f360c\Source\Initial.c"
 325  000D  1F00     E  	clr _gu16v_AdMaxTemp2[0]
 325  000E  1F00     E  	clr _gu16v_AdMaxTemp2[1]
 326  000F              #line 326 "d:\work\project\bintuo-f73\software\bs66f360c\Source\Initial.c"
 326  000F  1F80     E  	set _gu16v_AdMinTemp2[0]
 326  0010  1F80     E  	set _gu16v_AdMinTemp2[1]
 328  0011              #line 328 "d:\work\project\bintuo-f73\software\bs66f360c\Source\Initial.c"
 328  0011  1F00     E  	clr _gu8v_AbPressureNoFullAdcCnt[0]
 329  0012              #line 329 "d:\work\project\bintuo-f73\software\bs66f360c\Source\Initial.c"
 329  0012  1F00     E  	clr _gu8v_AbPressureFullAdcCnt[0]
 329  0013  0003        	ret
 329  0014              _Work_SensorAdcRegInit endp
 329  0014              #line 329 "d:\work\project\bintuo-f73\software\bs66f360c\Source\Initial.c"
 329  0014              #pragma debug scope 1 1
 329  0014              public _Init_TimerReg
 329  0014              #pragma debug scope 4 1
 334  0014              #line 334 "d:\work\project\bintuo-f73\software\bs66f360c\Source\Initial.c"
 334  0000              _Init_TimerReg .section 'code'
 334  0000              _Init_TimerReg proc
 335  0000              #line 335 "d:\work\project\bintuo-f73\software\bs66f360c\Source\Initial.c"
文件：Initial.c    编译器版本 HGASM 0202 页次6

 335  0000  1F00     E  	clr _TimeFlag1[0]
 336  0001              #line 336 "d:\work\project\bintuo-f73\software\bs66f360c\Source\Initial.c"
 336  0001  1F00     E  	clr _TimeFlag2[0]
 337  0002              #line 337 "d:\work\project\bintuo-f73\software\bs66f360c\Source\Initial.c"
 337  0002  1F00     E  	clr _gu8v_Delay1mS[0]
 338  0003              #line 338 "d:\work\project\bintuo-f73\software\bs66f360c\Source\Initial.c"
 338  0003  1F00     E  	clr _gu8v_Delay1mS[0]
 339  0004              #line 339 "d:\work\project\bintuo-f73\software\bs66f360c\Source\Initial.c"
 339  0004  1F00     E  	clr _gu8v_Delay5mS[0]
 340  0005              #line 340 "d:\work\project\bintuo-f73\software\bs66f360c\Source\Initial.c"
 340  0005  1F00     E  	clr _gu8v_Delay50mS[0]
 341  0006              #line 341 "d:\work\project\bintuo-f73\software\bs66f360c\Source\Initial.c"
 341  0006  1F00     E  	clr _gu8v_Delay100mS[0]
 342  0007              #line 342 "d:\work\project\bintuo-f73\software\bs66f360c\Source\Initial.c"
 342  0007  1F00     E  	clr _gu8v_Delay500mS[0]
 343  0008              #line 343 "d:\work\project\bintuo-f73\software\bs66f360c\Source\Initial.c"
 343  0008  1F00     E  	clr _gu8v_Delay1S[0]
 343  0009  0003        	ret
 343  000A              _Init_TimerReg endp
 343  000A              #line 343 "d:\work\project\bintuo-f73\software\bs66f360c\Source\Initial.c"
 343  000A              #pragma debug scope 1 1
 343  000A              public _Work_StatusRegInit
 343  000A              #pragma debug scope 5 1
 346  000A              #line 346 "d:\work\project\bintuo-f73\software\bs66f360c\Source\Initial.c"
 346  0000              _Work_StatusRegInit .section 'code'
 346  0000              _Work_StatusRegInit proc
 347  0000              #line 347 "d:\work\project\bintuo-f73\software\bs66f360c\Source\Initial.c"
 347  0000  1F00     E  	clr _DcfFlag1[0]
 348  0001              #line 348 "d:\work\project\bintuo-f73\software\bs66f360c\Source\Initial.c"
 348  0001  1F00     E  	clr _WorkModeFlag[0]
 349  0002              #line 349 "d:\work\project\bintuo-f73\software\bs66f360c\Source\Initial.c"
 349  0002  0FC8        	mov a,200
 349  0003  0080     E  	mov _gu8v_ButtonOnTkDelay[0],a
 352  0004              #line 352 "d:\work\project\bintuo-f73\software\bs66f360c\Source\Initial.c"
 352  0004  0F14        	mov a,20
 352  0005  0080     E  	mov _gu8v_AcOffDebounce[0],a
 353  0006              #line 353 "d:\work\project\bintuo-f73\software\bs66f360c\Source\Initial.c"
 353  0006  0F04        	mov a,4
 353  0007  0080     E  	mov _gu8v_PressureMode[0],a
 354  0008              #line 354 "d:\work\project\bintuo-f73\software\bs66f360c\Source\Initial.c"
 354  0008  3400     E  	clr _WorkFlag3[0].2
 355  0009              #line 355 "d:\work\project\bintuo-f73\software\bs66f360c\Source\Initial.c"
 355  0009  3400     E  	clr _WorkFlag3[0].5
 356  000A              #line 356 "d:\work\project\bintuo-f73\software\bs66f360c\Source\Initial.c"
 356  000A  1F00     E  	clr _gu16v_AutoModeCycle[0]
 356  000B  1F00     E  	clr _gu16v_AutoModeCycle[1]
 357  000C              #line 357 "d:\work\project\bintuo-f73\software\bs66f360c\Source\Initial.c"
 357  000C  3000     E  	set _WorkFlag1[0].3
 358  000D              #line 358 "d:\work\project\bintuo-f73\software\bs66f360c\Source\Initial.c"
 358  000D  3400     E  	clr _WorkFlag5[0].3
 359  000E              #line 359 "d:\work\project\bintuo-f73\software\bs66f360c\Source\Initial.c"
 359  000E  0F3C        	mov a,60
 359  000F  0080     E  	mov _gu8v_LockDelay60S[0],a
 360  0010              #line 360 "d:\work\project\bintuo-f73\software\bs66f360c\Source\Initial.c"
 360  0010  3000     E  	set _WorkFlag5[0].4
 361  0011              #line 361 "d:\work\project\bintuo-f73\software\bs66f360c\Source\Initial.c"
 361  0011  3400     E  	clr _WorkFlag4[0].5
 362  0012              #line 362 "d:\work\project\bintuo-f73\software\bs66f360c\Source\Initial.c"
 362  0012  3000     E  	set _WorkFlag5[0].2
 363  0013              #line 363 "d:\work\project\bintuo-f73\software\bs66f360c\Source\Initial.c"
文件：Initial.c    编译器版本 HGASM 0202 页次7

 363  0013  1F00     E  	clr _gu8v_PreKeyDownDisTime[0]
 365  0014              #line 365 "d:\work\project\bintuo-f73\software\bs66f360c\Source\Initial.c"
 365  0014  0F18        	mov a,24
 365  0015  0080     E  	mov _gu16v_AbPressureLowErrTimeCmp[0],a
 365  0016  0F15        	mov a,21
 365  0017  0080     E  	mov _gu16v_AbPressureLowErrTimeCmp[1],a
 366  0018              #line 366 "d:\work\project\bintuo-f73\software\bs66f360c\Source\Initial.c"
 366  0018  1F00     E  	clr _gu16v_AbPressureLowErrTimeCnt[0]
 366  0019  1F00     E  	clr _gu16v_AbPressureLowErrTimeCnt[1]
 367  001A              #line 367 "d:\work\project\bintuo-f73\software\bs66f360c\Source\Initial.c"
 367  001A  3400     E  	clr _WorkFlag5[0].0
 368  001B              #line 368 "d:\work\project\bintuo-f73\software\bs66f360c\Source\Initial.c"
 368  001B  3400     E  	clr _WorkFlag6[0].2
 370  001C              #line 370 "d:\work\project\bintuo-f73\software\bs66f360c\Source\Initial.c"
 370  001C  0F18        	mov a,24
 370  001D  0080     E  	mov _gu16v_FunPressureLowErrTimeCmp[0],a
 370  001E  0F15        	mov a,21
 370  001F  0080     E  	mov _gu16v_FunPressureLowErrTimeCmp[1],a
 371  0020              #line 371 "d:\work\project\bintuo-f73\software\bs66f360c\Source\Initial.c"
 371  0020  1F00     E  	clr _gu16v_FunPressureLowErrTimeCnt[0]
 371  0021  1F00     E  	clr _gu16v_FunPressureLowErrTimeCnt[1]
 372  0022              #line 372 "d:\work\project\bintuo-f73\software\bs66f360c\Source\Initial.c"
 372  0022  3400     E  	clr _WorkFlag6[0].4
 373  0023              #line 373 "d:\work\project\bintuo-f73\software\bs66f360c\Source\Initial.c"
 373  0023  3400     E  	clr _WorkFlag6[0].3
 375  0024              #line 375 "d:\work\project\bintuo-f73\software\bs66f360c\Source\Initial.c"
 375  0024  1F00     E  	clr _gu8v_AbNumDisValue[0]
 376  0025              #line 376 "d:\work\project\bintuo-f73\software\bs66f360c\Source\Initial.c"
 376  0025  1F00     E  	clr _gu8v_AbNumDisCurrentValue[0]
 377  0026              #line 377 "d:\work\project\bintuo-f73\software\bs66f360c\Source\Initial.c"
 377  0026  1F00     E  	clr _gu16v_AbNumDisValueOld[0]
 377  0027  1F00     E  	clr _gu16v_AbNumDisValueOld[1]
 379  0028              #line 379 "d:\work\project\bintuo-f73\software\bs66f360c\Source\Initial.c"
 379  0028  3400     E  	clr _WorkFlag2[0].6
 380  0029              #line 380 "d:\work\project\bintuo-f73\software\bs66f360c\Source\Initial.c"
 380  0029  3400     E  	clr _WorkFlag2[0].7
 380  002A  0003        	ret
 380  002B              _Work_StatusRegInit endp
 380  002B              #line 380 "d:\work\project\bintuo-f73\software\bs66f360c\Source\Initial.c"
 380  002B              #pragma debug scope 1 1
 380  002B              public _User_Init
 380  002B              #pragma debug scope 6 1
 387  002B              #line 387 "d:\work\project\bintuo-f73\software\bs66f360c\Source\Initial.c"
 387  0000              _User_Init .section 'code'
 387  0000              _User_Init proc
 388  0000              #line 388 "d:\work\project\bintuo-f73\software\bs66f360c\Source\Initial.c"
 388  0000              	fcall _Work_StatusRegInit
 389  0007              #line 389 "d:\work\project\bintuo-f73\software\bs66f360c\Source\Initial.c"
 389  0007              	fcall _Work_SensorAdcRegInit
 390  000E              #line 390 "d:\work\project\bintuo-f73\software\bs66f360c\Source\Initial.c"
 390  000E              	fcall _Init_TimerReg
 391  0015              #line 391 "d:\work\project\bintuo-f73\software\bs66f360c\Source\Initial.c"
 391  0015  0F01        	mov a,1
 391  0016  0080     E  	mov _gu8v_WorkMode[0],a
 392  0017              #line 392 "d:\work\project\bintuo-f73\software\bs66f360c\Source\Initial.c"
 392  0017  0F0F        	mov a,15
 392  0018  0080     E  	mov _gu8v_PowerOnDelay[0],a
 393  0019              #line 393 "d:\work\project\bintuo-f73\software\bs66f360c\Source\Initial.c"
 393  0019  3000     E  	set _WorkFlag4[0].7
 394  001A              #line 394 "d:\work\project\bintuo-f73\software\bs66f360c\Source\Initial.c"
文件：Initial.c    编译器版本 HGASM 0202 页次8

 394  001A  3400     E  	clr _WorkFlag5[0].1
 395  001B              #line 395 "d:\work\project\bintuo-f73\software\bs66f360c\Source\Initial.c"
 395  001B  3400     E  	clr _WorkFlag4[0].3
 396  001C              #line 396 "d:\work\project\bintuo-f73\software\bs66f360c\Source\Initial.c"
 396  001C  1F00     E  	clr _gu8v_CalModeIndex[0]
 397  001D              #line 397 "d:\work\project\bintuo-f73\software\bs66f360c\Source\Initial.c"
 397  001D  0F64        	mov a,100
 397  001E  0080     E  	mov _gu8v_RfIdCopyTime[0],a
 398  001F              #line 398 "d:\work\project\bintuo-f73\software\bs66f360c\Source\Initial.c"
 398  001F  0F03        	mov a,3
 398  0020  0080     E  	mov _DcfFlag1[0],a
 400  0021              #line 400 "d:\work\project\bintuo-f73\software\bs66f360c\Source\Initial.c"
 400  0021              	fcall _IOUART_Init
 401  0028              #line 401 "d:\work\project\bintuo-f73\software\bs66f360c\Source\Initial.c"
 401  0028              	fcall _drv_tm1652_init
 401  002F  0003        	ret
 401  0030              _User_Init endp
 401  0030              #line 401 "d:\work\project\bintuo-f73\software\bs66f360c\Source\Initial.c"
 401  0030              #pragma debug scope 1 1
 401  0030              #pragma debug struct_end
 401  0030              #pragma debug struct_end
 401  0030              #pragma debug union_end
 401  0030              #pragma debug union_end
 401  0030              #pragma debug variable 43 1 ___intc0 "__intc0" 1
 401  0030              #pragma debug struct_end
 401  0030              #pragma debug struct_end
 401  0030              #pragma debug union_end
 401  0030              #pragma debug union_end
 401  0030              #pragma debug variable 45 1 ___intc2 "__intc2" 1
 401  0030              #pragma debug struct_end
 401  0030              #pragma debug struct_end
 401  0030              #pragma debug union_end
 401  0030              #pragma debug union_end
 401  0030              #pragma debug variable 47 1 ___pa "__pa" 1
 401  0030              #pragma debug struct_end
 401  0030              #pragma debug struct_end
 401  0030              #pragma debug union_end
 401  0030              #pragma debug union_end
 401  0030              #pragma debug variable 49 1 ___pac "__pac" 1
 401  0030              #pragma debug struct_end
 401  0030              #pragma debug struct_end
 401  0030              #pragma debug union_end
 401  0030              #pragma debug union_end
 401  0030              #pragma debug variable 51 1 ___papu "__papu" 1
 401  0030              #pragma debug struct_end
 401  0030              #pragma debug struct_end
 401  0030              #pragma debug union_end
 401  0030              #pragma debug union_end
 401  0030              #pragma debug variable 53 1 ___pb "__pb" 1
 401  0030              #pragma debug struct_end
 401  0030              #pragma debug struct_end
 401  0030              #pragma debug union_end
 401  0030              #pragma debug union_end
 401  0030              #pragma debug variable 55 1 ___pbc "__pbc" 1
 401  0030              #pragma debug struct_end
 401  0030              #pragma debug struct_end
 401  0030              #pragma debug union_end
 401  0030              #pragma debug union_end
 401  0030              #pragma debug variable 57 1 ___pbpu "__pbpu" 1
 401  0030              #pragma debug struct_end
文件：Initial.c    编译器版本 HGASM 0202 页次9

 401  0030              #pragma debug struct_end
 401  0030              #pragma debug union_end
 401  0030              #pragma debug union_end
 401  0030              #pragma debug variable 59 1 ___lvdc "__lvdc" 1
 401  0030              #pragma debug struct_end
 401  0030              #pragma debug struct_end
 401  0030              #pragma debug union_end
 401  0030              #pragma debug union_end
 401  0030              #pragma debug variable 61 1 ___lvrc "__lvrc" 1
 401  0030              #pragma debug struct_end
 401  0030              #pragma debug struct_end
 401  0030              #pragma debug union_end
 401  0030              #pragma debug union_end
 401  0030              #pragma debug variable 63 1 ___wdtc "__wdtc" 1
 401  0030              #pragma debug struct_end
 401  0030              #pragma debug struct_end
 401  0030              #pragma debug union_end
 401  0030              #pragma debug union_end
 401  0030              #pragma debug variable 65 1 ___pc "__pc" 1
 401  0030              #pragma debug struct_end
 401  0030              #pragma debug struct_end
 401  0030              #pragma debug union_end
 401  0030              #pragma debug union_end
 401  0030              #pragma debug variable 67 1 ___pcc "__pcc" 1
 401  0030              #pragma debug struct_end
 401  0030              #pragma debug struct_end
 401  0030              #pragma debug union_end
 401  0030              #pragma debug union_end
 401  0030              #pragma debug variable 69 1 ___pcpu "__pcpu" 1
 401  0030              #pragma debug struct_end
 401  0030              #pragma debug struct_end
 401  0030              #pragma debug union_end
 401  0030              #pragma debug union_end
 401  0030              #pragma debug variable 71 1 ___pd "__pd" 1
 401  0030              #pragma debug struct_end
 401  0030              #pragma debug struct_end
 401  0030              #pragma debug union_end
 401  0030              #pragma debug union_end
 401  0030              #pragma debug variable 73 1 ___pdc "__pdc" 1
 401  0030              #pragma debug struct_end
 401  0030              #pragma debug struct_end
 401  0030              #pragma debug union_end
 401  0030              #pragma debug union_end
 401  0030              #pragma debug variable 75 1 ___pdpu "__pdpu" 1
 401  0030              #pragma debug struct_end
 401  0030              #pragma debug struct_end
 401  0030              #pragma debug union_end
 401  0030              #pragma debug union_end
 401  0030              #pragma debug variable 77 1 ___mfi2 "__mfi2" 1
 401  0030              #pragma debug struct_end
 401  0030              #pragma debug struct_end
 401  0030              #pragma debug union_end
 401  0030              #pragma debug union_end
 401  0030              #pragma debug variable 79 1 ___sadc0 "__sadc0" 1
 401  0030              #pragma debug struct_end
 401  0030              #pragma debug struct_end
 401  0030              #pragma debug union_end
 401  0030              #pragma debug union_end
 401  0030              #pragma debug variable 81 1 ___sadc1 "__sadc1" 1
 401  0030              #pragma debug struct_end
文件：Initial.c    编译器版本 HGASM 0202 页次10

 401  0030              #pragma debug struct_end
 401  0030              #pragma debug union_end
 401  0030              #pragma debug union_end
 401  0030              #pragma debug variable 83 1 ___ptmc0 "__ptmc0" 1
 401  0030              #pragma debug struct_end
 401  0030              #pragma debug struct_end
 401  0030              #pragma debug union_end
 401  0030              #pragma debug union_end
 401  0030              #pragma debug variable 85 1 ___ptmc1 "__ptmc1" 1
 401  0030              #pragma debug variable 8 1 ___ptmal "__ptmal" 1
 401  0030              #pragma debug variable 8 1 ___ptmah "__ptmah" 1
 401  0030              #pragma debug variable 8 1 ___ptmrpl "__ptmrpl" 1
 401  0030              #pragma debug variable 8 1 ___ptmrph "__ptmrph" 1
 401  0030              #pragma debug struct_end
 401  0030              #pragma debug struct_end
 401  0030              #pragma debug union_end
 401  0030              #pragma debug union_end
 401  0030              #pragma debug variable 87 1 ___pe "__pe" 1
 401  0030              #pragma debug struct_end
 401  0030              #pragma debug struct_end
 401  0030              #pragma debug union_end
 401  0030              #pragma debug union_end
 401  0030              #pragma debug variable 89 1 ___pec "__pec" 1
 401  0030              #pragma debug struct_end
 401  0030              #pragma debug struct_end
 401  0030              #pragma debug union_end
 401  0030              #pragma debug union_end
 401  0030              #pragma debug variable 91 1 ___pepu "__pepu" 1
 401  0030              #pragma debug struct_end
 401  0030              #pragma debug struct_end
 401  0030              #pragma debug union_end
 401  0030              #pragma debug union_end
 401  0030              #pragma debug variable 93 1 ___pf "__pf" 1
 401  0030              #pragma debug struct_end
 401  0030              #pragma debug struct_end
 401  0030              #pragma debug union_end
 401  0030              #pragma debug union_end
 401  0030              #pragma debug variable 95 1 ___pfc "__pfc" 1
 401  0030              #pragma debug struct_end
 401  0030              #pragma debug struct_end
 401  0030              #pragma debug union_end
 401  0030              #pragma debug union_end
 401  0030              #pragma debug variable 97 1 ___pfpu "__pfpu" 1
 401  0030              #pragma debug struct_end
 401  0030              #pragma debug struct_end
 401  0030              #pragma debug union_end
 401  0030              #pragma debug union_end
 401  0030              #pragma debug variable 99 1 ___ifs1 "__ifs1" 1
 401  0030              #pragma debug struct_end
 401  0030              #pragma debug struct_end
 401  0030              #pragma debug union_end
 401  0030              #pragma debug union_end
 401  0030              #pragma debug variable 101 1 ___ifs0 "__ifs0" 1
 401  0030              #pragma debug struct_end
 401  0030              #pragma debug struct_end
 401  0030              #pragma debug union_end
 401  0030              #pragma debug union_end
 401  0030              #pragma debug variable 103 1 ___pas0 "__pas0" 1
 401  0030              #pragma debug struct_end
 401  0030              #pragma debug struct_end
文件：Initial.c    编译器版本 HGASM 0202 页次11

 401  0030              #pragma debug union_end
 401  0030              #pragma debug union_end
 401  0030              #pragma debug variable 105 1 ___pas1 "__pas1" 1
 401  0030              #pragma debug struct_end
 401  0030              #pragma debug struct_end
 401  0030              #pragma debug union_end
 401  0030              #pragma debug union_end
 401  0030              #pragma debug variable 107 1 ___pbs0 "__pbs0" 1
 401  0030              #pragma debug struct_end
 401  0030              #pragma debug struct_end
 401  0030              #pragma debug union_end
 401  0030              #pragma debug union_end
 401  0030              #pragma debug variable 109 1 ___pbs1 "__pbs1" 1
 401  0030              #pragma debug struct_end
 401  0030              #pragma debug struct_end
 401  0030              #pragma debug union_end
 401  0030              #pragma debug union_end
 401  0030              #pragma debug variable 111 1 ___pcs0 "__pcs0" 1
 401  0030              #pragma debug struct_end
 401  0030              #pragma debug struct_end
 401  0030              #pragma debug union_end
 401  0030              #pragma debug union_end
 401  0030              #pragma debug variable 113 1 ___pcs1 "__pcs1" 1
 401  0030              #pragma debug struct_end
 401  0030              #pragma debug struct_end
 401  0030              #pragma debug union_end
 401  0030              #pragma debug union_end
 401  0030              #pragma debug variable 115 1 ___pds0 "__pds0" 1
 401  0030              #pragma debug struct_end
 401  0030              #pragma debug struct_end
 401  0030              #pragma debug union_end
 401  0030              #pragma debug union_end
 401  0030              #pragma debug variable 117 1 ___pds1 "__pds1" 1
 401  0030              #pragma debug struct_end
 401  0030              #pragma debug struct_end
 401  0030              #pragma debug union_end
 401  0030              #pragma debug union_end
 401  0030              #pragma debug variable 119 1 ___pes0 "__pes0" 1
 401  0030              #pragma debug struct_end
 401  0030              #pragma debug struct_end
 401  0030              #pragma debug union_end
 401  0030              #pragma debug union_end
 401  0030              #pragma debug variable 121 1 ___pes1 "__pes1" 1
 401  0030              #pragma debug struct_end
 401  0030              #pragma debug struct_end
 401  0030              #pragma debug union_end
 401  0030              #pragma debug union_end
 401  0030              #pragma debug variable 123 1 ___pfs0 "__pfs0" 1
 401  0030              #pragma debug struct_end
 401  0030              #pragma debug struct_end
 401  0030              #pragma debug union_end
 401  0030              #pragma debug union_end
 401  0030              #pragma debug variable 125 1 ___pfs1 "__pfs1" 1
 401  0030              #pragma debug struct_end
 401  0030              #pragma debug struct_end
 401  0030              #pragma debug union_end
 401  0030              #pragma debug union_end
 401  0030              #pragma debug variable 127 1 ___pmps "__pmps" 1
 401  0030              #pragma debug struct_end
 401  0030              #pragma debug struct_end
文件：Initial.c    编译器版本 HGASM 0202 页次12

 401  0030              #pragma debug union_end
 401  0030              #pragma debug union_end
 401  0030              #pragma debug variable 129 1 ___pans "__pans" 1
 401  0030              #pragma debug struct_end
 401  0030              #pragma debug struct_end
 401  0030              #pragma debug union_end
 401  0030              #pragma debug union_end
 401  0030              #pragma debug variable 131 1 ___pens "__pens" 1
 401  0030              #pragma debug struct_end
 401  0030              #pragma debug struct_end
 401  0030              #pragma debug union_end
 401  0030              #pragma debug union_end
 401  0030              #pragma debug variable 133 1 ___pfns "__pfns" 1
 401  0030              
 401  0030              ; output external variables
 401  0030              extern _gu8v_RfIdCopyTime:byte
 401  0030              extern _gu8v_CalModeIndex:byte
 401  0030              extern _gu8v_PowerOnDelay:byte
 401  0030              extern _gu8v_WorkMode:byte
 401  0030              extern _WorkFlag2:byte
 401  0030              extern _gu16v_AbNumDisValueOld:byte
 401  0030              extern _gu8v_AbNumDisCurrentValue:byte
 401  0030              extern _gu8v_AbNumDisValue:byte
 401  0030              extern _gu16v_FunPressureLowErrTimeCnt:byte
 401  0030              extern _gu16v_FunPressureLowErrTimeCmp:byte
 401  0030              extern _WorkFlag6:byte
 401  0030              extern _gu16v_AbPressureLowErrTimeCnt:byte
 401  0030              extern _gu16v_AbPressureLowErrTimeCmp:byte
 401  0030              extern _gu8v_PreKeyDownDisTime:byte
 401  0030              extern _WorkFlag4:byte
 401  0030              extern _gu8v_LockDelay60S:byte
 401  0030              extern _WorkFlag1:byte
 401  0030              extern _gu16v_AutoModeCycle:byte
 401  0030              extern _WorkFlag3:byte
 401  0030              extern _gu8v_PressureMode:byte
 401  0030              extern _gu8v_AcOffDebounce:byte
 401  0030              extern _gu8v_ButtonOnTkDelay:byte
 401  0030              extern _WorkModeFlag:byte
 401  0030              extern _DcfFlag1:byte
 401  0030              extern _gu8v_Delay1S:byte
 401  0030              extern _gu8v_Delay500mS:byte
 401  0030              extern _gu8v_Delay100mS:byte
 401  0030              extern _gu8v_Delay50mS:byte
 401  0030              extern _gu8v_Delay5mS:byte
 401  0030              extern _gu8v_Delay1mS:byte
 401  0030              extern _TimeFlag2:byte
 401  0030              extern _TimeFlag1:byte
 401  0030              extern _gu8v_AbPressureFullAdcCnt:byte
 401  0030              extern _gu8v_AbPressureNoFullAdcCnt:byte
 401  0030              extern _gu16v_AdMinTemp2:byte
 401  0030              extern _gu16v_AdMaxTemp2:byte
 401  0030              extern _gu16v_AdcValue2:byte
 401  0030              extern _gu8v_AdSampCnt2:byte
 401  0030              extern _gu16v_AdMinTemp1:byte
 401  0030              extern _gu16v_AdMaxTemp1:byte
 401  0030              extern _gu16v_AdcValue1:byte
 401  0030              extern _gu8v_AdSampCnt1:byte
 401  0030              extern _WorkFlag5:byte
 401  0030              extern _gu8v_BatNormalCnt:byte
 401  0030              extern _gu8v_BatLowCnt:byte
文件：Initial.c    编译器版本 HGASM 0202 页次13

 401  0030              extern _IOUART_Init:near
 401  0030              extern _drv_tm1652_init:near
 401  0030              
 401  0030              ; 
 401  0030              ; Generated by holtek-gcc v3.19, Mon Jan 12 15:28:07 2026
 401  0030              ; Rebuild 718
 401  0030              ; end of file


        0 Errors, 0