文件：Key.c        编译器版本 HGASM 0202 页次1


   1  0000              ; Generated by holtek-gcc v3.19, Mon Jan 12 15:28:08 2026
   2  0000              ; 
   3  0000              ; Configuration:
   4  0000              ;       with long instruction
   5  0000              ;       Multi-ROM, Multi-RAM
   6  0000              ;       bits_per_rom_unit:16
   7  0000              ;       with mp1
   8  0000              ;       with tbhp, address(0x9)
   9  0000              ;          Use tabrd-const
  10  0000              ;       
  11  0000              ; SFR address of long-instruction arch:
  12  0000              ;    mp0 = -1,1,0
  13  0000              ;    mp1 = 4,3,2
  14  0000              ;    mp2 = 14,13,12
  15  0000              ;    tbp = 9,7,8
  16  0000              ;    acc = 5
  17  0000              ;    pcl = 6
  18  0000              ;    status = 10
  19  0000              ;    bp = 11
  20  0000              ;    intc = 16
  21  0000              ;       
  22  0000              ;       
  23  0000              ; use 'tabrdc' instead of 'tabrd'
  24  0000              ;       
  25  0000              
  26  0000              #pragma translator "holtek-gcc 4.6.4" "3.19" "build 20130711"
  27  0000              ; Rebuild 718
  28  0000              
  29  0000              ir equ [2]
  30  0000              mp equ [3]
  31  0000              sbp equ [4]
  32  0000              acc equ [5]
  33  0000              bp equ [11]
  34  0000              tblp equ [7]
  35  0000              tbhp equ [9]
  36  0000              status equ [10]
  37  0000              c equ [10].0
  38  0000              ac equ [10].1
  39  0000              z equ [10].2
  40  0000              ov equ [10].3
  41  0000              cz equ [10].6
  42  0000              sc equ [10].7
  43  0000              intc equ [16]
  44  0000              
  45  0000              extern ra:byte
  46  0000              extern rb:byte
  47  0000              extern rc:byte
  48  0000              extern rd:byte
  49  0000              extern re:byte
  50  0000              extern rf:byte
  51  0000              extern rg:byte
  52  0000              extern rh:byte
  53  0000              extern _Crom2Prom:near
  54  0000              extern _Crom2PromNext:near
  55  0000              
  56  0000              RAMBANK 0 @BITDATASEC, @BITDATASEC1
  57  0000              @HCCINIT	.section 'data'
  58  0000              @HCCINIT0	.section 'data'
  59  0000              @BITDATASEC	 .section 'data'
文件：Key.ASM      编译器版本 HGASM 0202 页次2

  60  0000              @BITDATASEC1	 .section 'data'
  61  0000              
  62  0000              #pragma debug scope 1 1
  63  0000              	extern __DELAY3:near
  64  0000              	extern __DELAYX3:near
  65  0000              	extern __DELAYX6:near
  66  0000              	extern __DELAYY5:near
  67  0000              	extern __DELAYY3:near
  68  0000              	extern _builtin_holtek_delay_2:byte
  69  0000              ___pa equ [20]
  70  0000              public _FactoryMode_Task
  71  0000              #pragma debug scope 2 1

   7  0000              #line 7 "d:\work\project\bintuo-f73\software\bs66f360c\Source\Key.c"
   7  0000              _FactoryMode_Task .section 'code'
   7  0000              _FactoryMode_Task proc
   8  0000              #line 8 "d:\work\project\bintuo-f73\software\bs66f360c\Source\Key.c"
   8  0000  3C14        	sz [20].0
   8  0001  2800     R  	jmp _L2
  10  0002              #line 10 "d:\work\project\bintuo-f73\software\bs66f360c\Source\Key.c"
  10  0002  1480     E  	inc _gu8v_FactoryDebounce[0]
  11  0003              #line 11 "d:\work\project\bintuo-f73\software\bs66f360c\Source\Key.c"
  11  0003  0F31        	mov a,49
  11  0004  0200     E  	sub a,_gu8v_FactoryDebounce[0]
  11  0005  3C0A        	sz c
  11  0006  2800     R  	jmp _L1
  13  0007              #line 13 "d:\work\project\bintuo-f73\software\bs66f360c\Source\Key.c"
  13  0007  1F00     E  	clr _gu8v_FactoryDebounce[0]
  14  0008              #line 14 "d:\work\project\bintuo-f73\software\bs66f360c\Source\Key.c"
  14  0008  3000     E  	set _WorkFlag5[0].1
  15  0009              #line 15 "d:\work\project\bintuo-f73\software\bs66f360c\Source\Key.c"
  15  0009  0F03        	mov a,3
  15  000A  0080     E  	mov _gu8v_WorkMode[0],a
  16  000B              #line 16 "d:\work\project\bintuo-f73\software\bs66f360c\Source\Key.c"
  16  000B  1F00     E  	clr _gu8v_PowerOnDelay[0]
  17  000C              #line 17 "d:\work\project\bintuo-f73\software\bs66f360c\Source\Key.c"
  17  000C              	fcall _Init_TimerReg
  17  0013  2800     R  	jmp _L1
  17  0014              _L2:
  22  0014              #line 22 "d:\work\project\bintuo-f73\software\bs66f360c\Source\Key.c"
  22  0014  1F00     E  	clr _gu8v_FactoryDebounce[0]
  22  0015              _L1:
  22  0015  0003        	ret
  22  0016              _FactoryMode_Task endp
  22  0016              #line 22 "d:\work\project\bintuo-f73\software\bs66f360c\Source\Key.c"
  22  0016              #pragma debug scope 1 1
  22  0016              ___pf equ [115]
  22  0000              @crom	.section 'crom'
  22  0000              _LC0:
  22  0000              	db 070h,06fh,077h,065h,072h,06bh,065h,079h,0ah,00h
  22  0005              public _Key_Task
  22  0005              #pragma debug scope 3 1
  31  0005              #line 31 "d:\work\project\bintuo-f73\software\bs66f360c\Source\Key.c"
  31  0000              _Key_Task .section 'code'
  31  0000              _Key_Task proc
  32  0000              #line 32 "d:\work\project\bintuo-f73\software\bs66f360c\Source\Key.c"
  32  0000  3EF3        	sz [115].5
  32  0001  2800     R  	jmp _L6
  32  0002              #line 32 "d:\work\project\bintuo-f73\software\bs66f360c\Source\Key.c"
  32  0002  0F80        	mov a,128
文件：Key.c        编译器版本 HGASM 0202 页次3

  32  0003  0080     E  	mov _gu8v_KeyBuf3[0],a
  32  0004              _L6:
  33  0004              #line 33 "d:\work\project\bintuo-f73\software\bs66f360c\Source\Key.c"
  33  0004  1080     E  	sz _gu8v_KeyBuf1[0]
  33  0005  2800     R  	jmp _L7
  33  0006  1080     E  	sz _gu8v_KeyBuf2[0]
  33  0007  2800     R  	jmp _L7
  33  0008  1E00     E  	snz _gu8v_KeyBuf3[0]
  33  0009  2800     R  	jmp _L8
  33  000A              _L7:
  36  000A              #line 36 "d:\work\project\bintuo-f73\software\bs66f360c\Source\Key.c"
  36  000A  1F00     E  	clr _gu8v_KeyOffDebounce[0]
  37  000B              #line 37 "d:\work\project\bintuo-f73\software\bs66f360c\Source\Key.c"
  37  000B  1480     E  	inc _gu8v_KeyDebounce[0]
  38  000C              #line 38 "d:\work\project\bintuo-f73\software\bs66f360c\Source\Key.c"
  38  000C  0F04        	mov a,4
  38  000D  0200     E  	sub a,_gu8v_KeyDebounce[0]
  38  000E  3C0A        	sz c
  38  000F  2800     R  	jmp _L5
  40  0010              #line 40 "d:\work\project\bintuo-f73\software\bs66f360c\Source\Key.c"
  40  0010  1F00     E  	clr _gu8v_KeyDebounce[0]
  43  0011              #line 43 "d:\work\project\bintuo-f73\software\bs66f360c\Source\Key.c"
  43  0011  3C00     E  	sz _WorkFlag1[0].4
  43  0012  2800     R  	jmp _L11
  45  0013              #line 45 "d:\work\project\bintuo-f73\software\bs66f360c\Source\Key.c"
  45  0013  3000     E  	set _WorkFlag1[0].4
  46  0014              #line 46 "d:\work\project\bintuo-f73\software\bs66f360c\Source\Key.c"
  46  0014  0F0F        	mov a,15
  46  0015  0080     E  	mov _gu8v_KeyLongDelay[0],a
  47  0016              #line 47 "d:\work\project\bintuo-f73\software\bs66f360c\Source\Key.c"
  47  0016  3400     E  	clr _WorkFlag1[0].5
  53  0017              #line 53 "d:\work\project\bintuo-f73\software\bs66f360c\Source\Key.c"
  53  0017  3800     E  	snz _gu8v_KeyBuf1[0].1
  53  0018  2800     R  	jmp _L12
  55  0019              #line 55 "d:\work\project\bintuo-f73\software\bs66f360c\Source\Key.c"
  55  0019  3000     E  	set _KeyFlag2[0].1
  56  001A              #line 56 "d:\work\project\bintuo-f73\software\bs66f360c\Source\Key.c"
  56  001A  0F01        	mov a,1
  56  001B  0080     R  	mov _test[0],a
  56  001C  2800     R  	jmp _L5
  56  001D              _L12:
  59  001D              #line 59 "d:\work\project\bintuo-f73\software\bs66f360c\Source\Key.c"
  59  001D  3800     E  	snz _gu8v_KeyBuf1[0].2
  59  001E  2800     R  	jmp _L13
  61  001F              #line 61 "d:\work\project\bintuo-f73\software\bs66f360c\Source\Key.c"
  61  001F  3000     E  	set _KeyFlag2[0].0
  61  0020  2800     R  	jmp _L5
  61  0021              _L13:
  63  0021              #line 63 "d:\work\project\bintuo-f73\software\bs66f360c\Source\Key.c"
  63  0021  3800     E  	snz _gu8v_KeyBuf2[0].6
  63  0022  2800     R  	jmp _L14
  65  0023              #line 65 "d:\work\project\bintuo-f73\software\bs66f360c\Source\Key.c"
  65  0023  3000     E  	set _KeyFlag1[0].6
  65  0024  2800     R  	jmp _L5
  65  0025              _L14:
  67  0025              #line 67 "d:\work\project\bintuo-f73\software\bs66f360c\Source\Key.c"
  67  0025  3800     E  	snz _gu8v_KeyBuf2[0].7
  67  0026  2800     R  	jmp _L15
  69  0027              #line 69 "d:\work\project\bintuo-f73\software\bs66f360c\Source\Key.c"
  69  0027  3000     E  	set _KeyFlag1[0].5
文件：Key.c        编译器版本 HGASM 0202 页次4

  69  0028  2800     R  	jmp _L5
  69  0029              _L15:
  71  0029              #line 71 "d:\work\project\bintuo-f73\software\bs66f360c\Source\Key.c"
  71  0029  3800     E  	snz _gu8v_KeyBuf3[0].0
  71  002A  2800     R  	jmp _L16
  73  002B              #line 73 "d:\work\project\bintuo-f73\software\bs66f360c\Source\Key.c"
  73  002B  3000     E  	set _KeyFlag1[0].4
  73  002C  2800     R  	jmp _L5
  73  002D              _L16:
  75  002D              #line 75 "d:\work\project\bintuo-f73\software\bs66f360c\Source\Key.c"
  75  002D  3800     E  	snz _gu8v_KeyBuf3[0].1
  75  002E  2800     R  	jmp _L17
  77  002F              #line 77 "d:\work\project\bintuo-f73\software\bs66f360c\Source\Key.c"
  77  002F  3000     E  	set _KeyFlag1[0].3
  77  0030  2800     R  	jmp _L5
  77  0031              _L17:
  79  0031              #line 79 "d:\work\project\bintuo-f73\software\bs66f360c\Source\Key.c"
  79  0031  3800     E  	snz _gu8v_KeyBuf1[0].3
  79  0032  2800     R  	jmp _L18
  81  0033              #line 81 "d:\work\project\bintuo-f73\software\bs66f360c\Source\Key.c"
  81  0033  3000     E  	set _KeyFlag1[0].0
  81  0034  2800     R  	jmp _L5
  81  0035              _L18:
  83  0035              #line 83 "d:\work\project\bintuo-f73\software\bs66f360c\Source\Key.c"
  83  0035  3800     E  	snz _gu8v_KeyBuf1[0].6
  83  0036  2800     R  	jmp _L19
  85  0037              #line 85 "d:\work\project\bintuo-f73\software\bs66f360c\Source\Key.c"
  85  0037  3000     E  	set _KeyFlag1[0].1
  85  0038  2800     R  	jmp _L5
  85  0039              _L19:
  87  0039              #line 87 "d:\work\project\bintuo-f73\software\bs66f360c\Source\Key.c"
  87  0039  3800     E  	snz _gu8v_KeyBuf3[0].2
  87  003A  2800     R  	jmp _L20
  89  003B              #line 89 "d:\work\project\bintuo-f73\software\bs66f360c\Source\Key.c"
  89  003B  3000     E  	set _KeyFlag1[0].2
  89  003C  2800     R  	jmp _L5
  89  003D              _L20:
 105  003D              #line 105 "d:\work\project\bintuo-f73\software\bs66f360c\Source\Key.c"
 105  003D  3800     E  	snz _gu8v_KeyBuf2[0].1
 105  003E  2800     R  	jmp _L21
 107  003F              #line 107 "d:\work\project\bintuo-f73\software\bs66f360c\Source\Key.c"
 107  003F  3000     E  	set _KeyFlag3[0].2
 107  0040  2800     R  	jmp _L5
 107  0041              _L21:
 109  0041              #line 109 "d:\work\project\bintuo-f73\software\bs66f360c\Source\Key.c"
 109  0041  3800     E  	snz _gu8v_KeyBuf3[0].4
 109  0042  2800     R  	jmp _L22
 111  0043              #line 111 "d:\work\project\bintuo-f73\software\bs66f360c\Source\Key.c"
 111  0043  3800     E  	snz _WorkFlag4[0].3
 111  0044  2800     R  	jmp _L23
 113  0045              #line 113 "d:\work\project\bintuo-f73\software\bs66f360c\Source\Key.c"
 113  0045              	fcall _Fun_CalModeProcess
 113  004C              _L23:
 115  004C              #line 115 "d:\work\project\bintuo-f73\software\bs66f360c\Source\Key.c"
 115  004C  3000     E  	set _KeyFlag2[0].7
 115  004D  2800     R  	jmp _L5
 115  004E              _L22:
 117  004E              #line 117 "d:\work\project\bintuo-f73\software\bs66f360c\Source\Key.c"
 117  004E  3800     E  	snz _gu8v_KeyBuf3[0].5
 117  004F  2800     R  	jmp _L24
文件：Key.c        编译器版本 HGASM 0202 页次5

 119  0050              #line 119 "d:\work\project\bintuo-f73\software\bs66f360c\Source\Key.c"
 119  0050  3800     E  	snz _WorkFlag5[0].1
 119  0051  2800     R  	jmp _L25
 119  0052  3C00     E  	sz _WorkFlag4[0].3
 119  0053  2800     R  	jmp _L25
 121  0054              #line 121 "d:\work\project\bintuo-f73\software\bs66f360c\Source\Key.c"
 121  0054  3000     E  	set _WorkFlag4[0].3
 122  0055              #line 122 "d:\work\project\bintuo-f73\software\bs66f360c\Source\Key.c"
 122  0055  1F00     E  	clr _gu8v_CalModeIndex[0]
 123  0056              #line 123 "d:\work\project\bintuo-f73\software\bs66f360c\Source\Key.c"
 123  0056  3000     E  	set _WorkFlag4[0].1
 124  0057              #line 124 "d:\work\project\bintuo-f73\software\bs66f360c\Source\Key.c"
 124  0057  1F00     E  	clr _gu8v_AbGetAdcZeroCnt[0]
 124  0058              _L25:
 126  0058              #line 126 "d:\work\project\bintuo-f73\software\bs66f360c\Source\Key.c"
 126  0058  3000     E  	set _KeyFlag2[0].6
 126  0059  2800     R  	jmp _L5
 126  005A              _L24:
 128  005A              #line 128 "d:\work\project\bintuo-f73\software\bs66f360c\Source\Key.c"
 128  005A  3800     E  	snz _gu8v_KeyBuf3[0].7
 128  005B  2800     R  	jmp _L5
 130  005C              #line 130 "d:\work\project\bintuo-f73\software\bs66f360c\Source\Key.c"
 130  005C  3000     E  	set _KeyFlag3[0].1
 131  005D              #line 131 "d:\work\project\bintuo-f73\software\bs66f360c\Source\Key.c"
 131  005D  0F00     R  	mov a,low offset _LC0
 131  005E  0080     E  	mov _IOUART_SendString_2[0],a
 131  005F  0F00     R  	mov a,high offset _LC0
 131  0060  0080     E  	mov _IOUART_SendString_2[1],a
 131  0061              	fcall _IOUART_SendString
 131  0068  2800     R  	jmp _L5
 131  0069              _L11:
 137  0069              #line 137 "d:\work\project\bintuo-f73\software\bs66f360c\Source\Key.c"
 137  0069  1080     E  	sz _gu8v_KeyLongDelay[0]
 137  006A  2800     R  	jmp _L5
 137  006B  3C00     E  	sz _WorkFlag1[0].5
 137  006C  2800     R  	jmp _L5
 139  006D              #line 139 "d:\work\project\bintuo-f73\software\bs66f360c\Source\Key.c"
 139  006D  0F0F        	mov a,15
 139  006E  0080     E  	mov _gu8v_KeyLongDelay[0],a
 140  006F              #line 140 "d:\work\project\bintuo-f73\software\bs66f360c\Source\Key.c"
 140  006F  3000     E  	set _WorkFlag1[0].5
 141  0070              #line 141 "d:\work\project\bintuo-f73\software\bs66f360c\Source\Key.c"
 141  0070  3800     E  	snz _gu8v_KeyBuf2[0].0
 141  0071  2800     R  	jmp _L5
 143  0072              #line 143 "d:\work\project\bintuo-f73\software\bs66f360c\Source\Key.c"
 143  0072  3000     E  	set _KeyFlag3[0].0
 143  0073  2800     R  	jmp _L5
 143  0074              _L8:
 151  0074              #line 151 "d:\work\project\bintuo-f73\software\bs66f360c\Source\Key.c"
 151  0074  1F00     E  	clr _gu8v_KeyDebounce[0]
 152  0075              #line 152 "d:\work\project\bintuo-f73\software\bs66f360c\Source\Key.c"
 152  0075  1480     E  	inc _gu8v_KeyOffDebounce[0]
 153  0076              #line 153 "d:\work\project\bintuo-f73\software\bs66f360c\Source\Key.c"
 153  0076  0F04        	mov a,4
 153  0077  0200     E  	sub a,_gu8v_KeyOffDebounce[0]
 153  0078  3C0A        	sz c
 153  0079  2800     R  	jmp _L5
 155  007A              #line 155 "d:\work\project\bintuo-f73\software\bs66f360c\Source\Key.c"
 155  007A  1F00     E  	clr _gu8v_KeyOffDebounce[0]
 156  007B              #line 156 "d:\work\project\bintuo-f73\software\bs66f360c\Source\Key.c"
文件：Key.c        编译器版本 HGASM 0202 页次6

 156  007B  3400     E  	clr _WorkFlag1[0].4
 157  007C              #line 157 "d:\work\project\bintuo-f73\software\bs66f360c\Source\Key.c"
 157  007C  1F00     E  	clr _gu8v_KeyDebounce[0]
 158  007D              #line 158 "d:\work\project\bintuo-f73\software\bs66f360c\Source\Key.c"
 158  007D  3400     E  	clr _WorkFlag1[0].5
 158  007E              _L5:
 158  007E  0003        	ret
 158  007F              _Key_Task endp
 158  007F              #line 158 "d:\work\project\bintuo-f73\software\bs66f360c\Source\Key.c"
 158  007F              #pragma debug scope 1 1
 158  007F              public _test
 158  0000              @HCCINIT	.section 'data'
  29  0000              #line 29 "d:\work\project\bintuo-f73\software\bs66f360c\Source\Key.c"
  29  0000              @HCCINIT_test .section 'data'
  29  0000              _test label byte
  29  0000              #pragma debug variable 8 1 _test "test"
  29  0000              	db 0
  29  0000              @ROMDATA_BASE .section inpage 'code'
  29  0000              	db 0
  29  0001              @HCCINIT_test .section 'data'
  29  0001              #pragma debug struct_end
  29  0001              #pragma debug struct_end
  29  0001              #pragma debug union_end
  29  0001              #pragma debug union_end
  29  0001              #pragma debug variable 43 1 ___pa "__pa" 1
  29  0001              #pragma debug struct_end
  29  0001              #pragma debug struct_end
  29  0001              #pragma debug union_end
  29  0001              #pragma debug union_end
  29  0001              #pragma debug variable 45 1 ___pf "__pf" 1
  29  0001              
  29  0001              ; output external variables
  29  0001              extern _gu8v_AbGetAdcZeroCnt:byte
  29  0001              extern _gu8v_CalModeIndex:byte
  29  0001              extern _WorkFlag4:byte
  29  0001              extern _KeyFlag3:byte
  29  0001              extern _KeyFlag1:byte
  29  0001              extern _KeyFlag2:byte
  29  0001              extern _gu8v_KeyLongDelay:byte
  29  0001              extern _WorkFlag1:byte
  29  0001              extern _gu8v_KeyDebounce:byte
  29  0001              extern _gu8v_KeyOffDebounce:byte
  29  0001              extern _gu8v_KeyBuf2:byte
  29  0001              extern _gu8v_KeyBuf1:byte
  29  0001              extern _gu8v_KeyBuf3:byte
  29  0001              extern _gu8v_PowerOnDelay:byte
  29  0001              extern _gu8v_WorkMode:byte
  29  0001              extern _WorkFlag5:byte
  29  0001              extern _gu8v_FactoryDebounce:byte
  29  0001              extern _Init_TimerReg:near
  29  0001              extern _Fun_CalModeProcess:near
  29  0001              extern _IOUART_SendString_2:byte
  29  0001              extern _IOUART_SendString:near
  29  0001              
  29  0001              ; 
  29  0001              ; Generated by holtek-gcc v3.19, Mon Jan 12 15:28:08 2026
  29  0001              ; Rebuild 718
  29  0001              ; end of file


文件：Key.c        编译器版本 HGASM 0202 页次7

        0 Errors, 0