文件：USER_PROGRAM.C 编译器版本 HGASM 0202 页次1


   1  0000              ; Generated by holtek-gcc v3.19, Mon Jan 12 15:28:05 2026
   2  0000              ; 
   3  0000              ; Configuration:
   4  0000              ;       with long instruction
   5  0000              ;       Multi-ROM, Multi-RAM
   6  0000              ;       bits_per_rom_unit:16
   7  0000              ;       with mp1
   8  0000              ;       with tbhp, address(0x9)
   9  0000              ;          Use tabrd-const
  10  0000              ;       
  11  0000              ; SFR address of long-instruction arch:
  12  0000              ;    mp0 = -1,1,0
  13  0000              ;    mp1 = 4,3,2
  14  0000              ;    mp2 = 14,13,12
  15  0000              ;    tbp = 9,7,8
  16  0000              ;    acc = 5
  17  0000              ;    pcl = 6
  18  0000              ;    status = 10
  19  0000              ;    bp = 11
  20  0000              ;    intc = 16
  21  0000              ;       
  22  0000              ;       
  23  0000              ; use 'tabrdc' instead of 'tabrd'
  24  0000              ;       
  25  0000              
  26  0000              #pragma translator "holtek-gcc 4.6.4" "3.19" "build 20130711"
  27  0000              ; Rebuild 718
  28  0000              
  29  0000              ir equ [2]
  30  0000              mp equ [3]
  31  0000              sbp equ [4]
  32  0000              acc equ [5]
  33  0000              bp equ [11]
  34  0000              tblp equ [7]
  35  0000              tbhp equ [9]
  36  0000              status equ [10]
  37  0000              c equ [10].0
  38  0000              ac equ [10].1
  39  0000              z equ [10].2
  40  0000              ov equ [10].3
  41  0000              cz equ [10].6
  42  0000              sc equ [10].7
  43  0000              intc equ [16]
  44  0000              
  45  0000              extern ra:byte
  46  0000              extern rb:byte
  47  0000              extern rc:byte
  48  0000              extern rd:byte
  49  0000              extern re:byte
  50  0000              extern rf:byte
  51  0000              extern rg:byte
  52  0000              extern rh:byte
  53  0000              extern _Crom2Prom:near
  54  0000              extern _Crom2PromNext:near
  55  0000              
  56  0000              RAMBANK 0 @BITDATASEC, @BITDATASEC1
  57  0000              @HCCINIT	.section 'data'
  58  0000              @HCCINIT0	.section 'data'
  59  0000              @BITDATASEC	 .section 'data'
文件：USER_PROGRAM.ASM 编译器版本 HGASM 0202 页次2

  60  0000              @BITDATASEC1	 .section 'data'
  61  0000              
  62  0000              #pragma debug scope 1 1
  63  0000              	extern __DELAY3:near
  64  0000              	extern __DELAYX3:near
  65  0000              	extern __DELAYX6:near
  66  0000              	extern __DELAYY5:near
  67  0000              	extern __DELAYY3:near
  68  0000              	extern _builtin_holtek_delay_2:byte
  69  0000              public _USER_PROGRAM_INITIAL
  70  0000              #pragma debug scope 2 1

  33  0000              #line 33 "d:\work\project\bintuo-f73\software\bs66f360c\USER_PROGRAM\USER_PROGRAM.C"
  33  0000              _USER_PROGRAM_INITIAL .section 'code'
  33  0000              _USER_PROGRAM_INITIAL proc
  34  0000              #line 34 "d:\work\project\bintuo-f73\software\bs66f360c\USER_PROGRAM\USER_PROGRAM.C"
  34  0000              	fcall _Sys_Init
  35  0007              #line 35 "d:\work\project\bintuo-f73\software\bs66f360c\USER_PROGRAM\USER_PROGRAM.C"
  35  0007              	fcall _User_Init
  35  000E  0003        	ret
  35  000F              _USER_PROGRAM_INITIAL endp
  35  000F              #line 35 "d:\work\project\bintuo-f73\software\bs66f360c\USER_PROGRAM\USER_PROGRAM.C"
  35  000F              #pragma debug scope 1 1
  35  000F              public _USER_PROGRAM
  35  000F              #pragma debug scope 3 1
  43  000F              #line 43 "d:\work\project\bintuo-f73\software\bs66f360c\USER_PROGRAM\USER_PROGRAM.C"
  43  0000              _USER_PROGRAM .section 'code'
  43  0000              _USER_PROGRAM proc
  45  0000              #line 45 "d:\work\project\bintuo-f73\software\bs66f360c\USER_PROGRAM\USER_PROGRAM.C"
  45  0000  3800     E  	snz _TimeFlag1[0].1
  45  0001  2800     R  	jmp _L3
  47  0002              #line 47 "d:\work\project\bintuo-f73\software\bs66f360c\USER_PROGRAM\USER_PROGRAM.C"
  47  0002  3400     E  	clr _TimeFlag1[0].1
  48  0003              #line 48 "d:\work\project\bintuo-f73\software\bs66f360c\USER_PROGRAM\USER_PROGRAM.C"
  48  0003  1F00     E  	clr _gu16v_KeyBuffer[0]
  48  0004  1F00     E  	clr _gu16v_KeyBuffer[1]
  49  0005              #line 49 "d:\work\project\bintuo-f73\software\bs66f360c\USER_PROGRAM\USER_PROGRAM.C"
  49  0005              	fcall _GET_KEY_BITMAP
  50  000C              #line 50 "d:\work\project\bintuo-f73\software\bs66f360c\USER_PROGRAM\USER_PROGRAM.C"
  50  000C  0700     E  	mov a,_DATA_BUF[0]
  50  000D  0080     E  	mov _gu8v_KeyBuf1[0],a
  51  000E              #line 51 "d:\work\project\bintuo-f73\software\bs66f360c\USER_PROGRAM\USER_PROGRAM.C"
  51  000E  0700     E  	mov a,_DATA_BUF[1]
  51  000F  0080     E  	mov _gu8v_KeyBuf2[0],a
  52  0010              #line 52 "d:\work\project\bintuo-f73\software\bs66f360c\USER_PROGRAM\USER_PROGRAM.C"
  52  0010  0700     E  	mov a,_DATA_BUF[2]
  52  0011  0080     E  	mov _gu8v_KeyBuf3[0],a
  53  0012              #line 53 "d:\work\project\bintuo-f73\software\bs66f360c\USER_PROGRAM\USER_PROGRAM.C"
  53  0012              	fcall _Key_Task
  55  0019              #line 55 "d:\work\project\bintuo-f73\software\bs66f360c\USER_PROGRAM\USER_PROGRAM.C"
  55  0019              	fcall _ADC_Task
  56  0020              #line 56 "d:\work\project\bintuo-f73\software\bs66f360c\USER_PROGRAM\USER_PROGRAM.C"
  56  0020              	fcall _drv_tm1652_task
  56  0027              _L3:
  59  0027              #line 59 "d:\work\project\bintuo-f73\software\bs66f360c\USER_PROGRAM\USER_PROGRAM.C"
  59  0027  3800     E  	snz _TimeFlag1[0].0
  59  0028  2800     R  	jmp _L4
  61  0029              #line 61 "d:\work\project\bintuo-f73\software\bs66f360c\USER_PROGRAM\USER_PROGRAM.C"
  61  0029  3400     E  	clr _TimeFlag1[0].0
  62  002A              #line 62 "d:\work\project\bintuo-f73\software\bs66f360c\USER_PROGRAM\USER_PROGRAM.C"
文件：USER_PROGRAM.C 编译器版本 HGASM 0202 页次3

  62  002A              	fcall _Function_Task
  63  0031              #line 63 "d:\work\project\bintuo-f73\software\bs66f360c\USER_PROGRAM\USER_PROGRAM.C"
  63  0031              	fcall _Fun_IoConProcess
  64  0038              #line 64 "d:\work\project\bintuo-f73\software\bs66f360c\USER_PROGRAM\USER_PROGRAM.C"
  64  0038              	fcall _FunPressure_Task
  64  003F              _L4:
  66  003F              #line 66 "d:\work\project\bintuo-f73\software\bs66f360c\USER_PROGRAM\USER_PROGRAM.C"
  66  003F  3800     E  	snz _TimeFlag1[0].2
  66  0040  2800     R  	jmp _L5
  68  0041              #line 68 "d:\work\project\bintuo-f73\software\bs66f360c\USER_PROGRAM\USER_PROGRAM.C"
  68  0041  3400     E  	clr _TimeFlag1[0].2
  69  0042              #line 69 "d:\work\project\bintuo-f73\software\bs66f360c\USER_PROGRAM\USER_PROGRAM.C"
  69  0042              	fcall _Display_Task
  69  0049              _L5:
  71  0049              #line 71 "d:\work\project\bintuo-f73\software\bs66f360c\USER_PROGRAM\USER_PROGRAM.C"
  71  0049  3800     E  	snz _TimeFlag1[0].3
  71  004A  2800     R  	jmp _L6
  73  004B              #line 73 "d:\work\project\bintuo-f73\software\bs66f360c\USER_PROGRAM\USER_PROGRAM.C"
  73  004B  3400     E  	clr _TimeFlag1[0].3
  74  004C              #line 74 "d:\work\project\bintuo-f73\software\bs66f360c\USER_PROGRAM\USER_PROGRAM.C"
  74  004C              	fcall _Time_Base
  74  0053              _L6:
  77  0053              #line 77 "d:\work\project\bintuo-f73\software\bs66f360c\USER_PROGRAM\USER_PROGRAM.C"
  77  0053              	fcall _iouart_startscan
  78  005A              #line 78 "d:\work\project\bintuo-f73\software\bs66f360c\USER_PROGRAM\USER_PROGRAM.C"
  78  005A              ;# 78 "d:\work\project\bintuo-f73\software\bs66f360c\USER_PROGRAM\USER_PROGRAM.C" 1
  78  005A  0001        	clr wdt
  78  005B  0003        	ret
  78  005C              _USER_PROGRAM endp
  78  005C              #line 78 "d:\work\project\bintuo-f73\software\bs66f360c\USER_PROGRAM\USER_PROGRAM.C"
  78  005C              #pragma debug scope 1 1
  78  005C              public _USER_PROGRAM_HALT_PREPARE
  78  005C              #pragma debug scope 4 1
  83  005C              #line 83 "d:\work\project\bintuo-f73\software\bs66f360c\USER_PROGRAM\USER_PROGRAM.C"
  83  0000              _USER_PROGRAM_HALT_PREPARE .section 'code'
  83  0000              _USER_PROGRAM_HALT_PREPARE proc
  83  0000  0003        	ret
  83  0001              _USER_PROGRAM_HALT_PREPARE endp
  83  0001              #line 83 "d:\work\project\bintuo-f73\software\bs66f360c\USER_PROGRAM\USER_PROGRAM.C"
  83  0001              #pragma debug scope 1 1
  83  0001              public _USER_PROGRAM_HALT_WAKEUP
  83  0001              #pragma debug scope 5 1
  88  0001              #line 88 "d:\work\project\bintuo-f73\software\bs66f360c\USER_PROGRAM\USER_PROGRAM.C"
  88  0000              _USER_PROGRAM_HALT_WAKEUP .section 'code'
  88  0000              _USER_PROGRAM_HALT_WAKEUP proc
  88  0000  0003        	ret
  88  0001              _USER_PROGRAM_HALT_WAKEUP endp
  88  0001              #line 88 "d:\work\project\bintuo-f73\software\bs66f360c\USER_PROGRAM\USER_PROGRAM.C"
  88  0001              #pragma debug scope 1 1
  88  0001              public _USER_PROGRAM_RETURN_MAIN
  88  0001              #pragma debug scope 6 1
  93  0001              #line 93 "d:\work\project\bintuo-f73\software\bs66f360c\USER_PROGRAM\USER_PROGRAM.C"
  93  0000              _USER_PROGRAM_RETURN_MAIN .section 'code'
  93  0000              _USER_PROGRAM_RETURN_MAIN proc
  93  0000  0003        	ret
  93  0001              _USER_PROGRAM_RETURN_MAIN endp
  93  0001              #line 93 "d:\work\project\bintuo-f73\software\bs66f360c\USER_PROGRAM\USER_PROGRAM.C"
  93  0001              #pragma debug scope 1 1
  93  0001              
  93  0001              ; output external variables
文件：USER_PROGRAM.C 编译器版本 HGASM 0202 页次4

  93  0001              extern _gu8v_KeyBuf3:byte
  93  0001              extern _gu8v_KeyBuf2:byte
  93  0001              extern _gu8v_KeyBuf1:byte
  93  0001              extern _DATA_BUF:byte
  93  0001              extern _gu16v_KeyBuffer:byte
  93  0001              extern _TimeFlag1:byte
  93  0001              extern _Sys_Init:near
  93  0001              extern _User_Init:near
  93  0001              extern _GET_KEY_BITMAP:near
  93  0001              extern _Key_Task:near
  93  0001              extern _ADC_Task:near
  93  0001              extern _drv_tm1652_task:near
  93  0001              extern _Function_Task:near
  93  0001              extern _Fun_IoConProcess:near
  93  0001              extern _FunPressure_Task:near
  93  0001              extern _Display_Task:near
  93  0001              extern _Time_Base:near
  93  0001              extern _iouart_startscan:near
  93  0001              
  93  0001              ; 
  93  0001              ; Generated by holtek-gcc v3.19, Mon Jan 12 15:28:05 2026
  93  0001              ; Rebuild 718
  93  0001              ; end of file


        0 Errors, 0