文件：Aip650.c     编译器版本 HGASM 0202 页次1


   1  0000              ; Generated by holtek-gcc v3.19, Fri Oct 18 14:43:15 2024
   2  0000              ; 
   3  0000              ; Configuration:
   4  0000              ;       with long instruction
   5  0000              ;       Multi-ROM, Multi-RAM
   6  0000              ;       bits_per_rom_unit:16
   7  0000              ;       with mp1
   8  0000              ;       with tbhp, address(0x9)
   9  0000              ;          Use tabrd-const
  10  0000              ;       
  11  0000              ; SFR address of long-instruction arch:
  12  0000              ;    mp0 = -1,1,0
  13  0000              ;    mp1 = 4,3,2
  14  0000              ;    mp2 = 14,13,12
  15  0000              ;    tbp = 9,7,8
  16  0000              ;    acc = 5
  17  0000              ;    pcl = 6
  18  0000              ;    status = 10
  19  0000              ;    bp = 11
  20  0000              ;    intc = 16
  21  0000              ;       
  22  0000              ;       
  23  0000              ; use 'tabrdc' instead of 'tabrd'
  24  0000              ;       
  25  0000              
  26  0000              #pragma translator "holtek-gcc 4.6.4" "3.19" "build 20130711"
  27  0000              ; Rebuild 718
  28  0000              
  29  0000              ir equ [2]
  30  0000              mp equ [3]
  31  0000              sbp equ [4]
  32  0000              acc equ [5]
  33  0000              bp equ [11]
  34  0000              tblp equ [7]
  35  0000              tbhp equ [9]
  36  0000              status equ [10]
  37  0000              c equ [10].0
  38  0000              ac equ [10].1
  39  0000              z equ [10].2
  40  0000              ov equ [10].3
  41  0000              cz equ [10].6
  42  0000              sc equ [10].7
  43  0000              intc equ [16]
  44  0000              
  45  0000              extern ra:byte
  46  0000              extern rb:byte
  47  0000              extern rc:byte
  48  0000              extern rd:byte
  49  0000              extern re:byte
  50  0000              extern rf:byte
  51  0000              extern rg:byte
  52  0000              extern rh:byte
  53  0000              extern _Crom2Prom:near
  54  0000              extern _Crom2PromNext:near
  55  0000              
  56  0000              RAMBANK 0 @BITDATASEC, @BITDATASEC1
  57  0000              @HCCINIT	.section 'data'
  58  0000              @HCCINIT0	.section 'data'
  59  0000              @BITDATASEC	 .section 'data'
文件：Aip650.ASM   编译器版本 HGASM 0202 页次2

  60  0000              @BITDATASEC1	 .section 'data'
  61  0000              
  62  0000              #pragma debug scope 1 1
  63  0000              	extern __DELAY3:near
  64  0000              	extern __DELAYX3:near
  65  0000              	extern __DELAYX6:near
  66  0000              	extern __DELAYY5:near
  67  0000              	extern __DELAYY3:near
  68  0000              	extern _builtin_holtek_delay_2:byte
  69  0000              ___pd equ [39]
  70  0000              ___pc equ [36]
  71  0000              public _AIP650_InitPort
  72  0000              #pragma debug scope 2 1

   6  0000              #line 6 "D:\HF\MDST\Code\BS66F360C_CTOUCH_V512_20231101\BS66F360C\Source\Aip650.c"
   6  0000              _AIP650_InitPort .section 'code'
   6  0000              _AIP650_InitPort proc
   7  0000              #line 7 "D:\HF\MDST\Code\BS66F360C_CTOUCH_V512_20231101\BS66F360C\Source\Aip650.c"
   7  0000  30A7        	set [39].1
   8  0001              #line 8 "D:\HF\MDST\Code\BS66F360C_CTOUCH_V512_20231101\BS66F360C\Source\Aip650.c"
   8  0001  3124        	set [36].2
   8  0002  0003        	ret
   8  0003              _AIP650_InitPort endp
   8  0003              #line 8 "D:\HF\MDST\Code\BS66F360C_CTOUCH_V512_20231101\BS66F360C\Source\Aip650.c"
   8  0003              #pragma debug scope 1 1
   8  0003              public _AIP650_Start
   8  0003              #pragma debug scope 3 1
  12  0003              #line 12 "D:\HF\MDST\Code\BS66F360C_CTOUCH_V512_20231101\BS66F360C\Source\Aip650.c"
  12  0000              _AIP650_Start .section 'code'
  12  0000              _AIP650_Start proc
  13  0000              #line 13 "D:\HF\MDST\Code\BS66F360C_CTOUCH_V512_20231101\BS66F360C\Source\Aip650.c"
  13  0000  30A7        	set [39].1
  14  0001              #line 14 "D:\HF\MDST\Code\BS66F360C_CTOUCH_V512_20231101\BS66F360C\Source\Aip650.c"
  14  0001  3124        	set [36].2
  15  0002              #line 15 "D:\HF\MDST\Code\BS66F360C_CTOUCH_V512_20231101\BS66F360C\Source\Aip650.c"
  15  0002  3524        	clr [36].2
  16  0003              #line 16 "D:\HF\MDST\Code\BS66F360C_CTOUCH_V512_20231101\BS66F360C\Source\Aip650.c"
  16  0003              ;# 16 "D:\HF\MDST\Code\BS66F360C_CTOUCH_V512_20231101\BS66F360C\Source\Aip650.c" 1
  16  0003              	IF 10>263690
  16  0003              ;# 16 "D:\HF\MDST\Code\BS66F360C_CTOUCH_V512_20231101\BS66F360C\Source\Aip650.c" 1
  16  0003              	ERRMESSAGE 'the value 10of the argument exceeds the maxinum 263690'
  16  0003              	ENDIF
  16  0003              ;# 16 "D:\HF\MDST\Code\BS66F360C_CTOUCH_V512_20231101\BS66F360C\Source\Aip650.c" 1
  16  0003              	IF 10<0
  16  0003              ;# 16 "D:\HF\MDST\Code\BS66F360C_CTOUCH_V512_20231101\BS66F360C\Source\Aip650.c" 1
  16  0003              	ERRMESSAGE 'the value 10 of the argument exceeds the mininum 0'
  16  0003              	ENDIF
  16  0003              ;# 16 "D:\HF\MDST\Code\BS66F360C_CTOUCH_V512_20231101\BS66F360C\Source\Aip650.c" 1
  16  0003              	IF 10==0
  16  0003              ;# 16 "D:\HF\MDST\Code\BS66F360C_CTOUCH_V512_20231101\BS66F360C\Source\Aip650.c" 1
  16  0003              	JMP $
  16  0003              	ENDIF
  16  0003              ;# 16 "D:\HF\MDST\Code\BS66F360C_CTOUCH_V512_20231101\BS66F360C\Source\Aip650.c" 1
  16  0003              	IF (10>=1) AND (10<( 4 + __PBP__ * 2))
  16  0003              ;# 16 "D:\HF\MDST\Code\BS66F360C_CTOUCH_V512_20231101\BS66F360C\Source\Aip650.c" 1
  16  0003              	NOP
  16  0003              	ENDIF
  16  0003              ;# 16 "D:\HF\MDST\Code\BS66F360C_CTOUCH_V512_20231101\BS66F360C\Source\Aip650.c" 1
  16  0003              	IF (10>=2) AND (10<( 4 + __PBP__ * 2))
  16  0003              ;# 16 "D:\HF\MDST\Code\BS66F360C_CTOUCH_V512_20231101\BS66F360C\Source\Aip650.c" 1
文件：Aip650.c     编译器版本 HGASM 0202 页次3

  16  0003              	NOP
  16  0003              	ENDIF
  16  0003              ;# 16 "D:\HF\MDST\Code\BS66F360C_CTOUCH_V512_20231101\BS66F360C\Source\Aip650.c" 1
  16  0003              	IF (10>=3) AND (10<( 4 + __PBP__ * 2))
  16  0003              ;# 16 "D:\HF\MDST\Code\BS66F360C_CTOUCH_V512_20231101\BS66F360C\Source\Aip650.c" 1
  16  0003              	NOP
  16  0003              	ENDIF
  16  0003              ;# 16 "D:\HF\MDST\Code\BS66F360C_CTOUCH_V512_20231101\BS66F360C\Source\Aip650.c" 1
  16  0003              	IF (10>=4) AND (10<( 4 + __PBP__ * 2)) AND ( __PBP__ > 0 )
  16  0003              ;# 16 "D:\HF\MDST\Code\BS66F360C_CTOUCH_V512_20231101\BS66F360C\Source\Aip650.c" 1
  16  0003              	NOP
  16  0003              	ENDIF
  16  0003              ;# 16 "D:\HF\MDST\Code\BS66F360C_CTOUCH_V512_20231101\BS66F360C\Source\Aip650.c" 1
  16  0003              	IF (10>=5) AND (10<( 4 + __PBP__ * 2)) AND ( __PBP__ > 0 )
  16  0003              ;# 16 "D:\HF\MDST\Code\BS66F360C_CTOUCH_V512_20231101\BS66F360C\Source\Aip650.c" 1
  16  0003              	NOP
  16  0003              	ENDIF
  16  0003              ;# 16 "D:\HF\MDST\Code\BS66F360C_CTOUCH_V512_20231101\BS66F360C\Source\Aip650.c" 1
  16  0003              	IF (10>=6) AND (10<( 4 + __PBP__ * 2))  AND ( __PBP__ > 1 )
  16  0003              ;# 16 "D:\HF\MDST\Code\BS66F360C_CTOUCH_V512_20231101\BS66F360C\Source\Aip650.c" 1
  16  0003              	NOP
  16  0003              	ENDIF
  16  0003              ;# 16 "D:\HF\MDST\Code\BS66F360C_CTOUCH_V512_20231101\BS66F360C\Source\Aip650.c" 1
  16  0003              	IF (10>=7) AND (10<( 4 + __PBP__ * 2))  AND ( __PBP__ > 1 )
  16  0003              ;# 16 "D:\HF\MDST\Code\BS66F360C_CTOUCH_V512_20231101\BS66F360C\Source\Aip650.c" 1
  16  0003              	NOP
  16  0003              	ENDIF
  16  0003              ;# 16 "D:\HF\MDST\Code\BS66F360C_CTOUCH_V512_20231101\BS66F360C\Source\Aip650.c" 1
  16  0003              	IF (10>=8) AND (10<( 4 + __PBP__ * 2))  AND ( __PBP__ > 2 )
  16  0003              ;# 16 "D:\HF\MDST\Code\BS66F360C_CTOUCH_V512_20231101\BS66F360C\Source\Aip650.c" 1
  16  0003              	NOP
  16  0003              	ENDIF
  16  0003              ;# 16 "D:\HF\MDST\Code\BS66F360C_CTOUCH_V512_20231101\BS66F360C\Source\Aip650.c" 1
  16  0003              	IF (10==9)  AND ( __PBP__ > 2 )
  16  0003              ;# 16 "D:\HF\MDST\Code\BS66F360C_CTOUCH_V512_20231101\BS66F360C\Source\Aip650.c" 1
  16  0003              	NOP
  16  0003              	ENDIF
  16  0003              ;# 16 "D:\HF\MDST\Code\BS66F360C_CTOUCH_V512_20231101\BS66F360C\Source\Aip650.c" 1
  16  0003              	IF (10< ( 8 + __PBP__ * 2)) AND (10>( 3 + __PBP__ * 2))
  16  0003              ;# 16 "D:\HF\MDST\Code\BS66F360C_CTOUCH_V512_20231101\BS66F360C\Source\Aip650.c" 1
  16  0003              	fcall __DELAY3 + ( 7 + __PBP__ * 2) -10
  16  0003              	ENDIF
  16  0003              ;# 16 "D:\HF\MDST\Code\BS66F360C_CTOUCH_V512_20231101\BS66F360C\Source\Aip650.c" 1
  16  0003              	IF (10< ( 0404h + __PBP__ * 2)) AND (10>( 7 + __PBP__ * 2))
  16  0003              ;# 16 "D:\HF\MDST\Code\BS66F360C_CTOUCH_V512_20231101\BS66F360C\Source\Aip650.c" 1
  16  0003  0F01        	MOV A,(10-( 4 + __PBP__ * 2))/4
  16  0004              ;# 16 "D:\HF\MDST\Code\BS66F360C_CTOUCH_V512_20231101\BS66F360C\Source\Aip650.c" 1
  16  0004              	fcall __DELAYX3 + 3 -((10-( 4 + __PBP__ * 2)) MOD 4) 
  16  000B              	ENDIF
  16  000B              ;# 16 "D:\HF\MDST\Code\BS66F360C_CTOUCH_V512_20231101\BS66F360C\Source\Aip650.c" 1
  16  000B              	IF (10< ( 040bh + __PBP__ * 2)) AND (10> ( 0403h + __PBP__ * 2))
  16  000B              ;# 16 "D:\HF\MDST\Code\BS66F360C_CTOUCH_V512_20231101\BS66F360C\Source\Aip650.c" 1
  16  000B              	MOV A,0 
  16  000B              ;# 16 "D:\HF\MDST\Code\BS66F360C_CTOUCH_V512_20231101\BS66F360C\Source\Aip650.c" 1
  16  000B              	fcall __DELAYX6 + ( 040ah + __PBP__ * 2) -10
  16  000B              	ENDIF
  16  000B              ;# 16 "D:\HF\MDST\Code\BS66F360C_CTOUCH_V512_20231101\BS66F360C\Source\Aip650.c" 1
  16  000B              	IF (10 >= ( 040bh + __PBP__ * 2)) AND ((((10-( 9 + __PBP__ * 2))%0402h)/4+1)>256)
  16  000B              ;# 16 "D:\HF\MDST\Code\BS66F360C_CTOUCH_V512_20231101\BS66F360C\Source\Aip650.c" 1
  16  000B              	MOV A,(10-( 9 + __PBP__ * 2))/0402h
文件：Aip650.c     编译器版本 HGASM 0202 页次4

  16  000B              ;# 16 "D:\HF\MDST\Code\BS66F360C_CTOUCH_V512_20231101\BS66F360C\Source\Aip650.c" 1
  16  000B              	MOV _builtin_holtek_delay_2,A
  16  000B              ;# 16 "D:\HF\MDST\Code\BS66F360C_CTOUCH_V512_20231101\BS66F360C\Source\Aip650.c" 1
  16  000B              	MOV A,0
  16  000B              ;# 16 "D:\HF\MDST\Code\BS66F360C_CTOUCH_V512_20231101\BS66F360C\Source\Aip650.c" 1
  16  000B              	fcall __DELAYY5 +5- (((10-( 9 + __PBP__ * 2))%0402h)%6) 
  16  000B              	ENDIF
  16  000B              ;# 16 "D:\HF\MDST\Code\BS66F360C_CTOUCH_V512_20231101\BS66F360C\Source\Aip650.c" 1
  16  000B              	IF (10 >= ( 040bh + __PBP__ * 2)) AND ((((10-( 9 + __PBP__ * 2))%0402h)/4+1)<=256)
  16  000B              ;# 16 "D:\HF\MDST\Code\BS66F360C_CTOUCH_V512_20231101\BS66F360C\Source\Aip650.c" 1
  16  000B              	MOV A,(10-( 9 + __PBP__ * 2))/0402h
  16  000B              ;# 16 "D:\HF\MDST\Code\BS66F360C_CTOUCH_V512_20231101\BS66F360C\Source\Aip650.c" 1
  16  000B              	MOV _builtin_holtek_delay_2,A
  16  000B              ;# 16 "D:\HF\MDST\Code\BS66F360C_CTOUCH_V512_20231101\BS66F360C\Source\Aip650.c" 1
  16  000B              	MOV A,((10-( 9 + __PBP__ * 2))%0402h)/4+1
  16  000B              ;# 16 "D:\HF\MDST\Code\BS66F360C_CTOUCH_V512_20231101\BS66F360C\Source\Aip650.c" 1
  16  000B              	fcall __DELAYY3 +3-(((10-( 9 + __PBP__ * 2))%0402h)%4) 
  16  000B              	ENDIF
  17  000B              #line 17 "D:\HF\MDST\Code\BS66F360C_CTOUCH_V512_20231101\BS66F360C\Source\Aip650.c"
  17  000B  34A7        	clr [39].1
  17  000C  0003        	ret
  17  000D              _AIP650_Start endp
  17  000D              #line 17 "D:\HF\MDST\Code\BS66F360C_CTOUCH_V512_20231101\BS66F360C\Source\Aip650.c"
  17  000D              #pragma debug scope 1 1
  17  000D              public _AIP650_End
  17  000D              #pragma debug scope 4 1
  21  000D              #line 21 "D:\HF\MDST\Code\BS66F360C_CTOUCH_V512_20231101\BS66F360C\Source\Aip650.c"
  21  0000              _AIP650_End .section 'code'
  21  0000              _AIP650_End proc
  22  0000              #line 22 "D:\HF\MDST\Code\BS66F360C_CTOUCH_V512_20231101\BS66F360C\Source\Aip650.c"
  22  0000  3524        	clr [36].2
  23  0001              #line 23 "D:\HF\MDST\Code\BS66F360C_CTOUCH_V512_20231101\BS66F360C\Source\Aip650.c"
  23  0001              ;# 23 "D:\HF\MDST\Code\BS66F360C_CTOUCH_V512_20231101\BS66F360C\Source\Aip650.c" 1
  23  0001              	IF 10>263690
  23  0001              ;# 23 "D:\HF\MDST\Code\BS66F360C_CTOUCH_V512_20231101\BS66F360C\Source\Aip650.c" 1
  23  0001              	ERRMESSAGE 'the value 10of the argument exceeds the maxinum 263690'
  23  0001              	ENDIF
  23  0001              ;# 23 "D:\HF\MDST\Code\BS66F360C_CTOUCH_V512_20231101\BS66F360C\Source\Aip650.c" 1
  23  0001              	IF 10<0
  23  0001              ;# 23 "D:\HF\MDST\Code\BS66F360C_CTOUCH_V512_20231101\BS66F360C\Source\Aip650.c" 1
  23  0001              	ERRMESSAGE 'the value 10 of the argument exceeds the mininum 0'
  23  0001              	ENDIF
  23  0001              ;# 23 "D:\HF\MDST\Code\BS66F360C_CTOUCH_V512_20231101\BS66F360C\Source\Aip650.c" 1
  23  0001              	IF 10==0
  23  0001              ;# 23 "D:\HF\MDST\Code\BS66F360C_CTOUCH_V512_20231101\BS66F360C\Source\Aip650.c" 1
  23  0001              	JMP $
  23  0001              	ENDIF
  23  0001              ;# 23 "D:\HF\MDST\Code\BS66F360C_CTOUCH_V512_20231101\BS66F360C\Source\Aip650.c" 1
  23  0001              	IF (10>=1) AND (10<( 4 + __PBP__ * 2))
  23  0001              ;# 23 "D:\HF\MDST\Code\BS66F360C_CTOUCH_V512_20231101\BS66F360C\Source\Aip650.c" 1
  23  0001              	NOP
  23  0001              	ENDIF
  23  0001              ;# 23 "D:\HF\MDST\Code\BS66F360C_CTOUCH_V512_20231101\BS66F360C\Source\Aip650.c" 1
  23  0001              	IF (10>=2) AND (10<( 4 + __PBP__ * 2))
  23  0001              ;# 23 "D:\HF\MDST\Code\BS66F360C_CTOUCH_V512_20231101\BS66F360C\Source\Aip650.c" 1
  23  0001              	NOP
  23  0001              	ENDIF
  23  0001              ;# 23 "D:\HF\MDST\Code\BS66F360C_CTOUCH_V512_20231101\BS66F360C\Source\Aip650.c" 1
  23  0001              	IF (10>=3) AND (10<( 4 + __PBP__ * 2))
  23  0001              ;# 23 "D:\HF\MDST\Code\BS66F360C_CTOUCH_V512_20231101\BS66F360C\Source\Aip650.c" 1
文件：Aip650.c     编译器版本 HGASM 0202 页次5

  23  0001              	NOP
  23  0001              	ENDIF
  23  0001              ;# 23 "D:\HF\MDST\Code\BS66F360C_CTOUCH_V512_20231101\BS66F360C\Source\Aip650.c" 1
  23  0001              	IF (10>=4) AND (10<( 4 + __PBP__ * 2)) AND ( __PBP__ > 0 )
  23  0001              ;# 23 "D:\HF\MDST\Code\BS66F360C_CTOUCH_V512_20231101\BS66F360C\Source\Aip650.c" 1
  23  0001              	NOP
  23  0001              	ENDIF
  23  0001              ;# 23 "D:\HF\MDST\Code\BS66F360C_CTOUCH_V512_20231101\BS66F360C\Source\Aip650.c" 1
  23  0001              	IF (10>=5) AND (10<( 4 + __PBP__ * 2)) AND ( __PBP__ > 0 )
  23  0001              ;# 23 "D:\HF\MDST\Code\BS66F360C_CTOUCH_V512_20231101\BS66F360C\Source\Aip650.c" 1
  23  0001              	NOP
  23  0001              	ENDIF
  23  0001              ;# 23 "D:\HF\MDST\Code\BS66F360C_CTOUCH_V512_20231101\BS66F360C\Source\Aip650.c" 1
  23  0001              	IF (10>=6) AND (10<( 4 + __PBP__ * 2))  AND ( __PBP__ > 1 )
  23  0001              ;# 23 "D:\HF\MDST\Code\BS66F360C_CTOUCH_V512_20231101\BS66F360C\Source\Aip650.c" 1
  23  0001              	NOP
  23  0001              	ENDIF
  23  0001              ;# 23 "D:\HF\MDST\Code\BS66F360C_CTOUCH_V512_20231101\BS66F360C\Source\Aip650.c" 1
  23  0001              	IF (10>=7) AND (10<( 4 + __PBP__ * 2))  AND ( __PBP__ > 1 )
  23  0001              ;# 23 "D:\HF\MDST\Code\BS66F360C_CTOUCH_V512_20231101\BS66F360C\Source\Aip650.c" 1
  23  0001              	NOP
  23  0001              	ENDIF
  23  0001              ;# 23 "D:\HF\MDST\Code\BS66F360C_CTOUCH_V512_20231101\BS66F360C\Source\Aip650.c" 1
  23  0001              	IF (10>=8) AND (10<( 4 + __PBP__ * 2))  AND ( __PBP__ > 2 )
  23  0001              ;# 23 "D:\HF\MDST\Code\BS66F360C_CTOUCH_V512_20231101\BS66F360C\Source\Aip650.c" 1
  23  0001              	NOP
  23  0001              	ENDIF
  23  0001              ;# 23 "D:\HF\MDST\Code\BS66F360C_CTOUCH_V512_20231101\BS66F360C\Source\Aip650.c" 1
  23  0001              	IF (10==9)  AND ( __PBP__ > 2 )
  23  0001              ;# 23 "D:\HF\MDST\Code\BS66F360C_CTOUCH_V512_20231101\BS66F360C\Source\Aip650.c" 1
  23  0001              	NOP
  23  0001              	ENDIF
  23  0001              ;# 23 "D:\HF\MDST\Code\BS66F360C_CTOUCH_V512_20231101\BS66F360C\Source\Aip650.c" 1
  23  0001              	IF (10< ( 8 + __PBP__ * 2)) AND (10>( 3 + __PBP__ * 2))
  23  0001              ;# 23 "D:\HF\MDST\Code\BS66F360C_CTOUCH_V512_20231101\BS66F360C\Source\Aip650.c" 1
  23  0001              	fcall __DELAY3 + ( 7 + __PBP__ * 2) -10
  23  0001              	ENDIF
  23  0001              ;# 23 "D:\HF\MDST\Code\BS66F360C_CTOUCH_V512_20231101\BS66F360C\Source\Aip650.c" 1
  23  0001              	IF (10< ( 0404h + __PBP__ * 2)) AND (10>( 7 + __PBP__ * 2))
  23  0001              ;# 23 "D:\HF\MDST\Code\BS66F360C_CTOUCH_V512_20231101\BS66F360C\Source\Aip650.c" 1
  23  0001  0F01        	MOV A,(10-( 4 + __PBP__ * 2))/4
  23  0002              ;# 23 "D:\HF\MDST\Code\BS66F360C_CTOUCH_V512_20231101\BS66F360C\Source\Aip650.c" 1
  23  0002              	fcall __DELAYX3 + 3 -((10-( 4 + __PBP__ * 2)) MOD 4) 
  23  0009              	ENDIF
  23  0009              ;# 23 "D:\HF\MDST\Code\BS66F360C_CTOUCH_V512_20231101\BS66F360C\Source\Aip650.c" 1
  23  0009              	IF (10< ( 040bh + __PBP__ * 2)) AND (10> ( 0403h + __PBP__ * 2))
  23  0009              ;# 23 "D:\HF\MDST\Code\BS66F360C_CTOUCH_V512_20231101\BS66F360C\Source\Aip650.c" 1
  23  0009              	MOV A,0 
  23  0009              ;# 23 "D:\HF\MDST\Code\BS66F360C_CTOUCH_V512_20231101\BS66F360C\Source\Aip650.c" 1
  23  0009              	fcall __DELAYX6 + ( 040ah + __PBP__ * 2) -10
  23  0009              	ENDIF
  23  0009              ;# 23 "D:\HF\MDST\Code\BS66F360C_CTOUCH_V512_20231101\BS66F360C\Source\Aip650.c" 1
  23  0009              	IF (10 >= ( 040bh + __PBP__ * 2)) AND ((((10-( 9 + __PBP__ * 2))%0402h)/4+1)>256)
  23  0009              ;# 23 "D:\HF\MDST\Code\BS66F360C_CTOUCH_V512_20231101\BS66F360C\Source\Aip650.c" 1
  23  0009              	MOV A,(10-( 9 + __PBP__ * 2))/0402h
  23  0009              ;# 23 "D:\HF\MDST\Code\BS66F360C_CTOUCH_V512_20231101\BS66F360C\Source\Aip650.c" 1
  23  0009              	MOV _builtin_holtek_delay_2,A
  23  0009              ;# 23 "D:\HF\MDST\Code\BS66F360C_CTOUCH_V512_20231101\BS66F360C\Source\Aip650.c" 1
  23  0009              	MOV A,0
  23  0009              ;# 23 "D:\HF\MDST\Code\BS66F360C_CTOUCH_V512_20231101\BS66F360C\Source\Aip650.c" 1
文件：Aip650.c     编译器版本 HGASM 0202 页次6

  23  0009              	fcall __DELAYY5 +5- (((10-( 9 + __PBP__ * 2))%0402h)%6) 
  23  0009              	ENDIF
  23  0009              ;# 23 "D:\HF\MDST\Code\BS66F360C_CTOUCH_V512_20231101\BS66F360C\Source\Aip650.c" 1
  23  0009              	IF (10 >= ( 040bh + __PBP__ * 2)) AND ((((10-( 9 + __PBP__ * 2))%0402h)/4+1)<=256)
  23  0009              ;# 23 "D:\HF\MDST\Code\BS66F360C_CTOUCH_V512_20231101\BS66F360C\Source\Aip650.c" 1
  23  0009              	MOV A,(10-( 9 + __PBP__ * 2))/0402h
  23  0009              ;# 23 "D:\HF\MDST\Code\BS66F360C_CTOUCH_V512_20231101\BS66F360C\Source\Aip650.c" 1
  23  0009              	MOV _builtin_holtek_delay_2,A
  23  0009              ;# 23 "D:\HF\MDST\Code\BS66F360C_CTOUCH_V512_20231101\BS66F360C\Source\Aip650.c" 1
  23  0009              	MOV A,((10-( 9 + __PBP__ * 2))%0402h)/4+1
  23  0009              ;# 23 "D:\HF\MDST\Code\BS66F360C_CTOUCH_V512_20231101\BS66F360C\Source\Aip650.c" 1
  23  0009              	fcall __DELAYY3 +3-(((10-( 9 + __PBP__ * 2))%0402h)%4) 
  23  0009              	ENDIF
  24  0009              #line 24 "D:\HF\MDST\Code\BS66F360C_CTOUCH_V512_20231101\BS66F360C\Source\Aip650.c"
  24  0009  30A7        	set [39].1
  25  000A              #line 25 "D:\HF\MDST\Code\BS66F360C_CTOUCH_V512_20231101\BS66F360C\Source\Aip650.c"
  25  000A              ;# 25 "D:\HF\MDST\Code\BS66F360C_CTOUCH_V512_20231101\BS66F360C\Source\Aip650.c" 1
  25  000A              	IF 10>263690
  25  000A              ;# 25 "D:\HF\MDST\Code\BS66F360C_CTOUCH_V512_20231101\BS66F360C\Source\Aip650.c" 1
  25  000A              	ERRMESSAGE 'the value 10of the argument exceeds the maxinum 263690'
  25  000A              	ENDIF
  25  000A              ;# 25 "D:\HF\MDST\Code\BS66F360C_CTOUCH_V512_20231101\BS66F360C\Source\Aip650.c" 1
  25  000A              	IF 10<0
  25  000A              ;# 25 "D:\HF\MDST\Code\BS66F360C_CTOUCH_V512_20231101\BS66F360C\Source\Aip650.c" 1
  25  000A              	ERRMESSAGE 'the value 10 of the argument exceeds the mininum 0'
  25  000A              	ENDIF
  25  000A              ;# 25 "D:\HF\MDST\Code\BS66F360C_CTOUCH_V512_20231101\BS66F360C\Source\Aip650.c" 1
  25  000A              	IF 10==0
  25  000A              ;# 25 "D:\HF\MDST\Code\BS66F360C_CTOUCH_V512_20231101\BS66F360C\Source\Aip650.c" 1
  25  000A              	JMP $
  25  000A              	ENDIF
  25  000A              ;# 25 "D:\HF\MDST\Code\BS66F360C_CTOUCH_V512_20231101\BS66F360C\Source\Aip650.c" 1
  25  000A              	IF (10>=1) AND (10<( 4 + __PBP__ * 2))
  25  000A              ;# 25 "D:\HF\MDST\Code\BS66F360C_CTOUCH_V512_20231101\BS66F360C\Source\Aip650.c" 1
  25  000A              	NOP
  25  000A              	ENDIF
  25  000A              ;# 25 "D:\HF\MDST\Code\BS66F360C_CTOUCH_V512_20231101\BS66F360C\Source\Aip650.c" 1
  25  000A              	IF (10>=2) AND (10<( 4 + __PBP__ * 2))
  25  000A              ;# 25 "D:\HF\MDST\Code\BS66F360C_CTOUCH_V512_20231101\BS66F360C\Source\Aip650.c" 1
  25  000A              	NOP
  25  000A              	ENDIF
  25  000A              ;# 25 "D:\HF\MDST\Code\BS66F360C_CTOUCH_V512_20231101\BS66F360C\Source\Aip650.c" 1
  25  000A              	IF (10>=3) AND (10<( 4 + __PBP__ * 2))
  25  000A              ;# 25 "D:\HF\MDST\Code\BS66F360C_CTOUCH_V512_20231101\BS66F360C\Source\Aip650.c" 1
  25  000A              	NOP
  25  000A              	ENDIF
  25  000A              ;# 25 "D:\HF\MDST\Code\BS66F360C_CTOUCH_V512_20231101\BS66F360C\Source\Aip650.c" 1
  25  000A              	IF (10>=4) AND (10<( 4 + __PBP__ * 2)) AND ( __PBP__ > 0 )
  25  000A              ;# 25 "D:\HF\MDST\Code\BS66F360C_CTOUCH_V512_20231101\BS66F360C\Source\Aip650.c" 1
  25  000A              	NOP
  25  000A              	ENDIF
  25  000A              ;# 25 "D:\HF\MDST\Code\BS66F360C_CTOUCH_V512_20231101\BS66F360C\Source\Aip650.c" 1
  25  000A              	IF (10>=5) AND (10<( 4 + __PBP__ * 2)) AND ( __PBP__ > 0 )
  25  000A              ;# 25 "D:\HF\MDST\Code\BS66F360C_CTOUCH_V512_20231101\BS66F360C\Source\Aip650.c" 1
  25  000A              	NOP
  25  000A              	ENDIF
  25  000A              ;# 25 "D:\HF\MDST\Code\BS66F360C_CTOUCH_V512_20231101\BS66F360C\Source\Aip650.c" 1
  25  000A              	IF (10>=6) AND (10<( 4 + __PBP__ * 2))  AND ( __PBP__ > 1 )
  25  000A              ;# 25 "D:\HF\MDST\Code\BS66F360C_CTOUCH_V512_20231101\BS66F360C\Source\Aip650.c" 1
  25  000A              	NOP
文件：Aip650.c     编译器版本 HGASM 0202 页次7

  25  000A              	ENDIF
  25  000A              ;# 25 "D:\HF\MDST\Code\BS66F360C_CTOUCH_V512_20231101\BS66F360C\Source\Aip650.c" 1
  25  000A              	IF (10>=7) AND (10<( 4 + __PBP__ * 2))  AND ( __PBP__ > 1 )
  25  000A              ;# 25 "D:\HF\MDST\Code\BS66F360C_CTOUCH_V512_20231101\BS66F360C\Source\Aip650.c" 1
  25  000A              	NOP
  25  000A              	ENDIF
  25  000A              ;# 25 "D:\HF\MDST\Code\BS66F360C_CTOUCH_V512_20231101\BS66F360C\Source\Aip650.c" 1
  25  000A              	IF (10>=8) AND (10<( 4 + __PBP__ * 2))  AND ( __PBP__ > 2 )
  25  000A              ;# 25 "D:\HF\MDST\Code\BS66F360C_CTOUCH_V512_20231101\BS66F360C\Source\Aip650.c" 1
  25  000A              	NOP
  25  000A              	ENDIF
  25  000A              ;# 25 "D:\HF\MDST\Code\BS66F360C_CTOUCH_V512_20231101\BS66F360C\Source\Aip650.c" 1
  25  000A              	IF (10==9)  AND ( __PBP__ > 2 )
  25  000A              ;# 25 "D:\HF\MDST\Code\BS66F360C_CTOUCH_V512_20231101\BS66F360C\Source\Aip650.c" 1
  25  000A              	NOP
  25  000A              	ENDIF
  25  000A              ;# 25 "D:\HF\MDST\Code\BS66F360C_CTOUCH_V512_20231101\BS66F360C\Source\Aip650.c" 1
  25  000A              	IF (10< ( 8 + __PBP__ * 2)) AND (10>( 3 + __PBP__ * 2))
  25  000A              ;# 25 "D:\HF\MDST\Code\BS66F360C_CTOUCH_V512_20231101\BS66F360C\Source\Aip650.c" 1
  25  000A              	fcall __DELAY3 + ( 7 + __PBP__ * 2) -10
  25  000A              	ENDIF
  25  000A              ;# 25 "D:\HF\MDST\Code\BS66F360C_CTOUCH_V512_20231101\BS66F360C\Source\Aip650.c" 1
  25  000A              	IF (10< ( 0404h + __PBP__ * 2)) AND (10>( 7 + __PBP__ * 2))
  25  000A              ;# 25 "D:\HF\MDST\Code\BS66F360C_CTOUCH_V512_20231101\BS66F360C\Source\Aip650.c" 1
  25  000A  0F01        	MOV A,(10-( 4 + __PBP__ * 2))/4
  25  000B              ;# 25 "D:\HF\MDST\Code\BS66F360C_CTOUCH_V512_20231101\BS66F360C\Source\Aip650.c" 1
  25  000B              	fcall __DELAYX3 + 3 -((10-( 4 + __PBP__ * 2)) MOD 4) 
  25  0012              	ENDIF
  25  0012              ;# 25 "D:\HF\MDST\Code\BS66F360C_CTOUCH_V512_20231101\BS66F360C\Source\Aip650.c" 1
  25  0012              	IF (10< ( 040bh + __PBP__ * 2)) AND (10> ( 0403h + __PBP__ * 2))
  25  0012              ;# 25 "D:\HF\MDST\Code\BS66F360C_CTOUCH_V512_20231101\BS66F360C\Source\Aip650.c" 1
  25  0012              	MOV A,0 
  25  0012              ;# 25 "D:\HF\MDST\Code\BS66F360C_CTOUCH_V512_20231101\BS66F360C\Source\Aip650.c" 1
  25  0012              	fcall __DELAYX6 + ( 040ah + __PBP__ * 2) -10
  25  0012              	ENDIF
  25  0012              ;# 25 "D:\HF\MDST\Code\BS66F360C_CTOUCH_V512_20231101\BS66F360C\Source\Aip650.c" 1
  25  0012              	IF (10 >= ( 040bh + __PBP__ * 2)) AND ((((10-( 9 + __PBP__ * 2))%0402h)/4+1)>256)
  25  0012              ;# 25 "D:\HF\MDST\Code\BS66F360C_CTOUCH_V512_20231101\BS66F360C\Source\Aip650.c" 1
  25  0012              	MOV A,(10-( 9 + __PBP__ * 2))/0402h
  25  0012              ;# 25 "D:\HF\MDST\Code\BS66F360C_CTOUCH_V512_20231101\BS66F360C\Source\Aip650.c" 1
  25  0012              	MOV _builtin_holtek_delay_2,A
  25  0012              ;# 25 "D:\HF\MDST\Code\BS66F360C_CTOUCH_V512_20231101\BS66F360C\Source\Aip650.c" 1
  25  0012              	MOV A,0
  25  0012              ;# 25 "D:\HF\MDST\Code\BS66F360C_CTOUCH_V512_20231101\BS66F360C\Source\Aip650.c" 1
  25  0012              	fcall __DELAYY5 +5- (((10-( 9 + __PBP__ * 2))%0402h)%6) 
  25  0012              	ENDIF
  25  0012              ;# 25 "D:\HF\MDST\Code\BS66F360C_CTOUCH_V512_20231101\BS66F360C\Source\Aip650.c" 1
  25  0012              	IF (10 >= ( 040bh + __PBP__ * 2)) AND ((((10-( 9 + __PBP__ * 2))%0402h)/4+1)<=256)
  25  0012              ;# 25 "D:\HF\MDST\Code\BS66F360C_CTOUCH_V512_20231101\BS66F360C\Source\Aip650.c" 1
  25  0012              	MOV A,(10-( 9 + __PBP__ * 2))/0402h
  25  0012              ;# 25 "D:\HF\MDST\Code\BS66F360C_CTOUCH_V512_20231101\BS66F360C\Source\Aip650.c" 1
  25  0012              	MOV _builtin_holtek_delay_2,A
  25  0012              ;# 25 "D:\HF\MDST\Code\BS66F360C_CTOUCH_V512_20231101\BS66F360C\Source\Aip650.c" 1
  25  0012              	MOV A,((10-( 9 + __PBP__ * 2))%0402h)/4+1
  25  0012              ;# 25 "D:\HF\MDST\Code\BS66F360C_CTOUCH_V512_20231101\BS66F360C\Source\Aip650.c" 1
  25  0012              	fcall __DELAYY3 +3-(((10-( 9 + __PBP__ * 2))%0402h)%4) 
  25  0012              	ENDIF
  26  0012              #line 26 "D:\HF\MDST\Code\BS66F360C_CTOUCH_V512_20231101\BS66F360C\Source\Aip650.c"
  26  0012  3124        	set [36].2
  27  0013              #line 27 "D:\HF\MDST\Code\BS66F360C_CTOUCH_V512_20231101\BS66F360C\Source\Aip650.c"
文件：Aip650.c     编译器版本 HGASM 0202 页次8

  27  0013              ;# 27 "D:\HF\MDST\Code\BS66F360C_CTOUCH_V512_20231101\BS66F360C\Source\Aip650.c" 1
  27  0013              	IF 10>263690
  27  0013              ;# 27 "D:\HF\MDST\Code\BS66F360C_CTOUCH_V512_20231101\BS66F360C\Source\Aip650.c" 1
  27  0013              	ERRMESSAGE 'the value 10of the argument exceeds the maxinum 263690'
  27  0013              	ENDIF
  27  0013              ;# 27 "D:\HF\MDST\Code\BS66F360C_CTOUCH_V512_20231101\BS66F360C\Source\Aip650.c" 1
  27  0013              	IF 10<0
  27  0013              ;# 27 "D:\HF\MDST\Code\BS66F360C_CTOUCH_V512_20231101\BS66F360C\Source\Aip650.c" 1
  27  0013              	ERRMESSAGE 'the value 10 of the argument exceeds the mininum 0'
  27  0013              	ENDIF
  27  0013              ;# 27 "D:\HF\MDST\Code\BS66F360C_CTOUCH_V512_20231101\BS66F360C\Source\Aip650.c" 1
  27  0013              	IF 10==0
  27  0013              ;# 27 "D:\HF\MDST\Code\BS66F360C_CTOUCH_V512_20231101\BS66F360C\Source\Aip650.c" 1
  27  0013              	JMP $
  27  0013              	ENDIF
  27  0013              ;# 27 "D:\HF\MDST\Code\BS66F360C_CTOUCH_V512_20231101\BS66F360C\Source\Aip650.c" 1
  27  0013              	IF (10>=1) AND (10<( 4 + __PBP__ * 2))
  27  0013              ;# 27 "D:\HF\MDST\Code\BS66F360C_CTOUCH_V512_20231101\BS66F360C\Source\Aip650.c" 1
  27  0013              	NOP
  27  0013              	ENDIF
  27  0013              ;# 27 "D:\HF\MDST\Code\BS66F360C_CTOUCH_V512_20231101\BS66F360C\Source\Aip650.c" 1
  27  0013              	IF (10>=2) AND (10<( 4 + __PBP__ * 2))
  27  0013              ;# 27 "D:\HF\MDST\Code\BS66F360C_CTOUCH_V512_20231101\BS66F360C\Source\Aip650.c" 1
  27  0013              	NOP
  27  0013              	ENDIF
  27  0013              ;# 27 "D:\HF\MDST\Code\BS66F360C_CTOUCH_V512_20231101\BS66F360C\Source\Aip650.c" 1
  27  0013              	IF (10>=3) AND (10<( 4 + __PBP__ * 2))
  27  0013              ;# 27 "D:\HF\MDST\Code\BS66F360C_CTOUCH_V512_20231101\BS66F360C\Source\Aip650.c" 1
  27  0013              	NOP
  27  0013              	ENDIF
  27  0013              ;# 27 "D:\HF\MDST\Code\BS66F360C_CTOUCH_V512_20231101\BS66F360C\Source\Aip650.c" 1
  27  0013              	IF (10>=4) AND (10<( 4 + __PBP__ * 2)) AND ( __PBP__ > 0 )
  27  0013              ;# 27 "D:\HF\MDST\Code\BS66F360C_CTOUCH_V512_20231101\BS66F360C\Source\Aip650.c" 1
  27  0013              	NOP
  27  0013              	ENDIF
  27  0013              ;# 27 "D:\HF\MDST\Code\BS66F360C_CTOUCH_V512_20231101\BS66F360C\Source\Aip650.c" 1
  27  0013              	IF (10>=5) AND (10<( 4 + __PBP__ * 2)) AND ( __PBP__ > 0 )
  27  0013              ;# 27 "D:\HF\MDST\Code\BS66F360C_CTOUCH_V512_20231101\BS66F360C\Source\Aip650.c" 1
  27  0013              	NOP
  27  0013              	ENDIF
  27  0013              ;# 27 "D:\HF\MDST\Code\BS66F360C_CTOUCH_V512_20231101\BS66F360C\Source\Aip650.c" 1
  27  0013              	IF (10>=6) AND (10<( 4 + __PBP__ * 2))  AND ( __PBP__ > 1 )
  27  0013              ;# 27 "D:\HF\MDST\Code\BS66F360C_CTOUCH_V512_20231101\BS66F360C\Source\Aip650.c" 1
  27  0013              	NOP
  27  0013              	ENDIF
  27  0013              ;# 27 "D:\HF\MDST\Code\BS66F360C_CTOUCH_V512_20231101\BS66F360C\Source\Aip650.c" 1
  27  0013              	IF (10>=7) AND (10<( 4 + __PBP__ * 2))  AND ( __PBP__ > 1 )
  27  0013              ;# 27 "D:\HF\MDST\Code\BS66F360C_CTOUCH_V512_20231101\BS66F360C\Source\Aip650.c" 1
  27  0013              	NOP
  27  0013              	ENDIF
  27  0013              ;# 27 "D:\HF\MDST\Code\BS66F360C_CTOUCH_V512_20231101\BS66F360C\Source\Aip650.c" 1
  27  0013              	IF (10>=8) AND (10<( 4 + __PBP__ * 2))  AND ( __PBP__ > 2 )
  27  0013              ;# 27 "D:\HF\MDST\Code\BS66F360C_CTOUCH_V512_20231101\BS66F360C\Source\Aip650.c" 1
  27  0013              	NOP
  27  0013              	ENDIF
  27  0013              ;# 27 "D:\HF\MDST\Code\BS66F360C_CTOUCH_V512_20231101\BS66F360C\Source\Aip650.c" 1
  27  0013              	IF (10==9)  AND ( __PBP__ > 2 )
  27  0013              ;# 27 "D:\HF\MDST\Code\BS66F360C_CTOUCH_V512_20231101\BS66F360C\Source\Aip650.c" 1
  27  0013              	NOP
  27  0013              	ENDIF
文件：Aip650.c     编译器版本 HGASM 0202 页次9

  27  0013              ;# 27 "D:\HF\MDST\Code\BS66F360C_CTOUCH_V512_20231101\BS66F360C\Source\Aip650.c" 1
  27  0013              	IF (10< ( 8 + __PBP__ * 2)) AND (10>( 3 + __PBP__ * 2))
  27  0013              ;# 27 "D:\HF\MDST\Code\BS66F360C_CTOUCH_V512_20231101\BS66F360C\Source\Aip650.c" 1
  27  0013              	fcall __DELAY3 + ( 7 + __PBP__ * 2) -10
  27  0013              	ENDIF
  27  0013              ;# 27 "D:\HF\MDST\Code\BS66F360C_CTOUCH_V512_20231101\BS66F360C\Source\Aip650.c" 1
  27  0013              	IF (10< ( 0404h + __PBP__ * 2)) AND (10>( 7 + __PBP__ * 2))
  27  0013              ;# 27 "D:\HF\MDST\Code\BS66F360C_CTOUCH_V512_20231101\BS66F360C\Source\Aip650.c" 1
  27  0013  0F01        	MOV A,(10-( 4 + __PBP__ * 2))/4
  27  0014              ;# 27 "D:\HF\MDST\Code\BS66F360C_CTOUCH_V512_20231101\BS66F360C\Source\Aip650.c" 1
  27  0014              	fcall __DELAYX3 + 3 -((10-( 4 + __PBP__ * 2)) MOD 4) 
  27  001B              	ENDIF
  27  001B              ;# 27 "D:\HF\MDST\Code\BS66F360C_CTOUCH_V512_20231101\BS66F360C\Source\Aip650.c" 1
  27  001B              	IF (10< ( 040bh + __PBP__ * 2)) AND (10> ( 0403h + __PBP__ * 2))
  27  001B              ;# 27 "D:\HF\MDST\Code\BS66F360C_CTOUCH_V512_20231101\BS66F360C\Source\Aip650.c" 1
  27  001B              	MOV A,0 
  27  001B              ;# 27 "D:\HF\MDST\Code\BS66F360C_CTOUCH_V512_20231101\BS66F360C\Source\Aip650.c" 1
  27  001B              	fcall __DELAYX6 + ( 040ah + __PBP__ * 2) -10
  27  001B              	ENDIF
  27  001B              ;# 27 "D:\HF\MDST\Code\BS66F360C_CTOUCH_V512_20231101\BS66F360C\Source\Aip650.c" 1
  27  001B              	IF (10 >= ( 040bh + __PBP__ * 2)) AND ((((10-( 9 + __PBP__ * 2))%0402h)/4+1)>256)
  27  001B              ;# 27 "D:\HF\MDST\Code\BS66F360C_CTOUCH_V512_20231101\BS66F360C\Source\Aip650.c" 1
  27  001B              	MOV A,(10-( 9 + __PBP__ * 2))/0402h
  27  001B              ;# 27 "D:\HF\MDST\Code\BS66F360C_CTOUCH_V512_20231101\BS66F360C\Source\Aip650.c" 1
  27  001B              	MOV _builtin_holtek_delay_2,A
  27  001B              ;# 27 "D:\HF\MDST\Code\BS66F360C_CTOUCH_V512_20231101\BS66F360C\Source\Aip650.c" 1
  27  001B              	MOV A,0
  27  001B              ;# 27 "D:\HF\MDST\Code\BS66F360C_CTOUCH_V512_20231101\BS66F360C\Source\Aip650.c" 1
  27  001B              	fcall __DELAYY5 +5- (((10-( 9 + __PBP__ * 2))%0402h)%6) 
  27  001B              	ENDIF
  27  001B              ;# 27 "D:\HF\MDST\Code\BS66F360C_CTOUCH_V512_20231101\BS66F360C\Source\Aip650.c" 1
  27  001B              	IF (10 >= ( 040bh + __PBP__ * 2)) AND ((((10-( 9 + __PBP__ * 2))%0402h)/4+1)<=256)
  27  001B              ;# 27 "D:\HF\MDST\Code\BS66F360C_CTOUCH_V512_20231101\BS66F360C\Source\Aip650.c" 1
  27  001B              	MOV A,(10-( 9 + __PBP__ * 2))/0402h
  27  001B              ;# 27 "D:\HF\MDST\Code\BS66F360C_CTOUCH_V512_20231101\BS66F360C\Source\Aip650.c" 1
  27  001B              	MOV _builtin_holtek_delay_2,A
  27  001B              ;# 27 "D:\HF\MDST\Code\BS66F360C_CTOUCH_V512_20231101\BS66F360C\Source\Aip650.c" 1
  27  001B              	MOV A,((10-( 9 + __PBP__ * 2))%0402h)/4+1
  27  001B              ;# 27 "D:\HF\MDST\Code\BS66F360C_CTOUCH_V512_20231101\BS66F360C\Source\Aip650.c" 1
  27  001B              	fcall __DELAYY3 +3-(((10-( 9 + __PBP__ * 2))%0402h)%4) 
  27  001B              	ENDIF
  27  001B  0003        	ret
  27  001C              _AIP650_End endp
  27  001C              #line 27 "D:\HF\MDST\Code\BS66F360C_CTOUCH_V512_20231101\BS66F360C\Source\Aip650.c"
  27  001C              #pragma debug scope 1 1
  27  001C              public _AIP650_SendByte
  27  001C              #pragma debug scope 5 1
  32  001C              #line 32 "D:\HF\MDST\Code\BS66F360C_CTOUCH_V512_20231101\BS66F360C\Source\Aip650.c"
  32  0000              _AIP650_SendByte .section 'code'
  32  0000              _AIP650_SendByte proc
  32  0000  00              local _AIP650_SendByte_2 db 1 dup(?)	; 0,1
  32  0000  0080     R  	mov _AIP650_SendByte_2[0],a
  32  0001              #pragma debug variable 8 5 _AIP650_SendByte_2+0 "Sdata"
  32  0001  0F08        	mov a,8
  32  0002  0080     E  	mov ra,a
  32  0003              _L8:
  36  0003              #line 36 "D:\HF\MDST\Code\BS66F360C_CTOUCH_V512_20231101\BS66F360C\Source\Aip650.c"
  36  0003  3800     R  	snz _AIP650_SendByte_2[0].7
  36  0004  2800     R  	jmp _L5
  36  0005  3124        	set [36].2
文件：Aip650.c     编译器版本 HGASM 0202 页次10

  36  0006  2800     R  	jmp _L6
  36  0007              _L5:
  37  0007              #line 37 "D:\HF\MDST\Code\BS66F360C_CTOUCH_V512_20231101\BS66F360C\Source\Aip650.c"
  37  0007  3524        	clr [36].2
  37  0008              _L6:
  38  0008              #line 38 "D:\HF\MDST\Code\BS66F360C_CTOUCH_V512_20231101\BS66F360C\Source\Aip650.c"
  38  0008              ;# 38 "D:\HF\MDST\Code\BS66F360C_CTOUCH_V512_20231101\BS66F360C\Source\Aip650.c" 1
  38  0008              	IF 5>263690
  38  0008              ;# 38 "D:\HF\MDST\Code\BS66F360C_CTOUCH_V512_20231101\BS66F360C\Source\Aip650.c" 1
  38  0008              	ERRMESSAGE 'the value 5of the argument exceeds the maxinum 263690'
  38  0008              	ENDIF
  38  0008              ;# 38 "D:\HF\MDST\Code\BS66F360C_CTOUCH_V512_20231101\BS66F360C\Source\Aip650.c" 1
  38  0008              	IF 5<0
  38  0008              ;# 38 "D:\HF\MDST\Code\BS66F360C_CTOUCH_V512_20231101\BS66F360C\Source\Aip650.c" 1
  38  0008              	ERRMESSAGE 'the value 5 of the argument exceeds the mininum 0'
  38  0008              	ENDIF
  38  0008              ;# 38 "D:\HF\MDST\Code\BS66F360C_CTOUCH_V512_20231101\BS66F360C\Source\Aip650.c" 1
  38  0008              	IF 5==0
  38  0008              ;# 38 "D:\HF\MDST\Code\BS66F360C_CTOUCH_V512_20231101\BS66F360C\Source\Aip650.c" 1
  38  0008              	JMP $
  38  0008              	ENDIF
  38  0008              ;# 38 "D:\HF\MDST\Code\BS66F360C_CTOUCH_V512_20231101\BS66F360C\Source\Aip650.c" 1
  38  0008              	IF (5>=1) AND (5<( 4 + __PBP__ * 2))
  38  0008              ;# 38 "D:\HF\MDST\Code\BS66F360C_CTOUCH_V512_20231101\BS66F360C\Source\Aip650.c" 1
  38  0008  0000        	NOP
  38  0009              	ENDIF
  38  0009              ;# 38 "D:\HF\MDST\Code\BS66F360C_CTOUCH_V512_20231101\BS66F360C\Source\Aip650.c" 1
  38  0009              	IF (5>=2) AND (5<( 4 + __PBP__ * 2))
  38  0009              ;# 38 "D:\HF\MDST\Code\BS66F360C_CTOUCH_V512_20231101\BS66F360C\Source\Aip650.c" 1
  38  0009  0000        	NOP
  38  000A              	ENDIF
  38  000A              ;# 38 "D:\HF\MDST\Code\BS66F360C_CTOUCH_V512_20231101\BS66F360C\Source\Aip650.c" 1
  38  000A              	IF (5>=3) AND (5<( 4 + __PBP__ * 2))
  38  000A              ;# 38 "D:\HF\MDST\Code\BS66F360C_CTOUCH_V512_20231101\BS66F360C\Source\Aip650.c" 1
  38  000A  0000        	NOP
  38  000B              	ENDIF
  38  000B              ;# 38 "D:\HF\MDST\Code\BS66F360C_CTOUCH_V512_20231101\BS66F360C\Source\Aip650.c" 1
  38  000B              	IF (5>=4) AND (5<( 4 + __PBP__ * 2)) AND ( __PBP__ > 0 )
  38  000B              ;# 38 "D:\HF\MDST\Code\BS66F360C_CTOUCH_V512_20231101\BS66F360C\Source\Aip650.c" 1
  38  000B  0000        	NOP
  38  000C              	ENDIF
  38  000C              ;# 38 "D:\HF\MDST\Code\BS66F360C_CTOUCH_V512_20231101\BS66F360C\Source\Aip650.c" 1
  38  000C              	IF (5>=5) AND (5<( 4 + __PBP__ * 2)) AND ( __PBP__ > 0 )
  38  000C              ;# 38 "D:\HF\MDST\Code\BS66F360C_CTOUCH_V512_20231101\BS66F360C\Source\Aip650.c" 1
  38  000C  0000        	NOP
  38  000D              	ENDIF
  38  000D              ;# 38 "D:\HF\MDST\Code\BS66F360C_CTOUCH_V512_20231101\BS66F360C\Source\Aip650.c" 1
  38  000D              	IF (5>=6) AND (5<( 4 + __PBP__ * 2))  AND ( __PBP__ > 1 )
  38  000D              ;# 38 "D:\HF\MDST\Code\BS66F360C_CTOUCH_V512_20231101\BS66F360C\Source\Aip650.c" 1
  38  000D              	NOP
  38  000D              	ENDIF
  38  000D              ;# 38 "D:\HF\MDST\Code\BS66F360C_CTOUCH_V512_20231101\BS66F360C\Source\Aip650.c" 1
  38  000D              	IF (5>=7) AND (5<( 4 + __PBP__ * 2))  AND ( __PBP__ > 1 )
  38  000D              ;# 38 "D:\HF\MDST\Code\BS66F360C_CTOUCH_V512_20231101\BS66F360C\Source\Aip650.c" 1
  38  000D              	NOP
  38  000D              	ENDIF
  38  000D              ;# 38 "D:\HF\MDST\Code\BS66F360C_CTOUCH_V512_20231101\BS66F360C\Source\Aip650.c" 1
  38  000D              	IF (5>=8) AND (5<( 4 + __PBP__ * 2))  AND ( __PBP__ > 2 )
  38  000D              ;# 38 "D:\HF\MDST\Code\BS66F360C_CTOUCH_V512_20231101\BS66F360C\Source\Aip650.c" 1
  38  000D              	NOP
文件：Aip650.c     编译器版本 HGASM 0202 页次11

  38  000D              	ENDIF
  38  000D              ;# 38 "D:\HF\MDST\Code\BS66F360C_CTOUCH_V512_20231101\BS66F360C\Source\Aip650.c" 1
  38  000D              	IF (5==9)  AND ( __PBP__ > 2 )
  38  000D              ;# 38 "D:\HF\MDST\Code\BS66F360C_CTOUCH_V512_20231101\BS66F360C\Source\Aip650.c" 1
  38  000D              	NOP
  38  000D              	ENDIF
  38  000D              ;# 38 "D:\HF\MDST\Code\BS66F360C_CTOUCH_V512_20231101\BS66F360C\Source\Aip650.c" 1
  38  000D              	IF (5< ( 8 + __PBP__ * 2)) AND (5>( 3 + __PBP__ * 2))
  38  000D              ;# 38 "D:\HF\MDST\Code\BS66F360C_CTOUCH_V512_20231101\BS66F360C\Source\Aip650.c" 1
  38  000D              	fcall __DELAY3 + ( 7 + __PBP__ * 2) -5
  38  000D              	ENDIF
  38  000D              ;# 38 "D:\HF\MDST\Code\BS66F360C_CTOUCH_V512_20231101\BS66F360C\Source\Aip650.c" 1
  38  000D              	IF (5< ( 0404h + __PBP__ * 2)) AND (5>( 7 + __PBP__ * 2))
  38  000D              ;# 38 "D:\HF\MDST\Code\BS66F360C_CTOUCH_V512_20231101\BS66F360C\Source\Aip650.c" 1
  38  000D              	MOV A,(5-( 4 + __PBP__ * 2))/4
  38  000D              ;# 38 "D:\HF\MDST\Code\BS66F360C_CTOUCH_V512_20231101\BS66F360C\Source\Aip650.c" 1
  38  000D              	fcall __DELAYX3 + 3 -((5-( 4 + __PBP__ * 2)) MOD 4) 
  38  000D              	ENDIF
  38  000D              ;# 38 "D:\HF\MDST\Code\BS66F360C_CTOUCH_V512_20231101\BS66F360C\Source\Aip650.c" 1
  38  000D              	IF (5< ( 040bh + __PBP__ * 2)) AND (5> ( 0403h + __PBP__ * 2))
  38  000D              ;# 38 "D:\HF\MDST\Code\BS66F360C_CTOUCH_V512_20231101\BS66F360C\Source\Aip650.c" 1
  38  000D              	MOV A,0 
  38  000D              ;# 38 "D:\HF\MDST\Code\BS66F360C_CTOUCH_V512_20231101\BS66F360C\Source\Aip650.c" 1
  38  000D              	fcall __DELAYX6 + ( 040ah + __PBP__ * 2) -5
  38  000D              	ENDIF
  38  000D              ;# 38 "D:\HF\MDST\Code\BS66F360C_CTOUCH_V512_20231101\BS66F360C\Source\Aip650.c" 1
  38  000D              	IF (5 >= ( 040bh + __PBP__ * 2)) AND ((((5-( 9 + __PBP__ * 2))%0402h)/4+1)>256)
  38  000D              ;# 38 "D:\HF\MDST\Code\BS66F360C_CTOUCH_V512_20231101\BS66F360C\Source\Aip650.c" 1
  38  000D              	MOV A,(5-( 9 + __PBP__ * 2))/0402h
  38  000D              ;# 38 "D:\HF\MDST\Code\BS66F360C_CTOUCH_V512_20231101\BS66F360C\Source\Aip650.c" 1
  38  000D              	MOV _builtin_holtek_delay_2,A
  38  000D              ;# 38 "D:\HF\MDST\Code\BS66F360C_CTOUCH_V512_20231101\BS66F360C\Source\Aip650.c" 1
  38  000D              	MOV A,0
  38  000D              ;# 38 "D:\HF\MDST\Code\BS66F360C_CTOUCH_V512_20231101\BS66F360C\Source\Aip650.c" 1
  38  000D              	fcall __DELAYY5 +5- (((5-( 9 + __PBP__ * 2))%0402h)%6) 
  38  000D              	ENDIF
  38  000D              ;# 38 "D:\HF\MDST\Code\BS66F360C_CTOUCH_V512_20231101\BS66F360C\Source\Aip650.c" 1
  38  000D              	IF (5 >= ( 040bh + __PBP__ * 2)) AND ((((5-( 9 + __PBP__ * 2))%0402h)/4+1)<=256)
  38  000D              ;# 38 "D:\HF\MDST\Code\BS66F360C_CTOUCH_V512_20231101\BS66F360C\Source\Aip650.c" 1
  38  000D              	MOV A,(5-( 9 + __PBP__ * 2))/0402h
  38  000D              ;# 38 "D:\HF\MDST\Code\BS66F360C_CTOUCH_V512_20231101\BS66F360C\Source\Aip650.c" 1
  38  000D              	MOV _builtin_holtek_delay_2,A
  38  000D              ;# 38 "D:\HF\MDST\Code\BS66F360C_CTOUCH_V512_20231101\BS66F360C\Source\Aip650.c" 1
  38  000D              	MOV A,((5-( 9 + __PBP__ * 2))%0402h)/4+1
  38  000D              ;# 38 "D:\HF\MDST\Code\BS66F360C_CTOUCH_V512_20231101\BS66F360C\Source\Aip650.c" 1
  38  000D              	fcall __DELAYY3 +3-(((5-( 9 + __PBP__ * 2))%0402h)%4) 
  38  000D              	ENDIF
  39  000D              #line 39 "D:\HF\MDST\Code\BS66F360C_CTOUCH_V512_20231101\BS66F360C\Source\Aip650.c"
  39  000D  30A7        	set [39].1
  40  000E              #line 40 "D:\HF\MDST\Code\BS66F360C_CTOUCH_V512_20231101\BS66F360C\Source\Aip650.c"
  40  000E              ;# 40 "D:\HF\MDST\Code\BS66F360C_CTOUCH_V512_20231101\BS66F360C\Source\Aip650.c" 1
  40  000E              	IF 5>263690
  40  000E              ;# 40 "D:\HF\MDST\Code\BS66F360C_CTOUCH_V512_20231101\BS66F360C\Source\Aip650.c" 1
  40  000E              	ERRMESSAGE 'the value 5of the argument exceeds the maxinum 263690'
  40  000E              	ENDIF
  40  000E              ;# 40 "D:\HF\MDST\Code\BS66F360C_CTOUCH_V512_20231101\BS66F360C\Source\Aip650.c" 1
  40  000E              	IF 5<0
  40  000E              ;# 40 "D:\HF\MDST\Code\BS66F360C_CTOUCH_V512_20231101\BS66F360C\Source\Aip650.c" 1
  40  000E              	ERRMESSAGE 'the value 5 of the argument exceeds the mininum 0'
  40  000E              	ENDIF
文件：Aip650.c     编译器版本 HGASM 0202 页次12

  40  000E              ;# 40 "D:\HF\MDST\Code\BS66F360C_CTOUCH_V512_20231101\BS66F360C\Source\Aip650.c" 1
  40  000E              	IF 5==0
  40  000E              ;# 40 "D:\HF\MDST\Code\BS66F360C_CTOUCH_V512_20231101\BS66F360C\Source\Aip650.c" 1
  40  000E              	JMP $
  40  000E              	ENDIF
  40  000E              ;# 40 "D:\HF\MDST\Code\BS66F360C_CTOUCH_V512_20231101\BS66F360C\Source\Aip650.c" 1
  40  000E              	IF (5>=1) AND (5<( 4 + __PBP__ * 2))
  40  000E              ;# 40 "D:\HF\MDST\Code\BS66F360C_CTOUCH_V512_20231101\BS66F360C\Source\Aip650.c" 1
  40  000E  0000        	NOP
  40  000F              	ENDIF
  40  000F              ;# 40 "D:\HF\MDST\Code\BS66F360C_CTOUCH_V512_20231101\BS66F360C\Source\Aip650.c" 1
  40  000F              	IF (5>=2) AND (5<( 4 + __PBP__ * 2))
  40  000F              ;# 40 "D:\HF\MDST\Code\BS66F360C_CTOUCH_V512_20231101\BS66F360C\Source\Aip650.c" 1
  40  000F  0000        	NOP
  40  0010              	ENDIF
  40  0010              ;# 40 "D:\HF\MDST\Code\BS66F360C_CTOUCH_V512_20231101\BS66F360C\Source\Aip650.c" 1
  40  0010              	IF (5>=3) AND (5<( 4 + __PBP__ * 2))
  40  0010              ;# 40 "D:\HF\MDST\Code\BS66F360C_CTOUCH_V512_20231101\BS66F360C\Source\Aip650.c" 1
  40  0010  0000        	NOP
  40  0011              	ENDIF
  40  0011              ;# 40 "D:\HF\MDST\Code\BS66F360C_CTOUCH_V512_20231101\BS66F360C\Source\Aip650.c" 1
  40  0011              	IF (5>=4) AND (5<( 4 + __PBP__ * 2)) AND ( __PBP__ > 0 )
  40  0011              ;# 40 "D:\HF\MDST\Code\BS66F360C_CTOUCH_V512_20231101\BS66F360C\Source\Aip650.c" 1
  40  0011  0000        	NOP
  40  0012              	ENDIF
  40  0012              ;# 40 "D:\HF\MDST\Code\BS66F360C_CTOUCH_V512_20231101\BS66F360C\Source\Aip650.c" 1
  40  0012              	IF (5>=5) AND (5<( 4 + __PBP__ * 2)) AND ( __PBP__ > 0 )
  40  0012              ;# 40 "D:\HF\MDST\Code\BS66F360C_CTOUCH_V512_20231101\BS66F360C\Source\Aip650.c" 1
  40  0012  0000        	NOP
  40  0013              	ENDIF
  40  0013              ;# 40 "D:\HF\MDST\Code\BS66F360C_CTOUCH_V512_20231101\BS66F360C\Source\Aip650.c" 1
  40  0013              	IF (5>=6) AND (5<( 4 + __PBP__ * 2))  AND ( __PBP__ > 1 )
  40  0013              ;# 40 "D:\HF\MDST\Code\BS66F360C_CTOUCH_V512_20231101\BS66F360C\Source\Aip650.c" 1
  40  0013              	NOP
  40  0013              	ENDIF
  40  0013              ;# 40 "D:\HF\MDST\Code\BS66F360C_CTOUCH_V512_20231101\BS66F360C\Source\Aip650.c" 1
  40  0013              	IF (5>=7) AND (5<( 4 + __PBP__ * 2))  AND ( __PBP__ > 1 )
  40  0013              ;# 40 "D:\HF\MDST\Code\BS66F360C_CTOUCH_V512_20231101\BS66F360C\Source\Aip650.c" 1
  40  0013              	NOP
  40  0013              	ENDIF
  40  0013              ;# 40 "D:\HF\MDST\Code\BS66F360C_CTOUCH_V512_20231101\BS66F360C\Source\Aip650.c" 1
  40  0013              	IF (5>=8) AND (5<( 4 + __PBP__ * 2))  AND ( __PBP__ > 2 )
  40  0013              ;# 40 "D:\HF\MDST\Code\BS66F360C_CTOUCH_V512_20231101\BS66F360C\Source\Aip650.c" 1
  40  0013              	NOP
  40  0013              	ENDIF
  40  0013              ;# 40 "D:\HF\MDST\Code\BS66F360C_CTOUCH_V512_20231101\BS66F360C\Source\Aip650.c" 1
  40  0013              	IF (5==9)  AND ( __PBP__ > 2 )
  40  0013              ;# 40 "D:\HF\MDST\Code\BS66F360C_CTOUCH_V512_20231101\BS66F360C\Source\Aip650.c" 1
  40  0013              	NOP
  40  0013              	ENDIF
  40  0013              ;# 40 "D:\HF\MDST\Code\BS66F360C_CTOUCH_V512_20231101\BS66F360C\Source\Aip650.c" 1
  40  0013              	IF (5< ( 8 + __PBP__ * 2)) AND (5>( 3 + __PBP__ * 2))
  40  0013              ;# 40 "D:\HF\MDST\Code\BS66F360C_CTOUCH_V512_20231101\BS66F360C\Source\Aip650.c" 1
  40  0013              	fcall __DELAY3 + ( 7 + __PBP__ * 2) -5
  40  0013              	ENDIF
  40  0013              ;# 40 "D:\HF\MDST\Code\BS66F360C_CTOUCH_V512_20231101\BS66F360C\Source\Aip650.c" 1
  40  0013              	IF (5< ( 0404h + __PBP__ * 2)) AND (5>( 7 + __PBP__ * 2))
  40  0013              ;# 40 "D:\HF\MDST\Code\BS66F360C_CTOUCH_V512_20231101\BS66F360C\Source\Aip650.c" 1
  40  0013              	MOV A,(5-( 4 + __PBP__ * 2))/4
  40  0013              ;# 40 "D:\HF\MDST\Code\BS66F360C_CTOUCH_V512_20231101\BS66F360C\Source\Aip650.c" 1
文件：Aip650.c     编译器版本 HGASM 0202 页次13

  40  0013              	fcall __DELAYX3 + 3 -((5-( 4 + __PBP__ * 2)) MOD 4) 
  40  0013              	ENDIF
  40  0013              ;# 40 "D:\HF\MDST\Code\BS66F360C_CTOUCH_V512_20231101\BS66F360C\Source\Aip650.c" 1
  40  0013              	IF (5< ( 040bh + __PBP__ * 2)) AND (5> ( 0403h + __PBP__ * 2))
  40  0013              ;# 40 "D:\HF\MDST\Code\BS66F360C_CTOUCH_V512_20231101\BS66F360C\Source\Aip650.c" 1
  40  0013              	MOV A,0 
  40  0013              ;# 40 "D:\HF\MDST\Code\BS66F360C_CTOUCH_V512_20231101\BS66F360C\Source\Aip650.c" 1
  40  0013              	fcall __DELAYX6 + ( 040ah + __PBP__ * 2) -5
  40  0013              	ENDIF
  40  0013              ;# 40 "D:\HF\MDST\Code\BS66F360C_CTOUCH_V512_20231101\BS66F360C\Source\Aip650.c" 1
  40  0013              	IF (5 >= ( 040bh + __PBP__ * 2)) AND ((((5-( 9 + __PBP__ * 2))%0402h)/4+1)>256)
  40  0013              ;# 40 "D:\HF\MDST\Code\BS66F360C_CTOUCH_V512_20231101\BS66F360C\Source\Aip650.c" 1
  40  0013              	MOV A,(5-( 9 + __PBP__ * 2))/0402h
  40  0013              ;# 40 "D:\HF\MDST\Code\BS66F360C_CTOUCH_V512_20231101\BS66F360C\Source\Aip650.c" 1
  40  0013              	MOV _builtin_holtek_delay_2,A
  40  0013              ;# 40 "D:\HF\MDST\Code\BS66F360C_CTOUCH_V512_20231101\BS66F360C\Source\Aip650.c" 1
  40  0013              	MOV A,0
  40  0013              ;# 40 "D:\HF\MDST\Code\BS66F360C_CTOUCH_V512_20231101\BS66F360C\Source\Aip650.c" 1
  40  0013              	fcall __DELAYY5 +5- (((5-( 9 + __PBP__ * 2))%0402h)%6) 
  40  0013              	ENDIF
  40  0013              ;# 40 "D:\HF\MDST\Code\BS66F360C_CTOUCH_V512_20231101\BS66F360C\Source\Aip650.c" 1
  40  0013              	IF (5 >= ( 040bh + __PBP__ * 2)) AND ((((5-( 9 + __PBP__ * 2))%0402h)/4+1)<=256)
  40  0013              ;# 40 "D:\HF\MDST\Code\BS66F360C_CTOUCH_V512_20231101\BS66F360C\Source\Aip650.c" 1
  40  0013              	MOV A,(5-( 9 + __PBP__ * 2))/0402h
  40  0013              ;# 40 "D:\HF\MDST\Code\BS66F360C_CTOUCH_V512_20231101\BS66F360C\Source\Aip650.c" 1
  40  0013              	MOV _builtin_holtek_delay_2,A
  40  0013              ;# 40 "D:\HF\MDST\Code\BS66F360C_CTOUCH_V512_20231101\BS66F360C\Source\Aip650.c" 1
  40  0013              	MOV A,((5-( 9 + __PBP__ * 2))%0402h)/4+1
  40  0013              ;# 40 "D:\HF\MDST\Code\BS66F360C_CTOUCH_V512_20231101\BS66F360C\Source\Aip650.c" 1
  40  0013              	fcall __DELAYY3 +3-(((5-( 9 + __PBP__ * 2))%0402h)%4) 
  40  0013              	ENDIF
  41  0013              #line 41 "D:\HF\MDST\Code\BS66F360C_CTOUCH_V512_20231101\BS66F360C\Source\Aip650.c"
  41  0013  34A7        	clr [39].1
  42  0014              #line 42 "D:\HF\MDST\Code\BS66F360C_CTOUCH_V512_20231101\BS66F360C\Source\Aip650.c"
  42  0014  0700     R  	mov a,_AIP650_SendByte_2[0]
  42  0015  0380     R  	addm a,_AIP650_SendByte_2[0]
  42  0016  1780     E  	sdz ra
  42  0017  2800     R  	jmp _L8
  44  0018              #line 44 "D:\HF\MDST\Code\BS66F360C_CTOUCH_V512_20231101\BS66F360C\Source\Aip650.c"
  44  0018              ;# 44 "D:\HF\MDST\Code\BS66F360C_CTOUCH_V512_20231101\BS66F360C\Source\Aip650.c" 1
  44  0018              	IF 5>263690
  44  0018              ;# 44 "D:\HF\MDST\Code\BS66F360C_CTOUCH_V512_20231101\BS66F360C\Source\Aip650.c" 1
  44  0018              	ERRMESSAGE 'the value 5of the argument exceeds the maxinum 263690'
  44  0018              	ENDIF
  44  0018              ;# 44 "D:\HF\MDST\Code\BS66F360C_CTOUCH_V512_20231101\BS66F360C\Source\Aip650.c" 1
  44  0018              	IF 5<0
  44  0018              ;# 44 "D:\HF\MDST\Code\BS66F360C_CTOUCH_V512_20231101\BS66F360C\Source\Aip650.c" 1
  44  0018              	ERRMESSAGE 'the value 5 of the argument exceeds the mininum 0'
  44  0018              	ENDIF
  44  0018              ;# 44 "D:\HF\MDST\Code\BS66F360C_CTOUCH_V512_20231101\BS66F360C\Source\Aip650.c" 1
  44  0018              	IF 5==0
  44  0018              ;# 44 "D:\HF\MDST\Code\BS66F360C_CTOUCH_V512_20231101\BS66F360C\Source\Aip650.c" 1
  44  0018              	JMP $
  44  0018              	ENDIF
  44  0018              ;# 44 "D:\HF\MDST\Code\BS66F360C_CTOUCH_V512_20231101\BS66F360C\Source\Aip650.c" 1
  44  0018              	IF (5>=1) AND (5<( 4 + __PBP__ * 2))
  44  0018              ;# 44 "D:\HF\MDST\Code\BS66F360C_CTOUCH_V512_20231101\BS66F360C\Source\Aip650.c" 1
  44  0018  0000        	NOP
  44  0019              	ENDIF
  44  0019              ;# 44 "D:\HF\MDST\Code\BS66F360C_CTOUCH_V512_20231101\BS66F360C\Source\Aip650.c" 1
文件：Aip650.c     编译器版本 HGASM 0202 页次14

  44  0019              	IF (5>=2) AND (5<( 4 + __PBP__ * 2))
  44  0019              ;# 44 "D:\HF\MDST\Code\BS66F360C_CTOUCH_V512_20231101\BS66F360C\Source\Aip650.c" 1
  44  0019  0000        	NOP
  44  001A              	ENDIF
  44  001A              ;# 44 "D:\HF\MDST\Code\BS66F360C_CTOUCH_V512_20231101\BS66F360C\Source\Aip650.c" 1
  44  001A              	IF (5>=3) AND (5<( 4 + __PBP__ * 2))
  44  001A              ;# 44 "D:\HF\MDST\Code\BS66F360C_CTOUCH_V512_20231101\BS66F360C\Source\Aip650.c" 1
  44  001A  0000        	NOP
  44  001B              	ENDIF
  44  001B              ;# 44 "D:\HF\MDST\Code\BS66F360C_CTOUCH_V512_20231101\BS66F360C\Source\Aip650.c" 1
  44  001B              	IF (5>=4) AND (5<( 4 + __PBP__ * 2)) AND ( __PBP__ > 0 )
  44  001B              ;# 44 "D:\HF\MDST\Code\BS66F360C_CTOUCH_V512_20231101\BS66F360C\Source\Aip650.c" 1
  44  001B  0000        	NOP
  44  001C              	ENDIF
  44  001C              ;# 44 "D:\HF\MDST\Code\BS66F360C_CTOUCH_V512_20231101\BS66F360C\Source\Aip650.c" 1
  44  001C              	IF (5>=5) AND (5<( 4 + __PBP__ * 2)) AND ( __PBP__ > 0 )
  44  001C              ;# 44 "D:\HF\MDST\Code\BS66F360C_CTOUCH_V512_20231101\BS66F360C\Source\Aip650.c" 1
  44  001C  0000        	NOP
  44  001D              	ENDIF
  44  001D              ;# 44 "D:\HF\MDST\Code\BS66F360C_CTOUCH_V512_20231101\BS66F360C\Source\Aip650.c" 1
  44  001D              	IF (5>=6) AND (5<( 4 + __PBP__ * 2))  AND ( __PBP__ > 1 )
  44  001D              ;# 44 "D:\HF\MDST\Code\BS66F360C_CTOUCH_V512_20231101\BS66F360C\Source\Aip650.c" 1
  44  001D              	NOP
  44  001D              	ENDIF
  44  001D              ;# 44 "D:\HF\MDST\Code\BS66F360C_CTOUCH_V512_20231101\BS66F360C\Source\Aip650.c" 1
  44  001D              	IF (5>=7) AND (5<( 4 + __PBP__ * 2))  AND ( __PBP__ > 1 )
  44  001D              ;# 44 "D:\HF\MDST\Code\BS66F360C_CTOUCH_V512_20231101\BS66F360C\Source\Aip650.c" 1
  44  001D              	NOP
  44  001D              	ENDIF
  44  001D              ;# 44 "D:\HF\MDST\Code\BS66F360C_CTOUCH_V512_20231101\BS66F360C\Source\Aip650.c" 1
  44  001D              	IF (5>=8) AND (5<( 4 + __PBP__ * 2))  AND ( __PBP__ > 2 )
  44  001D              ;# 44 "D:\HF\MDST\Code\BS66F360C_CTOUCH_V512_20231101\BS66F360C\Source\Aip650.c" 1
  44  001D              	NOP
  44  001D              	ENDIF
  44  001D              ;# 44 "D:\HF\MDST\Code\BS66F360C_CTOUCH_V512_20231101\BS66F360C\Source\Aip650.c" 1
  44  001D              	IF (5==9)  AND ( __PBP__ > 2 )
  44  001D              ;# 44 "D:\HF\MDST\Code\BS66F360C_CTOUCH_V512_20231101\BS66F360C\Source\Aip650.c" 1
  44  001D              	NOP
  44  001D              	ENDIF
  44  001D              ;# 44 "D:\HF\MDST\Code\BS66F360C_CTOUCH_V512_20231101\BS66F360C\Source\Aip650.c" 1
  44  001D              	IF (5< ( 8 + __PBP__ * 2)) AND (5>( 3 + __PBP__ * 2))
  44  001D              ;# 44 "D:\HF\MDST\Code\BS66F360C_CTOUCH_V512_20231101\BS66F360C\Source\Aip650.c" 1
  44  001D              	fcall __DELAY3 + ( 7 + __PBP__ * 2) -5
  44  001D              	ENDIF
  44  001D              ;# 44 "D:\HF\MDST\Code\BS66F360C_CTOUCH_V512_20231101\BS66F360C\Source\Aip650.c" 1
  44  001D              	IF (5< ( 0404h + __PBP__ * 2)) AND (5>( 7 + __PBP__ * 2))
  44  001D              ;# 44 "D:\HF\MDST\Code\BS66F360C_CTOUCH_V512_20231101\BS66F360C\Source\Aip650.c" 1
  44  001D              	MOV A,(5-( 4 + __PBP__ * 2))/4
  44  001D              ;# 44 "D:\HF\MDST\Code\BS66F360C_CTOUCH_V512_20231101\BS66F360C\Source\Aip650.c" 1
  44  001D              	fcall __DELAYX3 + 3 -((5-( 4 + __PBP__ * 2)) MOD 4) 
  44  001D              	ENDIF
  44  001D              ;# 44 "D:\HF\MDST\Code\BS66F360C_CTOUCH_V512_20231101\BS66F360C\Source\Aip650.c" 1
  44  001D              	IF (5< ( 040bh + __PBP__ * 2)) AND (5> ( 0403h + __PBP__ * 2))
  44  001D              ;# 44 "D:\HF\MDST\Code\BS66F360C_CTOUCH_V512_20231101\BS66F360C\Source\Aip650.c" 1
  44  001D              	MOV A,0 
  44  001D              ;# 44 "D:\HF\MDST\Code\BS66F360C_CTOUCH_V512_20231101\BS66F360C\Source\Aip650.c" 1
  44  001D              	fcall __DELAYX6 + ( 040ah + __PBP__ * 2) -5
  44  001D              	ENDIF
  44  001D              ;# 44 "D:\HF\MDST\Code\BS66F360C_CTOUCH_V512_20231101\BS66F360C\Source\Aip650.c" 1
  44  001D              	IF (5 >= ( 040bh + __PBP__ * 2)) AND ((((5-( 9 + __PBP__ * 2))%0402h)/4+1)>256)
文件：Aip650.c     编译器版本 HGASM 0202 页次15

  44  001D              ;# 44 "D:\HF\MDST\Code\BS66F360C_CTOUCH_V512_20231101\BS66F360C\Source\Aip650.c" 1
  44  001D              	MOV A,(5-( 9 + __PBP__ * 2))/0402h
  44  001D              ;# 44 "D:\HF\MDST\Code\BS66F360C_CTOUCH_V512_20231101\BS66F360C\Source\Aip650.c" 1
  44  001D              	MOV _builtin_holtek_delay_2,A
  44  001D              ;# 44 "D:\HF\MDST\Code\BS66F360C_CTOUCH_V512_20231101\BS66F360C\Source\Aip650.c" 1
  44  001D              	MOV A,0
  44  001D              ;# 44 "D:\HF\MDST\Code\BS66F360C_CTOUCH_V512_20231101\BS66F360C\Source\Aip650.c" 1
  44  001D              	fcall __DELAYY5 +5- (((5-( 9 + __PBP__ * 2))%0402h)%6) 
  44  001D              	ENDIF
  44  001D              ;# 44 "D:\HF\MDST\Code\BS66F360C_CTOUCH_V512_20231101\BS66F360C\Source\Aip650.c" 1
  44  001D              	IF (5 >= ( 040bh + __PBP__ * 2)) AND ((((5-( 9 + __PBP__ * 2))%0402h)/4+1)<=256)
  44  001D              ;# 44 "D:\HF\MDST\Code\BS66F360C_CTOUCH_V512_20231101\BS66F360C\Source\Aip650.c" 1
  44  001D              	MOV A,(5-( 9 + __PBP__ * 2))/0402h
  44  001D              ;# 44 "D:\HF\MDST\Code\BS66F360C_CTOUCH_V512_20231101\BS66F360C\Source\Aip650.c" 1
  44  001D              	MOV _builtin_holtek_delay_2,A
  44  001D              ;# 44 "D:\HF\MDST\Code\BS66F360C_CTOUCH_V512_20231101\BS66F360C\Source\Aip650.c" 1
  44  001D              	MOV A,((5-( 9 + __PBP__ * 2))%0402h)/4+1
  44  001D              ;# 44 "D:\HF\MDST\Code\BS66F360C_CTOUCH_V512_20231101\BS66F360C\Source\Aip650.c" 1
  44  001D              	fcall __DELAYY3 +3-(((5-( 9 + __PBP__ * 2))%0402h)%4) 
  44  001D              	ENDIF
  45  001D              #line 45 "D:\HF\MDST\Code\BS66F360C_CTOUCH_V512_20231101\BS66F360C\Source\Aip650.c"
  45  001D  30A7        	set [39].1
  46  001E              #line 46 "D:\HF\MDST\Code\BS66F360C_CTOUCH_V512_20231101\BS66F360C\Source\Aip650.c"
  46  001E              ;# 46 "D:\HF\MDST\Code\BS66F360C_CTOUCH_V512_20231101\BS66F360C\Source\Aip650.c" 1
  46  001E              	IF 5>263690
  46  001E              ;# 46 "D:\HF\MDST\Code\BS66F360C_CTOUCH_V512_20231101\BS66F360C\Source\Aip650.c" 1
  46  001E              	ERRMESSAGE 'the value 5of the argument exceeds the maxinum 263690'
  46  001E              	ENDIF
  46  001E              ;# 46 "D:\HF\MDST\Code\BS66F360C_CTOUCH_V512_20231101\BS66F360C\Source\Aip650.c" 1
  46  001E              	IF 5<0
  46  001E              ;# 46 "D:\HF\MDST\Code\BS66F360C_CTOUCH_V512_20231101\BS66F360C\Source\Aip650.c" 1
  46  001E              	ERRMESSAGE 'the value 5 of the argument exceeds the mininum 0'
  46  001E              	ENDIF
  46  001E              ;# 46 "D:\HF\MDST\Code\BS66F360C_CTOUCH_V512_20231101\BS66F360C\Source\Aip650.c" 1
  46  001E              	IF 5==0
  46  001E              ;# 46 "D:\HF\MDST\Code\BS66F360C_CTOUCH_V512_20231101\BS66F360C\Source\Aip650.c" 1
  46  001E              	JMP $
  46  001E              	ENDIF
  46  001E              ;# 46 "D:\HF\MDST\Code\BS66F360C_CTOUCH_V512_20231101\BS66F360C\Source\Aip650.c" 1
  46  001E              	IF (5>=1) AND (5<( 4 + __PBP__ * 2))
  46  001E              ;# 46 "D:\HF\MDST\Code\BS66F360C_CTOUCH_V512_20231101\BS66F360C\Source\Aip650.c" 1
  46  001E  0000        	NOP
  46  001F              	ENDIF
  46  001F              ;# 46 "D:\HF\MDST\Code\BS66F360C_CTOUCH_V512_20231101\BS66F360C\Source\Aip650.c" 1
  46  001F              	IF (5>=2) AND (5<( 4 + __PBP__ * 2))
  46  001F              ;# 46 "D:\HF\MDST\Code\BS66F360C_CTOUCH_V512_20231101\BS66F360C\Source\Aip650.c" 1
  46  001F  0000        	NOP
  46  0020              	ENDIF
  46  0020              ;# 46 "D:\HF\MDST\Code\BS66F360C_CTOUCH_V512_20231101\BS66F360C\Source\Aip650.c" 1
  46  0020              	IF (5>=3) AND (5<( 4 + __PBP__ * 2))
  46  0020              ;# 46 "D:\HF\MDST\Code\BS66F360C_CTOUCH_V512_20231101\BS66F360C\Source\Aip650.c" 1
  46  0020  0000        	NOP
  46  0021              	ENDIF
  46  0021              ;# 46 "D:\HF\MDST\Code\BS66F360C_CTOUCH_V512_20231101\BS66F360C\Source\Aip650.c" 1
  46  0021              	IF (5>=4) AND (5<( 4 + __PBP__ * 2)) AND ( __PBP__ > 0 )
  46  0021              ;# 46 "D:\HF\MDST\Code\BS66F360C_CTOUCH_V512_20231101\BS66F360C\Source\Aip650.c" 1
  46  0021  0000        	NOP
  46  0022              	ENDIF
  46  0022              ;# 46 "D:\HF\MDST\Code\BS66F360C_CTOUCH_V512_20231101\BS66F360C\Source\Aip650.c" 1
  46  0022              	IF (5>=5) AND (5<( 4 + __PBP__ * 2)) AND ( __PBP__ > 0 )
文件：Aip650.c     编译器版本 HGASM 0202 页次16

  46  0022              ;# 46 "D:\HF\MDST\Code\BS66F360C_CTOUCH_V512_20231101\BS66F360C\Source\Aip650.c" 1
  46  0022  0000        	NOP
  46  0023              	ENDIF
  46  0023              ;# 46 "D:\HF\MDST\Code\BS66F360C_CTOUCH_V512_20231101\BS66F360C\Source\Aip650.c" 1
  46  0023              	IF (5>=6) AND (5<( 4 + __PBP__ * 2))  AND ( __PBP__ > 1 )
  46  0023              ;# 46 "D:\HF\MDST\Code\BS66F360C_CTOUCH_V512_20231101\BS66F360C\Source\Aip650.c" 1
  46  0023              	NOP
  46  0023              	ENDIF
  46  0023              ;# 46 "D:\HF\MDST\Code\BS66F360C_CTOUCH_V512_20231101\BS66F360C\Source\Aip650.c" 1
  46  0023              	IF (5>=7) AND (5<( 4 + __PBP__ * 2))  AND ( __PBP__ > 1 )
  46  0023              ;# 46 "D:\HF\MDST\Code\BS66F360C_CTOUCH_V512_20231101\BS66F360C\Source\Aip650.c" 1
  46  0023              	NOP
  46  0023              	ENDIF
  46  0023              ;# 46 "D:\HF\MDST\Code\BS66F360C_CTOUCH_V512_20231101\BS66F360C\Source\Aip650.c" 1
  46  0023              	IF (5>=8) AND (5<( 4 + __PBP__ * 2))  AND ( __PBP__ > 2 )
  46  0023              ;# 46 "D:\HF\MDST\Code\BS66F360C_CTOUCH_V512_20231101\BS66F360C\Source\Aip650.c" 1
  46  0023              	NOP
  46  0023              	ENDIF
  46  0023              ;# 46 "D:\HF\MDST\Code\BS66F360C_CTOUCH_V512_20231101\BS66F360C\Source\Aip650.c" 1
  46  0023              	IF (5==9)  AND ( __PBP__ > 2 )
  46  0023              ;# 46 "D:\HF\MDST\Code\BS66F360C_CTOUCH_V512_20231101\BS66F360C\Source\Aip650.c" 1
  46  0023              	NOP
  46  0023              	ENDIF
  46  0023              ;# 46 "D:\HF\MDST\Code\BS66F360C_CTOUCH_V512_20231101\BS66F360C\Source\Aip650.c" 1
  46  0023              	IF (5< ( 8 + __PBP__ * 2)) AND (5>( 3 + __PBP__ * 2))
  46  0023              ;# 46 "D:\HF\MDST\Code\BS66F360C_CTOUCH_V512_20231101\BS66F360C\Source\Aip650.c" 1
  46  0023              	fcall __DELAY3 + ( 7 + __PBP__ * 2) -5
  46  0023              	ENDIF
  46  0023              ;# 46 "D:\HF\MDST\Code\BS66F360C_CTOUCH_V512_20231101\BS66F360C\Source\Aip650.c" 1
  46  0023              	IF (5< ( 0404h + __PBP__ * 2)) AND (5>( 7 + __PBP__ * 2))
  46  0023              ;# 46 "D:\HF\MDST\Code\BS66F360C_CTOUCH_V512_20231101\BS66F360C\Source\Aip650.c" 1
  46  0023              	MOV A,(5-( 4 + __PBP__ * 2))/4
  46  0023              ;# 46 "D:\HF\MDST\Code\BS66F360C_CTOUCH_V512_20231101\BS66F360C\Source\Aip650.c" 1
  46  0023              	fcall __DELAYX3 + 3 -((5-( 4 + __PBP__ * 2)) MOD 4) 
  46  0023              	ENDIF
  46  0023              ;# 46 "D:\HF\MDST\Code\BS66F360C_CTOUCH_V512_20231101\BS66F360C\Source\Aip650.c" 1
  46  0023              	IF (5< ( 040bh + __PBP__ * 2)) AND (5> ( 0403h + __PBP__ * 2))
  46  0023              ;# 46 "D:\HF\MDST\Code\BS66F360C_CTOUCH_V512_20231101\BS66F360C\Source\Aip650.c" 1
  46  0023              	MOV A,0 
  46  0023              ;# 46 "D:\HF\MDST\Code\BS66F360C_CTOUCH_V512_20231101\BS66F360C\Source\Aip650.c" 1
  46  0023              	fcall __DELAYX6 + ( 040ah + __PBP__ * 2) -5
  46  0023              	ENDIF
  46  0023              ;# 46 "D:\HF\MDST\Code\BS66F360C_CTOUCH_V512_20231101\BS66F360C\Source\Aip650.c" 1
  46  0023              	IF (5 >= ( 040bh + __PBP__ * 2)) AND ((((5-( 9 + __PBP__ * 2))%0402h)/4+1)>256)
  46  0023              ;# 46 "D:\HF\MDST\Code\BS66F360C_CTOUCH_V512_20231101\BS66F360C\Source\Aip650.c" 1
  46  0023              	MOV A,(5-( 9 + __PBP__ * 2))/0402h
  46  0023              ;# 46 "D:\HF\MDST\Code\BS66F360C_CTOUCH_V512_20231101\BS66F360C\Source\Aip650.c" 1
  46  0023              	MOV _builtin_holtek_delay_2,A
  46  0023              ;# 46 "D:\HF\MDST\Code\BS66F360C_CTOUCH_V512_20231101\BS66F360C\Source\Aip650.c" 1
  46  0023              	MOV A,0
  46  0023              ;# 46 "D:\HF\MDST\Code\BS66F360C_CTOUCH_V512_20231101\BS66F360C\Source\Aip650.c" 1
  46  0023              	fcall __DELAYY5 +5- (((5-( 9 + __PBP__ * 2))%0402h)%6) 
  46  0023              	ENDIF
  46  0023              ;# 46 "D:\HF\MDST\Code\BS66F360C_CTOUCH_V512_20231101\BS66F360C\Source\Aip650.c" 1
  46  0023              	IF (5 >= ( 040bh + __PBP__ * 2)) AND ((((5-( 9 + __PBP__ * 2))%0402h)/4+1)<=256)
  46  0023              ;# 46 "D:\HF\MDST\Code\BS66F360C_CTOUCH_V512_20231101\BS66F360C\Source\Aip650.c" 1
  46  0023              	MOV A,(5-( 9 + __PBP__ * 2))/0402h
  46  0023              ;# 46 "D:\HF\MDST\Code\BS66F360C_CTOUCH_V512_20231101\BS66F360C\Source\Aip650.c" 1
  46  0023              	MOV _builtin_holtek_delay_2,A
  46  0023              ;# 46 "D:\HF\MDST\Code\BS66F360C_CTOUCH_V512_20231101\BS66F360C\Source\Aip650.c" 1
文件：Aip650.c     编译器版本 HGASM 0202 页次17

  46  0023              	MOV A,((5-( 9 + __PBP__ * 2))%0402h)/4+1
  46  0023              ;# 46 "D:\HF\MDST\Code\BS66F360C_CTOUCH_V512_20231101\BS66F360C\Source\Aip650.c" 1
  46  0023              	fcall __DELAYY3 +3-(((5-( 9 + __PBP__ * 2))%0402h)%4) 
  46  0023              	ENDIF
  47  0023              #line 47 "D:\HF\MDST\Code\BS66F360C_CTOUCH_V512_20231101\BS66F360C\Source\Aip650.c"
  47  0023  34A7        	clr [39].1
  47  0024  0003        	ret
  47  0025              _AIP650_SendByte endp
  47  0025              #line 47 "D:\HF\MDST\Code\BS66F360C_CTOUCH_V512_20231101\BS66F360C\Source\Aip650.c"
  47  0025              #pragma debug scope 1 1
  47  0025              public _AIP650_SendCMD
  47  0025              #pragma debug scope 6 1
  51  0025              #line 51 "D:\HF\MDST\Code\BS66F360C_CTOUCH_V512_20231101\BS66F360C\Source\Aip650.c"
  51  0000              _AIP650_SendCMD .section 'code'
  51  0000              _AIP650_SendCMD proc
  51  0000              public _AIP650_SendCMD_2
  51  0000  0002[           local _AIP650_SendCMD_2 db 2 dup(?)	; 2,0
            00
            ]
  51  0002              #pragma debug variable 12 6 _AIP650_SendCMD_2+0 "cmd"
  52  0002              #line 52 "D:\HF\MDST\Code\BS66F360C_CTOUCH_V512_20231101\BS66F360C\Source\Aip650.c"
  52  0000  0700     R  	mov a,_AIP650_SendCMD_2[0]
  52  0001  0080     E  	mov rb,a
  52  0002  0700     R  	mov a,_AIP650_SendCMD_2[1]
  52  0003  0080     E  	mov rc,a
  52  0004  0700     E  	mov a,rc
  52  0005  0080     E  	mov rb,a
  52  0006  1F00     E  	clr rc
  52  0007  0700     E  	mov a,rb
  52  0008              	fcall _AIP650_SendByte
  53  000F              #line 53 "D:\HF\MDST\Code\BS66F360C_CTOUCH_V512_20231101\BS66F360C\Source\Aip650.c"
  53  000F  0700     R  	mov a,_AIP650_SendCMD_2[0]
  53  0010              	fcall _AIP650_SendByte
  53  0017  0003        	ret
  53  0018              _AIP650_SendCMD endp
  53  0018              #line 53 "D:\HF\MDST\Code\BS66F360C_CTOUCH_V512_20231101\BS66F360C\Source\Aip650.c"
  53  0018              #pragma debug scope 1 1
  53  0018              #pragma debug struct_end
  53  0018              #pragma debug struct_end
  53  0018              #pragma debug union_end
  53  0018              #pragma debug union_end
  53  0018              #pragma debug variable 43 1 ___pc "__pc" 1
  53  0018              #pragma debug struct_end
  53  0018              #pragma debug struct_end
  53  0018              #pragma debug union_end
  53  0018              #pragma debug union_end
  53  0018              #pragma debug variable 45 1 ___pd "__pd" 1
  53  0018              
  53  0018              ; 
  53  0018              ; Generated by holtek-gcc v3.19, Fri Oct 18 14:43:15 2024
  53  0018              ; Rebuild 718
  53  0018              ; end of file


        0 Errors, 0