文件：Variants.c   编译器版本 HGASM 0202 页次1


   1  0000              ; Generated by holtek-gcc v3.19, Thu Jul 10 20:20:34 2025
   2  0000              ; 
   3  0000              ; Configuration:
   4  0000              ;       with long instruction
   5  0000              ;       Multi-ROM, Multi-RAM
   6  0000              ;       bits_per_rom_unit:16
   7  0000              ;       with mp1
   8  0000              ;       with tbhp, address(0x9)
   9  0000              ;          Use tabrd-const
  10  0000              ;       
  11  0000              ; SFR address of long-instruction arch:
  12  0000              ;    mp0 = -1,1,0
  13  0000              ;    mp1 = 4,3,2
  14  0000              ;    mp2 = 14,13,12
  15  0000              ;    tbp = 9,7,8
  16  0000              ;    acc = 5
  17  0000              ;    pcl = 6
  18  0000              ;    status = 10
  19  0000              ;    bp = 11
  20  0000              ;    intc = 16
  21  0000              ;       
  22  0000              ;       
  23  0000              ; use 'tabrdc' instead of 'tabrd'
  24  0000              ;       
  25  0000              
  26  0000              #pragma translator "holtek-gcc 4.6.4" "3.19" "build 20130711"
  27  0000              ; Rebuild 718
  28  0000              
  29  0000              ir equ [2]
  30  0000              mp equ [3]
  31  0000              sbp equ [4]
  32  0000              acc equ [5]
  33  0000              bp equ [11]
  34  0000              tblp equ [7]
  35  0000              tbhp equ [9]
  36  0000              status equ [10]
  37  0000              c equ [10].0
  38  0000              ac equ [10].1
  39  0000              z equ [10].2
  40  0000              ov equ [10].3
  41  0000              cz equ [10].6
  42  0000              sc equ [10].7
  43  0000              intc equ [16]
  44  0000              
  45  0000              extern ra:byte
  46  0000              extern rb:byte
  47  0000              extern rc:byte
  48  0000              extern rd:byte
  49  0000              extern re:byte
  50  0000              extern rf:byte
  51  0000              extern rg:byte
  52  0000              extern rh:byte
  53  0000              extern _Crom2Prom:near
  54  0000              extern _Crom2PromNext:near
  55  0000              
  56  0000              RAMBANK 0 @BITDATASEC, @BITDATASEC1
  57  0000              @HCCINIT	.section 'data'
  58  0000              @HCCINIT0	.section 'data'
  59  0000              @BITDATASEC	 .section 'data'
文件：Variants.ASM 编译器版本 HGASM 0202 页次2

  60  0000              @BITDATASEC1	 .section 'data'
  61  0000              
  62  0000              #pragma debug scope 1 1
  63  0000              	extern __DELAY3:near
  64  0000              	extern __DELAYX3:near
  65  0000              	extern __DELAYX6:near
  66  0000              	extern __DELAYY5:near
  67  0000              	extern __DELAYY3:near
  68  0000              	extern _builtin_holtek_delay_2:byte

 169  0000              #line 169 "D:\HF\MDST\Code\BS66F360C_CTOUCH_V512_HF-SC10B-20250630\BS66F360C_CTOUCH_V512_HF-SC10B\BS66F360C\Source\Variants.c"
 169  0000              public _gu16v_IdData
 169  0000              @HCCINIT0_gu16v_IdData .section 'data'
 169  0000  0002[       _gu16v_IdData	db 2 dup(0)
            00
            ]
 169  0002              #pragma debug struct_end
 169  0002              #pragma debug struct_end
 169  0002              #pragma debug union_end
 169  0002              #pragma debug union_end
 169  0002              #pragma debug variable 43 1 _gu16v_IdData "gu16v_IdData"
 169  0002              
 169  0000              @HCCINIT .section 'data'
 167  0000              #line 167 "D:\HF\MDST\Code\BS66F360C_CTOUCH_V512_HF-SC10B-20250630\BS66F360C_CTOUCH_V512_HF-SC10B\BS66F360C\Source\Variants.c"
 167  0000              public _DcfFlag1
 167  0000              @HCCINIT0_DcfFlag1 .section 'data'
 167  0000              _DcfFlag1	db 0
 167  0001              #pragma debug struct_end
 167  0001              #pragma debug struct_end
 167  0001              #pragma debug union_end
 167  0001              #pragma debug union_end
 167  0001              #pragma debug variable 45 1 _DcfFlag1 "DcfFlag1"
 167  0001              
 167  0000              @HCCINIT .section 'data'
 166  0000              #line 166 "D:\HF\MDST\Code\BS66F360C_CTOUCH_V512_HF-SC10B-20250630\BS66F360C_CTOUCH_V512_HF-SC10B\BS66F360C\Source\Variants.c"
 166  0000              public _WorkModeFlag
 166  0000              @HCCINIT0_WorkModeFlag .section 'data'
 166  0000              _WorkModeFlag	db 0
 166  0001              #pragma debug variable 45 1 _WorkModeFlag "WorkModeFlag"
 166  0001              
 166  0000              @HCCINIT .section 'data'
 165  0000              #line 165 "D:\HF\MDST\Code\BS66F360C_CTOUCH_V512_HF-SC10B-20250630\BS66F360C_CTOUCH_V512_HF-SC10B\BS66F360C\Source\Variants.c"
 165  0000              public _WorkFlag6
 165  0000              @HCCINIT0_WorkFlag6 .section 'data'
 165  0000              _WorkFlag6	db 0
 165  0001              #pragma debug variable 45 1 _WorkFlag6 "WorkFlag6"
 165  0001              
 165  0000              @HCCINIT .section 'data'
 164  0000              #line 164 "D:\HF\MDST\Code\BS66F360C_CTOUCH_V512_HF-SC10B-20250630\BS66F360C_CTOUCH_V512_HF-SC10B\BS66F360C\Source\Variants.c"
 164  0000              public _WorkFlag5
 164  0000              @HCCINIT0_WorkFlag5 .section 'data'
 164  0000              _WorkFlag5	db 0
 164  0001              #pragma debug variable 45 1 _WorkFlag5 "WorkFlag5"
 164  0001              
 164  0000              @HCCINIT .section 'data'
 163  0000              #line 163 "D:\HF\MDST\Code\BS66F360C_CTOUCH_V512_HF-SC10B-20250630\BS66F360C_CTOUCH_V512_HF-SC10B\BS66F360C\Source\Variants.c"
 163  0000              public _WorkFlag4
 163  0000              @HCCINIT0_WorkFlag4 .section 'data'
 163  0000              _WorkFlag4	db 0
 163  0001              #pragma debug variable 45 1 _WorkFlag4 "WorkFlag4"
文件：Variants.c   编译器版本 HGASM 0202 页次3

 163  0001              
 163  0000              @HCCINIT .section 'data'
 162  0000              #line 162 "D:\HF\MDST\Code\BS66F360C_CTOUCH_V512_HF-SC10B-20250630\BS66F360C_CTOUCH_V512_HF-SC10B\BS66F360C\Source\Variants.c"
 162  0000              public _WorkFlag3
 162  0000              @HCCINIT0_WorkFlag3 .section 'data'
 162  0000              _WorkFlag3	db 0
 162  0001              #pragma debug variable 45 1 _WorkFlag3 "WorkFlag3"
 162  0001              
 162  0000              @HCCINIT .section 'data'
 161  0000              #line 161 "D:\HF\MDST\Code\BS66F360C_CTOUCH_V512_HF-SC10B-20250630\BS66F360C_CTOUCH_V512_HF-SC10B\BS66F360C\Source\Variants.c"
 161  0000              public _WorkFlag2
 161  0000              @HCCINIT0_WorkFlag2 .section 'data'
 161  0000              _WorkFlag2	db 0
 161  0001              #pragma debug variable 45 1 _WorkFlag2 "WorkFlag2"
 161  0001              
 161  0000              @HCCINIT .section 'data'
 160  0000              #line 160 "D:\HF\MDST\Code\BS66F360C_CTOUCH_V512_HF-SC10B-20250630\BS66F360C_CTOUCH_V512_HF-SC10B\BS66F360C\Source\Variants.c"
 160  0000              public _WorkFlag1
 160  0000              @HCCINIT0_WorkFlag1 .section 'data'
 160  0000              _WorkFlag1	db 0
 160  0001              #pragma debug variable 45 1 _WorkFlag1 "WorkFlag1"
 160  0001              
 160  0000              @HCCINIT .section 'data'
 159  0000              #line 159 "D:\HF\MDST\Code\BS66F360C_CTOUCH_V512_HF-SC10B-20250630\BS66F360C_CTOUCH_V512_HF-SC10B\BS66F360C\Source\Variants.c"
 159  0000              public _TimeFlag2
 159  0000              @HCCINIT0_TimeFlag2 .section 'data'
 159  0000              _TimeFlag2	db 0
 159  0001              #pragma debug variable 45 1 _TimeFlag2 "TimeFlag2"
 159  0001              
 159  0000              @HCCINIT .section 'data'
 158  0000              #line 158 "D:\HF\MDST\Code\BS66F360C_CTOUCH_V512_HF-SC10B-20250630\BS66F360C_CTOUCH_V512_HF-SC10B\BS66F360C\Source\Variants.c"
 158  0000              public _TimeFlag1
 158  0000              @HCCINIT0_TimeFlag1 .section 'data'
 158  0000              _TimeFlag1	db 0
 158  0001              #pragma debug variable 45 1 _TimeFlag1 "TimeFlag1"
 158  0001              
 158  0000              @HCCINIT .section 'data'
 157  0000              #line 157 "D:\HF\MDST\Code\BS66F360C_CTOUCH_V512_HF-SC10B-20250630\BS66F360C_CTOUCH_V512_HF-SC10B\BS66F360C\Source\Variants.c"
 157  0000              public _KeyFlag3
 157  0000              @HCCINIT0_KeyFlag3 .section 'data'
 157  0000              _KeyFlag3	db 0
 157  0001              #pragma debug variable 45 1 _KeyFlag3 "KeyFlag3"
 157  0001              
 157  0000              @HCCINIT .section 'data'
 156  0000              #line 156 "D:\HF\MDST\Code\BS66F360C_CTOUCH_V512_HF-SC10B-20250630\BS66F360C_CTOUCH_V512_HF-SC10B\BS66F360C\Source\Variants.c"
 156  0000              public _KeyFlag2
 156  0000              @HCCINIT0_KeyFlag2 .section 'data'
 156  0000              _KeyFlag2	db 0
 156  0001              #pragma debug variable 45 1 _KeyFlag2 "KeyFlag2"
 156  0001              
 156  0000              @HCCINIT .section 'data'
 155  0000              #line 155 "D:\HF\MDST\Code\BS66F360C_CTOUCH_V512_HF-SC10B-20250630\BS66F360C_CTOUCH_V512_HF-SC10B\BS66F360C\Source\Variants.c"
 155  0000              public _KeyFlag1
 155  0000              @HCCINIT0_KeyFlag1 .section 'data'
 155  0000              _KeyFlag1	db 0
 155  0001              #pragma debug variable 45 1 _KeyFlag1 "KeyFlag1"
 155  0001              
 155  0000              @HCCINIT .section 'data'
 153  0000              #line 153 "D:\HF\MDST\Code\BS66F360C_CTOUCH_V512_HF-SC10B-20250630\BS66F360C_CTOUCH_V512_HF-SC10B\BS66F360C\Source\Variants.c"
 153  0000              public _gu8v_AbMotoOnDebounce
文件：Variants.c   编译器版本 HGASM 0202 页次4

 153  0000              @HCCINIT0_gu8v_AbMotoOnDebounce .section 'data'
 153  0000              _gu8v_AbMotoOnDebounce	db 0
 153  0001              #pragma debug variable 8 1 _gu8v_AbMotoOnDebounce "gu8v_AbMotoOnDebounce"
 153  0001              
 153  0000              @HCCINIT .section 'data'
 152  0000              #line 152 "D:\HF\MDST\Code\BS66F360C_CTOUCH_V512_HF-SC10B-20250630\BS66F360C_CTOUCH_V512_HF-SC10B\BS66F360C\Source\Variants.c"
 152  0000              public _gu8v_FunMotoOnDebounce
 152  0000              @HCCINIT0_gu8v_FunMotoOnDebounce .section 'data'
 152  0000              _gu8v_FunMotoOnDebounce	db 0
 152  0001              #pragma debug variable 8 1 _gu8v_FunMotoOnDebounce "gu8v_FunMotoOnDebounce"
 152  0001              
 152  0000              @HCCINIT .section 'data'
 151  0000              #line 151 "D:\HF\MDST\Code\BS66F360C_CTOUCH_V512_HF-SC10B-20250630\BS66F360C_CTOUCH_V512_HF-SC10B\BS66F360C\Source\Variants.c"
 151  0000              public _gu8v_AbMotoOffDebounce
 151  0000              @HCCINIT0_gu8v_AbMotoOffDebounce .section 'data'
 151  0000              _gu8v_AbMotoOffDebounce	db 0
 151  0001              #pragma debug variable 8 1 _gu8v_AbMotoOffDebounce "gu8v_AbMotoOffDebounce"
 151  0001              
 151  0000              @HCCINIT .section 'data'
 150  0000              #line 150 "D:\HF\MDST\Code\BS66F360C_CTOUCH_V512_HF-SC10B-20250630\BS66F360C_CTOUCH_V512_HF-SC10B\BS66F360C\Source\Variants.c"
 150  0000              public _gu8v_FunMotoOffDebounce
 150  0000              @HCCINIT0_gu8v_FunMotoOffDebounce .section 'data'
 150  0000              _gu8v_FunMotoOffDebounce	db 0
 150  0001              #pragma debug variable 8 1 _gu8v_FunMotoOffDebounce "gu8v_FunMotoOffDebounce"
 150  0001              
 150  0000              @HCCINIT .section 'data'
 147  0000              #line 147 "D:\HF\MDST\Code\BS66F360C_CTOUCH_V512_HF-SC10B-20250630\BS66F360C_CTOUCH_V512_HF-SC10B\BS66F360C\Source\Variants.c"
 147  0000              public _gu8v_7KpDebounce
 147  0000              @HCCINIT0_gu8v_7KpDebounce .section 'data'
 147  0000              _gu8v_7KpDebounce	db 0
 147  0001              #pragma debug variable 8 1 _gu8v_7KpDebounce "gu8v_7KpDebounce"
 147  0001              
 147  0000              @HCCINIT .section 'data'
 146  0000              #line 146 "D:\HF\MDST\Code\BS66F360C_CTOUCH_V512_HF-SC10B-20250630\BS66F360C_CTOUCH_V512_HF-SC10B\BS66F360C\Source\Variants.c"
 146  0000              public _gu8v_12KpDebounce
 146  0000              @HCCINIT0_gu8v_12KpDebounce .section 'data'
 146  0000              _gu8v_12KpDebounce	db 0
 146  0001              #pragma debug variable 8 1 _gu8v_12KpDebounce "gu8v_12KpDebounce"
 146  0001              
 146  0000              @HCCINIT .section 'data'
 145  0000              #line 145 "D:\HF\MDST\Code\BS66F360C_CTOUCH_V512_HF-SC10B-20250630\BS66F360C_CTOUCH_V512_HF-SC10B\BS66F360C\Source\Variants.c"
 145  0000              public _gu8v_FunSensorHighPwmCnt
 145  0000              @HCCINIT0_gu8v_FunSensorHighPwmCnt .section 'data'
 145  0000              _gu8v_FunSensorHighPwmCnt	db 0
 145  0001              #pragma debug variable 8 1 _gu8v_FunSensorHighPwmCnt "gu8v_FunSensorHighPwmCnt"
 145  0001              
 145  0000              @HCCINIT .section 'data'
 144  0000              #line 144 "D:\HF\MDST\Code\BS66F360C_CTOUCH_V512_HF-SC10B-20250630\BS66F360C_CTOUCH_V512_HF-SC10B\BS66F360C\Source\Variants.c"
 144  0000              public _gu8v_FunSensorLowPwmCnt
 144  0000              @HCCINIT0_gu8v_FunSensorLowPwmCnt .section 'data'
 144  0000              _gu8v_FunSensorLowPwmCnt	db 0
 144  0001              #pragma debug variable 8 1 _gu8v_FunSensorLowPwmCnt "gu8v_FunSensorLowPwmCnt"
 144  0001              
 144  0000              @HCCINIT .section 'data'
 143  0000              #line 143 "D:\HF\MDST\Code\BS66F360C_CTOUCH_V512_HF-SC10B-20250630\BS66F360C_CTOUCH_V512_HF-SC10B\BS66F360C\Source\Variants.c"
 143  0000              public _gu8v_AbSensorHighPwmCnt
 143  0000              @HCCINIT0_gu8v_AbSensorHighPwmCnt .section 'data'
 143  0000              _gu8v_AbSensorHighPwmCnt	db 0
 143  0001              #pragma debug variable 8 1 _gu8v_AbSensorHighPwmCnt "gu8v_AbSensorHighPwmCnt"
 143  0001              
文件：Variants.c   编译器版本 HGASM 0202 页次5

 143  0000              @HCCINIT .section 'data'
 142  0000              #line 142 "D:\HF\MDST\Code\BS66F360C_CTOUCH_V512_HF-SC10B-20250630\BS66F360C_CTOUCH_V512_HF-SC10B\BS66F360C\Source\Variants.c"
 142  0000              public _gu8v_AbSensorLowPwmCnt
 142  0000              @HCCINIT0_gu8v_AbSensorLowPwmCnt .section 'data'
 142  0000              _gu8v_AbSensorLowPwmCnt	db 0
 142  0001              #pragma debug variable 8 1 _gu8v_AbSensorLowPwmCnt "gu8v_AbSensorLowPwmCnt"
 142  0001              
 142  0000              @HCCINIT .section 'data'
 140  0000              #line 140 "D:\HF\MDST\Code\BS66F360C_CTOUCH_V512_HF-SC10B-20250630\BS66F360C_CTOUCH_V512_HF-SC10B\BS66F360C\Source\Variants.c"
 140  0000              public _gu8v_AbSensorDisCnt
 140  0000              @HCCINIT0_gu8v_AbSensorDisCnt .section 'data'
 140  0000              _gu8v_AbSensorDisCnt	db 0
 140  0001              #pragma debug variable 8 1 _gu8v_AbSensorDisCnt "gu8v_AbSensorDisCnt"
 140  0001              
 140  0000              @HCCINIT .section 'data'
 139  0000              #line 139 "D:\HF\MDST\Code\BS66F360C_CTOUCH_V512_HF-SC10B-20250630\BS66F360C_CTOUCH_V512_HF-SC10B\BS66F360C\Source\Variants.c"
 139  0000              public _gu8v_AbFangQiTime
 139  0000              @HCCINIT0_gu8v_AbFangQiTime .section 'data'
 139  0000              _gu8v_AbFangQiTime	db 0
 139  0001              #pragma debug variable 8 1 _gu8v_AbFangQiTime "gu8v_AbFangQiTime"
 139  0001              
 139  0000              @HCCINIT .section 'data'
 137  0000              #line 137 "D:\HF\MDST\Code\BS66F360C_CTOUCH_V512_HF-SC10B-20250630\BS66F360C_CTOUCH_V512_HF-SC10B\BS66F360C\Source\Variants.c"
 137  0000              public _gu8v_FunSensorPressureCnt
 137  0000              @HCCINIT0_gu8v_FunSensorPressureCnt .section 'data'
 137  0000              _gu8v_FunSensorPressureCnt	db 0
 137  0001              #pragma debug variable 8 1 _gu8v_FunSensorPressureCnt "gu8v_FunSensorPressureCnt"
 137  0001              
 137  0000              @HCCINIT .section 'data'
 136  0000              #line 136 "D:\HF\MDST\Code\BS66F360C_CTOUCH_V512_HF-SC10B-20250630\BS66F360C_CTOUCH_V512_HF-SC10B\BS66F360C\Source\Variants.c"
 136  0000              public _gu8v_AbSensorPressureCnt
 136  0000              @HCCINIT0_gu8v_AbSensorPressureCnt .section 'data'
 136  0000              _gu8v_AbSensorPressureCnt	db 0
 136  0001              #pragma debug variable 8 1 _gu8v_AbSensorPressureCnt "gu8v_AbSensorPressureCnt"
 136  0001              
 136  0000              @HCCINIT .section 'data'
 134  0000              #line 134 "D:\HF\MDST\Code\BS66F360C_CTOUCH_V512_HF-SC10B-20250630\BS66F360C_CTOUCH_V512_HF-SC10B\BS66F360C\Source\Variants.c"
 134  0000              public _gu16v_FunPressureLowErrTimeCnt
 134  0000              @HCCINIT0_gu16v_FunPressureLowErrTimeCnt .section 'data'
 134  0000  0002[       _gu16v_FunPressureLowErrTimeCnt	db 2 dup(0)
            00
            ]
 134  0002              #pragma debug variable 12 1 _gu16v_FunPressureLowErrTimeCnt "gu16v_FunPressureLowErrTimeCnt"
 134  0002              
 134  0000              @HCCINIT .section 'data'
 133  0000              #line 133 "D:\HF\MDST\Code\BS66F360C_CTOUCH_V512_HF-SC10B-20250630\BS66F360C_CTOUCH_V512_HF-SC10B\BS66F360C\Source\Variants.c"
 133  0000              public _gu16v_FunPressureLowErrTimeCmp
 133  0000              @HCCINIT0_gu16v_FunPressureLowErrTimeCmp .section 'data'
 133  0000  0002[       _gu16v_FunPressureLowErrTimeCmp	db 2 dup(0)
            00
            ]
 133  0002              #pragma debug variable 12 1 _gu16v_FunPressureLowErrTimeCmp "gu16v_FunPressureLowErrTimeCmp"
 133  0002              
 133  0000              @HCCINIT .section 'data'
 132  0000              #line 132 "D:\HF\MDST\Code\BS66F360C_CTOUCH_V512_HF-SC10B-20250630\BS66F360C_CTOUCH_V512_HF-SC10B\BS66F360C\Source\Variants.c"
 132  0000              public _gu16v_AbPressureLowErrTimeCnt
 132  0000              @HCCINIT0_gu16v_AbPressureLowErrTimeCnt .section 'data'
 132  0000  0002[       _gu16v_AbPressureLowErrTimeCnt	db 2 dup(0)
            00
            ]
文件：Variants.c   编译器版本 HGASM 0202 页次6

 132  0002              #pragma debug variable 12 1 _gu16v_AbPressureLowErrTimeCnt "gu16v_AbPressureLowErrTimeCnt"
 132  0002              
 132  0000              @HCCINIT .section 'data'
 131  0000              #line 131 "D:\HF\MDST\Code\BS66F360C_CTOUCH_V512_HF-SC10B-20250630\BS66F360C_CTOUCH_V512_HF-SC10B\BS66F360C\Source\Variants.c"
 131  0000              public _gu16v_AbPressureLowErrTimeCmp
 131  0000              @HCCINIT0_gu16v_AbPressureLowErrTimeCmp .section 'data'
 131  0000  0002[       _gu16v_AbPressureLowErrTimeCmp	db 2 dup(0)
            00
            ]
 131  0002              #pragma debug variable 12 1 _gu16v_AbPressureLowErrTimeCmp "gu16v_AbPressureLowErrTimeCmp"
 131  0002              
 131  0000              @HCCINIT .section 'data'
 130  0000              #line 130 "D:\HF\MDST\Code\BS66F360C_CTOUCH_V512_HF-SC10B-20250630\BS66F360C_CTOUCH_V512_HF-SC10B\BS66F360C\Source\Variants.c"
 130  0000              public _gu8v_PressureModeCopy
 130  0000              @HCCINIT0_gu8v_PressureModeCopy .section 'data'
 130  0000              _gu8v_PressureModeCopy	db 0
 130  0001              #pragma debug variable 8 1 _gu8v_PressureModeCopy "gu8v_PressureModeCopy"
 130  0001              
 130  0000              @HCCINIT .section 'data'
 129  0000              #line 129 "D:\HF\MDST\Code\BS66F360C_CTOUCH_V512_HF-SC10B-20250630\BS66F360C_CTOUCH_V512_HF-SC10B\BS66F360C\Source\Variants.c"
 129  0000              public _gu8v_NumDisTemp
 129  0000              @HCCINIT0_gu8v_NumDisTemp .section 'data'
 129  0000              _gu8v_NumDisTemp	db 0
 129  0001              #pragma debug variable 8 1 _gu8v_NumDisTemp "gu8v_NumDisTemp"
 129  0001              
 129  0000              @HCCINIT .section 'data'
 128  0000              #line 128 "D:\HF\MDST\Code\BS66F360C_CTOUCH_V512_HF-SC10B-20250630\BS66F360C_CTOUCH_V512_HF-SC10B\BS66F360C\Source\Variants.c"
 128  0000              public _gu8v_FunNumDisValue
 128  0000              @HCCINIT0_gu8v_FunNumDisValue .section 'data'
 128  0000              _gu8v_FunNumDisValue	db 0
 128  0001              #pragma debug variable 8 1 _gu8v_FunNumDisValue "gu8v_FunNumDisValue"
 128  0001              
 128  0000              @HCCINIT .section 'data'
 127  0000              #line 127 "D:\HF\MDST\Code\BS66F360C_CTOUCH_V512_HF-SC10B-20250630\BS66F360C_CTOUCH_V512_HF-SC10B\BS66F360C\Source\Variants.c"
 127  0000              public _gu16v_AbNumDisValueOld
 127  0000              @HCCINIT0_gu16v_AbNumDisValueOld .section 'data'
 127  0000  0002[       _gu16v_AbNumDisValueOld	db 2 dup(0)
            00
            ]
 127  0002              #pragma debug variable 12 1 _gu16v_AbNumDisValueOld "gu16v_AbNumDisValueOld"
 127  0002              
 127  0000              @HCCINIT .section 'data'
 126  0000              #line 126 "D:\HF\MDST\Code\BS66F360C_CTOUCH_V512_HF-SC10B-20250630\BS66F360C_CTOUCH_V512_HF-SC10B\BS66F360C\Source\Variants.c"
 126  0000              public _gu8v_AbNumDisCurrentValue
 126  0000              @HCCINIT0_gu8v_AbNumDisCurrentValue .section 'data'
 126  0000              _gu8v_AbNumDisCurrentValue	db 0
 126  0001              #pragma debug variable 8 1 _gu8v_AbNumDisCurrentValue "gu8v_AbNumDisCurrentValue"
 126  0001              
 126  0000              @HCCINIT .section 'data'
 125  0000              #line 125 "D:\HF\MDST\Code\BS66F360C_CTOUCH_V512_HF-SC10B-20250630\BS66F360C_CTOUCH_V512_HF-SC10B\BS66F360C\Source\Variants.c"
 125  0000              public _gu8v_AbNumDisValue
 125  0000              @HCCINIT0_gu8v_AbNumDisValue .section 'data'
 125  0000              _gu8v_AbNumDisValue	db 0
 125  0001              #pragma debug variable 8 1 _gu8v_AbNumDisValue "gu8v_AbNumDisValue"
 125  0001              
 125  0000              @HCCINIT .section 'data'
 124  0000              #line 124 "D:\HF\MDST\Code\BS66F360C_CTOUCH_V512_HF-SC10B-20250630\BS66F360C_CTOUCH_V512_HF-SC10B\BS66F360C\Source\Variants.c"
 124  0000              public _gu8v_RfSendBitCnt
 124  0000              @HCCINIT0_gu8v_RfSendBitCnt .section 'data'
 124  0000              _gu8v_RfSendBitCnt	db 0
文件：Variants.c   编译器版本 HGASM 0202 页次7

 124  0001              #pragma debug variable 8 1 _gu8v_RfSendBitCnt "gu8v_RfSendBitCnt"
 124  0001              
 124  0000              @HCCINIT .section 'data'
 123  0000              #line 123 "D:\HF\MDST\Code\BS66F360C_CTOUCH_V512_HF-SC10B-20250630\BS66F360C_CTOUCH_V512_HF-SC10B\BS66F360C\Source\Variants.c"
 123  0000              public _gu8v_RfSendByteCnt
 123  0000              @HCCINIT0_gu8v_RfSendByteCnt .section 'data'
 123  0000              _gu8v_RfSendByteCnt	db 0
 123  0001              #pragma debug variable 8 1 _gu8v_RfSendByteCnt "gu8v_RfSendByteCnt"
 123  0001              
 123  0000              @HCCINIT .section 'data'
 122  0000              #line 122 "D:\HF\MDST\Code\BS66F360C_CTOUCH_V512_HF-SC10B-20250630\BS66F360C_CTOUCH_V512_HF-SC10B\BS66F360C\Source\Variants.c"
 122  0000              public _gu8v_RfBitDuty
 122  0000              @HCCINIT0_gu8v_RfBitDuty .section 'data'
 122  0000              _gu8v_RfBitDuty	db 0
 122  0001              #pragma debug variable 8 1 _gu8v_RfBitDuty "gu8v_RfBitDuty"
 122  0001              
 122  0000              @HCCINIT .section 'data'
 121  0000              #line 121 "D:\HF\MDST\Code\BS66F360C_CTOUCH_V512_HF-SC10B-20250630\BS66F360C_CTOUCH_V512_HF-SC10B\BS66F360C\Source\Variants.c"
 121  0000              public _gu8v_RfBitCycle
 121  0000              @HCCINIT0_gu8v_RfBitCycle .section 'data'
 121  0000              _gu8v_RfBitCycle	db 0
 121  0001              #pragma debug variable 8 1 _gu8v_RfBitCycle "gu8v_RfBitCycle"
 121  0001              
 121  0000              @HCCINIT .section 'data'
 120  0000              #line 120 "D:\HF\MDST\Code\BS66F360C_CTOUCH_V512_HF-SC10B-20250630\BS66F360C_CTOUCH_V512_HF-SC10B\BS66F360C\Source\Variants.c"
 120  0000              public _gu8v_RfSendCycle
 120  0000              @HCCINIT0_gu8v_RfSendCycle .section 'data'
 120  0000              _gu8v_RfSendCycle	db 0
 120  0001              #pragma debug variable 8 1 _gu8v_RfSendCycle "gu8v_RfSendCycle"
 120  0001              
 120  0000              @HCCINIT .section 'data'
 119  0000              #line 119 "D:\HF\MDST\Code\BS66F360C_CTOUCH_V512_HF-SC10B-20250630\BS66F360C_CTOUCH_V512_HF-SC10B\BS66F360C\Source\Variants.c"
 119  0000              public _gu8v_RfSendStep
 119  0000              @HCCINIT0_gu8v_RfSendStep .section 'data'
 119  0000              _gu8v_RfSendStep	db 0
 119  0001              #pragma debug variable 8 1 _gu8v_RfSendStep "gu8v_RfSendStep"
 119  0001              
 119  0000              @HCCINIT .section 'data'
 118  0000              #line 118 "D:\HF\MDST\Code\BS66F360C_CTOUCH_V512_HF-SC10B-20250630\BS66F360C_CTOUCH_V512_HF-SC10B\BS66F360C\Source\Variants.c"
 118  0000              public _gu8v_UartRxBuf
 118  0000              @HCCINIT0_gu8v_UartRxBuf .section 'data'
 118  0000  0014[       _gu8v_UartRxBuf	db 20 dup(0)
            00
            ]
 118  0014              #pragma debug array 46 8 20 1
 118  0014              #pragma debug array 46 8 20 1
 118  0014              #pragma debug variable 46 1 _gu8v_UartRxBuf "gu8v_UartRxBuf"
 118  0014              
 118  0000              @HCCINIT .section 'data'
 117  0000              #line 117 "D:\HF\MDST\Code\BS66F360C_CTOUCH_V512_HF-SC10B-20250630\BS66F360C_CTOUCH_V512_HF-SC10B\BS66F360C\Source\Variants.c"
 117  0000              public _gu8v_UartTxBuf
 117  0000              @HCCINIT0_gu8v_UartTxBuf .section 'data'
 117  0000  0014[       _gu8v_UartTxBuf	db 20 dup(0)
            00
            ]
 117  0014              #pragma debug variable 46 1 _gu8v_UartTxBuf "gu8v_UartTxBuf"
 117  0014              
 117  0000              @HCCINIT .section 'data'
 114  0000              #line 114 "D:\HF\MDST\Code\BS66F360C_CTOUCH_V512_HF-SC10B-20250630\BS66F360C_CTOUCH_V512_HF-SC10B\BS66F360C\Source\Variants.c"
 114  0000              public _gu8v_PreKeyDownDisTime
文件：Variants.c   编译器版本 HGASM 0202 页次8

 114  0000              @HCCINIT0_gu8v_PreKeyDownDisTime .section 'data'
 114  0000              _gu8v_PreKeyDownDisTime	db 0
 114  0001              #pragma debug variable 8 1 _gu8v_PreKeyDownDisTime "gu8v_PreKeyDownDisTime"
 114  0001              
 114  0000              @HCCINIT .section 'data'
 113  0000              #line 113 "D:\HF\MDST\Code\BS66F360C_CTOUCH_V512_HF-SC10B-20250630\BS66F360C_CTOUCH_V512_HF-SC10B\BS66F360C\Source\Variants.c"
 113  0000              public _gu8v_LockDelay60S
 113  0000              @HCCINIT0_gu8v_LockDelay60S .section 'data'
 113  0000              _gu8v_LockDelay60S	db 0
 113  0001              #pragma debug variable 8 1 _gu8v_LockDelay60S "gu8v_LockDelay60S"
 113  0001              
 113  0000              @HCCINIT .section 'data'
 112  0000              #line 112 "D:\HF\MDST\Code\BS66F360C_CTOUCH_V512_HF-SC10B-20250630\BS66F360C_CTOUCH_V512_HF-SC10B\BS66F360C\Source\Variants.c"
 112  0000              public _gu8v_KeyBuf3
 112  0000              @HCCINIT0_gu8v_KeyBuf3 .section 'data'
 112  0000              _gu8v_KeyBuf3	db 0
 112  0001              #pragma debug variable 8 1 _gu8v_KeyBuf3 "gu8v_KeyBuf3"
 112  0001              
 112  0000              @HCCINIT .section 'data'
 111  0000              #line 111 "D:\HF\MDST\Code\BS66F360C_CTOUCH_V512_HF-SC10B-20250630\BS66F360C_CTOUCH_V512_HF-SC10B\BS66F360C\Source\Variants.c"
 111  0000              public _gu8v_KeyBuf2
 111  0000              @HCCINIT0_gu8v_KeyBuf2 .section 'data'
 111  0000              _gu8v_KeyBuf2	db 0
 111  0001              #pragma debug variable 8 1 _gu8v_KeyBuf2 "gu8v_KeyBuf2"
 111  0001              
 111  0000              @HCCINIT .section 'data'
 110  0000              #line 110 "D:\HF\MDST\Code\BS66F360C_CTOUCH_V512_HF-SC10B-20250630\BS66F360C_CTOUCH_V512_HF-SC10B\BS66F360C\Source\Variants.c"
 110  0000              public _gu8v_KeyBuf1
 110  0000              @HCCINIT0_gu8v_KeyBuf1 .section 'data'
 110  0000              _gu8v_KeyBuf1	db 0
 110  0001              #pragma debug variable 8 1 _gu8v_KeyBuf1 "gu8v_KeyBuf1"
 110  0001              
 110  0000              @HCCINIT .section 'data'
 109  0000              #line 109 "D:\HF\MDST\Code\BS66F360C_CTOUCH_V512_HF-SC10B-20250630\BS66F360C_CTOUCH_V512_HF-SC10B\BS66F360C\Source\Variants.c"
 109  0000              public _gu8v_VoicePluse
 109  0000              @HCCINIT0_gu8v_VoicePluse .section 'data'
 109  0000              _gu8v_VoicePluse	db 0
 109  0001              #pragma debug variable 8 1 _gu8v_VoicePluse "gu8v_VoicePluse"
 109  0001              
 109  0000              @HCCINIT .section 'data'
 108  0000              #line 108 "D:\HF\MDST\Code\BS66F360C_CTOUCH_V512_HF-SC10B-20250630\BS66F360C_CTOUCH_V512_HF-SC10B\BS66F360C\Source\Variants.c"
 108  0000              public _gu8v_433ByteCnt
 108  0000              @HCCINIT0_gu8v_433ByteCnt .section 'data'
 108  0000              _gu8v_433ByteCnt	db 0
 108  0001              #pragma debug variable 8 1 _gu8v_433ByteCnt "gu8v_433ByteCnt"
 108  0001              
 108  0000              @HCCINIT .section 'data'
 107  0000              #line 107 "D:\HF\MDST\Code\BS66F360C_CTOUCH_V512_HF-SC10B-20250630\BS66F360C_CTOUCH_V512_HF-SC10B\BS66F360C\Source\Variants.c"
 107  0000              public _gu8v_433BitCnt
 107  0000              @HCCINIT0_gu8v_433BitCnt .section 'data'
 107  0000              _gu8v_433BitCnt	db 0
 107  0001              #pragma debug variable 8 1 _gu8v_433BitCnt "gu8v_433BitCnt"
 107  0001              
 107  0000              @HCCINIT .section 'data'
 106  0000              #line 106 "D:\HF\MDST\Code\BS66F360C_CTOUCH_V512_HF-SC10B-20250630\BS66F360C_CTOUCH_V512_HF-SC10B\BS66F360C\Source\Variants.c"
 106  0000              public _gu8v_433_L_Cnt
 106  0000              @HCCINIT0_gu8v_433_L_Cnt .section 'data'
 106  0000              _gu8v_433_L_Cnt	db 0
 106  0001              #pragma debug variable 8 1 _gu8v_433_L_Cnt "gu8v_433_L_Cnt"
 106  0001              
文件：Variants.c   编译器版本 HGASM 0202 页次9

 106  0000              @HCCINIT .section 'data'
 105  0000              #line 105 "D:\HF\MDST\Code\BS66F360C_CTOUCH_V512_HF-SC10B-20250630\BS66F360C_CTOUCH_V512_HF-SC10B\BS66F360C\Source\Variants.c"
 105  0000              public _gu8v_433_H_cnt
 105  0000              @HCCINIT0_gu8v_433_H_cnt .section 'data'
 105  0000              _gu8v_433_H_cnt	db 0
 105  0001              #pragma debug variable 8 1 _gu8v_433_H_cnt "gu8v_433_H_cnt"
 105  0001              
 105  0000              @HCCINIT .section 'data'
 104  0000              #line 104 "D:\HF\MDST\Code\BS66F360C_CTOUCH_V512_HF-SC10B-20250630\BS66F360C_CTOUCH_V512_HF-SC10B\BS66F360C\Source\Variants.c"
 104  0000              public _gu8v_433CopyIdData1
 104  0000              @HCCINIT0_gu8v_433CopyIdData1 .section 'data'
 104  0000  0004[       _gu8v_433CopyIdData1	db 4 dup(0)
            00
            ]
 104  0004              #pragma debug array 47 8 4 1
 104  0004              #pragma debug array 47 8 4 1
 104  0004              #pragma debug variable 47 1 _gu8v_433CopyIdData1 "gu8v_433CopyIdData1"
 104  0004              
 104  0000              @HCCINIT .section 'data'
 103  0000              #line 103 "D:\HF\MDST\Code\BS66F360C_CTOUCH_V512_HF-SC10B-20250630\BS66F360C_CTOUCH_V512_HF-SC10B\BS66F360C\Source\Variants.c"
 103  0000              public _gu8v_433RecValue
 103  0000              @HCCINIT0_gu8v_433RecValue .section 'data'
 103  0000  0006[       _gu8v_433RecValue	db 6 dup(0)
            00
            ]
 103  0006              #pragma debug array 48 8 6 1
 103  0006              #pragma debug array 48 8 6 1
 103  0006              #pragma debug variable 48 1 _gu8v_433RecValue "gu8v_433RecValue"
 103  0006              
 103  0000              @HCCINIT .section 'data'
 102  0000              #line 102 "D:\HF\MDST\Code\BS66F360C_CTOUCH_V512_HF-SC10B-20250630\BS66F360C_CTOUCH_V512_HF-SC10B\BS66F360C\Source\Variants.c"
 102  0000              public _gu8v_433RecData
 102  0000              @HCCINIT0_gu8v_433RecData .section 'data'
 102  0000  0006[       _gu8v_433RecData	db 6 dup(0)
            00
            ]
 102  0006              #pragma debug variable 48 1 _gu8v_433RecData "gu8v_433RecData"
 102  0006              
 102  0000              @HCCINIT .section 'data'
 101  0000              #line 101 "D:\HF\MDST\Code\BS66F360C_CTOUCH_V512_HF-SC10B-20250630\BS66F360C_CTOUCH_V512_HF-SC10B\BS66F360C\Source\Variants.c"
 101  0000              public _gu8v_RfIdCopyLedDisStep
 101  0000              @HCCINIT0_gu8v_RfIdCopyLedDisStep .section 'data'
 101  0000              _gu8v_RfIdCopyLedDisStep	db 0
 101  0001              #pragma debug variable 8 1 _gu8v_RfIdCopyLedDisStep "gu8v_RfIdCopyLedDisStep"
 101  0001              
 101  0000              @HCCINIT .section 'data'
 100  0000              #line 100 "D:\HF\MDST\Code\BS66F360C_CTOUCH_V512_HF-SC10B-20250630\BS66F360C_CTOUCH_V512_HF-SC10B\BS66F360C\Source\Variants.c"
 100  0000              public _gu8v_RfIdCopyKeyCnt
 100  0000              @HCCINIT0_gu8v_RfIdCopyKeyCnt .section 'data'
 100  0000              _gu8v_RfIdCopyKeyCnt	db 0
 100  0001              #pragma debug variable 8 1 _gu8v_RfIdCopyKeyCnt "gu8v_RfIdCopyKeyCnt"
 100  0001              
 100  0000              @HCCINIT .section 'data'
  99  0000              #line 99 "D:\HF\MDST\Code\BS66F360C_CTOUCH_V512_HF-SC10B-20250630\BS66F360C_CTOUCH_V512_HF-SC10B\BS66F360C\Source\Variants.c"
  99  0000              public _gu8v_RfIdCopyTime
  99  0000              @HCCINIT0_gu8v_RfIdCopyTime .section 'data'
  99  0000              _gu8v_RfIdCopyTime	db 0
  99  0001              #pragma debug variable 8 1 _gu8v_RfIdCopyTime "gu8v_RfIdCopyTime"
  99  0001              
  99  0000              @HCCINIT .section 'data'
文件：Variants.c   编译器版本 HGASM 0202 页次10

  98  0000              #line 98 "D:\HF\MDST\Code\BS66F360C_CTOUCH_V512_HF-SC10B-20250630\BS66F360C_CTOUCH_V512_HF-SC10B\BS66F360C\Source\Variants.c"
  98  0000              public _gu8v_LvdDebounce
  98  0000              @HCCINIT0_gu8v_LvdDebounce .section 'data'
  98  0000              _gu8v_LvdDebounce	db 0
  98  0001              #pragma debug variable 8 1 _gu8v_LvdDebounce "gu8v_LvdDebounce"
  98  0001              
  98  0000              @HCCINIT .section 'data'
  97  0000              #line 97 "D:\HF\MDST\Code\BS66F360C_CTOUCH_V512_HF-SC10B-20250630\BS66F360C_CTOUCH_V512_HF-SC10B\BS66F360C\Source\Variants.c"
  97  0000              public _gu8v_PowerOnDelay
  97  0000              @HCCINIT0_gu8v_PowerOnDelay .section 'data'
  97  0000              _gu8v_PowerOnDelay	db 0
  97  0001              #pragma debug variable 8 1 _gu8v_PowerOnDelay "gu8v_PowerOnDelay"
  97  0001              
  97  0000              @HCCINIT .section 'data'
  96  0000              #line 96 "D:\HF\MDST\Code\BS66F360C_CTOUCH_V512_HF-SC10B-20250630\BS66F360C_CTOUCH_V512_HF-SC10B\BS66F360C\Source\Variants.c"
  96  0000              public _gu8v_ButtonOnTkDelay
  96  0000              @HCCINIT0_gu8v_ButtonOnTkDelay .section 'data'
  96  0000              _gu8v_ButtonOnTkDelay	db 0
  96  0001              #pragma debug variable 8 1 _gu8v_ButtonOnTkDelay "gu8v_ButtonOnTkDelay"
  96  0001              
  96  0000              @HCCINIT .section 'data'
  95  0000              #line 95 "D:\HF\MDST\Code\BS66F360C_CTOUCH_V512_HF-SC10B-20250630\BS66F360C_CTOUCH_V512_HF-SC10B\BS66F360C\Source\Variants.c"
  95  0000              public _gu8v_UartTxLength
  95  0000              @HCCINIT0_gu8v_UartTxLength .section 'data'
  95  0000              _gu8v_UartTxLength	db 0
  95  0001              #pragma debug variable 8 1 _gu8v_UartTxLength "gu8v_UartTxLength"
  95  0001              
  95  0000              @HCCINIT .section 'data'
  94  0000              #line 94 "D:\HF\MDST\Code\BS66F360C_CTOUCH_V512_HF-SC10B-20250630\BS66F360C_CTOUCH_V512_HF-SC10B\BS66F360C\Source\Variants.c"
  94  0000              public _gu8v_UartTxIndex
  94  0000              @HCCINIT0_gu8v_UartTxIndex .section 'data'
  94  0000              _gu8v_UartTxIndex	db 0
  94  0001              #pragma debug variable 8 1 _gu8v_UartTxIndex "gu8v_UartTxIndex"
  94  0001              
  94  0000              @HCCINIT .section 'data'
  93  0000              #line 93 "D:\HF\MDST\Code\BS66F360C_CTOUCH_V512_HF-SC10B-20250630\BS66F360C_CTOUCH_V512_HF-SC10B\BS66F360C\Source\Variants.c"
  93  0000              public _gu8v_UartRxLength
  93  0000              @HCCINIT0_gu8v_UartRxLength .section 'data'
  93  0000              _gu8v_UartRxLength	db 0
  93  0001              #pragma debug variable 8 1 _gu8v_UartRxLength "gu8v_UartRxLength"
  93  0001              
  93  0000              @HCCINIT .section 'data'
  92  0000              #line 92 "D:\HF\MDST\Code\BS66F360C_CTOUCH_V512_HF-SC10B-20250630\BS66F360C_CTOUCH_V512_HF-SC10B\BS66F360C\Source\Variants.c"
  92  0000              public _gu8v_UartDelayClearRxIndex
  92  0000              @HCCINIT0_gu8v_UartDelayClearRxIndex .section 'data'
  92  0000              _gu8v_UartDelayClearRxIndex	db 0
  92  0001              #pragma debug variable 8 1 _gu8v_UartDelayClearRxIndex "gu8v_UartDelayClearRxIndex"
  92  0001              
  92  0000              @HCCINIT .section 'data'
  91  0000              #line 91 "D:\HF\MDST\Code\BS66F360C_CTOUCH_V512_HF-SC10B-20250630\BS66F360C_CTOUCH_V512_HF-SC10B\BS66F360C\Source\Variants.c"
  91  0000              public _gu8v_BatNormalCnt
  91  0000              @HCCINIT0_gu8v_BatNormalCnt .section 'data'
  91  0000              _gu8v_BatNormalCnt	db 0
  91  0001              #pragma debug variable 8 1 _gu8v_BatNormalCnt "gu8v_BatNormalCnt"
  91  0001              
  91  0000              @HCCINIT .section 'data'
  90  0000              #line 90 "D:\HF\MDST\Code\BS66F360C_CTOUCH_V512_HF-SC10B-20250630\BS66F360C_CTOUCH_V512_HF-SC10B\BS66F360C\Source\Variants.c"
  90  0000              public _gu8v_BatLowCnt
  90  0000              @HCCINIT0_gu8v_BatLowCnt .section 'data'
  90  0000              _gu8v_BatLowCnt	db 0
文件：Variants.c   编译器版本 HGASM 0202 页次11

  90  0001              #pragma debug variable 8 1 _gu8v_BatLowCnt "gu8v_BatLowCnt"
  90  0001              
  90  0000              @HCCINIT .section 'data'
  89  0000              #line 89 "D:\HF\MDST\Code\BS66F360C_CTOUCH_V512_HF-SC10B-20250630\BS66F360C_CTOUCH_V512_HF-SC10B\BS66F360C\Source\Variants.c"
  89  0000              public _gu8v_AbGetAdcZeroCnt
  89  0000              @HCCINIT0_gu8v_AbGetAdcZeroCnt .section 'data'
  89  0000              _gu8v_AbGetAdcZeroCnt	db 0
  89  0001              #pragma debug variable 8 1 _gu8v_AbGetAdcZeroCnt "gu8v_AbGetAdcZeroCnt"
  89  0001              
  89  0000              @HCCINIT .section 'data'
  88  0000              #line 88 "D:\HF\MDST\Code\BS66F360C_CTOUCH_V512_HF-SC10B-20250630\BS66F360C_CTOUCH_V512_HF-SC10B\BS66F360C\Source\Variants.c"
  88  0000              public _gu8v_CalModeIndex
  88  0000              @HCCINIT0_gu8v_CalModeIndex .section 'data'
  88  0000              _gu8v_CalModeIndex	db 0
  88  0001              #pragma debug variable 8 1 _gu8v_CalModeIndex "gu8v_CalModeIndex"
  88  0001              
  88  0000              @HCCINIT .section 'data'
  86  0000              #line 86 "D:\HF\MDST\Code\BS66F360C_CTOUCH_V512_HF-SC10B-20250630\BS66F360C_CTOUCH_V512_HF-SC10B\BS66F360C\Source\Variants.c"
  86  0000              public _gu8v_CalDcfScan
  86  0000              @HCCINIT0_gu8v_CalDcfScan .section 'data'
  86  0000              _gu8v_CalDcfScan	db 0
  86  0001              #pragma debug variable 8 1 _gu8v_CalDcfScan "gu8v_CalDcfScan"
  86  0001              
  86  0000              @HCCINIT .section 'data'
  85  0000              #line 85 "D:\HF\MDST\Code\BS66F360C_CTOUCH_V512_HF-SC10B-20250630\BS66F360C_CTOUCH_V512_HF-SC10B\BS66F360C\Source\Variants.c"
  85  0000              public _gu8v_FactoryDebounce
  85  0000              @HCCINIT0_gu8v_FactoryDebounce .section 'data'
  85  0000              _gu8v_FactoryDebounce	db 0
  85  0001              #pragma debug variable 8 1 _gu8v_FactoryDebounce "gu8v_FactoryDebounce"
  85  0001              
  85  0000              @HCCINIT .section 'data'
  84  0000              #line 84 "D:\HF\MDST\Code\BS66F360C_CTOUCH_V512_HF-SC10B-20250630\BS66F360C_CTOUCH_V512_HF-SC10B\BS66F360C\Source\Variants.c"
  84  0000              public _gu8v_FunPressureFullAdcCnt
  84  0000              @HCCINIT0_gu8v_FunPressureFullAdcCnt .section 'data'
  84  0000              _gu8v_FunPressureFullAdcCnt	db 0
  84  0001              #pragma debug variable 8 1 _gu8v_FunPressureFullAdcCnt "gu8v_FunPressureFullAdcCnt"
  84  0001              
  84  0000              @HCCINIT .section 'data'
  83  0000              #line 83 "D:\HF\MDST\Code\BS66F360C_CTOUCH_V512_HF-SC10B-20250630\BS66F360C_CTOUCH_V512_HF-SC10B\BS66F360C\Source\Variants.c"
  83  0000              public _gu8v_FunPressureLowAdcCnt
  83  0000              @HCCINIT0_gu8v_FunPressureLowAdcCnt .section 'data'
  83  0000              _gu8v_FunPressureLowAdcCnt	db 0
  83  0001              #pragma debug variable 8 1 _gu8v_FunPressureLowAdcCnt "gu8v_FunPressureLowAdcCnt"
  83  0001              
  83  0000              @HCCINIT .section 'data'
  82  0000              #line 82 "D:\HF\MDST\Code\BS66F360C_CTOUCH_V512_HF-SC10B-20250630\BS66F360C_CTOUCH_V512_HF-SC10B\BS66F360C\Source\Variants.c"
  82  0000              public _gu8v_FunPressureNoFullCmp
  82  0000              @HCCINIT0_gu8v_FunPressureNoFullCmp .section 'data'
  82  0000              _gu8v_FunPressureNoFullCmp	db 0
  82  0001              #pragma debug variable 8 1 _gu8v_FunPressureNoFullCmp "gu8v_FunPressureNoFullCmp"
  82  0001              
  82  0000              @HCCINIT .section 'data'
  81  0000              #line 81 "D:\HF\MDST\Code\BS66F360C_CTOUCH_V512_HF-SC10B-20250630\BS66F360C_CTOUCH_V512_HF-SC10B\BS66F360C\Source\Variants.c"
  81  0000              public _gu16v_FunSensroCmp
  81  0000              @HCCINIT0_gu16v_FunSensroCmp .section 'data'
  81  0000  0002[       _gu16v_FunSensroCmp	db 2 dup(0)
            00
            ]
  81  0002              #pragma debug variable 12 1 _gu16v_FunSensroCmp "gu16v_FunSensroCmp"
  81  0002              
文件：Variants.c   编译器版本 HGASM 0202 页次12

  81  0000              @HCCINIT .section 'data'
  80  0000              #line 80 "D:\HF\MDST\Code\BS66F360C_CTOUCH_V512_HF-SC10B-20250630\BS66F360C_CTOUCH_V512_HF-SC10B\BS66F360C\Source\Variants.c"
  80  0000              public _gu16v_FunSensroCalCopy
  80  0000              @HCCINIT0_gu16v_FunSensroCalCopy .section 'data'
  80  0000  0002[       _gu16v_FunSensroCalCopy	db 2 dup(0)
            00
            ]
  80  0002              #pragma debug variable 12 1 _gu16v_FunSensroCalCopy "gu16v_FunSensroCalCopy"
  80  0002              
  80  0000              @HCCINIT .section 'data'
  79  0000              #line 79 "D:\HF\MDST\Code\BS66F360C_CTOUCH_V512_HF-SC10B-20250630\BS66F360C_CTOUCH_V512_HF-SC10B\BS66F360C\Source\Variants.c"
  79  0000              public _gu16v_FunAdcZeroDataSum
  79  0000              @HCCINIT0_gu16v_FunAdcZeroDataSum .section 'data'
  79  0000  0002[       _gu16v_FunAdcZeroDataSum	db 2 dup(0)
            00
            ]
  79  0002              #pragma debug variable 12 1 _gu16v_FunAdcZeroDataSum "gu16v_FunAdcZeroDataSum"
  79  0002              
  79  0000              @HCCINIT .section 'data'
  78  0000              #line 78 "D:\HF\MDST\Code\BS66F360C_CTOUCH_V512_HF-SC10B-20250630\BS66F360C_CTOUCH_V512_HF-SC10B\BS66F360C\Source\Variants.c"
  78  0000              public _gu16v_FunAdcZeroData
  78  0000              @HCCINIT0_gu16v_FunAdcZeroData .section 'data'
  78  0000  0002[       _gu16v_FunAdcZeroData	db 2 dup(0)
            00
            ]
  78  0002              #pragma debug variable 12 1 _gu16v_FunAdcZeroData "gu16v_FunAdcZeroData"
  78  0002              
  78  0000              @HCCINIT .section 'data'
  77  0000              #line 77 "D:\HF\MDST\Code\BS66F360C_CTOUCH_V512_HF-SC10B-20250630\BS66F360C_CTOUCH_V512_HF-SC10B\BS66F360C\Source\Variants.c"
  77  0000              public _gu16v_Fun150CalDataEeCopy
  77  0000              @HCCINIT0_gu16v_Fun150CalDataEeCopy .section 'data'
  77  0000  0002[       _gu16v_Fun150CalDataEeCopy	db 2 dup(0)
            00
            ]
  77  0002              #pragma debug variable 12 1 _gu16v_Fun150CalDataEeCopy "gu16v_Fun150CalDataEeCopy"
  77  0002              
  77  0000              @HCCINIT .section 'data'
  76  0000              #line 76 "D:\HF\MDST\Code\BS66F360C_CTOUCH_V512_HF-SC10B-20250630\BS66F360C_CTOUCH_V512_HF-SC10B\BS66F360C\Source\Variants.c"
  76  0000              public _gu16v_Fun150CalDataEe
  76  0000              @HCCINIT0_gu16v_Fun150CalDataEe .section 'data'
  76  0000  0002[       _gu16v_Fun150CalDataEe	db 2 dup(0)
            00
            ]
  76  0002              #pragma debug variable 12 1 _gu16v_Fun150CalDataEe "gu16v_Fun150CalDataEe"
  76  0002              
  76  0000              @HCCINIT .section 'data'
  75  0000              #line 75 "D:\HF\MDST\Code\BS66F360C_CTOUCH_V512_HF-SC10B-20250630\BS66F360C_CTOUCH_V512_HF-SC10B\BS66F360C\Source\Variants.c"
  75  0000              public _gu16v_Fun7P5mmHgData
  75  0000              @HCCINIT0_gu16v_Fun7P5mmHgData .section 'data'
  75  0000  0002[       _gu16v_Fun7P5mmHgData	db 2 dup(0)
            00
            ]
  75  0002              #pragma debug variable 12 1 _gu16v_Fun7P5mmHgData "gu16v_Fun7P5mmHgData"
  75  0002              
  75  0000              @HCCINIT .section 'data'
  73  0000              #line 73 "D:\HF\MDST\Code\BS66F360C_CTOUCH_V512_HF-SC10B-20250630\BS66F360C_CTOUCH_V512_HF-SC10B\BS66F360C\Source\Variants.c"
  73  0000              public _gu8v_AbPressureLowNorAdcCnt
  73  0000              @HCCINIT0_gu8v_AbPressureLowNorAdcCnt .section 'data'
  73  0000              _gu8v_AbPressureLowNorAdcCnt	db 0
  73  0001              #pragma debug variable 8 1 _gu8v_AbPressureLowNorAdcCnt "gu8v_AbPressureLowNorAdcCnt"
文件：Variants.c   编译器版本 HGASM 0202 页次13

  73  0001              
  73  0000              @HCCINIT .section 'data'
  72  0000              #line 72 "D:\HF\MDST\Code\BS66F360C_CTOUCH_V512_HF-SC10B-20250630\BS66F360C_CTOUCH_V512_HF-SC10B\BS66F360C\Source\Variants.c"
  72  0000              public _gu8v_AbPressureFullAdcCnt
  72  0000              @HCCINIT0_gu8v_AbPressureFullAdcCnt .section 'data'
  72  0000              _gu8v_AbPressureFullAdcCnt	db 0
  72  0001              #pragma debug variable 8 1 _gu8v_AbPressureFullAdcCnt "gu8v_AbPressureFullAdcCnt"
  72  0001              
  72  0000              @HCCINIT .section 'data'
  71  0000              #line 71 "D:\HF\MDST\Code\BS66F360C_CTOUCH_V512_HF-SC10B-20250630\BS66F360C_CTOUCH_V512_HF-SC10B\BS66F360C\Source\Variants.c"
  71  0000              public _gu8v_AbPressureNoFullAdcCnt
  71  0000              @HCCINIT0_gu8v_AbPressureNoFullAdcCnt .section 'data'
  71  0000              _gu8v_AbPressureNoFullAdcCnt	db 0
  71  0001              #pragma debug variable 8 1 _gu8v_AbPressureNoFullAdcCnt "gu8v_AbPressureNoFullAdcCnt"
  71  0001              
  71  0000              @HCCINIT .section 'data'
  70  0000              #line 70 "D:\HF\MDST\Code\BS66F360C_CTOUCH_V512_HF-SC10B-20250630\BS66F360C_CTOUCH_V512_HF-SC10B\BS66F360C\Source\Variants.c"
  70  0000              public _gu8v_AbPressureNoFullCmp
  70  0000              @HCCINIT0_gu8v_AbPressureNoFullCmp .section 'data'
  70  0000              _gu8v_AbPressureNoFullCmp	db 0
  70  0001              #pragma debug variable 8 1 _gu8v_AbPressureNoFullCmp "gu8v_AbPressureNoFullCmp"
  70  0001              
  70  0000              @HCCINIT .section 'data'
  69  0000              #line 69 "D:\HF\MDST\Code\BS66F360C_CTOUCH_V512_HF-SC10B-20250630\BS66F360C_CTOUCH_V512_HF-SC10B\BS66F360C\Source\Variants.c"
  69  0000              public _gu16v_EeTemp
  69  0000              @HCCINIT0_gu16v_EeTemp .section 'data'
  69  0000  0002[       _gu16v_EeTemp	db 2 dup(0)
            00
            ]
  69  0002              #pragma debug variable 12 1 _gu16v_EeTemp "gu16v_EeTemp"
  69  0002              
  69  0000              @HCCINIT .section 'data'
  68  0000              #line 68 "D:\HF\MDST\Code\BS66F360C_CTOUCH_V512_HF-SC10B-20250630\BS66F360C_CTOUCH_V512_HF-SC10B\BS66F360C\Source\Variants.c"
  68  0000              public _gu16v_AbSensroCmp
  68  0000              @HCCINIT0_gu16v_AbSensroCmp .section 'data'
  68  0000  0002[       _gu16v_AbSensroCmp	db 2 dup(0)
            00
            ]
  68  0002              #pragma debug variable 12 1 _gu16v_AbSensroCmp "gu16v_AbSensroCmp"
  68  0002              
  68  0000              @HCCINIT .section 'data'
  67  0000              #line 67 "D:\HF\MDST\Code\BS66F360C_CTOUCH_V512_HF-SC10B-20250630\BS66F360C_CTOUCH_V512_HF-SC10B\BS66F360C\Source\Variants.c"
  67  0000              public _gu16v_AbSensroCalCopy
  67  0000              @HCCINIT0_gu16v_AbSensroCalCopy .section 'data'
  67  0000  0002[       _gu16v_AbSensroCalCopy	db 2 dup(0)
            00
            ]
  67  0002              #pragma debug variable 12 1 _gu16v_AbSensroCalCopy "gu16v_AbSensroCalCopy"
  67  0002              
  67  0000              @HCCINIT .section 'data'
  66  0000              #line 66 "D:\HF\MDST\Code\BS66F360C_CTOUCH_V512_HF-SC10B-20250630\BS66F360C_CTOUCH_V512_HF-SC10B\BS66F360C\Source\Variants.c"
  66  0000              public _gu16v_AbAdcZeroDataSum
  66  0000              @HCCINIT0_gu16v_AbAdcZeroDataSum .section 'data'
  66  0000  0002[       _gu16v_AbAdcZeroDataSum	db 2 dup(0)
            00
            ]
  66  0002              #pragma debug variable 12 1 _gu16v_AbAdcZeroDataSum "gu16v_AbAdcZeroDataSum"
  66  0002              
  66  0000              @HCCINIT .section 'data'
  65  0000              #line 65 "D:\HF\MDST\Code\BS66F360C_CTOUCH_V512_HF-SC10B-20250630\BS66F360C_CTOUCH_V512_HF-SC10B\BS66F360C\Source\Variants.c"
文件：Variants.c   编译器版本 HGASM 0202 页次14

  65  0000              public _gu16v_AbAdcZeroData
  65  0000              @HCCINIT0_gu16v_AbAdcZeroData .section 'data'
  65  0000  0002[       _gu16v_AbAdcZeroData	db 2 dup(0)
            00
            ]
  65  0002              #pragma debug variable 12 1 _gu16v_AbAdcZeroData "gu16v_AbAdcZeroData"
  65  0002              
  65  0000              @HCCINIT .section 'data'
  64  0000              #line 64 "D:\HF\MDST\Code\BS66F360C_CTOUCH_V512_HF-SC10B-20250630\BS66F360C_CTOUCH_V512_HF-SC10B\BS66F360C\Source\Variants.c"
  64  0000              public _gu16v_Ab150CalDataEeCopy
  64  0000              @HCCINIT0_gu16v_Ab150CalDataEeCopy .section 'data'
  64  0000  0002[       _gu16v_Ab150CalDataEeCopy	db 2 dup(0)
            00
            ]
  64  0002              #pragma debug variable 12 1 _gu16v_Ab150CalDataEeCopy "gu16v_Ab150CalDataEeCopy"
  64  0002              
  64  0000              @HCCINIT .section 'data'
  63  0000              #line 63 "D:\HF\MDST\Code\BS66F360C_CTOUCH_V512_HF-SC10B-20250630\BS66F360C_CTOUCH_V512_HF-SC10B\BS66F360C\Source\Variants.c"
  63  0000              public _gu16v_Ab150CalDataEe
  63  0000              @HCCINIT0_gu16v_Ab150CalDataEe .section 'data'
  63  0000  0002[       _gu16v_Ab150CalDataEe	db 2 dup(0)
            00
            ]
  63  0002              #pragma debug variable 12 1 _gu16v_Ab150CalDataEe "gu16v_Ab150CalDataEe"
  63  0002              
  63  0000              @HCCINIT .section 'data'
  62  0000              #line 62 "D:\HF\MDST\Code\BS66F360C_CTOUCH_V512_HF-SC10B-20250630\BS66F360C_CTOUCH_V512_HF-SC10B\BS66F360C\Source\Variants.c"
  62  0000              public _gu16v_Ab7P5mmHgData
  62  0000              @HCCINIT0_gu16v_Ab7P5mmHgData .section 'data'
  62  0000  0002[       _gu16v_Ab7P5mmHgData	db 2 dup(0)
            00
            ]
  62  0002              #pragma debug variable 12 1 _gu16v_Ab7P5mmHgData "gu16v_Ab7P5mmHgData"
  62  0002              
  62  0000              @HCCINIT .section 'data'
  61  0000              #line 61 "D:\HF\MDST\Code\BS66F360C_CTOUCH_V512_HF-SC10B-20250630\BS66F360C_CTOUCH_V512_HF-SC10B\BS66F360C\Source\Variants.c"
  61  0000              public _gu16v_CalData
  61  0000              @HCCINIT0_gu16v_CalData .section 'data'
  61  0000  0002[       _gu16v_CalData	db 2 dup(0)
            00
            ]
  61  0002              #pragma debug variable 12 1 _gu16v_CalData "gu16v_CalData"
  61  0002              
  61  0000              @HCCINIT .section 'data'
  60  0000              #line 60 "D:\HF\MDST\Code\BS66F360C_CTOUCH_V512_HF-SC10B-20250630\BS66F360C_CTOUCH_V512_HF-SC10B\BS66F360C\Source\Variants.c"
  60  0000              public _gu16v_FunAdcSensor
  60  0000              @HCCINIT0_gu16v_FunAdcSensor .section 'data'
  60  0000  0002[       _gu16v_FunAdcSensor	db 2 dup(0)
            00
            ]
  60  0002              #pragma debug variable 12 1 _gu16v_FunAdcSensor "gu16v_FunAdcSensor"
  60  0002              
  60  0000              @HCCINIT .section 'data'
  59  0000              #line 59 "D:\HF\MDST\Code\BS66F360C_CTOUCH_V512_HF-SC10B-20250630\BS66F360C_CTOUCH_V512_HF-SC10B\BS66F360C\Source\Variants.c"
  59  0000              public _gu16v_ABAdcSensor
  59  0000              @HCCINIT0_gu16v_ABAdcSensor .section 'data'
  59  0000  0002[       _gu16v_ABAdcSensor	db 2 dup(0)
            00
            ]
  59  0002              #pragma debug variable 12 1 _gu16v_ABAdcSensor "gu16v_ABAdcSensor"
文件：Variants.c   编译器版本 HGASM 0202 页次15

  59  0002              
  59  0000              @HCCINIT .section 'data'
  58  0000              #line 58 "D:\HF\MDST\Code\BS66F360C_CTOUCH_V512_HF-SC10B-20250630\BS66F360C_CTOUCH_V512_HF-SC10B\BS66F360C\Source\Variants.c"
  58  0000              public _gu16v_AdcValue2
  58  0000              @HCCINIT0_gu16v_AdcValue2 .section 'data'
  58  0000  0002[       _gu16v_AdcValue2	db 2 dup(0)
            00
            ]
  58  0002              #pragma debug variable 12 1 _gu16v_AdcValue2 "gu16v_AdcValue2"
  58  0002              
  58  0000              @HCCINIT .section 'data'
  57  0000              #line 57 "D:\HF\MDST\Code\BS66F360C_CTOUCH_V512_HF-SC10B-20250630\BS66F360C_CTOUCH_V512_HF-SC10B\BS66F360C\Source\Variants.c"
  57  0000              public _gu16v_AdMinTemp2
  57  0000              @HCCINIT0_gu16v_AdMinTemp2 .section 'data'
  57  0000  0002[       _gu16v_AdMinTemp2	db 2 dup(0)
            00
            ]
  57  0002              #pragma debug variable 12 1 _gu16v_AdMinTemp2 "gu16v_AdMinTemp2"
  57  0002              
  57  0000              @HCCINIT .section 'data'
  56  0000              #line 56 "D:\HF\MDST\Code\BS66F360C_CTOUCH_V512_HF-SC10B-20250630\BS66F360C_CTOUCH_V512_HF-SC10B\BS66F360C\Source\Variants.c"
  56  0000              public _gu16v_AdMaxTemp2
  56  0000              @HCCINIT0_gu16v_AdMaxTemp2 .section 'data'
  56  0000  0002[       _gu16v_AdMaxTemp2	db 2 dup(0)
            00
            ]
  56  0002              #pragma debug variable 12 1 _gu16v_AdMaxTemp2 "gu16v_AdMaxTemp2"
  56  0002              
  56  0000              @HCCINIT .section 'data'
  55  0000              #line 55 "D:\HF\MDST\Code\BS66F360C_CTOUCH_V512_HF-SC10B-20250630\BS66F360C_CTOUCH_V512_HF-SC10B\BS66F360C\Source\Variants.c"
  55  0000              public _gu8v_AdSampCnt2
  55  0000              @HCCINIT0_gu8v_AdSampCnt2 .section 'data'
  55  0000              _gu8v_AdSampCnt2	db 0
  55  0001              #pragma debug variable 8 1 _gu8v_AdSampCnt2 "gu8v_AdSampCnt2"
  55  0001              
  55  0000              @HCCINIT .section 'data'
  54  0000              #line 54 "D:\HF\MDST\Code\BS66F360C_CTOUCH_V512_HF-SC10B-20250630\BS66F360C_CTOUCH_V512_HF-SC10B\BS66F360C\Source\Variants.c"
  54  0000              public _gu16v_AdcValue1
  54  0000              @HCCINIT0_gu16v_AdcValue1 .section 'data'
  54  0000  0002[       _gu16v_AdcValue1	db 2 dup(0)
            00
            ]
  54  0002              #pragma debug variable 12 1 _gu16v_AdcValue1 "gu16v_AdcValue1"
  54  0002              
  54  0000              @HCCINIT .section 'data'
  53  0000              #line 53 "D:\HF\MDST\Code\BS66F360C_CTOUCH_V512_HF-SC10B-20250630\BS66F360C_CTOUCH_V512_HF-SC10B\BS66F360C\Source\Variants.c"
  53  0000              public _gu16v_AdMinTemp1
  53  0000              @HCCINIT0_gu16v_AdMinTemp1 .section 'data'
  53  0000  0002[       _gu16v_AdMinTemp1	db 2 dup(0)
            00
            ]
  53  0002              #pragma debug variable 12 1 _gu16v_AdMinTemp1 "gu16v_AdMinTemp1"
  53  0002              
  53  0000              @HCCINIT .section 'data'
  52  0000              #line 52 "D:\HF\MDST\Code\BS66F360C_CTOUCH_V512_HF-SC10B-20250630\BS66F360C_CTOUCH_V512_HF-SC10B\BS66F360C\Source\Variants.c"
  52  0000              public _gu16v_AdMaxTemp1
  52  0000              @HCCINIT0_gu16v_AdMaxTemp1 .section 'data'
  52  0000  0002[       _gu16v_AdMaxTemp1	db 2 dup(0)
            00
            ]
文件：Variants.c   编译器版本 HGASM 0202 页次16

  52  0002              #pragma debug variable 12 1 _gu16v_AdMaxTemp1 "gu16v_AdMaxTemp1"
  52  0002              
  52  0000              @HCCINIT .section 'data'
  51  0000              #line 51 "D:\HF\MDST\Code\BS66F360C_CTOUCH_V512_HF-SC10B-20250630\BS66F360C_CTOUCH_V512_HF-SC10B\BS66F360C\Source\Variants.c"
  51  0000              public _gu8v_AdSampCnt1
  51  0000              @HCCINIT0_gu8v_AdSampCnt1 .section 'data'
  51  0000              _gu8v_AdSampCnt1	db 0
  51  0001              #pragma debug variable 8 1 _gu8v_AdSampCnt1 "gu8v_AdSampCnt1"
  51  0001              
  51  0000              @HCCINIT .section 'data'
  50  0000              #line 50 "D:\HF\MDST\Code\BS66F360C_CTOUCH_V512_HF-SC10B-20250630\BS66F360C_CTOUCH_V512_HF-SC10B\BS66F360C\Source\Variants.c"
  50  0000              public _gu8v_AcOffDebounce
  50  0000              @HCCINIT0_gu8v_AcOffDebounce .section 'data'
  50  0000              _gu8v_AcOffDebounce	db 0
  50  0001              #pragma debug variable 8 1 _gu8v_AcOffDebounce "gu8v_AcOffDebounce"
  50  0001              
  50  0000              @HCCINIT .section 'data'
  49  0000              #line 49 "D:\HF\MDST\Code\BS66F360C_CTOUCH_V512_HF-SC10B-20250630\BS66F360C_CTOUCH_V512_HF-SC10B\BS66F360C\Source\Variants.c"
  49  0000              public _gu8v_12vOutDebounce
  49  0000              @HCCINIT0_gu8v_12vOutDebounce .section 'data'
  49  0000              _gu8v_12vOutDebounce	db 0
  49  0001              #pragma debug variable 8 1 _gu8v_12vOutDebounce "gu8v_12vOutDebounce"
  49  0001              
  49  0000              @HCCINIT .section 'data'
  48  0000              #line 48 "D:\HF\MDST\Code\BS66F360C_CTOUCH_V512_HF-SC10B-20250630\BS66F360C_CTOUCH_V512_HF-SC10B\BS66F360C\Source\Variants.c"
  48  0000              public _gu8v_12vInDebounce
  48  0000              @HCCINIT0_gu8v_12vInDebounce .section 'data'
  48  0000              _gu8v_12vInDebounce	db 0
  48  0001              #pragma debug variable 8 1 _gu8v_12vInDebounce "gu8v_12vInDebounce"
  48  0001              
  48  0000              @HCCINIT .section 'data'
  47  0000              #line 47 "D:\HF\MDST\Code\BS66F360C_CTOUCH_V512_HF-SC10B-20250630\BS66F360C_CTOUCH_V512_HF-SC10B\BS66F360C\Source\Variants.c"
  47  0000              public _gu16v_AutoModeCycle
  47  0000              @HCCINIT0_gu16v_AutoModeCycle .section 'data'
  47  0000  0002[       _gu16v_AutoModeCycle	db 2 dup(0)
            00
            ]
  47  0002              #pragma debug variable 12 1 _gu16v_AutoModeCycle "gu16v_AutoModeCycle"
  47  0002              
  47  0000              @HCCINIT .section 'data'
  46  0000              #line 46 "D:\HF\MDST\Code\BS66F360C_CTOUCH_V512_HF-SC10B-20250630\BS66F360C_CTOUCH_V512_HF-SC10B\BS66F360C\Source\Variants.c"
  46  0000              public _gu8v_IrSampStep
  46  0000              @HCCINIT0_gu8v_IrSampStep .section 'data'
  46  0000              _gu8v_IrSampStep	db 0
  46  0001              #pragma debug variable 8 1 _gu8v_IrSampStep "gu8v_IrSampStep"
  46  0001              
  46  0000              @HCCINIT .section 'data'
  45  0000              #line 45 "D:\HF\MDST\Code\BS66F360C_CTOUCH_V512_HF-SC10B-20250630\BS66F360C_CTOUCH_V512_HF-SC10B\BS66F360C\Source\Variants.c"
  45  0000              public _gu8v_IrSampling
  45  0000              @HCCINIT0_gu8v_IrSampling .section 'data'
  45  0000              _gu8v_IrSampling	db 0
  45  0001              #pragma debug variable 8 1 _gu8v_IrSampling "gu8v_IrSampling"
  45  0001              
  45  0000              @HCCINIT .section 'data'
  44  0000              #line 44 "D:\HF\MDST\Code\BS66F360C_CTOUCH_V512_HF-SC10B-20250630\BS66F360C_CTOUCH_V512_HF-SC10B\BS66F360C\Source\Variants.c"
  44  0000              public _gu8v_IrBitCnt
  44  0000              @HCCINIT0_gu8v_IrBitCnt .section 'data'
  44  0000              _gu8v_IrBitCnt	db 0
  44  0001              #pragma debug variable 8 1 _gu8v_IrBitCnt "gu8v_IrBitCnt"
  44  0001              
文件：Variants.c   编译器版本 HGASM 0202 页次17

  44  0000              @HCCINIT .section 'data'
  43  0000              #line 43 "D:\HF\MDST\Code\BS66F360C_CTOUCH_V512_HF-SC10B-20250630\BS66F360C_CTOUCH_V512_HF-SC10B\BS66F360C\Source\Variants.c"
  43  0000              public _gu8v_IrDelay
  43  0000              @HCCINIT0_gu8v_IrDelay .section 'data'
  43  0000              _gu8v_IrDelay	db 0
  43  0001              #pragma debug variable 8 1 _gu8v_IrDelay "gu8v_IrDelay"
  43  0001              
  43  0000              @HCCINIT .section 'data'
  42  0000              #line 42 "D:\HF\MDST\Code\BS66F360C_CTOUCH_V512_HF-SC10B-20250630\BS66F360C_CTOUCH_V512_HF-SC10B\BS66F360C\Source\Variants.c"
  42  0000              public _gu8v_IrRecData
  42  0000              @HCCINIT0_gu8v_IrRecData .section 'data'
  42  0000  0004[       _gu8v_IrRecData	db 4 dup(0)
            00
            ]
  42  0004              #pragma debug variable 47 1 _gu8v_IrRecData "gu8v_IrRecData"
  42  0004              
  42  0000              @HCCINIT .section 'data'
  41  0000              #line 41 "D:\HF\MDST\Code\BS66F360C_CTOUCH_V512_HF-SC10B-20250630\BS66F360C_CTOUCH_V512_HF-SC10B\BS66F360C\Source\Variants.c"
  41  0000              public _gu8v_DisplayBuf
  41  0000              @HCCINIT0_gu8v_DisplayBuf .section 'data'
  41  0000  000E[       _gu8v_DisplayBuf	db 14 dup(0)
            00
            ]
  41  000E              #pragma debug array 49 8 14 1
  41  000E              #pragma debug array 49 8 14 1
  41  000E              #pragma debug variable 49 1 _gu8v_DisplayBuf "gu8v_DisplayBuf"
  41  000E              
  41  0000              @HCCINIT .section 'data'
  40  0000              #line 40 "D:\HF\MDST\Code\BS66F360C_CTOUCH_V512_HF-SC10B-20250630\BS66F360C_CTOUCH_V512_HF-SC10B\BS66F360C\Source\Variants.c"
  40  0000              public _gu16v_JiaoTiTimeCmp
  40  0000              @HCCINIT0_gu16v_JiaoTiTimeCmp .section 'data'
  40  0000  0002[       _gu16v_JiaoTiTimeCmp	db 2 dup(0)
            00
            ]
  40  0002              #pragma debug variable 12 1 _gu16v_JiaoTiTimeCmp "gu16v_JiaoTiTimeCmp"
  40  0002              
  40  0000              @HCCINIT .section 'data'
  39  0000              #line 39 "D:\HF\MDST\Code\BS66F360C_CTOUCH_V512_HF-SC10B-20250630\BS66F360C_CTOUCH_V512_HF-SC10B\BS66F360C\Source\Variants.c"
  39  0000              public _gu16v_JiaoTiTimeCnt
  39  0000              @HCCINIT0_gu16v_JiaoTiTimeCnt .section 'data'
  39  0000  0002[       _gu16v_JiaoTiTimeCnt	db 2 dup(0)
            00
            ]
  39  0002              #pragma debug variable 12 1 _gu16v_JiaoTiTimeCnt "gu16v_JiaoTiTimeCnt"
  39  0002              
  39  0000              @HCCINIT .section 'data'
  38  0000              #line 38 "D:\HF\MDST\Code\BS66F360C_CTOUCH_V512_HF-SC10B-20250630\BS66F360C_CTOUCH_V512_HF-SC10B\BS66F360C\Source\Variants.c"
  38  0000              public _gu16v_JiaoTiTime
  38  0000              @HCCINIT0_gu16v_JiaoTiTime .section 'data'
  38  0000  0002[       _gu16v_JiaoTiTime	db 2 dup(0)
            00
            ]
  38  0002              #pragma debug variable 12 1 _gu16v_JiaoTiTime "gu16v_JiaoTiTime"
  38  0002              
  38  0000              @HCCINIT .section 'data'
  37  0000              #line 37 "D:\HF\MDST\Code\BS66F360C_CTOUCH_V512_HF-SC10B-20250630\BS66F360C_CTOUCH_V512_HF-SC10B\BS66F360C\Source\Variants.c"
  37  0000              public _gu16v_KeyValue
  37  0000              @HCCINIT0_gu16v_KeyValue .section 'data'
  37  0000  0002[       _gu16v_KeyValue	db 2 dup(0)
            00
文件：Variants.c   编译器版本 HGASM 0202 页次18

            ]
  37  0002              #pragma debug variable 12 1 _gu16v_KeyValue "gu16v_KeyValue"
  37  0002              
  37  0000              @HCCINIT .section 'data'
  36  0000              #line 36 "D:\HF\MDST\Code\BS66F360C_CTOUCH_V512_HF-SC10B-20250630\BS66F360C_CTOUCH_V512_HF-SC10B\BS66F360C\Source\Variants.c"
  36  0000              public _gu16v_KeyBuffer
  36  0000              @HCCINIT0_gu16v_KeyBuffer .section 'data'
  36  0000  0002[       _gu16v_KeyBuffer	db 2 dup(0)
            00
            ]
  36  0002              #pragma debug variable 12 1 _gu16v_KeyBuffer "gu16v_KeyBuffer"
  36  0002              
  36  0000              @HCCINIT .section 'data'
  35  0000              #line 35 "D:\HF\MDST\Code\BS66F360C_CTOUCH_V512_HF-SC10B-20250630\BS66F360C_CTOUCH_V512_HF-SC10B\BS66F360C\Source\Variants.c"
  35  0000              public _gu8v_KeyLongDelay
  35  0000              @HCCINIT0_gu8v_KeyLongDelay .section 'data'
  35  0000              _gu8v_KeyLongDelay	db 0
  35  0001              #pragma debug variable 8 1 _gu8v_KeyLongDelay "gu8v_KeyLongDelay"
  35  0001              
  35  0000              @HCCINIT .section 'data'
  34  0000              #line 34 "D:\HF\MDST\Code\BS66F360C_CTOUCH_V512_HF-SC10B-20250630\BS66F360C_CTOUCH_V512_HF-SC10B\BS66F360C\Source\Variants.c"
  34  0000              public _gu8v_KeyOffDebounce
  34  0000              @HCCINIT0_gu8v_KeyOffDebounce .section 'data'
  34  0000              _gu8v_KeyOffDebounce	db 0
  34  0001              #pragma debug variable 8 1 _gu8v_KeyOffDebounce "gu8v_KeyOffDebounce"
  34  0001              
  34  0000              @HCCINIT .section 'data'
  33  0000              #line 33 "D:\HF\MDST\Code\BS66F360C_CTOUCH_V512_HF-SC10B-20250630\BS66F360C_CTOUCH_V512_HF-SC10B\BS66F360C\Source\Variants.c"
  33  0000              public _gu8v_KeyDebounce
  33  0000              @HCCINIT0_gu8v_KeyDebounce .section 'data'
  33  0000              _gu8v_KeyDebounce	db 0
  33  0001              #pragma debug variable 8 1 _gu8v_KeyDebounce "gu8v_KeyDebounce"
  33  0001              
  33  0000              @HCCINIT .section 'data'
  31  0000              #line 31 "D:\HF\MDST\Code\BS66F360C_CTOUCH_V512_HF-SC10B-20250630\BS66F360C_CTOUCH_V512_HF-SC10B\BS66F360C\Source\Variants.c"
  31  0000              public _gu8v_JiaoTiMode
  31  0000              @HCCINIT0_gu8v_JiaoTiMode .section 'data'
  31  0000              _gu8v_JiaoTiMode	db 0
  31  0001              #pragma debug variable 8 1 _gu8v_JiaoTiMode "gu8v_JiaoTiMode"
  31  0001              
  31  0000              @HCCINIT .section 'data'
  29  0000              #line 29 "D:\HF\MDST\Code\BS66F360C_CTOUCH_V512_HF-SC10B-20250630\BS66F360C_CTOUCH_V512_HF-SC10B\BS66F360C\Source\Variants.c"
  29  0000              public _gu8v_PressureMode
  29  0000              @HCCINIT0_gu8v_PressureMode .section 'data'
  29  0000              _gu8v_PressureMode	db 0
  29  0001              #pragma debug variable 8 1 _gu8v_PressureMode "gu8v_PressureMode"
  29  0001              
  29  0000              @HCCINIT .section 'data'
  27  0000              #line 27 "D:\HF\MDST\Code\BS66F360C_CTOUCH_V512_HF-SC10B-20250630\BS66F360C_CTOUCH_V512_HF-SC10B\BS66F360C\Source\Variants.c"
  27  0000              public _gu8v_FunPwmOutPinDelay
  27  0000              @HCCINIT0_gu8v_FunPwmOutPinDelay .section 'data'
  27  0000              _gu8v_FunPwmOutPinDelay	db 0
  27  0001              #pragma debug variable 8 1 _gu8v_FunPwmOutPinDelay "gu8v_FunPwmOutPinDelay"
  27  0001              
  27  0000              @HCCINIT .section 'data'
  26  0000              #line 26 "D:\HF\MDST\Code\BS66F360C_CTOUCH_V512_HF-SC10B-20250630\BS66F360C_CTOUCH_V512_HF-SC10B\BS66F360C\Source\Variants.c"
  26  0000              public _gu8v_FunPwmOutPinDuty
  26  0000              @HCCINIT0_gu8v_FunPwmOutPinDuty .section 'data'
  26  0000              _gu8v_FunPwmOutPinDuty	db 0
  26  0001              #pragma debug variable 8 1 _gu8v_FunPwmOutPinDuty "gu8v_FunPwmOutPinDuty"
文件：Variants.c   编译器版本 HGASM 0202 页次19

  26  0001              
  26  0000              @HCCINIT .section 'data'
  25  0000              #line 25 "D:\HF\MDST\Code\BS66F360C_CTOUCH_V512_HF-SC10B-20250630\BS66F360C_CTOUCH_V512_HF-SC10B\BS66F360C\Source\Variants.c"
  25  0000              public _gu8v_AbPwmOutPinDelay
  25  0000              @HCCINIT0_gu8v_AbPwmOutPinDelay .section 'data'
  25  0000              _gu8v_AbPwmOutPinDelay	db 0
  25  0001              #pragma debug variable 8 1 _gu8v_AbPwmOutPinDelay "gu8v_AbPwmOutPinDelay"
  25  0001              
  25  0000              @HCCINIT .section 'data'
  24  0000              #line 24 "D:\HF\MDST\Code\BS66F360C_CTOUCH_V512_HF-SC10B-20250630\BS66F360C_CTOUCH_V512_HF-SC10B\BS66F360C\Source\Variants.c"
  24  0000              public _gu8v_AbPwmOutPinDuty
  24  0000              @HCCINIT0_gu8v_AbPwmOutPinDuty .section 'data'
  24  0000              _gu8v_AbPwmOutPinDuty	db 0
  24  0001              #pragma debug variable 8 1 _gu8v_AbPwmOutPinDuty "gu8v_AbPwmOutPinDuty"
  24  0001              
  24  0000              @HCCINIT .section 'data'
  22  0000              #line 22 "D:\HF\MDST\Code\BS66F360C_CTOUCH_V512_HF-SC10B-20250630\BS66F360C_CTOUCH_V512_HF-SC10B\BS66F360C\Source\Variants.c"
  22  0000              public _gu8v_FunPwmDelay
  22  0000              @HCCINIT0_gu8v_FunPwmDelay .section 'data'
  22  0000              _gu8v_FunPwmDelay	db 0
  22  0001              #pragma debug variable 8 1 _gu8v_FunPwmDelay "gu8v_FunPwmDelay"
  22  0001              
  22  0000              @HCCINIT .section 'data'
  21  0000              #line 21 "D:\HF\MDST\Code\BS66F360C_CTOUCH_V512_HF-SC10B-20250630\BS66F360C_CTOUCH_V512_HF-SC10B\BS66F360C\Source\Variants.c"
  21  0000              public _gu8v_FunPwmDuty
  21  0000              @HCCINIT0_gu8v_FunPwmDuty .section 'data'
  21  0000              _gu8v_FunPwmDuty	db 0
  21  0001              #pragma debug variable 8 1 _gu8v_FunPwmDuty "gu8v_FunPwmDuty"
  21  0001              
  21  0000              @HCCINIT .section 'data'
  20  0000              #line 20 "D:\HF\MDST\Code\BS66F360C_CTOUCH_V512_HF-SC10B-20250630\BS66F360C_CTOUCH_V512_HF-SC10B\BS66F360C\Source\Variants.c"
  20  0000              public _gu8v_AbPwmDelay
  20  0000              @HCCINIT0_gu8v_AbPwmDelay .section 'data'
  20  0000              _gu8v_AbPwmDelay	db 0
  20  0001              #pragma debug variable 8 1 _gu8v_AbPwmDelay "gu8v_AbPwmDelay"
  20  0001              
  20  0000              @HCCINIT .section 'data'
  19  0000              #line 19 "D:\HF\MDST\Code\BS66F360C_CTOUCH_V512_HF-SC10B-20250630\BS66F360C_CTOUCH_V512_HF-SC10B\BS66F360C\Source\Variants.c"
  19  0000              public _gu8v_AbPwmDuty
  19  0000              @HCCINIT0_gu8v_AbPwmDuty .section 'data'
  19  0000              _gu8v_AbPwmDuty	db 0
  19  0001              #pragma debug variable 8 1 _gu8v_AbPwmDuty "gu8v_AbPwmDuty"
  19  0001              
  19  0000              @HCCINIT .section 'data'
  18  0000              #line 18 "D:\HF\MDST\Code\BS66F360C_CTOUCH_V512_HF-SC10B-20250630\BS66F360C_CTOUCH_V512_HF-SC10B\BS66F360C\Source\Variants.c"
  18  0000              public _gu8v_WorkMode
  18  0000              @HCCINIT0_gu8v_WorkMode .section 'data'
  18  0000              _gu8v_WorkMode	db 0
  18  0001              #pragma debug variable 8 1 _gu8v_WorkMode "gu8v_WorkMode"
  18  0001              
  18  0000              @HCCINIT .section 'data'
  16  0000              #line 16 "D:\HF\MDST\Code\BS66F360C_CTOUCH_V512_HF-SC10B-20250630\BS66F360C_CTOUCH_V512_HF-SC10B\BS66F360C\Source\Variants.c"
  16  0000              public _gu8v_BeepCnt
  16  0000              @HCCINIT0_gu8v_BeepCnt .section 'data'
  16  0000              _gu8v_BeepCnt	db 0
  16  0001              #pragma debug variable 8 1 _gu8v_BeepCnt "gu8v_BeepCnt"
  16  0001              
  16  0000              @HCCINIT .section 'data'
  15  0000              #line 15 "D:\HF\MDST\Code\BS66F360C_CTOUCH_V512_HF-SC10B-20250630\BS66F360C_CTOUCH_V512_HF-SC10B\BS66F360C\Source\Variants.c"
  15  0000              public _gu8v_BeepType
文件：Variants.c   编译器版本 HGASM 0202 页次20

  15  0000              @HCCINIT0_gu8v_BeepType .section 'data'
  15  0000              _gu8v_BeepType	db 0
  15  0001              #pragma debug variable 8 1 _gu8v_BeepType "gu8v_BeepType"
  15  0001              
  15  0000              @HCCINIT .section 'data'
  14  0000              #line 14 "D:\HF\MDST\Code\BS66F360C_CTOUCH_V512_HF-SC10B-20250630\BS66F360C_CTOUCH_V512_HF-SC10B\BS66F360C\Source\Variants.c"
  14  0000              public _gu8v_TimerMode
  14  0000              @HCCINIT0_gu8v_TimerMode .section 'data'
  14  0000              _gu8v_TimerMode	db 0
  14  0001              #pragma debug variable 8 1 _gu8v_TimerMode "gu8v_TimerMode"
  14  0001              
  14  0000              @HCCINIT .section 'data'
  13  0000              #line 13 "D:\HF\MDST\Code\BS66F360C_CTOUCH_V512_HF-SC10B-20250630\BS66F360C_CTOUCH_V512_HF-SC10B\BS66F360C\Source\Variants.c"
  13  0000              public _gu8v_BeepTime
  13  0000              @HCCINIT0_gu8v_BeepTime .section 'data'
  13  0000              _gu8v_BeepTime	db 0
  13  0001              #pragma debug variable 8 1 _gu8v_BeepTime "gu8v_BeepTime"
  13  0001              
  13  0000              @HCCINIT .section 'data'
  12  0000              #line 12 "D:\HF\MDST\Code\BS66F360C_CTOUCH_V512_HF-SC10B-20250630\BS66F360C_CTOUCH_V512_HF-SC10B\BS66F360C\Source\Variants.c"
  12  0000              public _gu8v_BeepStep
  12  0000              @HCCINIT0_gu8v_BeepStep .section 'data'
  12  0000              _gu8v_BeepStep	db 0
  12  0001              #pragma debug variable 8 1 _gu8v_BeepStep "gu8v_BeepStep"
  12  0001              
  12  0000              @HCCINIT .section 'data'
  10  0000              #line 10 "D:\HF\MDST\Code\BS66F360C_CTOUCH_V512_HF-SC10B-20250630\BS66F360C_CTOUCH_V512_HF-SC10B\BS66F360C\Source\Variants.c"
  10  0000              public _gu8v_Delay1S
  10  0000              @HCCINIT0_gu8v_Delay1S .section 'data'
  10  0000              _gu8v_Delay1S	db 0
  10  0001              #pragma debug variable 8 1 _gu8v_Delay1S "gu8v_Delay1S"
  10  0001              
  10  0000              @HCCINIT .section 'data'
   9  0000              #line 9 "D:\HF\MDST\Code\BS66F360C_CTOUCH_V512_HF-SC10B-20250630\BS66F360C_CTOUCH_V512_HF-SC10B\BS66F360C\Source\Variants.c"
   9  0000              public _gu8v_Delay500mS
   9  0000              @HCCINIT0_gu8v_Delay500mS .section 'data'
   9  0000              _gu8v_Delay500mS	db 0
   9  0001              #pragma debug variable 8 1 _gu8v_Delay500mS "gu8v_Delay500mS"
   9  0001              
   9  0000              @HCCINIT .section 'data'
   8  0000              #line 8 "D:\HF\MDST\Code\BS66F360C_CTOUCH_V512_HF-SC10B-20250630\BS66F360C_CTOUCH_V512_HF-SC10B\BS66F360C\Source\Variants.c"
   8  0000              public _gu8v_Delay50mS
   8  0000              @HCCINIT0_gu8v_Delay50mS .section 'data'
   8  0000              _gu8v_Delay50mS	db 0
   8  0001              #pragma debug variable 8 1 _gu8v_Delay50mS "gu8v_Delay50mS"
   8  0001              
   8  0000              @HCCINIT .section 'data'
   7  0000              #line 7 "D:\HF\MDST\Code\BS66F360C_CTOUCH_V512_HF-SC10B-20250630\BS66F360C_CTOUCH_V512_HF-SC10B\BS66F360C\Source\Variants.c"
   7  0000              public _gu8v_Delay100mS
   7  0000              @HCCINIT0_gu8v_Delay100mS .section 'data'
   7  0000              _gu8v_Delay100mS	db 0
   7  0001              #pragma debug variable 8 1 _gu8v_Delay100mS "gu8v_Delay100mS"
   7  0001              
   7  0000              @HCCINIT .section 'data'
   6  0000              #line 6 "D:\HF\MDST\Code\BS66F360C_CTOUCH_V512_HF-SC10B-20250630\BS66F360C_CTOUCH_V512_HF-SC10B\BS66F360C\Source\Variants.c"
   6  0000              public _gu8v_Delay10mS
   6  0000              @HCCINIT0_gu8v_Delay10mS .section 'data'
   6  0000              _gu8v_Delay10mS	db 0
   6  0001              #pragma debug variable 8 1 _gu8v_Delay10mS "gu8v_Delay10mS"
   6  0001              
文件：Variants.c   编译器版本 HGASM 0202 页次21

   6  0000              @HCCINIT .section 'data'
   5  0000              #line 5 "D:\HF\MDST\Code\BS66F360C_CTOUCH_V512_HF-SC10B-20250630\BS66F360C_CTOUCH_V512_HF-SC10B\BS66F360C\Source\Variants.c"
   5  0000              public _gu8v_Delay5mS
   5  0000              @HCCINIT0_gu8v_Delay5mS .section 'data'
   5  0000              _gu8v_Delay5mS	db 0
   5  0001              #pragma debug variable 8 1 _gu8v_Delay5mS "gu8v_Delay5mS"
   5  0001              
   5  0000              @HCCINIT .section 'data'
   4  0000              #line 4 "D:\HF\MDST\Code\BS66F360C_CTOUCH_V512_HF-SC10B-20250630\BS66F360C_CTOUCH_V512_HF-SC10B\BS66F360C\Source\Variants.c"
   4  0000              public _gu8v_Delay1mS
   4  0000              @HCCINIT0_gu8v_Delay1mS .section 'data'
   4  0000              _gu8v_Delay1mS	db 0
   4  0001              #pragma debug variable 8 1 _gu8v_Delay1mS "gu8v_Delay1mS"
   4  0001              
   4  0000              @HCCINIT .section 'data'
   4  0000              
   4  0000              ; 
   4  0000              ; Generated by holtek-gcc v3.19, Thu Jul 10 20:20:34 2025
   4  0000              ; Rebuild 718
   4  0000              ; end of file


        0 Errors, 0