文件：Interrupt.c  编译器版本 HGASM 0202 页次1


   1  0000              ; Generated by holtek-gcc v3.19, Thu Jul 10 20:20:33 2025
   2  0000              ; 
   3  0000              ; Configuration:
   4  0000              ;       with long instruction
   5  0000              ;       Multi-ROM, Multi-RAM
   6  0000              ;       bits_per_rom_unit:16
   7  0000              ;       with mp1
   8  0000              ;       with tbhp, address(0x9)
   9  0000              ;          Use tabrd-const
  10  0000              ;       
  11  0000              ; SFR address of long-instruction arch:
  12  0000              ;    mp0 = -1,1,0
  13  0000              ;    mp1 = 4,3,2
  14  0000              ;    mp2 = 14,13,12
  15  0000              ;    tbp = 9,7,8
  16  0000              ;    acc = 5
  17  0000              ;    pcl = 6
  18  0000              ;    status = 10
  19  0000              ;    bp = 11
  20  0000              ;    intc = 16
  21  0000              ;       
  22  0000              ;       
  23  0000              ; use 'tabrdc' instead of 'tabrd'
  24  0000              ;       
  25  0000              
  26  0000              #pragma translator "holtek-gcc 4.6.4" "3.19" "build 20130711"
  27  0000              ; Rebuild 718
  28  0000              
  29  0000              ir equ [2]
  30  0000              mp equ [3]
  31  0000              sbp equ [4]
  32  0000              acc equ [5]
  33  0000              bp equ [11]
  34  0000              tblp equ [7]
  35  0000              tbhp equ [9]
  36  0000              status equ [10]
  37  0000              c equ [10].0
  38  0000              ac equ [10].1
  39  0000              z equ [10].2
  40  0000              ov equ [10].3
  41  0000              cz equ [10].6
  42  0000              sc equ [10].7
  43  0000              intc equ [16]
  44  0000              
  45  0000              extern ra:byte
  46  0000              extern rb:byte
  47  0000              extern rc:byte
  48  0000              extern rd:byte
  49  0000              extern re:byte
  50  0000              extern rf:byte
  51  0000              extern rg:byte
  52  0000              extern rh:byte
  53  0000              extern _Crom2Prom:near
  54  0000              extern _Crom2PromNext:near
  55  0000              
  56  0000              RAMBANK 0 @BITDATASEC, @BITDATASEC1
  57  0000              @HCCINIT	.section 'data'
  58  0000              @HCCINIT0	.section 'data'
  59  0000              @BITDATASEC	 .section 'data'
文件：Interrupt.ASM 编译器版本 HGASM 0202 页次2

  60  0000              @BITDATASEC1	 .section 'data'
  61  0000              
  62  0000              #pragma debug scope 1 1
  63  0000              	extern __DELAY3:near
  64  0000              	extern __DELAYX3:near
  65  0000              	extern __DELAYX6:near
  66  0000              	extern __DELAYY5:near
  67  0000              	extern __DELAYY3:near
  68  0000              	extern _builtin_holtek_delay_2:byte
  69  0000              ___mfi2 equ [44]
  70  0000              ___pb equ [24]
  71  0000              ___pe equ [112]
  72  0000              ___pa equ [20]
  73  0000              public _MF2_ISR
  74  0000              #pragma debug scope 2 1

  11  0000              #line 11 "D:\HF\MDST\Code\BS66F360C_CTOUCH_V512_HF-SC10B-20250630\BS66F360C_CTOUCH_V512_HF-SC10B\BS66F360C\Source\Interrupt.c"
  11  0000              rombank 0 @MF2_ISR_code
  11  0000              @MF2_ISR_code .section at 32 'code'
  11  0000  0080     E  	mov r1,a
  11  0001  070B        	mov a,bp
  11  0002  1F0B        	clr bp
  11  0003  2800     R  	jmp _MF2_ISR
  11  0004              ROMBANK 0 _MF2_ISR
  11  0004              #pragma debug scope 1 1
  11  0004              @dummy32 endp
  11  0004              #pragma debug scope 3 1
  11  0000              _MF2_ISR .section 'code'
  11  0000              _MF2_ISR proc
  11  0000  00          local _MF2_ISR_2 db 1 dup(?)
  11  0000  0080     E  	mov r2,a
  11  0001  070A        	mov a, status
  11  0002  0080     E  	mov r3,a
  11  0003  0703        	mov a,mp
  11  0004  0080     E  	mov r4,a
  11  0005  0704        	mov a,sbp
  11  0006  0080     E  	mov r5,a
  11  0007  0707        	mov a,tblp
  11  0008  0080     E  	mov r6,a
  11  0009  0709        	mov a,tbhp
  11  000A  0080     E  	mov r7,a
  12  000B              #line 12 "D:\HF\MDST\Code\BS66F360C_CTOUCH_V512_HF-SC10B-20250630\BS66F360C_CTOUCH_V512_HF-SC10B\BS66F360C\Source\Interrupt.c"
  12  000B  3AAC        	snz [44].5
  12  000C  2800     R  	jmp _L1
  14  000D              #line 14 "D:\HF\MDST\Code\BS66F360C_CTOUCH_V512_HF-SC10B-20250630\BS66F360C_CTOUCH_V512_HF-SC10B\BS66F360C\Source\Interrupt.c"
  14  000D  36AC        	clr [44].5
  15  000E              #line 15 "D:\HF\MDST\Code\BS66F360C_CTOUCH_V512_HF-SC10B-20250630\BS66F360C_CTOUCH_V512_HF-SC10B\BS66F360C\Source\Interrupt.c"
  15  000E  1F00     E  	clr ra
  15  000F  3D98        	sz [24].3
  15  0010  1480     E  	inc ra
  15  0011  0700     E  	mov a,ra
  15  0012  0380     E  	addm a,ra
  15  0013  3400     E  	clr _WorkFlag1[0].1
  15  0014  0700     E  	mov a,ra
  15  0015  0580     E  	orm a,_WorkFlag1[0]
  16  0016              #line 16 "D:\HF\MDST\Code\BS66F360C_CTOUCH_V512_HF-SC10B-20250630\BS66F360C_CTOUCH_V512_HF-SC10B\BS66F360C\Source\Interrupt.c"
  16  0016  1F00     E  	clr rb
  16  0017  3C00     E  	sz _WorkFlag1[0].1
  16  0018  1480     E  	inc rb
  16  0019  1F00     E  	clr ra
文件：Interrupt.c  编译器版本 HGASM 0202 页次3

  16  001A  3C00     E  	sz _WorkFlag1[0].2
  16  001B  1480     E  	inc ra
  16  001C  0700     E  	mov a,rb
  16  001D  0200     E  	sub a,ra
  16  001E  3D0A        	sz z
  16  001F  2800     R  	jmp _L4
  18  0020              #line 18 "D:\HF\MDST\Code\BS66F360C_CTOUCH_V512_HF-SC10B-20250630\BS66F360C_CTOUCH_V512_HF-SC10B\BS66F360C\Source\Interrupt.c"
  18  0020  0F14        	mov a,20
  18  0021  0080     E  	mov _gu8v_AcOffDebounce[0],a
  19  0022              #line 19 "D:\HF\MDST\Code\BS66F360C_CTOUCH_V512_HF-SC10B-20250630\BS66F360C_CTOUCH_V512_HF-SC10B\BS66F360C\Source\Interrupt.c"
  19  0022  0700     E  	mov a,_gu8v_AbPwmDuty[0]
  19  0023  0080     E  	mov _gu8v_AbPwmOutPinDuty[0],a
  20  0024              #line 20 "D:\HF\MDST\Code\BS66F360C_CTOUCH_V512_HF-SC10B-20250630\BS66F360C_CTOUCH_V512_HF-SC10B\BS66F360C\Source\Interrupt.c"
  20  0024  0700     E  	mov a,_gu8v_AbPwmDelay[0]
  20  0025  0080     E  	mov _gu8v_AbPwmOutPinDelay[0],a
  22  0026              #line 22 "D:\HF\MDST\Code\BS66F360C_CTOUCH_V512_HF-SC10B-20250630\BS66F360C_CTOUCH_V512_HF-SC10B\BS66F360C\Source\Interrupt.c"
  22  0026  0700     E  	mov a,_gu8v_FunPwmDuty[0]
  22  0027  0080     E  	mov _gu8v_FunPwmOutPinDuty[0],a
  23  0028              #line 23 "D:\HF\MDST\Code\BS66F360C_CTOUCH_V512_HF-SC10B-20250630\BS66F360C_CTOUCH_V512_HF-SC10B\BS66F360C\Source\Interrupt.c"
  23  0028  0700     E  	mov a,_gu8v_FunPwmDelay[0]
  23  0029  0080     E  	mov _gu8v_FunPwmOutPinDelay[0],a
  23  002A              _L4:
  25  002A              #line 25 "D:\HF\MDST\Code\BS66F360C_CTOUCH_V512_HF-SC10B-20250630\BS66F360C_CTOUCH_V512_HF-SC10B\BS66F360C\Source\Interrupt.c"
  25  002A  1F00     E  	clr ra
  25  002B  3C00     E  	sz _WorkFlag1[0].1
  25  002C  3000     E  	set ra.2
  25  002D  3400     E  	clr _WorkFlag1[0].2
  25  002E  0700     E  	mov a,ra
  25  002F  0580     E  	orm a,_WorkFlag1[0]
  26  0030              #line 26 "D:\HF\MDST\Code\BS66F360C_CTOUCH_V512_HF-SC10B-20250630\BS66F360C_CTOUCH_V512_HF-SC10B\BS66F360C\Source\Interrupt.c"
  26  0030  0700     E  	mov a,_gu8v_WorkMode[0]
  26  0031  0A03        	sub a,3
  26  0032  390A        	snz z
  26  0033  2800     R  	jmp _L5
  28  0034              #line 28 "D:\HF\MDST\Code\BS66F360C_CTOUCH_V512_HF-SC10B-20250630\BS66F360C_CTOUCH_V512_HF-SC10B\BS66F360C\Source\Interrupt.c"
  28  0034  3C00     E  	sz _DcfFlag1[0].0
  28  0035  2800     R  	jmp _L6
  28  0036  3800     E  	snz _DcfFlag1[0].1
  28  0037  2800     R  	jmp _L7
  28  0038              _L6:
  28  0038  3C00     E  	sz _WorkFlag2[0].6
  28  0039  2800     R  	jmp _L7
  30  003A              #line 30 "D:\HF\MDST\Code\BS66F360C_CTOUCH_V512_HF-SC10B-20250630\BS66F360C_CTOUCH_V512_HF-SC10B\BS66F360C\Source\Interrupt.c"
  30  003A  1E00     E  	snz _gu8v_AbPwmOutPinDelay[0]
  30  003B  2800     R  	jmp _L8
  32  003C              #line 32 "D:\HF\MDST\Code\BS66F360C_CTOUCH_V512_HF-SC10B-20250630\BS66F360C_CTOUCH_V512_HF-SC10B\BS66F360C\Source\Interrupt.c"
  32  003C  1580     E  	dec _gu8v_AbPwmOutPinDelay[0]
  32  003D  2800     R  	jmp _L9
  32  003E              _L8:
  36  003E              #line 36 "D:\HF\MDST\Code\BS66F360C_CTOUCH_V512_HF-SC10B-20250630\BS66F360C_CTOUCH_V512_HF-SC10B\BS66F360C\Source\Interrupt.c"
  36  003E  1E00     E  	snz _gu8v_AbPwmOutPinDuty[0]
  36  003F  2800     R  	jmp _L10
  36  0040  1580     E  	dec _gu8v_AbPwmOutPinDuty[0]
  36  0041              _L10:
  37  0041              #line 37 "D:\HF\MDST\Code\BS66F360C_CTOUCH_V512_HF-SC10B-20250630\BS66F360C_CTOUCH_V512_HF-SC10B\BS66F360C\Source\Interrupt.c"
  37  0041  1E00     E  	snz _gu8v_AbPwmOutPinDuty[0]
  37  0042  2800     R  	jmp _L7
  37  0043  3270        	set [112].4
  37  0044  2800     R  	jmp _L9
  37  0045              _L7:
文件：Interrupt.c  编译器版本 HGASM 0202 页次4

  43  0045              #line 43 "D:\HF\MDST\Code\BS66F360C_CTOUCH_V512_HF-SC10B-20250630\BS66F360C_CTOUCH_V512_HF-SC10B\BS66F360C\Source\Interrupt.c"
  43  0045  3670        	clr [112].4
  43  0046              _L9:
  45  0046              #line 45 "D:\HF\MDST\Code\BS66F360C_CTOUCH_V512_HF-SC10B-20250630\BS66F360C_CTOUCH_V512_HF-SC10B\BS66F360C\Source\Interrupt.c"
  45  0046  1E00     E  	snz _WorkModeFlag[0]
  45  0047  2800     R  	jmp _L75
  47  0048              #line 47 "D:\HF\MDST\Code\BS66F360C_CTOUCH_V512_HF-SC10B-20250630\BS66F360C_CTOUCH_V512_HF-SC10B\BS66F360C\Source\Interrupt.c"
  47  0048  3C00     E  	sz _DcfFlag1[0].2
  47  0049  2800     R  	jmp _L13
  47  004A  3C00     E  	sz _DcfFlag1[0].3
  47  004B  2800     R  	jmp _L13
  47  004C  3C00     E  	sz _DcfFlag1[0].4
  47  004D  2800     R  	jmp _L13
  47  004E  3800     E  	snz _DcfFlag1[0].5
  47  004F  2800     R  	jmp _L75
  47  0050              _L13:
  47  0050  3C00     E  	sz _WorkFlag2[0].7
  47  0051  2800     R  	jmp _L75
  49  0052              #line 49 "D:\HF\MDST\Code\BS66F360C_CTOUCH_V512_HF-SC10B-20250630\BS66F360C_CTOUCH_V512_HF-SC10B\BS66F360C\Source\Interrupt.c"
  49  0052  1E00     E  	snz _gu8v_FunPwmOutPinDelay[0]
  49  0053  2800     R  	jmp _L15
  51  0054              #line 51 "D:\HF\MDST\Code\BS66F360C_CTOUCH_V512_HF-SC10B-20250630\BS66F360C_CTOUCH_V512_HF-SC10B\BS66F360C\Source\Interrupt.c"
  51  0054  1580     E  	dec _gu8v_FunPwmOutPinDelay[0]
  51  0055  2800     R  	jmp _L16
  51  0056              _L15:
  55  0056              #line 55 "D:\HF\MDST\Code\BS66F360C_CTOUCH_V512_HF-SC10B-20250630\BS66F360C_CTOUCH_V512_HF-SC10B\BS66F360C\Source\Interrupt.c"
  55  0056  1E00     E  	snz _gu8v_FunPwmOutPinDuty[0]
  55  0057  2800     R  	jmp _L17
  55  0058  1580     E  	dec _gu8v_FunPwmOutPinDuty[0]
  55  0059              _L17:
  56  0059              #line 56 "D:\HF\MDST\Code\BS66F360C_CTOUCH_V512_HF-SC10B-20250630\BS66F360C_CTOUCH_V512_HF-SC10B\BS66F360C\Source\Interrupt.c"
  56  0059  1E00     E  	snz _gu8v_FunPwmOutPinDuty[0]
  56  005A  2800     R  	jmp _L75
  56  005B  32F0        	set [112].5
  56  005C  2800     R  	jmp _L16
  56  005D              _L5:
  72  005D              #line 72 "D:\HF\MDST\Code\BS66F360C_CTOUCH_V512_HF-SC10B-20250630\BS66F360C_CTOUCH_V512_HF-SC10B\BS66F360C\Source\Interrupt.c"
  72  005D  3670        	clr [112].4
  72  005E              _L75:
  73  005E              #line 73 "D:\HF\MDST\Code\BS66F360C_CTOUCH_V512_HF-SC10B-20250630\BS66F360C_CTOUCH_V512_HF-SC10B\BS66F360C\Source\Interrupt.c"
  73  005E  36F0        	clr [112].5
  73  005F              _L16:
 101  005F              #line 101 "D:\HF\MDST\Code\BS66F360C_CTOUCH_V512_HF-SC10B-20250630\BS66F360C_CTOUCH_V512_HF-SC10B\BS66F360C\Source\Interrupt.c"
 101  005F  0700     E  	mov a,_gu8v_RfSendStep[0]
 101  0060  0080     R  	mov _MF2_ISR_2[0],a
 101  0061  1700     R  	sdza _MF2_ISR_2[0]
 101  0062  2800     R  	jmp _LI1
 101  0063  2800     R  	jmp _L20
 101  0064              _LI1:
 101  0064  0700     R  	mov a,_MF2_ISR_2[0]
 101  0065  0A02        	sub a,2
 101  0066  390A        	snz z
 101  0067  2800     R  	jmp _L74
 101  0068  2800     R  	jmp _L79
 101  0069              _L20:
 104  0069              #line 104 "D:\HF\MDST\Code\BS66F360C_CTOUCH_V512_HF-SC10B-20250630\BS66F360C_CTOUCH_V512_HF-SC10B\BS66F360C\Source\Interrupt.c"
 104  0069  3794        	clr [20].7
 105  006A              #line 105 "D:\HF\MDST\Code\BS66F360C_CTOUCH_V512_HF-SC10B-20250630\BS66F360C_CTOUCH_V512_HF-SC10B\BS66F360C\Source\Interrupt.c"
 105  006A  1E00     E  	snz _gu8v_RfBitCycle[0]
 105  006B  2800     R  	jmp _L22
文件：Interrupt.c  编译器版本 HGASM 0202 页次5

 105  006C  1580     E  	dec _gu8v_RfBitCycle[0]
 105  006D              _L22:
 106  006D              #line 106 "D:\HF\MDST\Code\BS66F360C_CTOUCH_V512_HF-SC10B-20250630\BS66F360C_CTOUCH_V512_HF-SC10B\BS66F360C\Source\Interrupt.c"
 106  006D  1080     E  	sz _gu8v_RfBitCycle[0]
 106  006E  2800     R  	jmp _L24
 108  006F              #line 108 "D:\HF\MDST\Code\BS66F360C_CTOUCH_V512_HF-SC10B-20250630\BS66F360C_CTOUCH_V512_HF-SC10B\BS66F360C\Source\Interrupt.c"
 108  006F  0F02        	mov a,2
 108  0070  0080     E  	mov _gu8v_RfSendStep[0],a
 109  0071              #line 109 "D:\HF\MDST\Code\BS66F360C_CTOUCH_V512_HF-SC10B-20250630\BS66F360C_CTOUCH_V512_HF-SC10B\BS66F360C\Source\Interrupt.c"
 109  0071  1F00     E  	clr _gu8v_RfSendByteCnt[0]
 110  0072              #line 110 "D:\HF\MDST\Code\BS66F360C_CTOUCH_V512_HF-SC10B-20250630\BS66F360C_CTOUCH_V512_HF-SC10B\BS66F360C\Source\Interrupt.c"
 110  0072  1F00     E  	clr _gu8v_RfSendBitCnt[0]
 110  0073  2800     R  	jmp _L24
 110  0074              _L79:
 114  0074              #line 114 "D:\HF\MDST\Code\BS66F360C_CTOUCH_V512_HF-SC10B-20250630\BS66F360C_CTOUCH_V512_HF-SC10B\BS66F360C\Source\Interrupt.c"
 114  0074  1080     E  	sz _gu8v_RfBitCycle[0]
 114  0075  2800     R  	jmp _L25
 116  0076              #line 116 "D:\HF\MDST\Code\BS66F360C_CTOUCH_V512_HF-SC10B-20250630\BS66F360C_CTOUCH_V512_HF-SC10B\BS66F360C\Source\Interrupt.c"
 116  0076  0700     E  	mov a,_gu8v_VoicePluse[0]
 116  0077  0080     E  	mov rb,a
 116  0078  1F00     E  	clr rc
 116  0079  1400     E  	inca _gu8v_RfSendBitCnt[0]
 116  007A  2800     R  	jmp _LI2
 116  007B              _LI3:
 116  007B  340A        	clr c
 116  007C  3C00     E  	sz rc.7
 116  007D  300A        	set c
 116  007E  1B80     E  	rrc rc
 116  007F  1B80     E  	rrc rb
 116  0080              _LI2:
 116  0080  1785        	sdz acc
 116  0081  2800     R  	jmp _LI3
 118  0082              #line 118 "D:\HF\MDST\Code\BS66F360C_CTOUCH_V512_HF-SC10B-20250630\BS66F360C_CTOUCH_V512_HF-SC10B\BS66F360C\Source\Interrupt.c"
 118  0082  0F08        	mov a,8
 118  0083  0080     E  	mov _gu8v_RfBitCycle[0],a
 116  0084              #line 116 "D:\HF\MDST\Code\BS66F360C_CTOUCH_V512_HF-SC10B-20250630\BS66F360C_CTOUCH_V512_HF-SC10B\BS66F360C\Source\Interrupt.c"
 116  0084  3800     E  	snz rb.0
 116  0085  2800     R  	jmp _L26
 119  0086              #line 119 "D:\HF\MDST\Code\BS66F360C_CTOUCH_V512_HF-SC10B-20250630\BS66F360C_CTOUCH_V512_HF-SC10B\BS66F360C\Source\Interrupt.c"
 119  0086  0F02        	mov a,2
 119  0087  0080     E  	mov _gu8v_RfBitDuty[0],a
 119  0088  2800     R  	jmp _L25
 119  0089              _L26:
 124  0089              #line 124 "D:\HF\MDST\Code\BS66F360C_CTOUCH_V512_HF-SC10B-20250630\BS66F360C_CTOUCH_V512_HF-SC10B\BS66F360C\Source\Interrupt.c"
 124  0089  0F06        	mov a,6
 124  008A  0080     E  	mov _gu8v_RfBitDuty[0],a
 124  008B              _L25:
 127  008B              #line 127 "D:\HF\MDST\Code\BS66F360C_CTOUCH_V512_HF-SC10B-20250630\BS66F360C_CTOUCH_V512_HF-SC10B\BS66F360C\Source\Interrupt.c"
 127  008B  1E00     E  	snz _gu8v_RfBitCycle[0]
 127  008C  2800     R  	jmp _L27
 127  008D  1580     E  	dec _gu8v_RfBitCycle[0]
 127  008E              _L27:
 128  008E              #line 128 "D:\HF\MDST\Code\BS66F360C_CTOUCH_V512_HF-SC10B-20250630\BS66F360C_CTOUCH_V512_HF-SC10B\BS66F360C\Source\Interrupt.c"
 128  008E  0700     E  	mov a,_gu8v_RfBitCycle[0]
 128  008F  0200     E  	sub a,_gu8v_RfBitDuty[0]
 128  0090  3C0A        	sz c
 128  0091  2800     R  	jmp _L76
 134  0092              #line 134 "D:\HF\MDST\Code\BS66F360C_CTOUCH_V512_HF-SC10B-20250630\BS66F360C_CTOUCH_V512_HF-SC10B\BS66F360C\Source\Interrupt.c"
 134  0092  3794        	clr [20].7
 135  0093              #line 135 "D:\HF\MDST\Code\BS66F360C_CTOUCH_V512_HF-SC10B-20250630\BS66F360C_CTOUCH_V512_HF-SC10B\BS66F360C\Source\Interrupt.c"
文件：Interrupt.c  编译器版本 HGASM 0202 页次6

 135  0093  1080     E  	sz _gu8v_RfBitCycle[0]
 135  0094  2800     R  	jmp _L24
 137  0095              #line 137 "D:\HF\MDST\Code\BS66F360C_CTOUCH_V512_HF-SC10B-20250630\BS66F360C_CTOUCH_V512_HF-SC10B\BS66F360C\Source\Interrupt.c"
 137  0095  1480     E  	inc _gu8v_RfSendBitCnt[0]
 138  0096              #line 138 "D:\HF\MDST\Code\BS66F360C_CTOUCH_V512_HF-SC10B-20250630\BS66F360C_CTOUCH_V512_HF-SC10B\BS66F360C\Source\Interrupt.c"
 138  0096  0F07        	mov a,7
 138  0097  0200     E  	sub a,_gu8v_RfSendBitCnt[0]
 138  0098  3C0A        	sz c
 138  0099  2800     R  	jmp _L24
 140  009A              #line 140 "D:\HF\MDST\Code\BS66F360C_CTOUCH_V512_HF-SC10B-20250630\BS66F360C_CTOUCH_V512_HF-SC10B\BS66F360C\Source\Interrupt.c"
 140  009A  1F00     E  	clr _gu8v_RfSendBitCnt[0]
 142  009B              #line 142 "D:\HF\MDST\Code\BS66F360C_CTOUCH_V512_HF-SC10B-20250630\BS66F360C_CTOUCH_V512_HF-SC10B\BS66F360C\Source\Interrupt.c"
 142  009B  1F00     E  	clr _gu8v_RfSendStep[0]
 142  009C  2800     R  	jmp _L24
 142  009D              _L74:
 148  009D              #line 148 "D:\HF\MDST\Code\BS66F360C_CTOUCH_V512_HF-SC10B-20250630\BS66F360C_CTOUCH_V512_HF-SC10B\BS66F360C\Source\Interrupt.c"
 148  009D  0F28        	mov a,40
 148  009E  0080     E  	mov _gu8v_RfBitCycle[0],a
 149  009F              #line 149 "D:\HF\MDST\Code\BS66F360C_CTOUCH_V512_HF-SC10B-20250630\BS66F360C_CTOUCH_V512_HF-SC10B\BS66F360C\Source\Interrupt.c"
 149  009F  1F00     E  	clr _gu8v_RfSendByteCnt[0]
 150  00A0              #line 150 "D:\HF\MDST\Code\BS66F360C_CTOUCH_V512_HF-SC10B-20250630\BS66F360C_CTOUCH_V512_HF-SC10B\BS66F360C\Source\Interrupt.c"
 150  00A0  1F00     E  	clr _gu8v_RfSendBitCnt[0]
 150  00A1              _L76:
 151  00A1              #line 151 "D:\HF\MDST\Code\BS66F360C_CTOUCH_V512_HF-SC10B-20250630\BS66F360C_CTOUCH_V512_HF-SC10B\BS66F360C\Source\Interrupt.c"
 151  00A1  3394        	set [20].7
 151  00A2              _L24:
 154  00A2              #line 154 "D:\HF\MDST\Code\BS66F360C_CTOUCH_V512_HF-SC10B-20250630\BS66F360C_CTOUCH_V512_HF-SC10B\BS66F360C\Source\Interrupt.c"
 154  00A2  1F00     E  	clr ra
 154  00A3  3D18        	sz [24].2
 154  00A4  1480     E  	inc ra
 154  00A5  1B80     E  	rrc ra
 154  00A6  1F00     E  	clr ra
 154  00A7  1B80     E  	rrc ra
 154  00A8  3400     E  	clr _WorkFlag3[0].7
 154  00A9  0700     E  	mov a,ra
 154  00AA  0580     E  	orm a,_WorkFlag3[0]
 155  00AB              #line 155 "D:\HF\MDST\Code\BS66F360C_CTOUCH_V512_HF-SC10B-20250630\BS66F360C_CTOUCH_V512_HF-SC10B\BS66F360C\Source\Interrupt.c"
 155  00AB  1F00     E  	clr rb
 155  00AC  3C00     E  	sz _WorkFlag3[0].4
 155  00AD  1480     E  	inc rb
 155  00AE  1800     E  	rla _WorkFlag3[0]
 155  00AF  0E01        	and a,1
 155  00B0  0080     E  	mov ra,a
 155  00B1  0700     E  	mov a,rb
 155  00B2  0200     E  	sub a,ra
 155  00B3  3D0A        	sz z
 155  00B4  2800     R  	jmp _L30
 157  00B5              #line 157 "D:\HF\MDST\Code\BS66F360C_CTOUCH_V512_HF-SC10B-20250630\BS66F360C_CTOUCH_V512_HF-SC10B\BS66F360C\Source\Interrupt.c"
 157  00B5  3800     E  	snz _WorkFlag3[0].7
 157  00B6  2800     R  	jmp _L31
 159  00B7              #line 159 "D:\HF\MDST\Code\BS66F360C_CTOUCH_V512_HF-SC10B-20250630\BS66F360C_CTOUCH_V512_HF-SC10B\BS66F360C\Source\Interrupt.c"
 159  00B7  0700     E  	mov a,_gu8v_IrSampStep[0]
 159  00B8  0080     R  	mov _MF2_ISR_2[0],a
 159  00B9  0700     R  	mov a,_MF2_ISR_2[0]
 159  00BA  0A00        	sub a,0
 159  00BB  3D0A        	sz z
 159  00BC  2800     R  	jmp _L33
 159  00BD  0A01        	sub a,(1)-(0)
 159  00BE  3D0A        	sz z
 159  00BF  2800     R  	jmp _L34
文件：Interrupt.c  编译器版本 HGASM 0202 页次7

 159  00C0  0700     R  	mov a,_MF2_ISR_2[0]
 159  00C1  0A02        	sub a,2
 159  00C2  390A        	snz z
 159  00C3  2800     R  	jmp _L32
 159  00C4  2800     R  	jmp _L80
 159  00C5              _L33:
 162  00C5              #line 162 "D:\HF\MDST\Code\BS66F360C_CTOUCH_V512_HF-SC10B-20250630\BS66F360C_CTOUCH_V512_HF-SC10B\BS66F360C\Source\Interrupt.c"
 162  00C5  0F1D        	mov a,29
 162  00C6  0200     E  	sub a,_gu8v_433_L_Cnt[0]
 162  00C7  3C0A        	sz c
 162  00C8  2800     R  	jmp _L32
 162  00C9  0F32        	mov a,50
 162  00CA  0200     E  	sub a,_gu8v_433_L_Cnt[0]
 162  00CB  380A        	snz c
 162  00CC  2800     R  	jmp _L32
 164  00CD              #line 164 "D:\HF\MDST\Code\BS66F360C_CTOUCH_V512_HF-SC10B-20250630\BS66F360C_CTOUCH_V512_HF-SC10B\BS66F360C\Source\Interrupt.c"
 164  00CD  1F00     E  	clr _gu8v_433BitCnt[0]
 165  00CE              #line 165 "D:\HF\MDST\Code\BS66F360C_CTOUCH_V512_HF-SC10B-20250630\BS66F360C_CTOUCH_V512_HF-SC10B\BS66F360C\Source\Interrupt.c"
 165  00CE  1F00     E  	clr _gu8v_433ByteCnt[0]
 166  00CF              #line 166 "D:\HF\MDST\Code\BS66F360C_CTOUCH_V512_HF-SC10B-20250630\BS66F360C_CTOUCH_V512_HF-SC10B\BS66F360C\Source\Interrupt.c"
 166  00CF  0F01        	mov a,1
 166  00D0  0080     E  	mov _gu8v_IrSampStep[0],a
 166  00D1  2800     R  	jmp _L32
 166  00D2              _L34:
 170  00D2              #line 170 "D:\HF\MDST\Code\BS66F360C_CTOUCH_V512_HF-SC10B-20250630\BS66F360C_CTOUCH_V512_HF-SC10B\BS66F360C\Source\Interrupt.c"
 170  00D2  1F00     E  	clr _gu8v_433BitCnt[0]
 171  00D3              #line 171 "D:\HF\MDST\Code\BS66F360C_CTOUCH_V512_HF-SC10B-20250630\BS66F360C_CTOUCH_V512_HF-SC10B\BS66F360C\Source\Interrupt.c"
 171  00D3  1F00     E  	clr _gu8v_433ByteCnt[0]
 172  00D4              #line 172 "D:\HF\MDST\Code\BS66F360C_CTOUCH_V512_HF-SC10B-20250630\BS66F360C_CTOUCH_V512_HF-SC10B\BS66F360C\Source\Interrupt.c"
 172  00D4  0F02        	mov a,2
 172  00D5  0080     E  	mov _gu8v_IrSampStep[0],a
 173  00D6              #line 173 "D:\HF\MDST\Code\BS66F360C_CTOUCH_V512_HF-SC10B-20250630\BS66F360C_CTOUCH_V512_HF-SC10B\BS66F360C\Source\Interrupt.c"
 173  00D6  2800     R  	jmp _L32
 173  00D7              _L80:
 175  00D7              #line 175 "D:\HF\MDST\Code\BS66F360C_CTOUCH_V512_HF-SC10B-20250630\BS66F360C_CTOUCH_V512_HF-SC10B\BS66F360C\Source\Interrupt.c"
 175  00D7  0F04        	mov a,4
 175  00D8  0200     E  	sub a,_gu8v_433_H_cnt[0]
 175  00D9  3C0A        	sz c
 175  00DA  2800     R  	jmp _L38
 175  00DB  0F0C        	mov a,12
 175  00DC  0200     E  	sub a,_gu8v_433_H_cnt[0]
 175  00DD  380A        	snz c
 175  00DE  2800     R  	jmp _L38
 175  00DF  1E00     E  	snz _gu8v_433_L_Cnt[0]
 175  00E0  2800     R  	jmp _L38
 175  00E1  0F05        	mov a,5
 175  00E2  0200     E  	sub a,_gu8v_433_L_Cnt[0]
 175  00E3  380A        	snz c
 175  00E4  2800     R  	jmp _L38
 177  00E5              #line 177 "D:\HF\MDST\Code\BS66F360C_CTOUCH_V512_HF-SC10B-20250630\BS66F360C_CTOUCH_V512_HF-SC10B\BS66F360C\Source\Interrupt.c"
 177  00E5  0F00     E  	mov a,low offset _gu8v_433RecData
 177  00E6  0300     E  	add a,_gu8v_433ByteCnt[0]
 177  00E7  0083        	mov mp,a
 177  00E8  0F00     E  	mov a,high offset _gu8v_433RecData
 177  00E9  1F04        	clr sbp
 177  00EA  1384        	adcm a,sbp
 177  00EB              	fcall _Crom2Prom
 177  00F2  0080     R  	mov _MF2_ISR_2[0],a
 177  00F3  0F80        	mov a,-128
 177  00F4  0080     E  	mov rb,a
文件：Interrupt.c  编译器版本 HGASM 0202 页次8

 177  00F5  1F00     E  	clr rc
 177  00F6  1400     E  	inca _gu8v_433BitCnt[0]
 177  00F7  2800     R  	jmp _LI4
 177  00F8              _LI5:
 177  00F8  340A        	clr c
 177  00F9  3C00     E  	sz rc.7
 177  00FA  300A        	set c
 177  00FB  1B80     E  	rrc rc
 177  00FC  1B80     E  	rrc rb
 177  00FD              _LI4:
 177  00FD  1785        	sdz acc
 177  00FE  2800     R  	jmp _LI5
 177  00FF  0700     R  	mov a,_MF2_ISR_2[0]
 177  0100  0580     E  	orm a,rb
 177  0101  2800     R  	jmp _L77
 177  0102              _L38:
 180  0102              #line 180 "D:\HF\MDST\Code\BS66F360C_CTOUCH_V512_HF-SC10B-20250630\BS66F360C_CTOUCH_V512_HF-SC10B\BS66F360C\Source\Interrupt.c"
 180  0102  1E00     E  	snz _gu8v_433_H_cnt[0]
 180  0103  2800     R  	jmp _L40
 180  0104  0F05        	mov a,5
 180  0105  0200     E  	sub a,_gu8v_433_H_cnt[0]
 180  0106  380A        	snz c
 180  0107  2800     R  	jmp _L40
 180  0108  0F04        	mov a,4
 180  0109  0200     E  	sub a,_gu8v_433_L_Cnt[0]
 180  010A  3C0A        	sz c
 180  010B  2800     R  	jmp _L40
 180  010C  0F0C        	mov a,12
 180  010D  0200     E  	sub a,_gu8v_433_L_Cnt[0]
 180  010E  380A        	snz c
 180  010F  2800     R  	jmp _L40
 182  0110              #line 182 "D:\HF\MDST\Code\BS66F360C_CTOUCH_V512_HF-SC10B-20250630\BS66F360C_CTOUCH_V512_HF-SC10B\BS66F360C\Source\Interrupt.c"
 182  0110  0F00     E  	mov a,low offset _gu8v_433RecData
 182  0111  0300     E  	add a,_gu8v_433ByteCnt[0]
 182  0112  0083        	mov mp,a
 182  0113  0F00     E  	mov a,high offset _gu8v_433RecData
 182  0114  1F04        	clr sbp
 182  0115  1384        	adcm a,sbp
 182  0116              	fcall _Crom2Prom
 182  011D  0080     R  	mov _MF2_ISR_2[0],a
 182  011E  0F80        	mov a,-128
 182  011F  0080     E  	mov rb,a
 182  0120  1F00     E  	clr rc
 182  0121  1400     E  	inca _gu8v_433BitCnt[0]
 182  0122  2800     R  	jmp _LI6
 182  0123              _LI7:
 182  0123  340A        	clr c
 182  0124  3C00     E  	sz rc.7
 182  0125  300A        	set c
 182  0126  1B80     E  	rrc rc
 182  0127  1B80     E  	rrc rb
 182  0128              _LI6:
 182  0128  1785        	sdz acc
 182  0129  2800     R  	jmp _LI7
 182  012A  0100     E  	cpla rb
 182  012B  0080     E  	mov rb,a
 182  012C  0700     R  	mov a,_MF2_ISR_2[0]
 182  012D  0680     E  	andm a,rb
 182  012E              _L77:
 182  012E  0700     E  	mov a,rb
文件：Interrupt.c  编译器版本 HGASM 0202 页次9

 182  012F  0082        	mov ir,a
 183  0130              #line 183 "D:\HF\MDST\Code\BS66F360C_CTOUCH_V512_HF-SC10B-20250630\BS66F360C_CTOUCH_V512_HF-SC10B\BS66F360C\Source\Interrupt.c"
 183  0130  1480     E  	inc _gu8v_433BitCnt[0]
 183  0131  2800     R  	jmp _L39
 183  0132              _L40:
 187  0132              #line 187 "D:\HF\MDST\Code\BS66F360C_CTOUCH_V512_HF-SC10B-20250630\BS66F360C_CTOUCH_V512_HF-SC10B\BS66F360C\Source\Interrupt.c"
 187  0132  1F00     E  	clr _gu8v_433BitCnt[0]
 188  0133              #line 188 "D:\HF\MDST\Code\BS66F360C_CTOUCH_V512_HF-SC10B-20250630\BS66F360C_CTOUCH_V512_HF-SC10B\BS66F360C\Source\Interrupt.c"
 188  0133  1F00     E  	clr _gu8v_433ByteCnt[0]
 189  0134              #line 189 "D:\HF\MDST\Code\BS66F360C_CTOUCH_V512_HF-SC10B-20250630\BS66F360C_CTOUCH_V512_HF-SC10B\BS66F360C\Source\Interrupt.c"
 189  0134  1F00     E  	clr _gu8v_IrSampStep[0]
 189  0135              _L39:
 191  0135              #line 191 "D:\HF\MDST\Code\BS66F360C_CTOUCH_V512_HF-SC10B-20250630\BS66F360C_CTOUCH_V512_HF-SC10B\BS66F360C\Source\Interrupt.c"
 191  0135  0F07        	mov a,7
 191  0136  0200     E  	sub a,_gu8v_433BitCnt[0]
 191  0137  3C0A        	sz c
 191  0138  2800     R  	jmp _L32
 193  0139              #line 193 "D:\HF\MDST\Code\BS66F360C_CTOUCH_V512_HF-SC10B-20250630\BS66F360C_CTOUCH_V512_HF-SC10B\BS66F360C\Source\Interrupt.c"
 193  0139  1F00     E  	clr _gu8v_433BitCnt[0]
 194  013A              #line 194 "D:\HF\MDST\Code\BS66F360C_CTOUCH_V512_HF-SC10B-20250630\BS66F360C_CTOUCH_V512_HF-SC10B\BS66F360C\Source\Interrupt.c"
 194  013A  1480     E  	inc _gu8v_433ByteCnt[0]
 195  013B              #line 195 "D:\HF\MDST\Code\BS66F360C_CTOUCH_V512_HF-SC10B-20250630\BS66F360C_CTOUCH_V512_HF-SC10B\BS66F360C\Source\Interrupt.c"
 195  013B  0F02        	mov a,2
 195  013C  0200     E  	sub a,_gu8v_433ByteCnt[0]
 195  013D  3C0A        	sz c
 195  013E  2800     R  	jmp _L32
 197  013F              #line 197 "D:\HF\MDST\Code\BS66F360C_CTOUCH_V512_HF-SC10B-20250630\BS66F360C_CTOUCH_V512_HF-SC10B\BS66F360C\Source\Interrupt.c"
 197  013F  1F00     E  	clr _gu8v_433ByteCnt[0]
 198  0140              #line 198 "D:\HF\MDST\Code\BS66F360C_CTOUCH_V512_HF-SC10B-20250630\BS66F360C_CTOUCH_V512_HF-SC10B\BS66F360C\Source\Interrupt.c"
 198  0140  0700     E  	mov a,_gu8v_433RecData[0]
 198  0141  0080     E  	mov _gu8v_433RecValue[0],a
 199  0142              #line 199 "D:\HF\MDST\Code\BS66F360C_CTOUCH_V512_HF-SC10B-20250630\BS66F360C_CTOUCH_V512_HF-SC10B\BS66F360C\Source\Interrupt.c"
 199  0142  0700     E  	mov a,_gu8v_433RecData[1]
 199  0143  0080     E  	mov _gu8v_433RecValue[1],a
 200  0144              #line 200 "D:\HF\MDST\Code\BS66F360C_CTOUCH_V512_HF-SC10B-20250630\BS66F360C_CTOUCH_V512_HF-SC10B\BS66F360C\Source\Interrupt.c"
 200  0144  0700     E  	mov a,_gu8v_433RecData[2]
 200  0145  0080     E  	mov _gu8v_433RecValue[2],a
 201  0146              #line 201 "D:\HF\MDST\Code\BS66F360C_CTOUCH_V512_HF-SC10B-20250630\BS66F360C_CTOUCH_V512_HF-SC10B\BS66F360C\Source\Interrupt.c"
 201  0146  1F00     E  	clr _gu8v_433RecData[0]
 202  0147              #line 202 "D:\HF\MDST\Code\BS66F360C_CTOUCH_V512_HF-SC10B-20250630\BS66F360C_CTOUCH_V512_HF-SC10B\BS66F360C\Source\Interrupt.c"
 202  0147  1F00     E  	clr _gu8v_433RecData[1]
 203  0148              #line 203 "D:\HF\MDST\Code\BS66F360C_CTOUCH_V512_HF-SC10B-20250630\BS66F360C_CTOUCH_V512_HF-SC10B\BS66F360C\Source\Interrupt.c"
 203  0148  1F00     E  	clr _gu8v_433RecData[2]
 204  0149              #line 204 "D:\HF\MDST\Code\BS66F360C_CTOUCH_V512_HF-SC10B-20250630\BS66F360C_CTOUCH_V512_HF-SC10B\BS66F360C\Source\Interrupt.c"
 204  0149  3000     E  	set _WorkFlag2[0].1
 205  014A              #line 205 "D:\HF\MDST\Code\BS66F360C_CTOUCH_V512_HF-SC10B-20250630\BS66F360C_CTOUCH_V512_HF-SC10B\BS66F360C\Source\Interrupt.c"
 205  014A  1F00     E  	clr _gu8v_433BitCnt[0]
 206  014B              #line 206 "D:\HF\MDST\Code\BS66F360C_CTOUCH_V512_HF-SC10B-20250630\BS66F360C_CTOUCH_V512_HF-SC10B\BS66F360C\Source\Interrupt.c"
 206  014B  1F00     E  	clr _gu8v_433ByteCnt[0]
 207  014C              #line 207 "D:\HF\MDST\Code\BS66F360C_CTOUCH_V512_HF-SC10B-20250630\BS66F360C_CTOUCH_V512_HF-SC10B\BS66F360C\Source\Interrupt.c"
 207  014C  1F00     E  	clr _gu8v_IrSampStep[0]
 207  014D              _L32:
 212  014D              #line 212 "D:\HF\MDST\Code\BS66F360C_CTOUCH_V512_HF-SC10B-20250630\BS66F360C_CTOUCH_V512_HF-SC10B\BS66F360C\Source\Interrupt.c"
 212  014D  1F00     E  	clr _gu8v_433_H_cnt[0]
 213  014E              #line 213 "D:\HF\MDST\Code\BS66F360C_CTOUCH_V512_HF-SC10B-20250630\BS66F360C_CTOUCH_V512_HF-SC10B\BS66F360C\Source\Interrupt.c"
 213  014E  1F00     E  	clr _gu8v_433_L_Cnt[0]
 213  014F  2800     R  	jmp _L31
 213  0150              _L30:
 218  0150              #line 218 "D:\HF\MDST\Code\BS66F360C_CTOUCH_V512_HF-SC10B-20250630\BS66F360C_CTOUCH_V512_HF-SC10B\BS66F360C\Source\Interrupt.c"
 218  0150  3800     E  	snz _WorkFlag3[0].7
文件：Interrupt.c  编译器版本 HGASM 0202 页次10

 218  0151  2800     R  	jmp _L41
 220  0152              #line 220 "D:\HF\MDST\Code\BS66F360C_CTOUCH_V512_HF-SC10B-20250630\BS66F360C_CTOUCH_V512_HF-SC10B\BS66F360C\Source\Interrupt.c"
 220  0152  0FF9        	mov a,249
 220  0153  0200     E  	sub a,_gu8v_433_H_cnt[0]
 220  0154  380A        	snz c
 220  0155  2800     R  	jmp _L31
 220  0156  1480     E  	inc _gu8v_433_H_cnt[0]
 220  0157  2800     R  	jmp _L31
 220  0158              _L41:
 224  0158              #line 224 "D:\HF\MDST\Code\BS66F360C_CTOUCH_V512_HF-SC10B-20250630\BS66F360C_CTOUCH_V512_HF-SC10B\BS66F360C\Source\Interrupt.c"
 224  0158  0FF9        	mov a,249
 224  0159  0200     E  	sub a,_gu8v_433_L_Cnt[0]
 224  015A  380A        	snz c
 224  015B  2800     R  	jmp _L31
 224  015C  1480     E  	inc _gu8v_433_L_Cnt[0]
 224  015D              _L31:
 227  015D              #line 227 "D:\HF\MDST\Code\BS66F360C_CTOUCH_V512_HF-SC10B-20250630\BS66F360C_CTOUCH_V512_HF-SC10B\BS66F360C\Source\Interrupt.c"
 227  015D  1800     E  	rla _WorkFlag3[0]
 227  015E  0E01        	and a,1
 227  015F  0080     E  	mov ra,a
 227  0160  1100     E  	swapa ra
 227  0161  0EF0        	and a,0f0h 
 227  0162  0080     E  	mov ra,a
 227  0163  3400     E  	clr _WorkFlag3[0].4
 227  0164  0700     E  	mov a,ra
 227  0165  0580     E  	orm a,_WorkFlag3[0]
 228  0166              #line 228 "D:\HF\MDST\Code\BS66F360C_CTOUCH_V512_HF-SC10B-20250630\BS66F360C_CTOUCH_V512_HF-SC10B\BS66F360C\Source\Interrupt.c"
 228  0166  1480     E  	inc _gu8v_Delay5mS[0]
 229  0167              #line 229 "D:\HF\MDST\Code\BS66F360C_CTOUCH_V512_HF-SC10B-20250630\BS66F360C_CTOUCH_V512_HF-SC10B\BS66F360C\Source\Interrupt.c"
 229  0167  0F27        	mov a,39
 229  0168  0200     E  	sub a,_gu8v_Delay5mS[0]
 229  0169  3C0A        	sz c
 229  016A  2800     R  	jmp _L1
 231  016B              #line 231 "D:\HF\MDST\Code\BS66F360C_CTOUCH_V512_HF-SC10B-20250630\BS66F360C_CTOUCH_V512_HF-SC10B\BS66F360C\Source\Interrupt.c"
 231  016B  1F00     E  	clr _gu8v_Delay5mS[0]
 232  016C              #line 232 "D:\HF\MDST\Code\BS66F360C_CTOUCH_V512_HF-SC10B-20250630\BS66F360C_CTOUCH_V512_HF-SC10B\BS66F360C\Source\Interrupt.c"
 232  016C  3000     E  	set _TimeFlag1[0].1
 233  016D              #line 233 "D:\HF\MDST\Code\BS66F360C_CTOUCH_V512_HF-SC10B-20250630\BS66F360C_CTOUCH_V512_HF-SC10B\BS66F360C\Source\Interrupt.c"
 233  016D  1480     E  	inc _gu8v_Delay10mS[0]
 234  016E              #line 234 "D:\HF\MDST\Code\BS66F360C_CTOUCH_V512_HF-SC10B-20250630\BS66F360C_CTOUCH_V512_HF-SC10B\BS66F360C\Source\Interrupt.c"
 234  016E  0F01        	mov a,1
 234  016F  0200     E  	sub a,_gu8v_Delay10mS[0]
 234  0170  3C0A        	sz c
 234  0171  2800     R  	jmp _L1
 236  0172              #line 236 "D:\HF\MDST\Code\BS66F360C_CTOUCH_V512_HF-SC10B-20250630\BS66F360C_CTOUCH_V512_HF-SC10B\BS66F360C\Source\Interrupt.c"
 236  0172  1F00     E  	clr _gu8v_Delay10mS[0]
 237  0173              #line 237 "D:\HF\MDST\Code\BS66F360C_CTOUCH_V512_HF-SC10B-20250630\BS66F360C_CTOUCH_V512_HF-SC10B\BS66F360C\Source\Interrupt.c"
 237  0173  3000     E  	set _TimeFlag1[0].0
 239  0174              #line 239 "D:\HF\MDST\Code\BS66F360C_CTOUCH_V512_HF-SC10B-20250630\BS66F360C_CTOUCH_V512_HF-SC10B\BS66F360C\Source\Interrupt.c"
 239  0174  1E00     E  	snz _gu8v_BeepTime[0]
 239  0175  2800     R  	jmp _L43
 239  0176  1580     E  	dec _gu8v_BeepTime[0]
 239  0177              _L43:
 240  0177              #line 240 "D:\HF\MDST\Code\BS66F360C_CTOUCH_V512_HF-SC10B-20250630\BS66F360C_CTOUCH_V512_HF-SC10B\BS66F360C\Source\Interrupt.c"
 240  0177  1480     E  	inc _gu8v_Delay50mS[0]
 241  0178              #line 241 "D:\HF\MDST\Code\BS66F360C_CTOUCH_V512_HF-SC10B-20250630\BS66F360C_CTOUCH_V512_HF-SC10B\BS66F360C\Source\Interrupt.c"
 241  0178  0F04        	mov a,4
 241  0179  0200     E  	sub a,_gu8v_Delay50mS[0]
 241  017A  3C0A        	sz c
 241  017B  2800     R  	jmp _L1
文件：Interrupt.c  编译器版本 HGASM 0202 页次11

 243  017C              #line 243 "D:\HF\MDST\Code\BS66F360C_CTOUCH_V512_HF-SC10B-20250630\BS66F360C_CTOUCH_V512_HF-SC10B\BS66F360C\Source\Interrupt.c"
 243  017C  1F00     E  	clr _gu8v_Delay50mS[0]
 244  017D              #line 244 "D:\HF\MDST\Code\BS66F360C_CTOUCH_V512_HF-SC10B-20250630\BS66F360C_CTOUCH_V512_HF-SC10B\BS66F360C\Source\Interrupt.c"
 244  017D  3000     E  	set _TimeFlag1[0].2
 245  017E              #line 245 "D:\HF\MDST\Code\BS66F360C_CTOUCH_V512_HF-SC10B-20250630\BS66F360C_CTOUCH_V512_HF-SC10B\BS66F360C\Source\Interrupt.c"
 245  017E  1480     E  	inc _gu8v_Delay100mS[0]
 246  017F              #line 246 "D:\HF\MDST\Code\BS66F360C_CTOUCH_V512_HF-SC10B-20250630\BS66F360C_CTOUCH_V512_HF-SC10B\BS66F360C\Source\Interrupt.c"
 246  017F  0F01        	mov a,1
 246  0180  0200     E  	sub a,_gu8v_Delay100mS[0]
 246  0181  3C0A        	sz c
 246  0182  2800     R  	jmp _L1
 248  0183              #line 248 "D:\HF\MDST\Code\BS66F360C_CTOUCH_V512_HF-SC10B-20250630\BS66F360C_CTOUCH_V512_HF-SC10B\BS66F360C\Source\Interrupt.c"
 248  0183  1F00     E  	clr _gu8v_Delay100mS[0]
 249  0184              #line 249 "D:\HF\MDST\Code\BS66F360C_CTOUCH_V512_HF-SC10B-20250630\BS66F360C_CTOUCH_V512_HF-SC10B\BS66F360C\Source\Interrupt.c"
 249  0184  3000     E  	set _TimeFlag1[0].3
 249  0185              _L1:
 249  0185  0700     E  	mov a,r2
 249  0186  008B        	mov bp,a
 249  0187  0700     E  	mov a,r3
 249  0188  008A        	mov status,a
 249  0189  0700     E  	mov a,r4
 249  018A  0083        	mov mp,a
 249  018B  0700     E  	mov a,r5
 249  018C  0084        	mov sbp,a
 249  018D  0700     E  	mov a,r6
 249  018E  0087        	mov tblp,a
 249  018F  0700     E  	mov a,r7
 249  0190  0089        	mov tbhp,a
 249  0191  1D05        	tabrdc acc
 249  0192  0700     E  	mov a,r1
 249  0193  0004        	reti
 249  0194              _MF2_ISR endp
 249  0194              
 249  0194              #line 249 "D:\HF\MDST\Code\BS66F360C_CTOUCH_V512_HF-SC10B-20250630\BS66F360C_CTOUCH_V512_HF-SC10B\BS66F360C\Source\Interrupt.c"
 249  0194              #pragma debug scope 1 1
 249  0194              public _Time_Base
 249  0194              #pragma debug scope 4 1
 258  0194              #line 258 "D:\HF\MDST\Code\BS66F360C_CTOUCH_V512_HF-SC10B-20250630\BS66F360C_CTOUCH_V512_HF-SC10B\BS66F360C\Source\Interrupt.c"
 258  0000              _Time_Base .section 'code'
 258  0000              _Time_Base proc
 259  0000              #line 259 "D:\HF\MDST\Code\BS66F360C_CTOUCH_V512_HF-SC10B-20250630\BS66F360C_CTOUCH_V512_HF-SC10B\BS66F360C\Source\Interrupt.c"
 259  0000  1E00     E  	snz _gu8v_AbFangQiTime[0]
 259  0001  2800     R  	jmp _L82
 261  0002              #line 261 "D:\HF\MDST\Code\BS66F360C_CTOUCH_V512_HF-SC10B-20250630\BS66F360C_CTOUCH_V512_HF-SC10B\BS66F360C\Source\Interrupt.c"
 261  0002  1580     E  	dec _gu8v_AbFangQiTime[0]
 261  0003              _L82:
 263  0003              #line 263 "D:\HF\MDST\Code\BS66F360C_CTOUCH_V512_HF-SC10B-20250630\BS66F360C_CTOUCH_V512_HF-SC10B\BS66F360C\Source\Interrupt.c"
 263  0003  1E00     E  	snz _gu8v_PowerOnDelay[0]
 263  0004  2800     R  	jmp _L83
 265  0005              #line 265 "D:\HF\MDST\Code\BS66F360C_CTOUCH_V512_HF-SC10B-20250630\BS66F360C_CTOUCH_V512_HF-SC10B\BS66F360C\Source\Interrupt.c"
 265  0005  1580     E  	dec _gu8v_PowerOnDelay[0]
 265  0006              _L83:
 267  0006              #line 267 "D:\HF\MDST\Code\BS66F360C_CTOUCH_V512_HF-SC10B-20250630\BS66F360C_CTOUCH_V512_HF-SC10B\BS66F360C\Source\Interrupt.c"
 267  0006  1E00     E  	snz _gu8v_RfIdCopyTime[0]
 267  0007  2800     R  	jmp _L85
 269  0008              #line 269 "D:\HF\MDST\Code\BS66F360C_CTOUCH_V512_HF-SC10B-20250630\BS66F360C_CTOUCH_V512_HF-SC10B\BS66F360C\Source\Interrupt.c"
 269  0008  1580     E  	dec _gu8v_RfIdCopyTime[0]
 270  0009              #line 270 "D:\HF\MDST\Code\BS66F360C_CTOUCH_V512_HF-SC10B-20250630\BS66F360C_CTOUCH_V512_HF-SC10B\BS66F360C\Source\Interrupt.c"
 270  0009  1080     E  	sz _gu8v_RfIdCopyKeyCnt[0]
 270  000A  2800     R  	jmp _L85
文件：Interrupt.c  编译器版本 HGASM 0202 页次12

 270  000B  1F00     E  	clr _gu8v_RfIdCopyKeyCnt[0]
 270  000C              _L85:
 272  000C              #line 272 "D:\HF\MDST\Code\BS66F360C_CTOUCH_V512_HF-SC10B-20250630\BS66F360C_CTOUCH_V512_HF-SC10B\BS66F360C\Source\Interrupt.c"
 272  000C  1E00     E  	snz _gu8v_KeyLongDelay[0]
 272  000D  2800     R  	jmp _L87
 272  000E  1580     E  	dec _gu8v_KeyLongDelay[0]
 272  000F              _L87:
 273  000F              #line 273 "D:\HF\MDST\Code\BS66F360C_CTOUCH_V512_HF-SC10B-20250630\BS66F360C_CTOUCH_V512_HF-SC10B\BS66F360C\Source\Interrupt.c"
 273  000F  1E00     E  	snz _gu8v_IrDelay[0]
 273  0010  2800     R  	jmp _L88
 273  0011  1580     E  	dec _gu8v_IrDelay[0]
 273  0012              _L88:
 274  0012              #line 274 "D:\HF\MDST\Code\BS66F360C_CTOUCH_V512_HF-SC10B-20250630\BS66F360C_CTOUCH_V512_HF-SC10B\BS66F360C\Source\Interrupt.c"
 274  0012  1E00     E  	snz _gu8v_PreKeyDownDisTime[0]
 274  0013  2800     R  	jmp _L89
 274  0014  1580     E  	dec _gu8v_PreKeyDownDisTime[0]
 274  0015              _L89:
 275  0015              #line 275 "D:\HF\MDST\Code\BS66F360C_CTOUCH_V512_HF-SC10B-20250630\BS66F360C_CTOUCH_V512_HF-SC10B\BS66F360C\Source\Interrupt.c"
 275  0015  1E00     E  	snz _gu8v_UartDelayClearRxIndex[0]
 275  0016  2800     R  	jmp _L91
 277  0017              #line 277 "D:\HF\MDST\Code\BS66F360C_CTOUCH_V512_HF-SC10B-20250630\BS66F360C_CTOUCH_V512_HF-SC10B\BS66F360C\Source\Interrupt.c"
 277  0017  1780     E  	sdz _gu8v_UartDelayClearRxIndex[0]
 277  0018  2800     R  	jmp _L91
 280  0019              #line 280 "D:\HF\MDST\Code\BS66F360C_CTOUCH_V512_HF-SC10B-20250630\BS66F360C_CTOUCH_V512_HF-SC10B\BS66F360C\Source\Interrupt.c"
 280  0019  1F00     E  	clr _gu8v_UartRxLength[0]
 280  001A              _L91:
 283  001A              #line 283 "D:\HF\MDST\Code\BS66F360C_CTOUCH_V512_HF-SC10B-20250630\BS66F360C_CTOUCH_V512_HF-SC10B\BS66F360C\Source\Interrupt.c"
 283  001A  1480     E  	inc _gu8v_Delay500mS[0]
 284  001B              #line 284 "D:\HF\MDST\Code\BS66F360C_CTOUCH_V512_HF-SC10B-20250630\BS66F360C_CTOUCH_V512_HF-SC10B\BS66F360C\Source\Interrupt.c"
 284  001B  0F04        	mov a,4
 284  001C  0200     E  	sub a,_gu8v_Delay500mS[0]
 284  001D  3C0A        	sz c
 284  001E  2800     R  	jmp _L81
 286  001F              #line 286 "D:\HF\MDST\Code\BS66F360C_CTOUCH_V512_HF-SC10B-20250630\BS66F360C_CTOUCH_V512_HF-SC10B\BS66F360C\Source\Interrupt.c"
 286  001F  1F00     E  	clr _gu8v_Delay500mS[0]
 287  0020              #line 287 "D:\HF\MDST\Code\BS66F360C_CTOUCH_V512_HF-SC10B-20250630\BS66F360C_CTOUCH_V512_HF-SC10B\BS66F360C\Source\Interrupt.c"
 287  0020  3000     E  	set _TimeFlag1[0].4
 288  0021              #line 288 "D:\HF\MDST\Code\BS66F360C_CTOUCH_V512_HF-SC10B-20250630\BS66F360C_CTOUCH_V512_HF-SC10B\BS66F360C\Source\Interrupt.c"
 288  0021  3000     E  	set _WorkFlag3[0].0
 289  0022              #line 289 "D:\HF\MDST\Code\BS66F360C_CTOUCH_V512_HF-SC10B-20250630\BS66F360C_CTOUCH_V512_HF-SC10B\BS66F360C\Source\Interrupt.c"
 289  0022  1F00     E  	clr ra
 289  0023  3800     E  	snz _TimeFlag1[0].6
 289  0024  3000     E  	set ra.6
 289  0025  3400     E  	clr _TimeFlag1[0].6
 289  0026  0700     E  	mov a,ra
 289  0027  0580     E  	orm a,_TimeFlag1[0]
 290  0028              #line 290 "D:\HF\MDST\Code\BS66F360C_CTOUCH_V512_HF-SC10B-20250630\BS66F360C_CTOUCH_V512_HF-SC10B\BS66F360C\Source\Interrupt.c"
 290  0028  1480     E  	inc _gu8v_Delay1S[0]
 291  0029              #line 291 "D:\HF\MDST\Code\BS66F360C_CTOUCH_V512_HF-SC10B-20250630\BS66F360C_CTOUCH_V512_HF-SC10B\BS66F360C\Source\Interrupt.c"
 291  0029  0F01        	mov a,1
 291  002A  0200     E  	sub a,_gu8v_Delay1S[0]
 291  002B  3C0A        	sz c
 291  002C  2800     R  	jmp _L81
 293  002D              #line 293 "D:\HF\MDST\Code\BS66F360C_CTOUCH_V512_HF-SC10B-20250630\BS66F360C_CTOUCH_V512_HF-SC10B\BS66F360C\Source\Interrupt.c"
 293  002D  1F00     E  	clr _gu8v_Delay1S[0]
 294  002E              #line 294 "D:\HF\MDST\Code\BS66F360C_CTOUCH_V512_HF-SC10B-20250630\BS66F360C_CTOUCH_V512_HF-SC10B\BS66F360C\Source\Interrupt.c"
 294  002E  3000     E  	set _TimeFlag1[0].5
 295  002F              #line 295 "D:\HF\MDST\Code\BS66F360C_CTOUCH_V512_HF-SC10B-20250630\BS66F360C_CTOUCH_V512_HF-SC10B\BS66F360C\Source\Interrupt.c"
 295  002F  3000     E  	set _TimeFlag1[0].7
 296  0030              #line 296 "D:\HF\MDST\Code\BS66F360C_CTOUCH_V512_HF-SC10B-20250630\BS66F360C_CTOUCH_V512_HF-SC10B\BS66F360C\Source\Interrupt.c"
文件：Interrupt.c  编译器版本 HGASM 0202 页次13

 296  0030  3000     E  	set _TimeFlag2[0].0
 297  0031              #line 297 "D:\HF\MDST\Code\BS66F360C_CTOUCH_V512_HF-SC10B-20250630\BS66F360C_CTOUCH_V512_HF-SC10B\BS66F360C\Source\Interrupt.c"
 297  0031  3000     E  	set _TimeFlag2[0].1
 300  0032              #line 300 "D:\HF\MDST\Code\BS66F360C_CTOUCH_V512_HF-SC10B-20250630\BS66F360C_CTOUCH_V512_HF-SC10B\BS66F360C\Source\Interrupt.c"
 300  0032  1E00     E  	snz _gu8v_LockDelay60S[0]
 300  0033  2800     R  	jmp _L81
 302  0034              #line 302 "D:\HF\MDST\Code\BS66F360C_CTOUCH_V512_HF-SC10B-20250630\BS66F360C_CTOUCH_V512_HF-SC10B\BS66F360C\Source\Interrupt.c"
 302  0034  1780     E  	sdz _gu8v_LockDelay60S[0]
 302  0035  2800     R  	jmp _L81
 305  0036              #line 305 "D:\HF\MDST\Code\BS66F360C_CTOUCH_V512_HF-SC10B-20250630\BS66F360C_CTOUCH_V512_HF-SC10B\BS66F360C\Source\Interrupt.c"
 305  0036  3000     E  	set _WorkFlag5[0].3
 305  0037              _L81:
 305  0037  0003        	ret
 305  0038              _Time_Base endp
 305  0038              #line 305 "D:\HF\MDST\Code\BS66F360C_CTOUCH_V512_HF-SC10B-20250630\BS66F360C_CTOUCH_V512_HF-SC10B\BS66F360C\Source\Interrupt.c"
 305  0038              #pragma debug scope 1 1
 305  0038              #pragma debug struct_end
 305  0038              #pragma debug struct_end
 305  0038              #pragma debug union_end
 305  0038              #pragma debug union_end
 305  0038              #pragma debug variable 43 1 ___pa "__pa" 1
 305  0038              #pragma debug struct_end
 305  0038              #pragma debug struct_end
 305  0038              #pragma debug union_end
 305  0038              #pragma debug union_end
 305  0038              #pragma debug variable 45 1 ___pb "__pb" 1
 305  0038              #pragma debug struct_end
 305  0038              #pragma debug struct_end
 305  0038              #pragma debug union_end
 305  0038              #pragma debug union_end
 305  0038              #pragma debug variable 47 1 ___mfi2 "__mfi2" 1
 305  0038              #pragma debug struct_end
 305  0038              #pragma debug struct_end
 305  0038              #pragma debug union_end
 305  0038              #pragma debug union_end
 305  0038              #pragma debug variable 49 1 ___pe "__pe" 1
 305  0038              
 305  0038              ; output external variables
 305  0038              extern _WorkFlag5:byte
 305  0038              extern _gu8v_LockDelay60S:byte
 305  0038              extern _TimeFlag2:byte
 305  0038              extern _gu8v_Delay1S:byte
 305  0038              extern _gu8v_Delay500mS:byte
 305  0038              extern _gu8v_UartRxLength:byte
 305  0038              extern _gu8v_UartDelayClearRxIndex:byte
 305  0038              extern _gu8v_PreKeyDownDisTime:byte
 305  0038              extern _gu8v_IrDelay:byte
 305  0038              extern _gu8v_KeyLongDelay:byte
 305  0038              extern _gu8v_RfIdCopyKeyCnt:byte
 305  0038              extern _gu8v_RfIdCopyTime:byte
 305  0038              extern _gu8v_PowerOnDelay:byte
 305  0038              extern _gu8v_AbFangQiTime:byte
 305  0038              extern _gu8v_Delay100mS:byte
 305  0038              extern _gu8v_Delay50mS:byte
 305  0038              extern _gu8v_BeepTime:byte
 305  0038              extern _gu8v_Delay10mS:byte
 305  0038              extern _TimeFlag1:byte
 305  0038              extern _gu8v_Delay5mS:byte
 305  0038              extern _gu8v_433RecValue:byte
 305  0038              extern _gu8v_433RecData:byte
文件：Interrupt.c  编译器版本 HGASM 0202 页次14

 305  0038              extern _gu8v_433_H_cnt:byte
 305  0038              extern _gu8v_433ByteCnt:byte
 305  0038              extern _gu8v_433BitCnt:byte
 305  0038              extern _gu8v_433_L_Cnt:byte
 305  0038              extern _gu8v_IrSampStep:byte
 305  0038              extern _WorkFlag3:byte
 305  0038              extern _gu8v_RfBitDuty:byte
 305  0038              extern _gu8v_VoicePluse:byte
 305  0038              extern _gu8v_RfSendBitCnt:byte
 305  0038              extern _gu8v_RfSendByteCnt:byte
 305  0038              extern _gu8v_RfBitCycle:byte
 305  0038              extern _gu8v_RfSendStep:byte
 305  0038              extern _WorkModeFlag:byte
 305  0038              extern _WorkFlag2:byte
 305  0038              extern _DcfFlag1:byte
 305  0038              extern _gu8v_WorkMode:byte
 305  0038              extern _gu8v_FunPwmOutPinDelay:byte
 305  0038              extern _gu8v_FunPwmDelay:byte
 305  0038              extern _gu8v_FunPwmOutPinDuty:byte
 305  0038              extern _gu8v_FunPwmDuty:byte
 305  0038              extern _gu8v_AbPwmOutPinDelay:byte
 305  0038              extern _gu8v_AbPwmDelay:byte
 305  0038              extern _gu8v_AbPwmOutPinDuty:byte
 305  0038              extern _gu8v_AbPwmDuty:byte
 305  0038              extern _gu8v_AcOffDebounce:byte
 305  0038              extern _WorkFlag1:byte
 305  0038              extern r1:byte
 305  0038              extern r2:byte
 305  0038              extern r3:byte
 305  0038              extern r4:byte
 305  0038              extern r5:byte
 305  0038              extern r6:byte
 305  0038              extern r7:byte
 305  0038              
 305  0038              ; 
 305  0038              ; Generated by holtek-gcc v3.19, Thu Jul 10 20:20:33 2025
 305  0038              ; Rebuild 718
 305  0038              ; end of file


        0 Errors, 0