文件：Aip1628.c    编译器版本 HGASM 0202 页次1


   1  0000              ; Generated by holtek-gcc v3.19, Wed Jun 25 10:27:49 2025
   2  0000              ; 
   3  0000              ; Configuration:
   4  0000              ;       with long instruction
   5  0000              ;       Multi-ROM, Multi-RAM
   6  0000              ;       bits_per_rom_unit:16
   7  0000              ;       with mp1
   8  0000              ;       with tbhp, address(0x9)
   9  0000              ;          Use tabrd-const
  10  0000              ;       
  11  0000              ; SFR address of long-instruction arch:
  12  0000              ;    mp0 = -1,1,0
  13  0000              ;    mp1 = 4,3,2
  14  0000              ;    mp2 = 14,13,12
  15  0000              ;    tbp = 9,7,8
  16  0000              ;    acc = 5
  17  0000              ;    pcl = 6
  18  0000              ;    status = 10
  19  0000              ;    bp = 11
  20  0000              ;    intc = 16
  21  0000              ;       
  22  0000              ;       
  23  0000              ; use 'tabrdc' instead of 'tabrd'
  24  0000              ;       
  25  0000              
  26  0000              #pragma translator "holtek-gcc 4.6.4" "3.19" "build 20130711"
  27  0000              ; Rebuild 718
  28  0000              
  29  0000              ir equ [2]
  30  0000              mp equ [3]
  31  0000              sbp equ [4]
  32  0000              acc equ [5]
  33  0000              bp equ [11]
  34  0000              tblp equ [7]
  35  0000              tbhp equ [9]
  36  0000              status equ [10]
  37  0000              c equ [10].0
  38  0000              ac equ [10].1
  39  0000              z equ [10].2
  40  0000              ov equ [10].3
  41  0000              cz equ [10].6
  42  0000              sc equ [10].7
  43  0000              intc equ [16]
  44  0000              
  45  0000              extern ra:byte
  46  0000              extern rb:byte
  47  0000              extern rc:byte
  48  0000              extern rd:byte
  49  0000              extern re:byte
  50  0000              extern rf:byte
  51  0000              extern rg:byte
  52  0000              extern rh:byte
  53  0000              extern _Crom2Prom:near
  54  0000              extern _Crom2PromNext:near
  55  0000              
  56  0000              RAMBANK 0 @BITDATASEC, @BITDATASEC1
  57  0000              @HCCINIT	.section 'data'
  58  0000              @HCCINIT0	.section 'data'
  59  0000              @BITDATASEC	 .section 'data'
文件：Aip1628.ASM  编译器版本 HGASM 0202 页次2

  60  0000              @BITDATASEC1	 .section 'data'
  61  0000              
  62  0000              #pragma debug scope 1 1
  63  0000              	extern __DELAY3:near
  64  0000              	extern __DELAYX3:near
  65  0000              	extern __DELAYX6:near
  66  0000              	extern __DELAYY5:near
  67  0000              	extern __DELAYY3:near
  68  0000              	extern _builtin_holtek_delay_2:byte
  69  0000              ___pa equ [20]
  70  0000              public _SendByte
  71  0000              #pragma debug scope 2 1

  12  0000              #line 12 "D:\HF\MDST\Code\BS66F360C_CTOUCH_V512_HF-SC10B\BS66F360C\Source\Aip1628.c"
  12  0000              _SendByte .section 'code'
  12  0000              _SendByte proc
  12  0000  00              local _SendByte_2 db 1 dup(?)	; 0,1
  12  0000  0080     R  	mov _SendByte_2[0],a
  12  0001              #pragma debug variable 8 2 _SendByte_2+0 "r_data"
  12  0001  0F08        	mov a,8
  12  0002  0080     E  	mov ra,a
  12  0003              _L5:
  16  0003              #line 16 "D:\HF\MDST\Code\BS66F360C_CTOUCH_V512_HF-SC10B\BS66F360C\Source\Aip1628.c"
  16  0003  3800     R  	snz _SendByte_2[0].0
  16  0004  2800     R  	jmp _L2
  16  0005  3314        	set [20].6
  16  0006  2800     R  	jmp _L3
  16  0007              _L2:
  17  0007              #line 17 "D:\HF\MDST\Code\BS66F360C_CTOUCH_V512_HF-SC10B\BS66F360C\Source\Aip1628.c"
  17  0007  3714        	clr [20].6
  17  0008              _L3:
  18  0008              #line 18 "D:\HF\MDST\Code\BS66F360C_CTOUCH_V512_HF-SC10B\BS66F360C\Source\Aip1628.c"
  18  0008  3694        	clr [20].5
  19  0009              #line 19 "D:\HF\MDST\Code\BS66F360C_CTOUCH_V512_HF-SC10B\BS66F360C\Source\Aip1628.c"
  19  0009              ;# 19 "D:\HF\MDST\Code\BS66F360C_CTOUCH_V512_HF-SC10B\BS66F360C\Source\Aip1628.c" 1
  19  0009              	IF 10>263690
  19  0009              ;# 19 "D:\HF\MDST\Code\BS66F360C_CTOUCH_V512_HF-SC10B\BS66F360C\Source\Aip1628.c" 1
  19  0009              	ERRMESSAGE 'the value 10of the argument exceeds the maxinum 263690'
  19  0009              	ENDIF
  19  0009              ;# 19 "D:\HF\MDST\Code\BS66F360C_CTOUCH_V512_HF-SC10B\BS66F360C\Source\Aip1628.c" 1
  19  0009              	IF 10<0
  19  0009              ;# 19 "D:\HF\MDST\Code\BS66F360C_CTOUCH_V512_HF-SC10B\BS66F360C\Source\Aip1628.c" 1
  19  0009              	ERRMESSAGE 'the value 10 of the argument exceeds the mininum 0'
  19  0009              	ENDIF
  19  0009              ;# 19 "D:\HF\MDST\Code\BS66F360C_CTOUCH_V512_HF-SC10B\BS66F360C\Source\Aip1628.c" 1
  19  0009              	IF 10==0
  19  0009              ;# 19 "D:\HF\MDST\Code\BS66F360C_CTOUCH_V512_HF-SC10B\BS66F360C\Source\Aip1628.c" 1
  19  0009              	JMP $
  19  0009              	ENDIF
  19  0009              ;# 19 "D:\HF\MDST\Code\BS66F360C_CTOUCH_V512_HF-SC10B\BS66F360C\Source\Aip1628.c" 1
  19  0009              	IF (10>=1) AND (10<( 4 + __PBP__ * 2))
  19  0009              ;# 19 "D:\HF\MDST\Code\BS66F360C_CTOUCH_V512_HF-SC10B\BS66F360C\Source\Aip1628.c" 1
  19  0009              	NOP
  19  0009              	ENDIF
  19  0009              ;# 19 "D:\HF\MDST\Code\BS66F360C_CTOUCH_V512_HF-SC10B\BS66F360C\Source\Aip1628.c" 1
  19  0009              	IF (10>=2) AND (10<( 4 + __PBP__ * 2))
  19  0009              ;# 19 "D:\HF\MDST\Code\BS66F360C_CTOUCH_V512_HF-SC10B\BS66F360C\Source\Aip1628.c" 1
  19  0009              	NOP
  19  0009              	ENDIF
  19  0009              ;# 19 "D:\HF\MDST\Code\BS66F360C_CTOUCH_V512_HF-SC10B\BS66F360C\Source\Aip1628.c" 1
文件：Aip1628.c    编译器版本 HGASM 0202 页次3

  19  0009              	IF (10>=3) AND (10<( 4 + __PBP__ * 2))
  19  0009              ;# 19 "D:\HF\MDST\Code\BS66F360C_CTOUCH_V512_HF-SC10B\BS66F360C\Source\Aip1628.c" 1
  19  0009              	NOP
  19  0009              	ENDIF
  19  0009              ;# 19 "D:\HF\MDST\Code\BS66F360C_CTOUCH_V512_HF-SC10B\BS66F360C\Source\Aip1628.c" 1
  19  0009              	IF (10>=4) AND (10<( 4 + __PBP__ * 2)) AND ( __PBP__ > 0 )
  19  0009              ;# 19 "D:\HF\MDST\Code\BS66F360C_CTOUCH_V512_HF-SC10B\BS66F360C\Source\Aip1628.c" 1
  19  0009              	NOP
  19  0009              	ENDIF
  19  0009              ;# 19 "D:\HF\MDST\Code\BS66F360C_CTOUCH_V512_HF-SC10B\BS66F360C\Source\Aip1628.c" 1
  19  0009              	IF (10>=5) AND (10<( 4 + __PBP__ * 2)) AND ( __PBP__ > 0 )
  19  0009              ;# 19 "D:\HF\MDST\Code\BS66F360C_CTOUCH_V512_HF-SC10B\BS66F360C\Source\Aip1628.c" 1
  19  0009              	NOP
  19  0009              	ENDIF
  19  0009              ;# 19 "D:\HF\MDST\Code\BS66F360C_CTOUCH_V512_HF-SC10B\BS66F360C\Source\Aip1628.c" 1
  19  0009              	IF (10>=6) AND (10<( 4 + __PBP__ * 2))  AND ( __PBP__ > 1 )
  19  0009              ;# 19 "D:\HF\MDST\Code\BS66F360C_CTOUCH_V512_HF-SC10B\BS66F360C\Source\Aip1628.c" 1
  19  0009              	NOP
  19  0009              	ENDIF
  19  0009              ;# 19 "D:\HF\MDST\Code\BS66F360C_CTOUCH_V512_HF-SC10B\BS66F360C\Source\Aip1628.c" 1
  19  0009              	IF (10>=7) AND (10<( 4 + __PBP__ * 2))  AND ( __PBP__ > 1 )
  19  0009              ;# 19 "D:\HF\MDST\Code\BS66F360C_CTOUCH_V512_HF-SC10B\BS66F360C\Source\Aip1628.c" 1
  19  0009              	NOP
  19  0009              	ENDIF
  19  0009              ;# 19 "D:\HF\MDST\Code\BS66F360C_CTOUCH_V512_HF-SC10B\BS66F360C\Source\Aip1628.c" 1
  19  0009              	IF (10>=8) AND (10<( 4 + __PBP__ * 2))  AND ( __PBP__ > 2 )
  19  0009              ;# 19 "D:\HF\MDST\Code\BS66F360C_CTOUCH_V512_HF-SC10B\BS66F360C\Source\Aip1628.c" 1
  19  0009              	NOP
  19  0009              	ENDIF
  19  0009              ;# 19 "D:\HF\MDST\Code\BS66F360C_CTOUCH_V512_HF-SC10B\BS66F360C\Source\Aip1628.c" 1
  19  0009              	IF (10==9)  AND ( __PBP__ > 2 )
  19  0009              ;# 19 "D:\HF\MDST\Code\BS66F360C_CTOUCH_V512_HF-SC10B\BS66F360C\Source\Aip1628.c" 1
  19  0009              	NOP
  19  0009              	ENDIF
  19  0009              ;# 19 "D:\HF\MDST\Code\BS66F360C_CTOUCH_V512_HF-SC10B\BS66F360C\Source\Aip1628.c" 1
  19  0009              	IF (10< ( 8 + __PBP__ * 2)) AND (10>( 3 + __PBP__ * 2))
  19  0009              ;# 19 "D:\HF\MDST\Code\BS66F360C_CTOUCH_V512_HF-SC10B\BS66F360C\Source\Aip1628.c" 1
  19  0009              	fcall __DELAY3 + ( 7 + __PBP__ * 2) -10
  19  0009              	ENDIF
  19  0009              ;# 19 "D:\HF\MDST\Code\BS66F360C_CTOUCH_V512_HF-SC10B\BS66F360C\Source\Aip1628.c" 1
  19  0009              	IF (10< ( 0404h + __PBP__ * 2)) AND (10>( 7 + __PBP__ * 2))
  19  0009              ;# 19 "D:\HF\MDST\Code\BS66F360C_CTOUCH_V512_HF-SC10B\BS66F360C\Source\Aip1628.c" 1
  19  0009  0F01        	MOV A,(10-( 4 + __PBP__ * 2))/4
  19  000A              ;# 19 "D:\HF\MDST\Code\BS66F360C_CTOUCH_V512_HF-SC10B\BS66F360C\Source\Aip1628.c" 1
  19  000A              	fcall __DELAYX3 + 3 -((10-( 4 + __PBP__ * 2)) MOD 4) 
  19  0011              	ENDIF
  19  0011              ;# 19 "D:\HF\MDST\Code\BS66F360C_CTOUCH_V512_HF-SC10B\BS66F360C\Source\Aip1628.c" 1
  19  0011              	IF (10< ( 040bh + __PBP__ * 2)) AND (10> ( 0403h + __PBP__ * 2))
  19  0011              ;# 19 "D:\HF\MDST\Code\BS66F360C_CTOUCH_V512_HF-SC10B\BS66F360C\Source\Aip1628.c" 1
  19  0011              	MOV A,0 
  19  0011              ;# 19 "D:\HF\MDST\Code\BS66F360C_CTOUCH_V512_HF-SC10B\BS66F360C\Source\Aip1628.c" 1
  19  0011              	fcall __DELAYX6 + ( 040ah + __PBP__ * 2) -10
  19  0011              	ENDIF
  19  0011              ;# 19 "D:\HF\MDST\Code\BS66F360C_CTOUCH_V512_HF-SC10B\BS66F360C\Source\Aip1628.c" 1
  19  0011              	IF (10 >= ( 040bh + __PBP__ * 2)) AND ((((10-( 9 + __PBP__ * 2))%0402h)/4+1)>256)
  19  0011              ;# 19 "D:\HF\MDST\Code\BS66F360C_CTOUCH_V512_HF-SC10B\BS66F360C\Source\Aip1628.c" 1
  19  0011              	MOV A,(10-( 9 + __PBP__ * 2))/0402h
  19  0011              ;# 19 "D:\HF\MDST\Code\BS66F360C_CTOUCH_V512_HF-SC10B\BS66F360C\Source\Aip1628.c" 1
  19  0011              	MOV _builtin_holtek_delay_2,A
  19  0011              ;# 19 "D:\HF\MDST\Code\BS66F360C_CTOUCH_V512_HF-SC10B\BS66F360C\Source\Aip1628.c" 1
文件：Aip1628.c    编译器版本 HGASM 0202 页次4

  19  0011              	MOV A,0
  19  0011              ;# 19 "D:\HF\MDST\Code\BS66F360C_CTOUCH_V512_HF-SC10B\BS66F360C\Source\Aip1628.c" 1
  19  0011              	fcall __DELAYY5 +5- (((10-( 9 + __PBP__ * 2))%0402h)%6) 
  19  0011              	ENDIF
  19  0011              ;# 19 "D:\HF\MDST\Code\BS66F360C_CTOUCH_V512_HF-SC10B\BS66F360C\Source\Aip1628.c" 1
  19  0011              	IF (10 >= ( 040bh + __PBP__ * 2)) AND ((((10-( 9 + __PBP__ * 2))%0402h)/4+1)<=256)
  19  0011              ;# 19 "D:\HF\MDST\Code\BS66F360C_CTOUCH_V512_HF-SC10B\BS66F360C\Source\Aip1628.c" 1
  19  0011              	MOV A,(10-( 9 + __PBP__ * 2))/0402h
  19  0011              ;# 19 "D:\HF\MDST\Code\BS66F360C_CTOUCH_V512_HF-SC10B\BS66F360C\Source\Aip1628.c" 1
  19  0011              	MOV _builtin_holtek_delay_2,A
  19  0011              ;# 19 "D:\HF\MDST\Code\BS66F360C_CTOUCH_V512_HF-SC10B\BS66F360C\Source\Aip1628.c" 1
  19  0011              	MOV A,((10-( 9 + __PBP__ * 2))%0402h)/4+1
  19  0011              ;# 19 "D:\HF\MDST\Code\BS66F360C_CTOUCH_V512_HF-SC10B\BS66F360C\Source\Aip1628.c" 1
  19  0011              	fcall __DELAYY3 +3-(((10-( 9 + __PBP__ * 2))%0402h)%4) 
  19  0011              	ENDIF
  20  0011              #line 20 "D:\HF\MDST\Code\BS66F360C_CTOUCH_V512_HF-SC10B\BS66F360C\Source\Aip1628.c"
  20  0011  3294        	set [20].5
  21  0012              #line 21 "D:\HF\MDST\Code\BS66F360C_CTOUCH_V512_HF-SC10B\BS66F360C\Source\Aip1628.c"
  21  0012              ;# 21 "D:\HF\MDST\Code\BS66F360C_CTOUCH_V512_HF-SC10B\BS66F360C\Source\Aip1628.c" 1
  21  0012              	IF 10>263690
  21  0012              ;# 21 "D:\HF\MDST\Code\BS66F360C_CTOUCH_V512_HF-SC10B\BS66F360C\Source\Aip1628.c" 1
  21  0012              	ERRMESSAGE 'the value 10of the argument exceeds the maxinum 263690'
  21  0012              	ENDIF
  21  0012              ;# 21 "D:\HF\MDST\Code\BS66F360C_CTOUCH_V512_HF-SC10B\BS66F360C\Source\Aip1628.c" 1
  21  0012              	IF 10<0
  21  0012              ;# 21 "D:\HF\MDST\Code\BS66F360C_CTOUCH_V512_HF-SC10B\BS66F360C\Source\Aip1628.c" 1
  21  0012              	ERRMESSAGE 'the value 10 of the argument exceeds the mininum 0'
  21  0012              	ENDIF
  21  0012              ;# 21 "D:\HF\MDST\Code\BS66F360C_CTOUCH_V512_HF-SC10B\BS66F360C\Source\Aip1628.c" 1
  21  0012              	IF 10==0
  21  0012              ;# 21 "D:\HF\MDST\Code\BS66F360C_CTOUCH_V512_HF-SC10B\BS66F360C\Source\Aip1628.c" 1
  21  0012              	JMP $
  21  0012              	ENDIF
  21  0012              ;# 21 "D:\HF\MDST\Code\BS66F360C_CTOUCH_V512_HF-SC10B\BS66F360C\Source\Aip1628.c" 1
  21  0012              	IF (10>=1) AND (10<( 4 + __PBP__ * 2))
  21  0012              ;# 21 "D:\HF\MDST\Code\BS66F360C_CTOUCH_V512_HF-SC10B\BS66F360C\Source\Aip1628.c" 1
  21  0012              	NOP
  21  0012              	ENDIF
  21  0012              ;# 21 "D:\HF\MDST\Code\BS66F360C_CTOUCH_V512_HF-SC10B\BS66F360C\Source\Aip1628.c" 1
  21  0012              	IF (10>=2) AND (10<( 4 + __PBP__ * 2))
  21  0012              ;# 21 "D:\HF\MDST\Code\BS66F360C_CTOUCH_V512_HF-SC10B\BS66F360C\Source\Aip1628.c" 1
  21  0012              	NOP
  21  0012              	ENDIF
  21  0012              ;# 21 "D:\HF\MDST\Code\BS66F360C_CTOUCH_V512_HF-SC10B\BS66F360C\Source\Aip1628.c" 1
  21  0012              	IF (10>=3) AND (10<( 4 + __PBP__ * 2))
  21  0012              ;# 21 "D:\HF\MDST\Code\BS66F360C_CTOUCH_V512_HF-SC10B\BS66F360C\Source\Aip1628.c" 1
  21  0012              	NOP
  21  0012              	ENDIF
  21  0012              ;# 21 "D:\HF\MDST\Code\BS66F360C_CTOUCH_V512_HF-SC10B\BS66F360C\Source\Aip1628.c" 1
  21  0012              	IF (10>=4) AND (10<( 4 + __PBP__ * 2)) AND ( __PBP__ > 0 )
  21  0012              ;# 21 "D:\HF\MDST\Code\BS66F360C_CTOUCH_V512_HF-SC10B\BS66F360C\Source\Aip1628.c" 1
  21  0012              	NOP
  21  0012              	ENDIF
  21  0012              ;# 21 "D:\HF\MDST\Code\BS66F360C_CTOUCH_V512_HF-SC10B\BS66F360C\Source\Aip1628.c" 1
  21  0012              	IF (10>=5) AND (10<( 4 + __PBP__ * 2)) AND ( __PBP__ > 0 )
  21  0012              ;# 21 "D:\HF\MDST\Code\BS66F360C_CTOUCH_V512_HF-SC10B\BS66F360C\Source\Aip1628.c" 1
  21  0012              	NOP
  21  0012              	ENDIF
  21  0012              ;# 21 "D:\HF\MDST\Code\BS66F360C_CTOUCH_V512_HF-SC10B\BS66F360C\Source\Aip1628.c" 1
  21  0012              	IF (10>=6) AND (10<( 4 + __PBP__ * 2))  AND ( __PBP__ > 1 )
文件：Aip1628.c    编译器版本 HGASM 0202 页次5

  21  0012              ;# 21 "D:\HF\MDST\Code\BS66F360C_CTOUCH_V512_HF-SC10B\BS66F360C\Source\Aip1628.c" 1
  21  0012              	NOP
  21  0012              	ENDIF
  21  0012              ;# 21 "D:\HF\MDST\Code\BS66F360C_CTOUCH_V512_HF-SC10B\BS66F360C\Source\Aip1628.c" 1
  21  0012              	IF (10>=7) AND (10<( 4 + __PBP__ * 2))  AND ( __PBP__ > 1 )
  21  0012              ;# 21 "D:\HF\MDST\Code\BS66F360C_CTOUCH_V512_HF-SC10B\BS66F360C\Source\Aip1628.c" 1
  21  0012              	NOP
  21  0012              	ENDIF
  21  0012              ;# 21 "D:\HF\MDST\Code\BS66F360C_CTOUCH_V512_HF-SC10B\BS66F360C\Source\Aip1628.c" 1
  21  0012              	IF (10>=8) AND (10<( 4 + __PBP__ * 2))  AND ( __PBP__ > 2 )
  21  0012              ;# 21 "D:\HF\MDST\Code\BS66F360C_CTOUCH_V512_HF-SC10B\BS66F360C\Source\Aip1628.c" 1
  21  0012              	NOP
  21  0012              	ENDIF
  21  0012              ;# 21 "D:\HF\MDST\Code\BS66F360C_CTOUCH_V512_HF-SC10B\BS66F360C\Source\Aip1628.c" 1
  21  0012              	IF (10==9)  AND ( __PBP__ > 2 )
  21  0012              ;# 21 "D:\HF\MDST\Code\BS66F360C_CTOUCH_V512_HF-SC10B\BS66F360C\Source\Aip1628.c" 1
  21  0012              	NOP
  21  0012              	ENDIF
  21  0012              ;# 21 "D:\HF\MDST\Code\BS66F360C_CTOUCH_V512_HF-SC10B\BS66F360C\Source\Aip1628.c" 1
  21  0012              	IF (10< ( 8 + __PBP__ * 2)) AND (10>( 3 + __PBP__ * 2))
  21  0012              ;# 21 "D:\HF\MDST\Code\BS66F360C_CTOUCH_V512_HF-SC10B\BS66F360C\Source\Aip1628.c" 1
  21  0012              	fcall __DELAY3 + ( 7 + __PBP__ * 2) -10
  21  0012              	ENDIF
  21  0012              ;# 21 "D:\HF\MDST\Code\BS66F360C_CTOUCH_V512_HF-SC10B\BS66F360C\Source\Aip1628.c" 1
  21  0012              	IF (10< ( 0404h + __PBP__ * 2)) AND (10>( 7 + __PBP__ * 2))
  21  0012              ;# 21 "D:\HF\MDST\Code\BS66F360C_CTOUCH_V512_HF-SC10B\BS66F360C\Source\Aip1628.c" 1
  21  0012  0F01        	MOV A,(10-( 4 + __PBP__ * 2))/4
  21  0013              ;# 21 "D:\HF\MDST\Code\BS66F360C_CTOUCH_V512_HF-SC10B\BS66F360C\Source\Aip1628.c" 1
  21  0013              	fcall __DELAYX3 + 3 -((10-( 4 + __PBP__ * 2)) MOD 4) 
  21  001A              	ENDIF
  21  001A              ;# 21 "D:\HF\MDST\Code\BS66F360C_CTOUCH_V512_HF-SC10B\BS66F360C\Source\Aip1628.c" 1
  21  001A              	IF (10< ( 040bh + __PBP__ * 2)) AND (10> ( 0403h + __PBP__ * 2))
  21  001A              ;# 21 "D:\HF\MDST\Code\BS66F360C_CTOUCH_V512_HF-SC10B\BS66F360C\Source\Aip1628.c" 1
  21  001A              	MOV A,0 
  21  001A              ;# 21 "D:\HF\MDST\Code\BS66F360C_CTOUCH_V512_HF-SC10B\BS66F360C\Source\Aip1628.c" 1
  21  001A              	fcall __DELAYX6 + ( 040ah + __PBP__ * 2) -10
  21  001A              	ENDIF
  21  001A              ;# 21 "D:\HF\MDST\Code\BS66F360C_CTOUCH_V512_HF-SC10B\BS66F360C\Source\Aip1628.c" 1
  21  001A              	IF (10 >= ( 040bh + __PBP__ * 2)) AND ((((10-( 9 + __PBP__ * 2))%0402h)/4+1)>256)
  21  001A              ;# 21 "D:\HF\MDST\Code\BS66F360C_CTOUCH_V512_HF-SC10B\BS66F360C\Source\Aip1628.c" 1
  21  001A              	MOV A,(10-( 9 + __PBP__ * 2))/0402h
  21  001A              ;# 21 "D:\HF\MDST\Code\BS66F360C_CTOUCH_V512_HF-SC10B\BS66F360C\Source\Aip1628.c" 1
  21  001A              	MOV _builtin_holtek_delay_2,A
  21  001A              ;# 21 "D:\HF\MDST\Code\BS66F360C_CTOUCH_V512_HF-SC10B\BS66F360C\Source\Aip1628.c" 1
  21  001A              	MOV A,0
  21  001A              ;# 21 "D:\HF\MDST\Code\BS66F360C_CTOUCH_V512_HF-SC10B\BS66F360C\Source\Aip1628.c" 1
  21  001A              	fcall __DELAYY5 +5- (((10-( 9 + __PBP__ * 2))%0402h)%6) 
  21  001A              	ENDIF
  21  001A              ;# 21 "D:\HF\MDST\Code\BS66F360C_CTOUCH_V512_HF-SC10B\BS66F360C\Source\Aip1628.c" 1
  21  001A              	IF (10 >= ( 040bh + __PBP__ * 2)) AND ((((10-( 9 + __PBP__ * 2))%0402h)/4+1)<=256)
  21  001A              ;# 21 "D:\HF\MDST\Code\BS66F360C_CTOUCH_V512_HF-SC10B\BS66F360C\Source\Aip1628.c" 1
  21  001A              	MOV A,(10-( 9 + __PBP__ * 2))/0402h
  21  001A              ;# 21 "D:\HF\MDST\Code\BS66F360C_CTOUCH_V512_HF-SC10B\BS66F360C\Source\Aip1628.c" 1
  21  001A              	MOV _builtin_holtek_delay_2,A
  21  001A              ;# 21 "D:\HF\MDST\Code\BS66F360C_CTOUCH_V512_HF-SC10B\BS66F360C\Source\Aip1628.c" 1
  21  001A              	MOV A,((10-( 9 + __PBP__ * 2))%0402h)/4+1
  21  001A              ;# 21 "D:\HF\MDST\Code\BS66F360C_CTOUCH_V512_HF-SC10B\BS66F360C\Source\Aip1628.c" 1
  21  001A              	fcall __DELAYY3 +3-(((10-( 9 + __PBP__ * 2))%0402h)%4) 
  21  001A              	ENDIF
  22  001A              #line 22 "D:\HF\MDST\Code\BS66F360C_CTOUCH_V512_HF-SC10B\BS66F360C\Source\Aip1628.c"
文件：Aip1628.c    编译器版本 HGASM 0202 页次6

  22  001A  340A        	clr c
  22  001B  1B80     R  	rrc _SendByte_2[0]
  22  001C  1780     E  	sdz ra
  22  001D  2800     R  	jmp _L5
  24  001E              #line 24 "D:\HF\MDST\Code\BS66F360C_CTOUCH_V512_HF-SC10B\BS66F360C\Source\Aip1628.c"
  24  001E  3694        	clr [20].5
  25  001F              #line 25 "D:\HF\MDST\Code\BS66F360C_CTOUCH_V512_HF-SC10B\BS66F360C\Source\Aip1628.c"
  25  001F              ;# 25 "D:\HF\MDST\Code\BS66F360C_CTOUCH_V512_HF-SC10B\BS66F360C\Source\Aip1628.c" 1
  25  001F              	IF 10>263690
  25  001F              ;# 25 "D:\HF\MDST\Code\BS66F360C_CTOUCH_V512_HF-SC10B\BS66F360C\Source\Aip1628.c" 1
  25  001F              	ERRMESSAGE 'the value 10of the argument exceeds the maxinum 263690'
  25  001F              	ENDIF
  25  001F              ;# 25 "D:\HF\MDST\Code\BS66F360C_CTOUCH_V512_HF-SC10B\BS66F360C\Source\Aip1628.c" 1
  25  001F              	IF 10<0
  25  001F              ;# 25 "D:\HF\MDST\Code\BS66F360C_CTOUCH_V512_HF-SC10B\BS66F360C\Source\Aip1628.c" 1
  25  001F              	ERRMESSAGE 'the value 10 of the argument exceeds the mininum 0'
  25  001F              	ENDIF
  25  001F              ;# 25 "D:\HF\MDST\Code\BS66F360C_CTOUCH_V512_HF-SC10B\BS66F360C\Source\Aip1628.c" 1
  25  001F              	IF 10==0
  25  001F              ;# 25 "D:\HF\MDST\Code\BS66F360C_CTOUCH_V512_HF-SC10B\BS66F360C\Source\Aip1628.c" 1
  25  001F              	JMP $
  25  001F              	ENDIF
  25  001F              ;# 25 "D:\HF\MDST\Code\BS66F360C_CTOUCH_V512_HF-SC10B\BS66F360C\Source\Aip1628.c" 1
  25  001F              	IF (10>=1) AND (10<( 4 + __PBP__ * 2))
  25  001F              ;# 25 "D:\HF\MDST\Code\BS66F360C_CTOUCH_V512_HF-SC10B\BS66F360C\Source\Aip1628.c" 1
  25  001F              	NOP
  25  001F              	ENDIF
  25  001F              ;# 25 "D:\HF\MDST\Code\BS66F360C_CTOUCH_V512_HF-SC10B\BS66F360C\Source\Aip1628.c" 1
  25  001F              	IF (10>=2) AND (10<( 4 + __PBP__ * 2))
  25  001F              ;# 25 "D:\HF\MDST\Code\BS66F360C_CTOUCH_V512_HF-SC10B\BS66F360C\Source\Aip1628.c" 1
  25  001F              	NOP
  25  001F              	ENDIF
  25  001F              ;# 25 "D:\HF\MDST\Code\BS66F360C_CTOUCH_V512_HF-SC10B\BS66F360C\Source\Aip1628.c" 1
  25  001F              	IF (10>=3) AND (10<( 4 + __PBP__ * 2))
  25  001F              ;# 25 "D:\HF\MDST\Code\BS66F360C_CTOUCH_V512_HF-SC10B\BS66F360C\Source\Aip1628.c" 1
  25  001F              	NOP
  25  001F              	ENDIF
  25  001F              ;# 25 "D:\HF\MDST\Code\BS66F360C_CTOUCH_V512_HF-SC10B\BS66F360C\Source\Aip1628.c" 1
  25  001F              	IF (10>=4) AND (10<( 4 + __PBP__ * 2)) AND ( __PBP__ > 0 )
  25  001F              ;# 25 "D:\HF\MDST\Code\BS66F360C_CTOUCH_V512_HF-SC10B\BS66F360C\Source\Aip1628.c" 1
  25  001F              	NOP
  25  001F              	ENDIF
  25  001F              ;# 25 "D:\HF\MDST\Code\BS66F360C_CTOUCH_V512_HF-SC10B\BS66F360C\Source\Aip1628.c" 1
  25  001F              	IF (10>=5) AND (10<( 4 + __PBP__ * 2)) AND ( __PBP__ > 0 )
  25  001F              ;# 25 "D:\HF\MDST\Code\BS66F360C_CTOUCH_V512_HF-SC10B\BS66F360C\Source\Aip1628.c" 1
  25  001F              	NOP
  25  001F              	ENDIF
  25  001F              ;# 25 "D:\HF\MDST\Code\BS66F360C_CTOUCH_V512_HF-SC10B\BS66F360C\Source\Aip1628.c" 1
  25  001F              	IF (10>=6) AND (10<( 4 + __PBP__ * 2))  AND ( __PBP__ > 1 )
  25  001F              ;# 25 "D:\HF\MDST\Code\BS66F360C_CTOUCH_V512_HF-SC10B\BS66F360C\Source\Aip1628.c" 1
  25  001F              	NOP
  25  001F              	ENDIF
  25  001F              ;# 25 "D:\HF\MDST\Code\BS66F360C_CTOUCH_V512_HF-SC10B\BS66F360C\Source\Aip1628.c" 1
  25  001F              	IF (10>=7) AND (10<( 4 + __PBP__ * 2))  AND ( __PBP__ > 1 )
  25  001F              ;# 25 "D:\HF\MDST\Code\BS66F360C_CTOUCH_V512_HF-SC10B\BS66F360C\Source\Aip1628.c" 1
  25  001F              	NOP
  25  001F              	ENDIF
  25  001F              ;# 25 "D:\HF\MDST\Code\BS66F360C_CTOUCH_V512_HF-SC10B\BS66F360C\Source\Aip1628.c" 1
  25  001F              	IF (10>=8) AND (10<( 4 + __PBP__ * 2))  AND ( __PBP__ > 2 )
  25  001F              ;# 25 "D:\HF\MDST\Code\BS66F360C_CTOUCH_V512_HF-SC10B\BS66F360C\Source\Aip1628.c" 1
文件：Aip1628.c    编译器版本 HGASM 0202 页次7

  25  001F              	NOP
  25  001F              	ENDIF
  25  001F              ;# 25 "D:\HF\MDST\Code\BS66F360C_CTOUCH_V512_HF-SC10B\BS66F360C\Source\Aip1628.c" 1
  25  001F              	IF (10==9)  AND ( __PBP__ > 2 )
  25  001F              ;# 25 "D:\HF\MDST\Code\BS66F360C_CTOUCH_V512_HF-SC10B\BS66F360C\Source\Aip1628.c" 1
  25  001F              	NOP
  25  001F              	ENDIF
  25  001F              ;# 25 "D:\HF\MDST\Code\BS66F360C_CTOUCH_V512_HF-SC10B\BS66F360C\Source\Aip1628.c" 1
  25  001F              	IF (10< ( 8 + __PBP__ * 2)) AND (10>( 3 + __PBP__ * 2))
  25  001F              ;# 25 "D:\HF\MDST\Code\BS66F360C_CTOUCH_V512_HF-SC10B\BS66F360C\Source\Aip1628.c" 1
  25  001F              	fcall __DELAY3 + ( 7 + __PBP__ * 2) -10
  25  001F              	ENDIF
  25  001F              ;# 25 "D:\HF\MDST\Code\BS66F360C_CTOUCH_V512_HF-SC10B\BS66F360C\Source\Aip1628.c" 1
  25  001F              	IF (10< ( 0404h + __PBP__ * 2)) AND (10>( 7 + __PBP__ * 2))
  25  001F              ;# 25 "D:\HF\MDST\Code\BS66F360C_CTOUCH_V512_HF-SC10B\BS66F360C\Source\Aip1628.c" 1
  25  001F  0F01        	MOV A,(10-( 4 + __PBP__ * 2))/4
  25  0020              ;# 25 "D:\HF\MDST\Code\BS66F360C_CTOUCH_V512_HF-SC10B\BS66F360C\Source\Aip1628.c" 1
  25  0020              	fcall __DELAYX3 + 3 -((10-( 4 + __PBP__ * 2)) MOD 4) 
  25  0027              	ENDIF
  25  0027              ;# 25 "D:\HF\MDST\Code\BS66F360C_CTOUCH_V512_HF-SC10B\BS66F360C\Source\Aip1628.c" 1
  25  0027              	IF (10< ( 040bh + __PBP__ * 2)) AND (10> ( 0403h + __PBP__ * 2))
  25  0027              ;# 25 "D:\HF\MDST\Code\BS66F360C_CTOUCH_V512_HF-SC10B\BS66F360C\Source\Aip1628.c" 1
  25  0027              	MOV A,0 
  25  0027              ;# 25 "D:\HF\MDST\Code\BS66F360C_CTOUCH_V512_HF-SC10B\BS66F360C\Source\Aip1628.c" 1
  25  0027              	fcall __DELAYX6 + ( 040ah + __PBP__ * 2) -10
  25  0027              	ENDIF
  25  0027              ;# 25 "D:\HF\MDST\Code\BS66F360C_CTOUCH_V512_HF-SC10B\BS66F360C\Source\Aip1628.c" 1
  25  0027              	IF (10 >= ( 040bh + __PBP__ * 2)) AND ((((10-( 9 + __PBP__ * 2))%0402h)/4+1)>256)
  25  0027              ;# 25 "D:\HF\MDST\Code\BS66F360C_CTOUCH_V512_HF-SC10B\BS66F360C\Source\Aip1628.c" 1
  25  0027              	MOV A,(10-( 9 + __PBP__ * 2))/0402h
  25  0027              ;# 25 "D:\HF\MDST\Code\BS66F360C_CTOUCH_V512_HF-SC10B\BS66F360C\Source\Aip1628.c" 1
  25  0027              	MOV _builtin_holtek_delay_2,A
  25  0027              ;# 25 "D:\HF\MDST\Code\BS66F360C_CTOUCH_V512_HF-SC10B\BS66F360C\Source\Aip1628.c" 1
  25  0027              	MOV A,0
  25  0027              ;# 25 "D:\HF\MDST\Code\BS66F360C_CTOUCH_V512_HF-SC10B\BS66F360C\Source\Aip1628.c" 1
  25  0027              	fcall __DELAYY5 +5- (((10-( 9 + __PBP__ * 2))%0402h)%6) 
  25  0027              	ENDIF
  25  0027              ;# 25 "D:\HF\MDST\Code\BS66F360C_CTOUCH_V512_HF-SC10B\BS66F360C\Source\Aip1628.c" 1
  25  0027              	IF (10 >= ( 040bh + __PBP__ * 2)) AND ((((10-( 9 + __PBP__ * 2))%0402h)/4+1)<=256)
  25  0027              ;# 25 "D:\HF\MDST\Code\BS66F360C_CTOUCH_V512_HF-SC10B\BS66F360C\Source\Aip1628.c" 1
  25  0027              	MOV A,(10-( 9 + __PBP__ * 2))/0402h
  25  0027              ;# 25 "D:\HF\MDST\Code\BS66F360C_CTOUCH_V512_HF-SC10B\BS66F360C\Source\Aip1628.c" 1
  25  0027              	MOV _builtin_holtek_delay_2,A
  25  0027              ;# 25 "D:\HF\MDST\Code\BS66F360C_CTOUCH_V512_HF-SC10B\BS66F360C\Source\Aip1628.c" 1
  25  0027              	MOV A,((10-( 9 + __PBP__ * 2))%0402h)/4+1
  25  0027              ;# 25 "D:\HF\MDST\Code\BS66F360C_CTOUCH_V512_HF-SC10B\BS66F360C\Source\Aip1628.c" 1
  25  0027              	fcall __DELAYY3 +3-(((10-( 9 + __PBP__ * 2))%0402h)%4) 
  25  0027              	ENDIF
  25  0027  0003        	ret
  25  0028              _SendByte endp
  25  0028              #line 25 "D:\HF\MDST\Code\BS66F360C_CTOUCH_V512_HF-SC10B\BS66F360C\Source\Aip1628.c"
  25  0028              #pragma debug scope 1 1
  25  0028              public _SendCommand
  25  0028              #pragma debug scope 3 1
  32  0028              #line 32 "D:\HF\MDST\Code\BS66F360C_CTOUCH_V512_HF-SC10B\BS66F360C\Source\Aip1628.c"
  32  0000              _SendCommand .section 'code'
  32  0000              _SendCommand proc
  32  0000  00              local _SendCommand_2 db 1 dup(?)	; 0,1
  32  0000  0080     R  	mov _SendCommand_2[0],a
  32  0001              #pragma debug variable 8 3 _SendCommand_2+0 "r_command"
文件：Aip1628.c    编译器版本 HGASM 0202 页次8

  33  0001              #line 33 "D:\HF\MDST\Code\BS66F360C_CTOUCH_V512_HF-SC10B\BS66F360C\Source\Aip1628.c"
  33  0001  3094        	set [20].1
  34  0002              #line 34 "D:\HF\MDST\Code\BS66F360C_CTOUCH_V512_HF-SC10B\BS66F360C\Source\Aip1628.c"
  34  0002              ;# 34 "D:\HF\MDST\Code\BS66F360C_CTOUCH_V512_HF-SC10B\BS66F360C\Source\Aip1628.c" 1
  34  0002              	IF 5>263690
  34  0002              ;# 34 "D:\HF\MDST\Code\BS66F360C_CTOUCH_V512_HF-SC10B\BS66F360C\Source\Aip1628.c" 1
  34  0002              	ERRMESSAGE 'the value 5of the argument exceeds the maxinum 263690'
  34  0002              	ENDIF
  34  0002              ;# 34 "D:\HF\MDST\Code\BS66F360C_CTOUCH_V512_HF-SC10B\BS66F360C\Source\Aip1628.c" 1
  34  0002              	IF 5<0
  34  0002              ;# 34 "D:\HF\MDST\Code\BS66F360C_CTOUCH_V512_HF-SC10B\BS66F360C\Source\Aip1628.c" 1
  34  0002              	ERRMESSAGE 'the value 5 of the argument exceeds the mininum 0'
  34  0002              	ENDIF
  34  0002              ;# 34 "D:\HF\MDST\Code\BS66F360C_CTOUCH_V512_HF-SC10B\BS66F360C\Source\Aip1628.c" 1
  34  0002              	IF 5==0
  34  0002              ;# 34 "D:\HF\MDST\Code\BS66F360C_CTOUCH_V512_HF-SC10B\BS66F360C\Source\Aip1628.c" 1
  34  0002              	JMP $
  34  0002              	ENDIF
  34  0002              ;# 34 "D:\HF\MDST\Code\BS66F360C_CTOUCH_V512_HF-SC10B\BS66F360C\Source\Aip1628.c" 1
  34  0002              	IF (5>=1) AND (5<( 4 + __PBP__ * 2))
  34  0002              ;# 34 "D:\HF\MDST\Code\BS66F360C_CTOUCH_V512_HF-SC10B\BS66F360C\Source\Aip1628.c" 1
  34  0002  0000        	NOP
  34  0003              	ENDIF
  34  0003              ;# 34 "D:\HF\MDST\Code\BS66F360C_CTOUCH_V512_HF-SC10B\BS66F360C\Source\Aip1628.c" 1
  34  0003              	IF (5>=2) AND (5<( 4 + __PBP__ * 2))
  34  0003              ;# 34 "D:\HF\MDST\Code\BS66F360C_CTOUCH_V512_HF-SC10B\BS66F360C\Source\Aip1628.c" 1
  34  0003  0000        	NOP
  34  0004              	ENDIF
  34  0004              ;# 34 "D:\HF\MDST\Code\BS66F360C_CTOUCH_V512_HF-SC10B\BS66F360C\Source\Aip1628.c" 1
  34  0004              	IF (5>=3) AND (5<( 4 + __PBP__ * 2))
  34  0004              ;# 34 "D:\HF\MDST\Code\BS66F360C_CTOUCH_V512_HF-SC10B\BS66F360C\Source\Aip1628.c" 1
  34  0004  0000        	NOP
  34  0005              	ENDIF
  34  0005              ;# 34 "D:\HF\MDST\Code\BS66F360C_CTOUCH_V512_HF-SC10B\BS66F360C\Source\Aip1628.c" 1
  34  0005              	IF (5>=4) AND (5<( 4 + __PBP__ * 2)) AND ( __PBP__ > 0 )
  34  0005              ;# 34 "D:\HF\MDST\Code\BS66F360C_CTOUCH_V512_HF-SC10B\BS66F360C\Source\Aip1628.c" 1
  34  0005  0000        	NOP
  34  0006              	ENDIF
  34  0006              ;# 34 "D:\HF\MDST\Code\BS66F360C_CTOUCH_V512_HF-SC10B\BS66F360C\Source\Aip1628.c" 1
  34  0006              	IF (5>=5) AND (5<( 4 + __PBP__ * 2)) AND ( __PBP__ > 0 )
  34  0006              ;# 34 "D:\HF\MDST\Code\BS66F360C_CTOUCH_V512_HF-SC10B\BS66F360C\Source\Aip1628.c" 1
  34  0006  0000        	NOP
  34  0007              	ENDIF
  34  0007              ;# 34 "D:\HF\MDST\Code\BS66F360C_CTOUCH_V512_HF-SC10B\BS66F360C\Source\Aip1628.c" 1
  34  0007              	IF (5>=6) AND (5<( 4 + __PBP__ * 2))  AND ( __PBP__ > 1 )
  34  0007              ;# 34 "D:\HF\MDST\Code\BS66F360C_CTOUCH_V512_HF-SC10B\BS66F360C\Source\Aip1628.c" 1
  34  0007              	NOP
  34  0007              	ENDIF
  34  0007              ;# 34 "D:\HF\MDST\Code\BS66F360C_CTOUCH_V512_HF-SC10B\BS66F360C\Source\Aip1628.c" 1
  34  0007              	IF (5>=7) AND (5<( 4 + __PBP__ * 2))  AND ( __PBP__ > 1 )
  34  0007              ;# 34 "D:\HF\MDST\Code\BS66F360C_CTOUCH_V512_HF-SC10B\BS66F360C\Source\Aip1628.c" 1
  34  0007              	NOP
  34  0007              	ENDIF
  34  0007              ;# 34 "D:\HF\MDST\Code\BS66F360C_CTOUCH_V512_HF-SC10B\BS66F360C\Source\Aip1628.c" 1
  34  0007              	IF (5>=8) AND (5<( 4 + __PBP__ * 2))  AND ( __PBP__ > 2 )
  34  0007              ;# 34 "D:\HF\MDST\Code\BS66F360C_CTOUCH_V512_HF-SC10B\BS66F360C\Source\Aip1628.c" 1
  34  0007              	NOP
  34  0007              	ENDIF
  34  0007              ;# 34 "D:\HF\MDST\Code\BS66F360C_CTOUCH_V512_HF-SC10B\BS66F360C\Source\Aip1628.c" 1
  34  0007              	IF (5==9)  AND ( __PBP__ > 2 )
文件：Aip1628.c    编译器版本 HGASM 0202 页次9

  34  0007              ;# 34 "D:\HF\MDST\Code\BS66F360C_CTOUCH_V512_HF-SC10B\BS66F360C\Source\Aip1628.c" 1
  34  0007              	NOP
  34  0007              	ENDIF
  34  0007              ;# 34 "D:\HF\MDST\Code\BS66F360C_CTOUCH_V512_HF-SC10B\BS66F360C\Source\Aip1628.c" 1
  34  0007              	IF (5< ( 8 + __PBP__ * 2)) AND (5>( 3 + __PBP__ * 2))
  34  0007              ;# 34 "D:\HF\MDST\Code\BS66F360C_CTOUCH_V512_HF-SC10B\BS66F360C\Source\Aip1628.c" 1
  34  0007              	fcall __DELAY3 + ( 7 + __PBP__ * 2) -5
  34  0007              	ENDIF
  34  0007              ;# 34 "D:\HF\MDST\Code\BS66F360C_CTOUCH_V512_HF-SC10B\BS66F360C\Source\Aip1628.c" 1
  34  0007              	IF (5< ( 0404h + __PBP__ * 2)) AND (5>( 7 + __PBP__ * 2))
  34  0007              ;# 34 "D:\HF\MDST\Code\BS66F360C_CTOUCH_V512_HF-SC10B\BS66F360C\Source\Aip1628.c" 1
  34  0007              	MOV A,(5-( 4 + __PBP__ * 2))/4
  34  0007              ;# 34 "D:\HF\MDST\Code\BS66F360C_CTOUCH_V512_HF-SC10B\BS66F360C\Source\Aip1628.c" 1
  34  0007              	fcall __DELAYX3 + 3 -((5-( 4 + __PBP__ * 2)) MOD 4) 
  34  0007              	ENDIF
  34  0007              ;# 34 "D:\HF\MDST\Code\BS66F360C_CTOUCH_V512_HF-SC10B\BS66F360C\Source\Aip1628.c" 1
  34  0007              	IF (5< ( 040bh + __PBP__ * 2)) AND (5> ( 0403h + __PBP__ * 2))
  34  0007              ;# 34 "D:\HF\MDST\Code\BS66F360C_CTOUCH_V512_HF-SC10B\BS66F360C\Source\Aip1628.c" 1
  34  0007              	MOV A,0 
  34  0007              ;# 34 "D:\HF\MDST\Code\BS66F360C_CTOUCH_V512_HF-SC10B\BS66F360C\Source\Aip1628.c" 1
  34  0007              	fcall __DELAYX6 + ( 040ah + __PBP__ * 2) -5
  34  0007              	ENDIF
  34  0007              ;# 34 "D:\HF\MDST\Code\BS66F360C_CTOUCH_V512_HF-SC10B\BS66F360C\Source\Aip1628.c" 1
  34  0007              	IF (5 >= ( 040bh + __PBP__ * 2)) AND ((((5-( 9 + __PBP__ * 2))%0402h)/4+1)>256)
  34  0007              ;# 34 "D:\HF\MDST\Code\BS66F360C_CTOUCH_V512_HF-SC10B\BS66F360C\Source\Aip1628.c" 1
  34  0007              	MOV A,(5-( 9 + __PBP__ * 2))/0402h
  34  0007              ;# 34 "D:\HF\MDST\Code\BS66F360C_CTOUCH_V512_HF-SC10B\BS66F360C\Source\Aip1628.c" 1
  34  0007              	MOV _builtin_holtek_delay_2,A
  34  0007              ;# 34 "D:\HF\MDST\Code\BS66F360C_CTOUCH_V512_HF-SC10B\BS66F360C\Source\Aip1628.c" 1
  34  0007              	MOV A,0
  34  0007              ;# 34 "D:\HF\MDST\Code\BS66F360C_CTOUCH_V512_HF-SC10B\BS66F360C\Source\Aip1628.c" 1
  34  0007              	fcall __DELAYY5 +5- (((5-( 9 + __PBP__ * 2))%0402h)%6) 
  34  0007              	ENDIF
  34  0007              ;# 34 "D:\HF\MDST\Code\BS66F360C_CTOUCH_V512_HF-SC10B\BS66F360C\Source\Aip1628.c" 1
  34  0007              	IF (5 >= ( 040bh + __PBP__ * 2)) AND ((((5-( 9 + __PBP__ * 2))%0402h)/4+1)<=256)
  34  0007              ;# 34 "D:\HF\MDST\Code\BS66F360C_CTOUCH_V512_HF-SC10B\BS66F360C\Source\Aip1628.c" 1
  34  0007              	MOV A,(5-( 9 + __PBP__ * 2))/0402h
  34  0007              ;# 34 "D:\HF\MDST\Code\BS66F360C_CTOUCH_V512_HF-SC10B\BS66F360C\Source\Aip1628.c" 1
  34  0007              	MOV _builtin_holtek_delay_2,A
  34  0007              ;# 34 "D:\HF\MDST\Code\BS66F360C_CTOUCH_V512_HF-SC10B\BS66F360C\Source\Aip1628.c" 1
  34  0007              	MOV A,((5-( 9 + __PBP__ * 2))%0402h)/4+1
  34  0007              ;# 34 "D:\HF\MDST\Code\BS66F360C_CTOUCH_V512_HF-SC10B\BS66F360C\Source\Aip1628.c" 1
  34  0007              	fcall __DELAYY3 +3-(((5-( 9 + __PBP__ * 2))%0402h)%4) 
  34  0007              	ENDIF
  35  0007              #line 35 "D:\HF\MDST\Code\BS66F360C_CTOUCH_V512_HF-SC10B\BS66F360C\Source\Aip1628.c"
  35  0007  3494        	clr [20].1
  36  0008              #line 36 "D:\HF\MDST\Code\BS66F360C_CTOUCH_V512_HF-SC10B\BS66F360C\Source\Aip1628.c"
  36  0008              ;# 36 "D:\HF\MDST\Code\BS66F360C_CTOUCH_V512_HF-SC10B\BS66F360C\Source\Aip1628.c" 1
  36  0008              	IF 5>263690
  36  0008              ;# 36 "D:\HF\MDST\Code\BS66F360C_CTOUCH_V512_HF-SC10B\BS66F360C\Source\Aip1628.c" 1
  36  0008              	ERRMESSAGE 'the value 5of the argument exceeds the maxinum 263690'
  36  0008              	ENDIF
  36  0008              ;# 36 "D:\HF\MDST\Code\BS66F360C_CTOUCH_V512_HF-SC10B\BS66F360C\Source\Aip1628.c" 1
  36  0008              	IF 5<0
  36  0008              ;# 36 "D:\HF\MDST\Code\BS66F360C_CTOUCH_V512_HF-SC10B\BS66F360C\Source\Aip1628.c" 1
  36  0008              	ERRMESSAGE 'the value 5 of the argument exceeds the mininum 0'
  36  0008              	ENDIF
  36  0008              ;# 36 "D:\HF\MDST\Code\BS66F360C_CTOUCH_V512_HF-SC10B\BS66F360C\Source\Aip1628.c" 1
  36  0008              	IF 5==0
  36  0008              ;# 36 "D:\HF\MDST\Code\BS66F360C_CTOUCH_V512_HF-SC10B\BS66F360C\Source\Aip1628.c" 1
文件：Aip1628.c    编译器版本 HGASM 0202 页次10

  36  0008              	JMP $
  36  0008              	ENDIF
  36  0008              ;# 36 "D:\HF\MDST\Code\BS66F360C_CTOUCH_V512_HF-SC10B\BS66F360C\Source\Aip1628.c" 1
  36  0008              	IF (5>=1) AND (5<( 4 + __PBP__ * 2))
  36  0008              ;# 36 "D:\HF\MDST\Code\BS66F360C_CTOUCH_V512_HF-SC10B\BS66F360C\Source\Aip1628.c" 1
  36  0008  0000        	NOP
  36  0009              	ENDIF
  36  0009              ;# 36 "D:\HF\MDST\Code\BS66F360C_CTOUCH_V512_HF-SC10B\BS66F360C\Source\Aip1628.c" 1
  36  0009              	IF (5>=2) AND (5<( 4 + __PBP__ * 2))
  36  0009              ;# 36 "D:\HF\MDST\Code\BS66F360C_CTOUCH_V512_HF-SC10B\BS66F360C\Source\Aip1628.c" 1
  36  0009  0000        	NOP
  36  000A              	ENDIF
  36  000A              ;# 36 "D:\HF\MDST\Code\BS66F360C_CTOUCH_V512_HF-SC10B\BS66F360C\Source\Aip1628.c" 1
  36  000A              	IF (5>=3) AND (5<( 4 + __PBP__ * 2))
  36  000A              ;# 36 "D:\HF\MDST\Code\BS66F360C_CTOUCH_V512_HF-SC10B\BS66F360C\Source\Aip1628.c" 1
  36  000A  0000        	NOP
  36  000B              	ENDIF
  36  000B              ;# 36 "D:\HF\MDST\Code\BS66F360C_CTOUCH_V512_HF-SC10B\BS66F360C\Source\Aip1628.c" 1
  36  000B              	IF (5>=4) AND (5<( 4 + __PBP__ * 2)) AND ( __PBP__ > 0 )
  36  000B              ;# 36 "D:\HF\MDST\Code\BS66F360C_CTOUCH_V512_HF-SC10B\BS66F360C\Source\Aip1628.c" 1
  36  000B  0000        	NOP
  36  000C              	ENDIF
  36  000C              ;# 36 "D:\HF\MDST\Code\BS66F360C_CTOUCH_V512_HF-SC10B\BS66F360C\Source\Aip1628.c" 1
  36  000C              	IF (5>=5) AND (5<( 4 + __PBP__ * 2)) AND ( __PBP__ > 0 )
  36  000C              ;# 36 "D:\HF\MDST\Code\BS66F360C_CTOUCH_V512_HF-SC10B\BS66F360C\Source\Aip1628.c" 1
  36  000C  0000        	NOP
  36  000D              	ENDIF
  36  000D              ;# 36 "D:\HF\MDST\Code\BS66F360C_CTOUCH_V512_HF-SC10B\BS66F360C\Source\Aip1628.c" 1
  36  000D              	IF (5>=6) AND (5<( 4 + __PBP__ * 2))  AND ( __PBP__ > 1 )
  36  000D              ;# 36 "D:\HF\MDST\Code\BS66F360C_CTOUCH_V512_HF-SC10B\BS66F360C\Source\Aip1628.c" 1
  36  000D              	NOP
  36  000D              	ENDIF
  36  000D              ;# 36 "D:\HF\MDST\Code\BS66F360C_CTOUCH_V512_HF-SC10B\BS66F360C\Source\Aip1628.c" 1
  36  000D              	IF (5>=7) AND (5<( 4 + __PBP__ * 2))  AND ( __PBP__ > 1 )
  36  000D              ;# 36 "D:\HF\MDST\Code\BS66F360C_CTOUCH_V512_HF-SC10B\BS66F360C\Source\Aip1628.c" 1
  36  000D              	NOP
  36  000D              	ENDIF
  36  000D              ;# 36 "D:\HF\MDST\Code\BS66F360C_CTOUCH_V512_HF-SC10B\BS66F360C\Source\Aip1628.c" 1
  36  000D              	IF (5>=8) AND (5<( 4 + __PBP__ * 2))  AND ( __PBP__ > 2 )
  36  000D              ;# 36 "D:\HF\MDST\Code\BS66F360C_CTOUCH_V512_HF-SC10B\BS66F360C\Source\Aip1628.c" 1
  36  000D              	NOP
  36  000D              	ENDIF
  36  000D              ;# 36 "D:\HF\MDST\Code\BS66F360C_CTOUCH_V512_HF-SC10B\BS66F360C\Source\Aip1628.c" 1
  36  000D              	IF (5==9)  AND ( __PBP__ > 2 )
  36  000D              ;# 36 "D:\HF\MDST\Code\BS66F360C_CTOUCH_V512_HF-SC10B\BS66F360C\Source\Aip1628.c" 1
  36  000D              	NOP
  36  000D              	ENDIF
  36  000D              ;# 36 "D:\HF\MDST\Code\BS66F360C_CTOUCH_V512_HF-SC10B\BS66F360C\Source\Aip1628.c" 1
  36  000D              	IF (5< ( 8 + __PBP__ * 2)) AND (5>( 3 + __PBP__ * 2))
  36  000D              ;# 36 "D:\HF\MDST\Code\BS66F360C_CTOUCH_V512_HF-SC10B\BS66F360C\Source\Aip1628.c" 1
  36  000D              	fcall __DELAY3 + ( 7 + __PBP__ * 2) -5
  36  000D              	ENDIF
  36  000D              ;# 36 "D:\HF\MDST\Code\BS66F360C_CTOUCH_V512_HF-SC10B\BS66F360C\Source\Aip1628.c" 1
  36  000D              	IF (5< ( 0404h + __PBP__ * 2)) AND (5>( 7 + __PBP__ * 2))
  36  000D              ;# 36 "D:\HF\MDST\Code\BS66F360C_CTOUCH_V512_HF-SC10B\BS66F360C\Source\Aip1628.c" 1
  36  000D              	MOV A,(5-( 4 + __PBP__ * 2))/4
  36  000D              ;# 36 "D:\HF\MDST\Code\BS66F360C_CTOUCH_V512_HF-SC10B\BS66F360C\Source\Aip1628.c" 1
  36  000D              	fcall __DELAYX3 + 3 -((5-( 4 + __PBP__ * 2)) MOD 4) 
  36  000D              	ENDIF
  36  000D              ;# 36 "D:\HF\MDST\Code\BS66F360C_CTOUCH_V512_HF-SC10B\BS66F360C\Source\Aip1628.c" 1
文件：Aip1628.c    编译器版本 HGASM 0202 页次11

  36  000D              	IF (5< ( 040bh + __PBP__ * 2)) AND (5> ( 0403h + __PBP__ * 2))
  36  000D              ;# 36 "D:\HF\MDST\Code\BS66F360C_CTOUCH_V512_HF-SC10B\BS66F360C\Source\Aip1628.c" 1
  36  000D              	MOV A,0 
  36  000D              ;# 36 "D:\HF\MDST\Code\BS66F360C_CTOUCH_V512_HF-SC10B\BS66F360C\Source\Aip1628.c" 1
  36  000D              	fcall __DELAYX6 + ( 040ah + __PBP__ * 2) -5
  36  000D              	ENDIF
  36  000D              ;# 36 "D:\HF\MDST\Code\BS66F360C_CTOUCH_V512_HF-SC10B\BS66F360C\Source\Aip1628.c" 1
  36  000D              	IF (5 >= ( 040bh + __PBP__ * 2)) AND ((((5-( 9 + __PBP__ * 2))%0402h)/4+1)>256)
  36  000D              ;# 36 "D:\HF\MDST\Code\BS66F360C_CTOUCH_V512_HF-SC10B\BS66F360C\Source\Aip1628.c" 1
  36  000D              	MOV A,(5-( 9 + __PBP__ * 2))/0402h
  36  000D              ;# 36 "D:\HF\MDST\Code\BS66F360C_CTOUCH_V512_HF-SC10B\BS66F360C\Source\Aip1628.c" 1
  36  000D              	MOV _builtin_holtek_delay_2,A
  36  000D              ;# 36 "D:\HF\MDST\Code\BS66F360C_CTOUCH_V512_HF-SC10B\BS66F360C\Source\Aip1628.c" 1
  36  000D              	MOV A,0
  36  000D              ;# 36 "D:\HF\MDST\Code\BS66F360C_CTOUCH_V512_HF-SC10B\BS66F360C\Source\Aip1628.c" 1
  36  000D              	fcall __DELAYY5 +5- (((5-( 9 + __PBP__ * 2))%0402h)%6) 
  36  000D              	ENDIF
  36  000D              ;# 36 "D:\HF\MDST\Code\BS66F360C_CTOUCH_V512_HF-SC10B\BS66F360C\Source\Aip1628.c" 1
  36  000D              	IF (5 >= ( 040bh + __PBP__ * 2)) AND ((((5-( 9 + __PBP__ * 2))%0402h)/4+1)<=256)
  36  000D              ;# 36 "D:\HF\MDST\Code\BS66F360C_CTOUCH_V512_HF-SC10B\BS66F360C\Source\Aip1628.c" 1
  36  000D              	MOV A,(5-( 9 + __PBP__ * 2))/0402h
  36  000D              ;# 36 "D:\HF\MDST\Code\BS66F360C_CTOUCH_V512_HF-SC10B\BS66F360C\Source\Aip1628.c" 1
  36  000D              	MOV _builtin_holtek_delay_2,A
  36  000D              ;# 36 "D:\HF\MDST\Code\BS66F360C_CTOUCH_V512_HF-SC10B\BS66F360C\Source\Aip1628.c" 1
  36  000D              	MOV A,((5-( 9 + __PBP__ * 2))%0402h)/4+1
  36  000D              ;# 36 "D:\HF\MDST\Code\BS66F360C_CTOUCH_V512_HF-SC10B\BS66F360C\Source\Aip1628.c" 1
  36  000D              	fcall __DELAYY3 +3-(((5-( 9 + __PBP__ * 2))%0402h)%4) 
  36  000D              	ENDIF
  37  000D              #line 37 "D:\HF\MDST\Code\BS66F360C_CTOUCH_V512_HF-SC10B\BS66F360C\Source\Aip1628.c"
  37  000D  0700     R  	mov a,_SendCommand_2[0]
  37  000E              	fcall _SendByte
  37  0015  0003        	ret
  37  0016              _SendCommand endp
  37  0016              #line 37 "D:\HF\MDST\Code\BS66F360C_CTOUCH_V512_HF-SC10B\BS66F360C\Source\Aip1628.c"
  37  0016              #pragma debug scope 1 1
  37  0016              public _InitIoPort
  37  0016              #pragma debug scope 4 1
  41  0016              #line 41 "D:\HF\MDST\Code\BS66F360C_CTOUCH_V512_HF-SC10B\BS66F360C\Source\Aip1628.c"
  41  0000              _InitIoPort .section 'code'
  41  0000              _InitIoPort proc
  42  0000              #line 42 "D:\HF\MDST\Code\BS66F360C_CTOUCH_V512_HF-SC10B\BS66F360C\Source\Aip1628.c"
  42  0000  3094        	set [20].1
  43  0001              #line 43 "D:\HF\MDST\Code\BS66F360C_CTOUCH_V512_HF-SC10B\BS66F360C\Source\Aip1628.c"
  43  0001  3694        	clr [20].5
  44  0002              #line 44 "D:\HF\MDST\Code\BS66F360C_CTOUCH_V512_HF-SC10B\BS66F360C\Source\Aip1628.c"
  44  0002  3714        	clr [20].6
  44  0003  0003        	ret
  44  0004              _InitIoPort endp
  44  0004              #line 44 "D:\HF\MDST\Code\BS66F360C_CTOUCH_V512_HF-SC10B\BS66F360C\Source\Aip1628.c"
  44  0004              #pragma debug scope 1 1
  44  0004              #pragma debug struct_end
  44  0004              #pragma debug struct_end
  44  0004              #pragma debug union_end
  44  0004              #pragma debug union_end
  44  0004              #pragma debug variable 43 1 ___pa "__pa" 1
  44  0004              
  44  0004              ; 
  44  0004              ; Generated by holtek-gcc v3.19, Wed Jun 25 10:27:49 2025
  44  0004              ; Rebuild 718
  44  0004              ; end of file
文件：Aip1628.c    编译器版本 HGASM 0202 页次12



        0 Errors, 0