文件：Beep.c       编译器版本 HGASM 0202 页次1


   1  0000              ; Generated by holtek-gcc v3.19, Wed Jun 25 10:27:50 2025
   2  0000              ; 
   3  0000              ; Configuration:
   4  0000              ;       with long instruction
   5  0000              ;       Multi-ROM, Multi-RAM
   6  0000              ;       bits_per_rom_unit:16
   7  0000              ;       with mp1
   8  0000              ;       with tbhp, address(0x9)
   9  0000              ;          Use tabrd-const
  10  0000              ;       
  11  0000              ; SFR address of long-instruction arch:
  12  0000              ;    mp0 = -1,1,0
  13  0000              ;    mp1 = 4,3,2
  14  0000              ;    mp2 = 14,13,12
  15  0000              ;    tbp = 9,7,8
  16  0000              ;    acc = 5
  17  0000              ;    pcl = 6
  18  0000              ;    status = 10
  19  0000              ;    bp = 11
  20  0000              ;    intc = 16
  21  0000              ;       
  22  0000              ;       
  23  0000              ; use 'tabrdc' instead of 'tabrd'
  24  0000              ;       
  25  0000              
  26  0000              #pragma translator "holtek-gcc 4.6.4" "3.19" "build 20130711"
  27  0000              ; Rebuild 718
  28  0000              
  29  0000              ir equ [2]
  30  0000              mp equ [3]
  31  0000              sbp equ [4]
  32  0000              acc equ [5]
  33  0000              bp equ [11]
  34  0000              tblp equ [7]
  35  0000              tbhp equ [9]
  36  0000              status equ [10]
  37  0000              c equ [10].0
  38  0000              ac equ [10].1
  39  0000              z equ [10].2
  40  0000              ov equ [10].3
  41  0000              cz equ [10].6
  42  0000              sc equ [10].7
  43  0000              intc equ [16]
  44  0000              
  45  0000              extern ra:byte
  46  0000              extern rb:byte
  47  0000              extern rc:byte
  48  0000              extern rd:byte
  49  0000              extern re:byte
  50  0000              extern rf:byte
  51  0000              extern rg:byte
  52  0000              extern rh:byte
  53  0000              extern _Crom2Prom:near
  54  0000              extern _Crom2PromNext:near
  55  0000              
  56  0000              RAMBANK 0 @BITDATASEC, @BITDATASEC1
  57  0000              @HCCINIT	.section 'data'
  58  0000              @HCCINIT0	.section 'data'
  59  0000              @BITDATASEC	 .section 'data'
文件：Beep.ASM     编译器版本 HGASM 0202 页次2

  60  0000              @BITDATASEC1	 .section 'data'
  61  0000              
  62  0000              #pragma debug scope 1 1
  63  0000              	extern __DELAY3:near
  64  0000              	extern __DELAYX3:near
  65  0000              	extern __DELAYX6:near
  66  0000              	extern __DELAYY5:near
  67  0000              	extern __DELAYY3:near
  68  0000              	extern _builtin_holtek_delay_2:byte
  69  0000              public _Beep_Task
  70  0000              #pragma debug scope 2 1

   7  0000              #line 7 "D:\HF\MDST\Code\BS66F360C_CTOUCH_V512_HF-SC10B\BS66F360C\Source\Beep.c"
   7  0000              _Beep_Task .section 'code'
   7  0000              _Beep_Task proc
   7  0000  00              local _Beep_Task_2 db 1 dup(?)	; 0,1
   8  0001              #line 8 "D:\HF\MDST\Code\BS66F360C_CTOUCH_V512_HF-SC10B\BS66F360C\Source\Beep.c"
   8  0000  0700     E  	mov a,_gu8v_BeepType[0]
   8  0001  0080     R  	mov _Beep_Task_2[0],a
   8  0002  0700     R  	mov a,_Beep_Task_2[0]
   8  0003  0A02        	sub a,2
   8  0004  3D0A        	sz z
   8  0005  2800     R  	jmp _L4
   8  0006  0A01        	sub a,(3)-(2)
   8  0007  3D0A        	sz z
   8  0008  2800     R  	jmp _L4
   8  0009              #line 8 "D:\HF\MDST\Code\BS66F360C_CTOUCH_V512_HF-SC10B\BS66F360C\Source\Beep.c"
   8  0009  0700     R  	mov a,_Beep_Task_2[0]
   8  000A  0A04        	sub a,4
   8  000B  3D0A        	sz z
   8  000C  2800     R  	jmp _L5
   8  000D  0700     R  	mov a,_Beep_Task_2[0]
   8  000E  0A07        	sub a,7
   8  000F  390A        	snz z
   8  0010  2800     R  	jmp _L2
  22  0011              #line 22 "D:\HF\MDST\Code\BS66F360C_CTOUCH_V512_HF-SC10B\BS66F360C\Source\Beep.c"
  22  0011  0F64        	mov a,100
  22  0012  0080     E  	mov _gu8v_BeepTime[0],a
  23  0013              #line 23 "D:\HF\MDST\Code\BS66F360C_CTOUCH_V512_HF-SC10B\BS66F360C\Source\Beep.c"
  23  0013  2800     R  	jmp _L2
  23  0014              _L4:
  16  0014              #line 16 "D:\HF\MDST\Code\BS66F360C_CTOUCH_V512_HF-SC10B\BS66F360C\Source\Beep.c"
  16  0014  0F1E        	mov a,30
  16  0015  0200     E  	sub a,_gu8v_BeepTime[0]
  16  0016  380A        	snz c
  16  0017  2800     R  	jmp _L2
  16  0018  2800     R  	jmp _L18
  16  0019              _L5:
  19  0019              #line 19 "D:\HF\MDST\Code\BS66F360C_CTOUCH_V512_HF-SC10B\BS66F360C\Source\Beep.c"
  19  0019  0F19        	mov a,25
  19  001A  0200     E  	sub a,_gu8v_BeepTime[0]
  19  001B  380A        	snz c
  19  001C  2800     R  	jmp _L2
  19  001D              _L18:
  19  001D  3400     E  	clr _WorkFlag1[0].0
  19  001E              _L2:
  27  001E              #line 27 "D:\HF\MDST\Code\BS66F360C_CTOUCH_V512_HF-SC10B\BS66F360C\Source\Beep.c"
  27  001E  1080     E  	sz _gu8v_BeepTime[0]
  27  001F  2800     R  	jmp _L1
  29  0020              #line 29 "D:\HF\MDST\Code\BS66F360C_CTOUCH_V512_HF-SC10B\BS66F360C\Source\Beep.c"
文件：Beep.c       编译器版本 HGASM 0202 页次3

  29  0020  1E00     E  	snz _gu8v_BeepCnt[0]
  29  0021  2800     R  	jmp _L1
  31  0022              #line 31 "D:\HF\MDST\Code\BS66F360C_CTOUCH_V512_HF-SC10B\BS66F360C\Source\Beep.c"
  31  0022  1780     E  	sdz _gu8v_BeepCnt[0]
  31  0023  2800     R  	jmp _LI1
  31  0024  2800     R  	jmp _L1
  31  0025              _LI1:
  34  0025              #line 34 "D:\HF\MDST\Code\BS66F360C_CTOUCH_V512_HF-SC10B\BS66F360C\Source\Beep.c"
  34  0025  3000     E  	set _WorkFlag1[0].0
  35  0026              #line 35 "D:\HF\MDST\Code\BS66F360C_CTOUCH_V512_HF-SC10B\BS66F360C\Source\Beep.c"
  35  0026  0700     E  	mov a,_gu8v_BeepType[0]
  35  0027  0A04        	sub a,4
  35  0028  390A        	snz z
  35  0029  2800     R  	jmp _L10
  35  002A              _L10:
  41  002A              #line 41 "D:\HF\MDST\Code\BS66F360C_CTOUCH_V512_HF-SC10B\BS66F360C\Source\Beep.c"
  41  002A  0F32        	mov a,50
  41  002B  0080     E  	mov _gu8v_BeepTime[0],a
  41  002C              _L1:
  41  002C  0003        	ret
  41  002D              _Beep_Task endp
  41  002D              #line 41 "D:\HF\MDST\Code\BS66F360C_CTOUCH_V512_HF-SC10B\BS66F360C\Source\Beep.c"
  41  002D              #pragma debug scope 1 1
  41  002D              public _Beep
  41  002D              #pragma debug scope 3 1
  56  002D              #line 56 "D:\HF\MDST\Code\BS66F360C_CTOUCH_V512_HF-SC10B\BS66F360C\Source\Beep.c"
  56  0000              _Beep .section 'code'
  56  0000              _Beep proc
  56  0000  00              local _Beep_2 db 1 dup(?)	; 0,1
  56  0000  0080     R  	mov _Beep_2[0],a
  56  0001              #pragma debug variable 8 3 _Beep_2+0 "bp_type"
  57  0001              #line 57 "D:\HF\MDST\Code\BS66F360C_CTOUCH_V512_HF-SC10B\BS66F360C\Source\Beep.c"
  57  0001  3000     E  	set _WorkFlag1[0].0
  58  0002              #line 58 "D:\HF\MDST\Code\BS66F360C_CTOUCH_V512_HF-SC10B\BS66F360C\Source\Beep.c"
  58  0002  0F01        	mov a,1
  58  0003  0080     E  	mov _gu8v_BeepCnt[0],a
  59  0004              #line 59 "D:\HF\MDST\Code\BS66F360C_CTOUCH_V512_HF-SC10B\BS66F360C\Source\Beep.c"
  59  0004  0F32        	mov a,50
  59  0005  0080     E  	mov _gu8v_BeepTime[0],a
  60  0006              #line 60 "D:\HF\MDST\Code\BS66F360C_CTOUCH_V512_HF-SC10B\BS66F360C\Source\Beep.c"
  60  0006  0700     R  	mov a,_Beep_2[0]
  60  0007  0080     E  	mov _gu8v_BeepType[0],a
  61  0008              #line 61 "D:\HF\MDST\Code\BS66F360C_CTOUCH_V512_HF-SC10B\BS66F360C\Source\Beep.c"
  61  0008  0700     R  	mov a,_Beep_2[0]
  61  0009  0A02        	sub a,2
  61  000A  3D0A        	sz z
  61  000B  2800     R  	jmp _L23
  61  000C  0A02        	sub a,(4)-(2)
  61  000D  3D0A        	sz z
  61  000E  2800     R  	jmp _L24
  61  000F              #line 61 "D:\HF\MDST\Code\BS66F360C_CTOUCH_V512_HF-SC10B\BS66F360C\Source\Beep.c"
  61  000F  0700     R  	mov a,_Beep_2[0]
  61  0010  0A07        	sub a,7
  61  0011  390A        	snz z
  61  0012  2800     R  	jmp _L21
  77  0013              #line 77 "D:\HF\MDST\Code\BS66F360C_CTOUCH_V512_HF-SC10B\BS66F360C\Source\Beep.c"
  77  0013  0F64        	mov a,100
  77  0014  0080     E  	mov _gu8v_BeepTime[0],a
  78  0015              #line 78 "D:\HF\MDST\Code\BS66F360C_CTOUCH_V512_HF-SC10B\BS66F360C\Source\Beep.c"
  78  0015  2800     R  	jmp _L21
文件：Beep.c       编译器版本 HGASM 0202 页次4

  78  0016              _L23:
  66  0016              #line 66 "D:\HF\MDST\Code\BS66F360C_CTOUCH_V512_HF-SC10B\BS66F360C\Source\Beep.c"
  66  0016  0F05        	mov a,5
  66  0017  0080     E  	mov _gu8v_BeepCnt[0],a
  67  0018              #line 67 "D:\HF\MDST\Code\BS66F360C_CTOUCH_V512_HF-SC10B\BS66F360C\Source\Beep.c"
  67  0018  2800     R  	jmp _L21
  67  0019              _L24:
  71  0019              #line 71 "D:\HF\MDST\Code\BS66F360C_CTOUCH_V512_HF-SC10B\BS66F360C\Source\Beep.c"
  71  0019  0F03        	mov a,3
  71  001A  0080     E  	mov _gu8v_BeepCnt[0],a
  72  001B              #line 72 "D:\HF\MDST\Code\BS66F360C_CTOUCH_V512_HF-SC10B\BS66F360C\Source\Beep.c"
  72  001B  0F32        	mov a,50
  72  001C  0080     E  	mov _gu8v_BeepTime[0],a
  72  001D              _L21:
  72  001D  0003        	ret
  72  001E              _Beep endp
  72  001E              #line 72 "D:\HF\MDST\Code\BS66F360C_CTOUCH_V512_HF-SC10B\BS66F360C\Source\Beep.c"
  72  001E              #pragma debug scope 1 1
  72  001E              
  72  001E              ; output external variables
  72  001E              extern _gu8v_BeepCnt:byte
  72  001E              extern _WorkFlag1:byte
  72  001E              extern _gu8v_BeepTime:byte
  72  001E              extern _gu8v_BeepType:byte
  72  001E              
  72  001E              ; 
  72  001E              ; Generated by holtek-gcc v3.19, Wed Jun 25 10:27:50 2025
  72  001E              ; Rebuild 718
  72  001E              ; end of file


        0 Errors, 0