文件：Eeprom.c     编译器版本 HGASM 0202 页次1


   1  0000              ; Generated by holtek-gcc v3.19, Wed Jun 25 10:27:48 2025
   2  0000              ; 
   3  0000              ; Configuration:
   4  0000              ;       with long instruction
   5  0000              ;       Multi-ROM, Multi-RAM
   6  0000              ;       bits_per_rom_unit:16
   7  0000              ;       with mp1
   8  0000              ;       with tbhp, address(0x9)
   9  0000              ;          Use tabrd-const
  10  0000              ;       
  11  0000              ; SFR address of long-instruction arch:
  12  0000              ;    mp0 = -1,1,0
  13  0000              ;    mp1 = 4,3,2
  14  0000              ;    mp2 = 14,13,12
  15  0000              ;    tbp = 9,7,8
  16  0000              ;    acc = 5
  17  0000              ;    pcl = 6
  18  0000              ;    status = 10
  19  0000              ;    bp = 11
  20  0000              ;    intc = 16
  21  0000              ;       
  22  0000              ;       
  23  0000              ; use 'tabrdc' instead of 'tabrd'
  24  0000              ;       
  25  0000              
  26  0000              #pragma translator "holtek-gcc 4.6.4" "3.19" "build 20130711"
  27  0000              ; Rebuild 718
  28  0000              
  29  0000              ir equ [2]
  30  0000              mp equ [3]
  31  0000              sbp equ [4]
  32  0000              acc equ [5]
  33  0000              bp equ [11]
  34  0000              tblp equ [7]
  35  0000              tbhp equ [9]
  36  0000              status equ [10]
  37  0000              c equ [10].0
  38  0000              ac equ [10].1
  39  0000              z equ [10].2
  40  0000              ov equ [10].3
  41  0000              cz equ [10].6
  42  0000              sc equ [10].7
  43  0000              intc equ [16]
  44  0000              
  45  0000              extern ra:byte
  46  0000              extern rb:byte
  47  0000              extern rc:byte
  48  0000              extern rd:byte
  49  0000              extern re:byte
  50  0000              extern rf:byte
  51  0000              extern rg:byte
  52  0000              extern rh:byte
  53  0000              extern _Crom2Prom:near
  54  0000              extern _Crom2PromNext:near
  55  0000              
  56  0000              RAMBANK 0 @BITDATASEC, @BITDATASEC1
  57  0000              @HCCINIT	.section 'data'
  58  0000              @HCCINIT0	.section 'data'
  59  0000              @BITDATASEC	 .section 'data'
文件：Eeprom.ASM   编译器版本 HGASM 0202 页次2

  60  0000              @BITDATASEC1	 .section 'data'
  61  0000              
  62  0000              #pragma debug scope 1 1
  63  0000              	extern __DELAY3:near
  64  0000              	extern __DELAYX3:near
  65  0000              	extern __DELAYX6:near
  66  0000              	extern __DELAYY5:near
  67  0000              	extern __DELAYY3:near
  68  0000              	extern _builtin_holtek_delay_2:byte
  69  0000              ___eea equ [65]
  70  0000              ___mp1l equ [3]
  71  0000              ___mp1h equ [4]
  72  0000              ___iar1 equ [2]
  73  0000              ___eed equ [67]
  74  0000              public _read_eeprom
  75  0000              #pragma debug scope 2 1

   5  0000              #line 5 "D:\HF\MDST\Code\BS66F360C_CTOUCH_V512_HF-SC10B\BS66F360C\Source\Eeprom.c"
   5  0000              _read_eeprom .section 'code'
   5  0000              _read_eeprom proc
   5  0000  00              local _read_eeprom_2 db 1 dup(?)	; 0,1
   5  0000  0080     E  	mov ra,a
   5  0001  0080     R  	mov _read_eeprom_2[0],a
   5  0002              #pragma debug variable 8 2 _read_eeprom_2+0 "addr_data"
   8  0002              #line 8 "D:\HF\MDST\Code\BS66F360C_CTOUCH_V512_HF-SC10B\BS66F360C\Source\Eeprom.c"
   8  0002  0700     E  	mov a,ra
   8  0003  00C1        	mov [65],a
   9  0004              #line 9 "D:\HF\MDST\Code\BS66F360C_CTOUCH_V512_HF-SC10B\BS66F360C\Source\Eeprom.c"
   9  0004  0F40        	mov a,64
   9  0005  0083        	mov [3],a
  10  0006              #line 10 "D:\HF\MDST\Code\BS66F360C_CTOUCH_V512_HF-SC10B\BS66F360C\Source\Eeprom.c"
  10  0006  0F01        	mov a,1
  10  0007  0084        	mov [4],a
  12  0008              #line 12 "D:\HF\MDST\Code\BS66F360C_CTOUCH_V512_HF-SC10B\BS66F360C\Source\Eeprom.c"
  12  0008  3082        	set [2].1
  13  0009              #line 13 "D:\HF\MDST\Code\BS66F360C_CTOUCH_V512_HF-SC10B\BS66F360C\Source\Eeprom.c"
  13  0009  3002        	set [2].0
  13  000A              _L3:
  15  000A              #line 15 "D:\HF\MDST\Code\BS66F360C_CTOUCH_V512_HF-SC10B\BS66F360C\Source\Eeprom.c"
  15  000A  3C02        	sz [2].0
  15  000B  2800     R  	jmp _L3
  19  000C              #line 19 "D:\HF\MDST\Code\BS66F360C_CTOUCH_V512_HF-SC10B\BS66F360C\Source\Eeprom.c"
  19  000C  3482        	clr [2].1
  20  000D              #line 20 "D:\HF\MDST\Code\BS66F360C_CTOUCH_V512_HF-SC10B\BS66F360C\Source\Eeprom.c"
  20  000D  1F04        	clr [4]
  21  000E              #line 21 "D:\HF\MDST\Code\BS66F360C_CTOUCH_V512_HF-SC10B\BS66F360C\Source\Eeprom.c"
  21  000E  0743        	mov a,[67]
  21  000F  0080     E  	mov ra,a
  23  0010              #line 23 "D:\HF\MDST\Code\BS66F360C_CTOUCH_V512_HF-SC10B\BS66F360C\Source\Eeprom.c"
  23  0010  0700     E  	mov a,ra
  23  0011  0003        	ret
  23  0012              _read_eeprom endp
  23  0012              #line 23 "D:\HF\MDST\Code\BS66F360C_CTOUCH_V512_HF-SC10B\BS66F360C\Source\Eeprom.c"
  23  0012              #pragma debug scope 1 1
  23  0012              ___intc0 equ [16]
  23  0012              public _writer_eeprom
  23  0012              #pragma debug scope 3 1
  26  0012              #line 26 "D:\HF\MDST\Code\BS66F360C_CTOUCH_V512_HF-SC10B\BS66F360C\Source\Eeprom.c"
  26  0000              _writer_eeprom .section 'code'
  26  0000              _writer_eeprom proc
文件：Eeprom.c     编译器版本 HGASM 0202 页次3

  26  0000              public _writer_eeprom_2
  26  0000  0002[           local _writer_eeprom_2 db 2 dup(?)	; 1,1
            00
            ]
  26  0000  0080     E  	mov ra,a
  26  0001  0080     R  	mov _writer_eeprom_2[1],a
  26  0002              #pragma debug variable 8 3 _writer_eeprom_2+1 "addr_data"
  26  0002              #pragma debug variable 8 3 _writer_eeprom_2+0 "data"
  27  0002              #line 27 "D:\HF\MDST\Code\BS66F360C_CTOUCH_V512_HF-SC10B\BS66F360C\Source\Eeprom.c"
  27  0002  0700     E  	mov a,ra
  27  0003  00C1        	mov [65],a
  28  0004              #line 28 "D:\HF\MDST\Code\BS66F360C_CTOUCH_V512_HF-SC10B\BS66F360C\Source\Eeprom.c"
  28  0004  0700     R  	mov a,_writer_eeprom_2[0]
  28  0005  00C3        	mov [67],a
  30  0006              #line 30 "D:\HF\MDST\Code\BS66F360C_CTOUCH_V512_HF-SC10B\BS66F360C\Source\Eeprom.c"
  30  0006  0F40        	mov a,64
  30  0007  0083        	mov [3],a
  31  0008              #line 31 "D:\HF\MDST\Code\BS66F360C_CTOUCH_V512_HF-SC10B\BS66F360C\Source\Eeprom.c"
  31  0008  0F01        	mov a,1
  31  0009  0084        	mov [4],a
  33  000A              #line 33 "D:\HF\MDST\Code\BS66F360C_CTOUCH_V512_HF-SC10B\BS66F360C\Source\Eeprom.c"
  33  000A  3410        	clr [16].0
  34  000B              #line 34 "D:\HF\MDST\Code\BS66F360C_CTOUCH_V512_HF-SC10B\BS66F360C\Source\Eeprom.c"
  34  000B  3182        	set [2].3
  35  000C              #line 35 "D:\HF\MDST\Code\BS66F360C_CTOUCH_V512_HF-SC10B\BS66F360C\Source\Eeprom.c"
  35  000C  3102        	set [2].2
  36  000D              #line 36 "D:\HF\MDST\Code\BS66F360C_CTOUCH_V512_HF-SC10B\BS66F360C\Source\Eeprom.c"
  36  000D  3010        	set [16].0
  36  000E              _L7:
  38  000E              #line 38 "D:\HF\MDST\Code\BS66F360C_CTOUCH_V512_HF-SC10B\BS66F360C\Source\Eeprom.c"
  38  000E  3D02        	sz [2].2
  38  000F  2800     R  	jmp _L7
  42  0010              #line 42 "D:\HF\MDST\Code\BS66F360C_CTOUCH_V512_HF-SC10B\BS66F360C\Source\Eeprom.c"
  42  0010  3502        	clr [2].2
  43  0011              #line 43 "D:\HF\MDST\Code\BS66F360C_CTOUCH_V512_HF-SC10B\BS66F360C\Source\Eeprom.c"
  43  0011  1F04        	clr [4]
  43  0012  0003        	ret
  43  0013              _writer_eeprom endp
  43  0013              #line 43 "D:\HF\MDST\Code\BS66F360C_CTOUCH_V512_HF-SC10B\BS66F360C\Source\Eeprom.c"
  43  0013              #pragma debug scope 1 1
  43  0013              public _EEPROM_ReadBytes
  43  0013              #pragma debug scope 4 1
  48  0013              #line 48 "D:\HF\MDST\Code\BS66F360C_CTOUCH_V512_HF-SC10B\BS66F360C\Source\Eeprom.c"
  48  0000              _EEPROM_ReadBytes .section 'code'
  48  0000              _EEPROM_ReadBytes proc
  48  0000  0003[           local _EEPROM_ReadBytes_2 db 3 dup(?)	; 0,3
            00
            ]
  48  0000  0080     E  	mov ra,a
  48  0001  0080     R  	mov _EEPROM_ReadBytes_2[0],a
  48  0002              #pragma debug variable 8 4 _EEPROM_ReadBytes_2+0 "u8v_readAdd"
  50  0002              #line 50 "D:\HF\MDST\Code\BS66F360C_CTOUCH_V512_HF-SC10B\BS66F360C\Source\Eeprom.c"
  50  0002  0700     E  	mov a,ra
  50  0003              	fcall _read_eeprom
  50  000A  0080     R  	mov _EEPROM_ReadBytes_2[1],a
  51  000B              #line 51 "D:\HF\MDST\Code\BS66F360C_CTOUCH_V512_HF-SC10B\BS66F360C\Source\Eeprom.c"
  51  000B  1400     R  	inca _EEPROM_ReadBytes_2[0]
  51  000C  0080     E  	mov ra,a
  51  000D  0700     E  	mov a,ra
  51  000E              	fcall _read_eeprom
文件：Eeprom.c     编译器版本 HGASM 0202 页次4

  51  0015  0080     R  	mov _EEPROM_ReadBytes_2[2],a
  52  0016              #line 52 "D:\HF\MDST\Code\BS66F360C_CTOUCH_V512_HF-SC10B\BS66F360C\Source\Eeprom.c"
  52  0016  0700     R  	mov a,_EEPROM_ReadBytes_2[0]
  52  0017  0B02        	add a,2
  52  0018  0080     E  	mov ra,a
  52  0019  0700     E  	mov a,ra
  52  001A              	fcall _read_eeprom
  52  0021  0080     E  	mov rb,a
  53  0022              #line 53 "D:\HF\MDST\Code\BS66F360C_CTOUCH_V512_HF-SC10B\BS66F360C\Source\Eeprom.c"
  53  0022  0700     R  	mov a,_EEPROM_ReadBytes_2[2]
  53  0023  0300     R  	add a,_EEPROM_ReadBytes_2[1]
  53  0024  0080     E  	mov ra,a
  54  0025              #line 54 "D:\HF\MDST\Code\BS66F360C_CTOUCH_V512_HF-SC10B\BS66F360C\Source\Eeprom.c"
  54  0025  0700     E  	mov a,rb
  54  0026  0200     E  	sub a,ra
  54  0027  3D0A        	sz z
  54  0028  2800     R  	jmp _L12
  61  0029              #line 61 "D:\HF\MDST\Code\BS66F360C_CTOUCH_V512_HF-SC10B\BS66F360C\Source\Eeprom.c"
  61  0029  0700     R  	mov a,_EEPROM_ReadBytes_2[0]
  61  002A  0B03        	add a,3
  61  002B  0080     E  	mov ra,a
  61  002C  0700     E  	mov a,ra
  61  002D              	fcall _read_eeprom
  61  0034  0080     R  	mov _EEPROM_ReadBytes_2[1],a
  62  0035              #line 62 "D:\HF\MDST\Code\BS66F360C_CTOUCH_V512_HF-SC10B\BS66F360C\Source\Eeprom.c"
  62  0035  0700     R  	mov a,_EEPROM_ReadBytes_2[0]
  62  0036  0B04        	add a,4
  62  0037  0080     E  	mov ra,a
  62  0038  0700     E  	mov a,ra
  62  0039              	fcall _read_eeprom
  62  0040  0080     R  	mov _EEPROM_ReadBytes_2[2],a
  63  0041              #line 63 "D:\HF\MDST\Code\BS66F360C_CTOUCH_V512_HF-SC10B\BS66F360C\Source\Eeprom.c"
  63  0041  0700     R  	mov a,_EEPROM_ReadBytes_2[0]
  63  0042  0B05        	add a,5
  63  0043  0080     E  	mov ra,a
  63  0044  0700     E  	mov a,ra
  63  0045              	fcall _read_eeprom
  63  004C  0080     E  	mov rb,a
  65  004D              #line 65 "D:\HF\MDST\Code\BS66F360C_CTOUCH_V512_HF-SC10B\BS66F360C\Source\Eeprom.c"
  65  004D  0700     R  	mov a,_EEPROM_ReadBytes_2[2]
  65  004E  0300     R  	add a,_EEPROM_ReadBytes_2[1]
  65  004F  0080     E  	mov ra,a
  67  0050              #line 67 "D:\HF\MDST\Code\BS66F360C_CTOUCH_V512_HF-SC10B\BS66F360C\Source\Eeprom.c"
  67  0050  0700     E  	mov a,rb
  67  0051  0200     E  	sub a,ra
  67  0052  390A        	snz z
  67  0053  2800     R  	jmp _L11
  67  0054              _L12:
  69  0054              #line 69 "D:\HF\MDST\Code\BS66F360C_CTOUCH_V512_HF-SC10B\BS66F360C\Source\Eeprom.c"
  69  0054  0700     R  	mov a,_EEPROM_ReadBytes_2[2]
  69  0055  0080     E  	mov rc,a
  69  0056  1F00     E  	clr rb
  69  0057  0700     R  	mov a,_EEPROM_ReadBytes_2[1]
  69  0058  0300     E  	add a,rb
  69  0059  0080     E  	mov _gu16v_EeTemp[0],a
  69  005A  1F05        	clr acc
  69  005B  1300     E  	adc a,rc
  69  005C  0080     E  	mov _gu16v_EeTemp[1],a
  70  005D              #line 70 "D:\HF\MDST\Code\BS66F360C_CTOUCH_V512_HF-SC10B\BS66F360C\Source\Eeprom.c"
  70  005D  0F01        	mov a,1
文件：Eeprom.c     编译器版本 HGASM 0202 页次5

  70  005E  0080     E  	mov ra,a
  70  005F  2800     R  	jmp _L10
  70  0060              _L11:
  74  0060              #line 74 "D:\HF\MDST\Code\BS66F360C_CTOUCH_V512_HF-SC10B\BS66F360C\Source\Eeprom.c"
  74  0060  1F00     E  	clr ra
  74  0061              _L10:
  77  0061              #line 77 "D:\HF\MDST\Code\BS66F360C_CTOUCH_V512_HF-SC10B\BS66F360C\Source\Eeprom.c"
  77  0061  0700     E  	mov a,ra
  77  0062  0003        	ret
  77  0063              _EEPROM_ReadBytes endp
  77  0063              #line 77 "D:\HF\MDST\Code\BS66F360C_CTOUCH_V512_HF-SC10B\BS66F360C\Source\Eeprom.c"
  77  0063              #pragma debug scope 1 1
  77  0063              public _EEPROM_WriteBytes
  77  0063              #pragma debug scope 5 1
  80  0063              #line 80 "D:\HF\MDST\Code\BS66F360C_CTOUCH_V512_HF-SC10B\BS66F360C\Source\Eeprom.c"
  80  0000              _EEPROM_WriteBytes .section 'code'
  80  0000              _EEPROM_WriteBytes proc
  80  0000              public _EEPROM_WriteBytes_2
  80  0000  0007[           local _EEPROM_WriteBytes_2 db 7 dup(?)	; 2,5
            00
            ]
  80  0000  0080     E  	mov rb,a
  80  0001  0080     R  	mov _EEPROM_WriteBytes_2[2],a
  80  0002              #pragma debug variable 8 5 _EEPROM_WriteBytes_2+2 "u8v_WriteAdd"
  80  0002              #pragma debug variable 12 5 _EEPROM_WriteBytes_2+0 "u16v_intWritedata"
  82  0002              #line 82 "D:\HF\MDST\Code\BS66F360C_CTOUCH_V512_HF-SC10B\BS66F360C\Source\Eeprom.c"
  82  0002  0700     R  	mov a,_EEPROM_WriteBytes_2[0]
  82  0003  0080     E  	mov ra,a
  83  0004              #line 83 "D:\HF\MDST\Code\BS66F360C_CTOUCH_V512_HF-SC10B\BS66F360C\Source\Eeprom.c"
  83  0004  0700     R  	mov a,_EEPROM_WriteBytes_2[0]
  83  0005  0080     E  	mov rc,a
  83  0006  0700     R  	mov a,_EEPROM_WriteBytes_2[1]
  83  0007  0080     E  	mov rd,a
  83  0008  0700     E  	mov a,rd
  83  0009  0080     E  	mov rc,a
  83  000A  1F00     E  	clr rd
  83  000B  0700     E  	mov a,rc
  83  000C  0080     R  	mov _EEPROM_WriteBytes_2[3],a
  83  000D  0700     E  	mov a,rd
  83  000E  0080     R  	mov _EEPROM_WriteBytes_2[4],a
  84  000F              #line 84 "D:\HF\MDST\Code\BS66F360C_CTOUCH_V512_HF-SC10B\BS66F360C\Source\Eeprom.c"
  84  000F  0700     E  	mov a,ra
  84  0010  0300     E  	add a,rc
  84  0011  0080     R  	mov _EEPROM_WriteBytes_2[6],a
  85  0012              #line 85 "D:\HF\MDST\Code\BS66F360C_CTOUCH_V512_HF-SC10B\BS66F360C\Source\Eeprom.c"
  85  0012  0700     E  	mov a,ra
  85  0013  0080     R  	mov _writer_eeprom_2[0],a
  85  0014  0700     E  	mov a,rb
  85  0015              	fcall _writer_eeprom
  86  001C              #line 86 "D:\HF\MDST\Code\BS66F360C_CTOUCH_V512_HF-SC10B\BS66F360C\Source\Eeprom.c"
  86  001C  1400     R  	inca _EEPROM_WriteBytes_2[2]
  86  001D  0080     R  	mov _EEPROM_WriteBytes_2[5],a
  86  001E  0700     R  	mov a,_EEPROM_WriteBytes_2[3]
  86  001F  0080     R  	mov _writer_eeprom_2[0],a
  86  0020  0700     R  	mov a,_EEPROM_WriteBytes_2[5]
  86  0021              	fcall _writer_eeprom
  87  0028              #line 87 "D:\HF\MDST\Code\BS66F360C_CTOUCH_V512_HF-SC10B\BS66F360C\Source\Eeprom.c"
  87  0028  0700     R  	mov a,_EEPROM_WriteBytes_2[2]
  87  0029  0B02        	add a,2
  87  002A  0080     R  	mov _EEPROM_WriteBytes_2[3],a
文件：Eeprom.c     编译器版本 HGASM 0202 页次6

  87  002B  0700     R  	mov a,_EEPROM_WriteBytes_2[6]
  87  002C  0080     R  	mov _writer_eeprom_2[0],a
  87  002D  0700     R  	mov a,_EEPROM_WriteBytes_2[3]
  87  002E              	fcall _writer_eeprom
  88  0035              #line 88 "D:\HF\MDST\Code\BS66F360C_CTOUCH_V512_HF-SC10B\BS66F360C\Source\Eeprom.c"
  88  0035  0700     R  	mov a,_EEPROM_WriteBytes_2[2]
  88  0036              	fcall _read_eeprom
  88  003D  0080     R  	mov _EEPROM_WriteBytes_2[6],a
  89  003E              #line 89 "D:\HF\MDST\Code\BS66F360C_CTOUCH_V512_HF-SC10B\BS66F360C\Source\Eeprom.c"
  89  003E  0700     R  	mov a,_EEPROM_WriteBytes_2[5]
  89  003F              	fcall _read_eeprom
  89  0046  0080     R  	mov _EEPROM_WriteBytes_2[5],a
  90  0047              #line 90 "D:\HF\MDST\Code\BS66F360C_CTOUCH_V512_HF-SC10B\BS66F360C\Source\Eeprom.c"
  90  0047  0700     R  	mov a,_EEPROM_WriteBytes_2[3]
  90  0048              	fcall _read_eeprom
  90  004F  0080     E  	mov rc,a
  91  0050              #line 91 "D:\HF\MDST\Code\BS66F360C_CTOUCH_V512_HF-SC10B\BS66F360C\Source\Eeprom.c"
  91  0050  0700     R  	mov a,_EEPROM_WriteBytes_2[5]
  91  0051  0300     R  	add a,_EEPROM_WriteBytes_2[6]
  91  0052  0080     E  	mov rb,a
  92  0053              #line 92 "D:\HF\MDST\Code\BS66F360C_CTOUCH_V512_HF-SC10B\BS66F360C\Source\Eeprom.c"
  92  0053  0F01        	mov a,1
  92  0054  0080     E  	mov ra,a
  92  0055  0700     E  	mov a,rc
  92  0056  0200     E  	sub a,rb
  92  0057  3D0A        	sz z
  92  0058  2800     R  	jmp _L14
  92  0059              #line 92 "D:\HF\MDST\Code\BS66F360C_CTOUCH_V512_HF-SC10B\BS66F360C\Source\Eeprom.c"
  92  0059  1F00     E  	clr ra
  92  005A              _L14:
 100  005A              #line 100 "D:\HF\MDST\Code\BS66F360C_CTOUCH_V512_HF-SC10B\BS66F360C\Source\Eeprom.c"
 100  005A  0700     E  	mov a,ra
 100  005B  0003        	ret
 100  005C              _EEPROM_WriteBytes endp
 100  005C              #line 100 "D:\HF\MDST\Code\BS66F360C_CTOUCH_V512_HF-SC10B\BS66F360C\Source\Eeprom.c"
 100  005C              #pragma debug scope 1 1
 100  005C              #pragma debug variable 8 1 ___mp1l "__mp1l" 1
 100  005C              #pragma debug variable 8 1 ___mp1h "__mp1h" 1
 100  005C              #pragma debug struct_end
 100  005C              #pragma debug struct_end
 100  005C              #pragma debug union_end
 100  005C              #pragma debug union_end
 100  005C              #pragma debug variable 43 1 ___intc0 "__intc0" 1
 100  005C              #pragma debug struct_end
 100  005C              #pragma debug struct_end
 100  005C              #pragma debug union_end
 100  005C              #pragma debug union_end
 100  005C              #pragma debug variable 45 1 ___eea "__eea" 1
 100  005C              #pragma debug variable 8 1 ___eed "__eed" 1
 100  005C              #pragma debug variable 8 1 ___iar1 "__iar1" 1
 100  005C              
 100  005C              ; output external variables
 100  005C              extern _gu16v_EeTemp:byte
 100  005C              
 100  005C              ; 
 100  005C              ; Generated by holtek-gcc v3.19, Wed Jun 25 10:27:48 2025
 100  005C              ; Rebuild 718
 100  005C              ; end of file


文件：Eeprom.c     编译器版本 HGASM 0202 页次7

        0 Errors, 0