文件：USER_PROGRAM.C 编译器版本 HGASM 0202 页次1


   1  0000              ; Generated by holtek-gcc v3.19, Wed Jun 25 10:27:48 2025
   2  0000              ; 
   3  0000              ; Configuration:
   4  0000              ;       with long instruction
   5  0000              ;       Multi-ROM, Multi-RAM
   6  0000              ;       bits_per_rom_unit:16
   7  0000              ;       with mp1
   8  0000              ;       with tbhp, address(0x9)
   9  0000              ;          Use tabrd-const
  10  0000              ;       
  11  0000              ; SFR address of long-instruction arch:
  12  0000              ;    mp0 = -1,1,0
  13  0000              ;    mp1 = 4,3,2
  14  0000              ;    mp2 = 14,13,12
  15  0000              ;    tbp = 9,7,8
  16  0000              ;    acc = 5
  17  0000              ;    pcl = 6
  18  0000              ;    status = 10
  19  0000              ;    bp = 11
  20  0000              ;    intc = 16
  21  0000              ;       
  22  0000              ;       
  23  0000              ; use 'tabrdc' instead of 'tabrd'
  24  0000              ;       
  25  0000              
  26  0000              #pragma translator "holtek-gcc 4.6.4" "3.19" "build 20130711"
  27  0000              ; Rebuild 718
  28  0000              
  29  0000              ir equ [2]
  30  0000              mp equ [3]
  31  0000              sbp equ [4]
  32  0000              acc equ [5]
  33  0000              bp equ [11]
  34  0000              tblp equ [7]
  35  0000              tbhp equ [9]
  36  0000              status equ [10]
  37  0000              c equ [10].0
  38  0000              ac equ [10].1
  39  0000              z equ [10].2
  40  0000              ov equ [10].3
  41  0000              cz equ [10].6
  42  0000              sc equ [10].7
  43  0000              intc equ [16]
  44  0000              
  45  0000              extern ra:byte
  46  0000              extern rb:byte
  47  0000              extern rc:byte
  48  0000              extern rd:byte
  49  0000              extern re:byte
  50  0000              extern rf:byte
  51  0000              extern rg:byte
  52  0000              extern rh:byte
  53  0000              extern _Crom2Prom:near
  54  0000              extern _Crom2PromNext:near
  55  0000              
  56  0000              RAMBANK 0 @BITDATASEC, @BITDATASEC1
  57  0000              @HCCINIT	.section 'data'
  58  0000              @HCCINIT0	.section 'data'
  59  0000              @BITDATASEC	 .section 'data'
文件：USER_PROGRAM.ASM 编译器版本 HGASM 0202 页次2

  60  0000              @BITDATASEC1	 .section 'data'
  61  0000              
  62  0000              #pragma debug scope 1 1
  63  0000              	extern __DELAY3:near
  64  0000              	extern __DELAYX3:near
  65  0000              	extern __DELAYX6:near
  66  0000              	extern __DELAYY5:near
  67  0000              	extern __DELAYY3:near
  68  0000              	extern _builtin_holtek_delay_2:byte
  69  0000              public _USER_PROGRAM_INITIAL
  70  0000              #pragma debug scope 2 1

  31  0000              #line 31 "D:\HF\MDST\Code\BS66F360C_CTOUCH_V512_HF-SC10B\BS66F360C\USER_PROGRAM\USER_PROGRAM.C"
  31  0000              _USER_PROGRAM_INITIAL .section 'code'
  31  0000              _USER_PROGRAM_INITIAL proc
  32  0000              #line 32 "D:\HF\MDST\Code\BS66F360C_CTOUCH_V512_HF-SC10B\BS66F360C\USER_PROGRAM\USER_PROGRAM.C"
  32  0000              	fcall _Sys_Init
  33  0007              #line 33 "D:\HF\MDST\Code\BS66F360C_CTOUCH_V512_HF-SC10B\BS66F360C\USER_PROGRAM\USER_PROGRAM.C"
  33  0007              	fcall _User_Init
  33  000E  0003        	ret
  33  000F              _USER_PROGRAM_INITIAL endp
  33  000F              #line 33 "D:\HF\MDST\Code\BS66F360C_CTOUCH_V512_HF-SC10B\BS66F360C\USER_PROGRAM\USER_PROGRAM.C"
  33  000F              #pragma debug scope 1 1
  33  000F              public _USER_PROGRAM
  33  000F              #pragma debug scope 3 1
  41  000F              #line 41 "D:\HF\MDST\Code\BS66F360C_CTOUCH_V512_HF-SC10B\BS66F360C\USER_PROGRAM\USER_PROGRAM.C"
  41  0000              _USER_PROGRAM .section 'code'
  41  0000              _USER_PROGRAM proc
  42  0000              #line 42 "D:\HF\MDST\Code\BS66F360C_CTOUCH_V512_HF-SC10B\BS66F360C\USER_PROGRAM\USER_PROGRAM.C"
  42  0000  3800     E  	snz _TimeFlag1[0].1
  42  0001  2800     R  	jmp _L3
  44  0002              #line 44 "D:\HF\MDST\Code\BS66F360C_CTOUCH_V512_HF-SC10B\BS66F360C\USER_PROGRAM\USER_PROGRAM.C"
  44  0002  3400     E  	clr _TimeFlag1[0].1
  45  0003              #line 45 "D:\HF\MDST\Code\BS66F360C_CTOUCH_V512_HF-SC10B\BS66F360C\USER_PROGRAM\USER_PROGRAM.C"
  45  0003  1F00     E  	clr _gu16v_KeyBuffer[0]
  45  0004  1F00     E  	clr _gu16v_KeyBuffer[1]
  46  0005              #line 46 "D:\HF\MDST\Code\BS66F360C_CTOUCH_V512_HF-SC10B\BS66F360C\USER_PROGRAM\USER_PROGRAM.C"
  46  0005              	fcall _GET_KEY_BITMAP
  47  000C              #line 47 "D:\HF\MDST\Code\BS66F360C_CTOUCH_V512_HF-SC10B\BS66F360C\USER_PROGRAM\USER_PROGRAM.C"
  47  000C  0700     E  	mov a,_DATA_BUF[0]
  47  000D  0080     E  	mov _gu8v_KeyBuf1[0],a
  48  000E              #line 48 "D:\HF\MDST\Code\BS66F360C_CTOUCH_V512_HF-SC10B\BS66F360C\USER_PROGRAM\USER_PROGRAM.C"
  48  000E  0700     E  	mov a,_DATA_BUF[1]
  48  000F  0080     E  	mov _gu8v_KeyBuf2[0],a
  49  0010              #line 49 "D:\HF\MDST\Code\BS66F360C_CTOUCH_V512_HF-SC10B\BS66F360C\USER_PROGRAM\USER_PROGRAM.C"
  49  0010  0700     E  	mov a,_DATA_BUF[2]
  49  0011  0080     E  	mov _gu8v_KeyBuf3[0],a
  50  0012              #line 50 "D:\HF\MDST\Code\BS66F360C_CTOUCH_V512_HF-SC10B\BS66F360C\USER_PROGRAM\USER_PROGRAM.C"
  50  0012              	fcall _Key_Task
  52  0019              #line 52 "D:\HF\MDST\Code\BS66F360C_CTOUCH_V512_HF-SC10B\BS66F360C\USER_PROGRAM\USER_PROGRAM.C"
  52  0019              	fcall _ADC_Task
  52  0020              _L3:
  54  0020              #line 54 "D:\HF\MDST\Code\BS66F360C_CTOUCH_V512_HF-SC10B\BS66F360C\USER_PROGRAM\USER_PROGRAM.C"
  54  0020  3800     E  	snz _TimeFlag1[0].0
  54  0021  2800     R  	jmp _L4
  56  0022              #line 56 "D:\HF\MDST\Code\BS66F360C_CTOUCH_V512_HF-SC10B\BS66F360C\USER_PROGRAM\USER_PROGRAM.C"
  56  0022  3400     E  	clr _TimeFlag1[0].0
  57  0023              #line 57 "D:\HF\MDST\Code\BS66F360C_CTOUCH_V512_HF-SC10B\BS66F360C\USER_PROGRAM\USER_PROGRAM.C"
  57  0023              	fcall _Function_Task
  58  002A              #line 58 "D:\HF\MDST\Code\BS66F360C_CTOUCH_V512_HF-SC10B\BS66F360C\USER_PROGRAM\USER_PROGRAM.C"
文件：USER_PROGRAM.C 编译器版本 HGASM 0202 页次3

  58  002A              	fcall _Fun_IoConProcess
  59  0031              #line 59 "D:\HF\MDST\Code\BS66F360C_CTOUCH_V512_HF-SC10B\BS66F360C\USER_PROGRAM\USER_PROGRAM.C"
  59  0031              	fcall _FunPressure_Task
  59  0038              _L4:
  61  0038              #line 61 "D:\HF\MDST\Code\BS66F360C_CTOUCH_V512_HF-SC10B\BS66F360C\USER_PROGRAM\USER_PROGRAM.C"
  61  0038  3800     E  	snz _TimeFlag1[0].2
  61  0039  2800     R  	jmp _L5
  63  003A              #line 63 "D:\HF\MDST\Code\BS66F360C_CTOUCH_V512_HF-SC10B\BS66F360C\USER_PROGRAM\USER_PROGRAM.C"
  63  003A  3400     E  	clr _TimeFlag1[0].2
  64  003B              #line 64 "D:\HF\MDST\Code\BS66F360C_CTOUCH_V512_HF-SC10B\BS66F360C\USER_PROGRAM\USER_PROGRAM.C"
  64  003B              	fcall _Display_Task
  64  0042              _L5:
  66  0042              #line 66 "D:\HF\MDST\Code\BS66F360C_CTOUCH_V512_HF-SC10B\BS66F360C\USER_PROGRAM\USER_PROGRAM.C"
  66  0042  3800     E  	snz _TimeFlag1[0].3
  66  0043  2800     R  	jmp _L2
  68  0044              #line 68 "D:\HF\MDST\Code\BS66F360C_CTOUCH_V512_HF-SC10B\BS66F360C\USER_PROGRAM\USER_PROGRAM.C"
  68  0044  3400     E  	clr _TimeFlag1[0].3
  69  0045              #line 69 "D:\HF\MDST\Code\BS66F360C_CTOUCH_V512_HF-SC10B\BS66F360C\USER_PROGRAM\USER_PROGRAM.C"
  69  0045              	fcall _Time_Base
  69  004C              _L2:
  69  004C  0003        	ret
  69  004D              _USER_PROGRAM endp
  69  004D              #line 69 "D:\HF\MDST\Code\BS66F360C_CTOUCH_V512_HF-SC10B\BS66F360C\USER_PROGRAM\USER_PROGRAM.C"
  69  004D              #pragma debug scope 1 1
  69  004D              public _USER_PROGRAM_HALT_PREPARE
  69  004D              #pragma debug scope 4 1
  75  004D              #line 75 "D:\HF\MDST\Code\BS66F360C_CTOUCH_V512_HF-SC10B\BS66F360C\USER_PROGRAM\USER_PROGRAM.C"
  75  0000              _USER_PROGRAM_HALT_PREPARE .section 'code'
  75  0000              _USER_PROGRAM_HALT_PREPARE proc
  75  0000  0003        	ret
  75  0001              _USER_PROGRAM_HALT_PREPARE endp
  75  0001              #line 75 "D:\HF\MDST\Code\BS66F360C_CTOUCH_V512_HF-SC10B\BS66F360C\USER_PROGRAM\USER_PROGRAM.C"
  75  0001              #pragma debug scope 1 1
  75  0001              public _USER_PROGRAM_HALT_WAKEUP
  75  0001              #pragma debug scope 5 1
  80  0001              #line 80 "D:\HF\MDST\Code\BS66F360C_CTOUCH_V512_HF-SC10B\BS66F360C\USER_PROGRAM\USER_PROGRAM.C"
  80  0000              _USER_PROGRAM_HALT_WAKEUP .section 'code'
  80  0000              _USER_PROGRAM_HALT_WAKEUP proc
  80  0000  0003        	ret
  80  0001              _USER_PROGRAM_HALT_WAKEUP endp
  80  0001              #line 80 "D:\HF\MDST\Code\BS66F360C_CTOUCH_V512_HF-SC10B\BS66F360C\USER_PROGRAM\USER_PROGRAM.C"
  80  0001              #pragma debug scope 1 1
  80  0001              public _USER_PROGRAM_RETURN_MAIN
  80  0001              #pragma debug scope 6 1
  85  0001              #line 85 "D:\HF\MDST\Code\BS66F360C_CTOUCH_V512_HF-SC10B\BS66F360C\USER_PROGRAM\USER_PROGRAM.C"
  85  0000              _USER_PROGRAM_RETURN_MAIN .section 'code'
  85  0000              _USER_PROGRAM_RETURN_MAIN proc
  85  0000  0003        	ret
  85  0001              _USER_PROGRAM_RETURN_MAIN endp
  85  0001              #line 85 "D:\HF\MDST\Code\BS66F360C_CTOUCH_V512_HF-SC10B\BS66F360C\USER_PROGRAM\USER_PROGRAM.C"
  85  0001              #pragma debug scope 1 1
  85  0001              
  85  0001              ; output external variables
  85  0001              extern _gu8v_KeyBuf3:byte
  85  0001              extern _gu8v_KeyBuf2:byte
  85  0001              extern _gu8v_KeyBuf1:byte
  85  0001              extern _DATA_BUF:byte
  85  0001              extern _gu16v_KeyBuffer:byte
  85  0001              extern _TimeFlag1:byte
  85  0001              extern _Sys_Init:near
文件：USER_PROGRAM.C 编译器版本 HGASM 0202 页次4

  85  0001              extern _User_Init:near
  85  0001              extern _GET_KEY_BITMAP:near
  85  0001              extern _Key_Task:near
  85  0001              extern _ADC_Task:near
  85  0001              extern _Function_Task:near
  85  0001              extern _Fun_IoConProcess:near
  85  0001              extern _FunPressure_Task:near
  85  0001              extern _Display_Task:near
  85  0001              extern _Time_Base:near
  85  0001              
  85  0001              ; 
  85  0001              ; Generated by holtek-gcc v3.19, Wed Jun 25 10:27:48 2025
  85  0001              ; Rebuild 718
  85  0001              ; end of file


        0 Errors, 0